New file created: 17.10.2014 20:45:16
Author: Kim Viacheslav

кнопка "Скрытая кнопка" была нажата.
17.10.2014 20:48:      кнопка "Скрытая кнопка" была нажата.
17.10.2014 20:49:      кнопка "Добавить сессию" была нажата.
17.10.2014 20:49:      В форме "Добавить сессию" были загружены дефолтовые значения.
17.10.2014 20:49:      В форме "Добавить сессию" были загружены дефолтовые значения.
17.10.2014 20:49:      В форме "Добавить сессию" было загружено клиент с карточкой.
17.10.2014 20:49:      В форме "Добавить сессию" было нажато поле "Скидка" 
17.10.2014 20:49:      В форме "Добавить сессию" было загружено клиент с карточкой.
17.10.2014 20:49:      В форме "Добавить сессию" было загружено обычный клиент.
17.10.2014 20:49:      В форме "Добавить сессию" было загружено обычный клиент.
17.10.2014 20:49:      В форме "Добавить сессию" было загружено обычный клиент.
17.10.2014 20:49:      В форме "Добавить сессию" было загружено обычный клиент.
17.10.2014 20:49:      В форме "Добавить сессию" было загружено обычный клиент.
17.10.2014 20:49:      В форме "Добавить сессию" было загружено обычный клиент.
17.10.2014 20:49:      В форме "Добавить сессию" было загружено обычный клиент.
17.10.2014 20:49:      В форме "Добавить сессию" было загружено обычный клиент.
17.10.2014 20:49:      В форме "Добавить сессию" было загружено обычный клиент.
17.10.2014 20:49:      В форме "Добавить сессию" было заполнено поле "Скидка" 0004804160, и выбита скидка в размере 0%
17.10.2014 20:49:      В форме "Добавить сессию" было загружено обычный клиент.
17.10.2014 20:49:      Кнопка "Закрыть" в форме "Добавить сессию" была нажата.
17.10.2014 21:00:      кнопка "Скрытая кнопка" была нажата.
17.10.2014 21:01:      кнопка "Добавить сессию" была нажата.
17.10.2014 21:01:      В форме "Добавить сессию" были загружены дефолтовые значения.
17.10.2014 21:01:      В форме "Добавить сессию" были загружены дефолтовые значения.
17.10.2014 21:01:      В форме "Добавить сессию" было загружено клиент с карточкой.
17.10.2014 21:01:      В форме "Добавить сессию" было нажато поле "Скидка" 
17.10.2014 21:01:      В форме "Добавить сессию" было загружено клиент с карточкой.
17.10.2014 21:01:      В форме "Добавить сессию" было загружено обычный клиент.
17.10.2014 21:01:      В форме "Добавить сессию" было загружено обычный клиент.
17.10.2014 21:01:      В форме "Добавить сессию" было загружено обычный клиент.
17.10.2014 21:01:      В форме "Добавить сессию" было загружено обычный клиент.
17.10.2014 21:01:      В форме "Добавить сессию" было загружено обычный клиент.
17.10.2014 21:01:      В форме "Добавить сессию" было загружено обычный клиент.
17.10.2014 21:01:      В форме "Добавить сессию" было загружено обычный клиент.
17.10.2014 21:01:      В форме "Добавить сессию" было загружено обычный клиент.
17.10.2014 21:01:      В форме "Добавить сессию" было загружено обычный клиент.
17.10.2014 21:01:      В форме "Добавить сессию" было заполнено поле "Скидка" 0004988577, и выбита скидка в размере 0%
17.10.2014 21:01:      В форме "Добавить сессию" было загружено клиент с карточкой.
17.10.2014 21:01:      Кнопка "Закрыть" в форме "Добавить сессию" была нажата.
17.10.2014 21:01:      кнопка "Скрытая кнопка" была нажата.
17.10.2014 21:09:      кнопка "Добавить сессию" была нажата.
17.10.2014 21:09:      В форме "Добавить сессию" были загружены дефолтовые значения.
17.10.2014 21:09:      В форме "Добавить сессию" были загружены дефолтовые значения.
17.10.2014 21:09:      В форме "Добавить сессию" было загружено клиент с карточкой.
17.10.2014 21:09:      В форме "Добавить сессию" было нажато поле "Скидка" 
17.10.2014 21:09:      Данные 100 в форме "Добавить сессию" были введены данные в поле "Оплачено".
17.10.2014 21:09:      В форме "Добавить сессию" было нажато поле "Скидка" 
17.10.2014 21:09:      В форме "Добавить сессию" было загружено клиент с карточкой.
17.10.2014 21:09:      В форме "Добавить сессию" было загружено обычный клиент.
17.10.2014 21:09:      В форме "Добавить сессию" было загружено обычный клиент.
17.10.2014 21:09:      В форме "Добавить сессию" было загружено обычный клиент.
17.10.2014 21:09:      В форме "Добавить сессию" было загружено обычный клиент.
17.10.2014 21:09:      В форме "Добавить сессию" было загружено обычный клиент.
17.10.2014 21:09:      В форме "Добавить сессию" было загружено обычный клиент.
17.10.2014 21:09:      В форме "Добавить сессию" было загружено обычный клиент.
17.10.2014 21:09:      В форме "Добавить сессию" было загружено обычный клиент.
17.10.2014 21:09:      В форме "Добавить сессию" было загружено обычный клиент.
17.10.2014 21:09:      В форме "Добавить сессию" было заполнено поле "Скидка" 0004988576, и выбита скидка в размере 0%
17.10.2014 21:09:      В форме "Добавить сессию" было загружено обычный клиент.
17.10.2014 21:09:      Данные 100 в форме "Добавить сессию" были введены данные в поле "Оплачено".
17.10.2014 21:09:      В форме "Добавить сессию" были введены данные в поле Оплачено = 100 сом. Оплаченное время = 01:23:00, на приставку 1, с Карточкой Адилет
17.10.2014 21:24:      кнопка "Добавить сессию" была нажата.
17.10.2014 21:24:      В форме "Добавить сессию" были загружены дефолтовые значения.
17.10.2014 21:24:      В форме "Добавить сессию" были загружены дефолтовые значения.
17.10.2014 21:24:      В форме "Добавить сессию" было загружено клиент с карточкой.
17.10.2014 21:24:      В форме "Добавить сессию" были загружены дефолтовые значения.
17.10.2014 21:24:      Данные 90 в форме "Добавить сессию" были введены данные в поле "Оплачено".
17.10.2014 21:24:      В форме "Добавить сессию" были введены данные в поле Оплачено = 90 сом. Оплаченное время = 01:00:00, на приставку mVIP5, с Карточкой 0
17.10.2014 21:25:      кнопка "Продать товар" была нажата.
17.10.2014 21:25:      В форме "Продать товар" была нажата кнопка Продать с введеными данными: Товар Парламент в количестве 1шт. был успешно занесен в список проданных товаров!
17.10.2014 21:26:      кнопка "Добавить сессию" была нажата.
17.10.2014 21:26:      В форме "Добавить сессию" были загружены дефолтовые значения.
17.10.2014 21:26:      В форме "Добавить сессию" были загружены дефолтовые значения.
17.10.2014 21:26:      В форме "Добавить сессию" было загружено клиент с карточкой.
17.10.2014 21:26:      В форме "Добавить сессию" были загружены дефолтовые значения.
17.10.2014 21:26:      Данные 50 в форме "Добавить сессию" были введены данные в поле "Оплачено".
17.10.2014 21:26:      Данные 50 в форме "Добавить сессию" были введены данные в поле "Оплачено".
17.10.2014 21:26:      В форме "Добавить сессию" были введены данные в поле Оплачено = 50 сом. Оплаченное время = 00:37:00, на приставку 5, с Карточкой 0
17.10.2014 21:28:      кнопка "Добавить сессию" была нажата.
17.10.2014 21:28:      В форме "Добавить сессию" были загружены дефолтовые значения.
17.10.2014 21:28:      В форме "Добавить сессию" были загружены дефолтовые значения.
17.10.2014 21:28:      В форме "Добавить сессию" было загружено клиент с карточкой.
17.10.2014 21:28:      В форме "Добавить сессию" были загружены дефолтовые значения.
17.10.2014 21:28:      Данные 40 в форме "Добавить сессию" были введены данные в поле "Оплачено".
17.10.2014 21:28:      Данные 40 в форме "Добавить сессию" были введены данные в поле "Оплачено".
17.10.2014 21:28:      В форме "Добавить сессию" были введены данные в поле Оплачено = 40 сом. Оплаченное время = 00:30:00, на приставку 7, с Карточкой 0
17.10.2014 21:30:      кнопка "Добавить сессию" была нажата.
17.10.2014 21:30:      В форме "Добавить сессию" были загружены дефолтовые значения.
17.10.2014 21:30:      В форме "Добавить сессию" были загружены дефолтовые значения.
17.10.2014 21:30:      В форме "Добавить сессию" было загружено клиент с карточкой.
17.10.2014 21:30:      В форме "Добавить сессию" были загружены дефолтовые значения.
17.10.2014 21:30:      Данные 80 в форме "Добавить сессию" были введены данные в поле "Оплачено".
17.10.2014 21:30:      В форме "Добавить сессию" были введены данные в поле Оплачено = 80 сом. Оплаченное время = 01:00:00, на приставку 3, с Карточкой 0
17.10.2014 21:41:      кнопка "Закрыть сессию" была нажата.
17.10.2014 21:41:      В форме "Закрыть" была нажата кнопка "Клиент ушел раньше времени" 
17.10.2014 21:42:      кнопка "Добавить сессию" была нажата.
17.10.2014 21:42:      В форме "Добавить сессию" были загружены дефолтовые значения.
17.10.2014 21:42:      В форме "Добавить сессию" были загружены дефолтовые значения.
17.10.2014 21:42:      В форме "Добавить сессию" было загружено клиент с карточкой.
17.10.2014 21:42:      В форме "Добавить сессию" были загружены дефолтовые значения.
17.10.2014 21:43:      Данные 90 в форме "Добавить сессию" были введены данные в поле "Оплачено".
17.10.2014 21:43:      В форме "Добавить сессию" были введены данные в поле Оплачено = 90 сом. Оплаченное время = 01:00:00, на приставку mVIP8, с Карточкой 0
17.10.2014 21:50:      кнопка "Добавить сессию" была нажата.
17.10.2014 21:50:      В форме "Добавить сессию" были загружены дефолтовые значения.
17.10.2014 21:50:      В форме "Добавить сессию" были загружены дефолтовые значения.
17.10.2014 21:50:      В форме "Добавить сессию" было загружено клиент с карточкой.
17.10.2014 21:50:      В форме "Добавить сессию" были загружены дефолтовые значения.
17.10.2014 21:50:      В форме "Добавить сессию" было нажато поле "Скидка" 
17.10.2014 21:50:      В форме "Добавить сессию" было загружено клиент с карточкой.
17.10.2014 21:50:      В форме "Добавить сессию" было загружено обычный клиент.
17.10.2014 21:50:      В форме "Добавить сессию" было загружено обычный клиент.
17.10.2014 21:50:      В форме "Добавить сессию" было загружено обычный клиент.
17.10.2014 21:50:      В форме "Добавить сессию" было загружено обычный клиент.
17.10.2014 21:50:      В форме "Добавить сессию" было загружено обычный клиент.
17.10.2014 21:50:      В форме "Добавить сессию" было загружено обычный клиент.
17.10.2014 21:50:      В форме "Добавить сессию" было загружено обычный клиент.
17.10.2014 21:50:      В форме "Добавить сессию" было загружено обычный клиент.
17.10.2014 21:50:      В форме "Добавить сессию" было загружено обычный клиент.
17.10.2014 21:50:      В форме "Добавить сессию" было заполнено поле "Скидка" 0004816265, и выбита скидка в размере 0%
17.10.2014 21:50:      В форме "Добавить сессию" было загружено обычный клиент.
17.10.2014 21:50:      Данные 160 в форме "Добавить сессию" были введены данные в поле "Оплачено".
17.10.2014 21:50:      В форме "Добавить сессию" были введены данные в поле Оплачено = 160 сом. Оплаченное время = 01:12:00, на приставку 9, с Карточкой Азим
17.10.2014 21:51:      кнопка "Продать товар" была нажата.
17.10.2014 21:52:      В форме "Продать товар" была нажата кнопка Продать с введеными данными: Товар Сандвичи в количестве 1шт. был успешно занесен в список проданных товаров!
17.10.2014 21:52:      В форме "Продать товар" была нажата кнопка Продать с введеными данными: Товар Спрайт 0,5л в количестве 1шт. был успешно занесен в список проданных товаров!
17.10.2014 21:52:      кнопка "Бар" была нажата.
17.10.2014 21:52:      кнопка "Добавить сессию" была нажата.
17.10.2014 21:52:      В форме "Добавить сессию" были загружены дефолтовые значения.
17.10.2014 21:52:      В форме "Добавить сессию" были загружены дефолтовые значения.
17.10.2014 21:52:      В форме "Добавить сессию" было загружено клиент с карточкой.
17.10.2014 21:52:      В форме "Добавить сессию" были загружены дефолтовые значения.
17.10.2014 21:52:      Данные 80 в форме "Добавить сессию" были введены данные в поле "Оплачено".
17.10.2014 21:52:      В форме "Добавить сессию" были введены данные в поле Оплачено = 80 сом. Оплаченное время = 01:00:00, на приставку 4, с Карточкой 0
17.10.2014 21:54:      кнопка "Добавить сессию" была нажата.
17.10.2014 21:54:      В форме "Добавить сессию" были загружены дефолтовые значения.
17.10.2014 21:54:      В форме "Добавить сессию" были загружены дефолтовые значения.
17.10.2014 21:54:      В форме "Добавить сессию" было загружено клиент с карточкой.
17.10.2014 21:54:      Кнопка "Закрыть" в форме "Добавить сессию" была нажата.
17.10.2014 21:54:      Кнопка "Продлить сессию" была нажата.
17.10.2014 21:54:      В форме "Продлить сессию" были введены данные в поле время на продление = 0:30
17.10.2014 21:54:      В форме "Продлить сессию" были введены данные в поле Сумма на продление = 40
17.10.2014 21:54:      В форме "Продлить сессию" были введены данные в поле Оплачено = 40 сом. Оплаченное время = 0:30, на приставку 6, с Карточкой Usual Client
17.10.2014 21:54:      В форме "Продлить сессию" были введены данные в поле время на продление = 0:15
17.10.2014 21:54:      В форме "Продлить сессию" были введены данные в поле Сумма на продление = 20
17.10.2014 22:02:      кнопка "Скрытая кнопка" была нажата.
17.10.2014 22:02:      кнопка "Скрытая кнопка" была нажата.
17.10.2014 22:03:      кнопка "Выключить свет" была нажата.
17.10.2014 22:04:      Форма ВЫкл Свет Была открыта
17.10.2014 22:09:      кнопка "Выключить свет" была нажата.
17.10.2014 22:10:      кнопка "Выключить свет" была нажата.
17.10.2014 22:11:      Форма ВЫкл Свет Была открыта
17.10.2014 22:11:      Форма ВЫкл Свет Была открыта
17.10.2014 22:11:      Форма ВЫкл Свет Была открыта
17.10.2014 22:11:      Форма ВЫкл Свет Была открыта
17.10.2014 22:11:      Форма ВЫкл Свет Была открыта
17.10.2014 22:11:      Форма ВЫкл Свет Была открыта
17.10.2014 22:11:      Форма ВЫкл Свет Была открыта
17.10.2014 22:11:      Форма ВЫкл Свет Была открыта
17.10.2014 22:11:      Форма ВЫкл Свет Была открыта
17.10.2014 22:11:      Форма ВЫкл Свет Была открыта
17.10.2014 22:11:      Форма ВЫкл Свет Была открыта
17.10.2014 22:11:      Форма ВЫкл Свет Была открыта
17.10.2014 22:11:      Форма ВЫкл Свет Была открыта
17.10.2014 22:11:      Форма ВЫкл Свет Была открыта
17.10.2014 22:11:      Форма ВЫкл Свет Была открыта
17.10.2014 22:11:      Форма ВЫкл Свет Была открыта
17.10.2014 22:11:      Форма ВЫкл Свет Была открыта
