New file created: 14.11.2014 12:23:46
Author: Kim Viacheslav

кнопка "Скрытая кнопка" была нажата.
14.11.2014 12:24:      кнопка "Добавить сессию" была нажата.
14.11.2014 12:24:      В форме "Добавить сессию" были загружены дефолтовые значения.
14.11.2014 12:24:      В форме "Добавить сессию" были загружены дефолтовые значения.
14.11.2014 12:24:      В форме "Добавить сессию" было загружено клиент с карточкой.
14.11.2014 12:24:      Данные 60 в форме "Добавить сессию" были введены данные в поле "Оплачено".
14.11.2014 12:24:      В форме "Добавить сессию" были загружены дефолтовые значения.
14.11.2014 12:24:      Данные 60 в форме "Добавить сессию" были введены данные в поле "Оплачено".
14.11.2014 12:24:      Данные 60 в форме "Добавить сессию" были введены данные в поле "Оплачено".
14.11.2014 12:24:      В форме "Добавить сессию" были введены данные в поле Оплачено = 60 сом. Оплаченное время = 01:00:00, на приставку 5, с Карточкой 0
14.11.2014 12:24:      кнопка "Добавить сессию" была нажата.
14.11.2014 12:24:      В форме "Добавить сессию" были загружены дефолтовые значения.
14.11.2014 12:24:      В форме "Добавить сессию" были загружены дефолтовые значения.
14.11.2014 12:24:      В форме "Добавить сессию" было загружено клиент с карточкой.
14.11.2014 12:25:      В форме "Добавить сессию" были загружены дефолтовые значения.
14.11.2014 12:25:      Данные 60 в форме "Добавить сессию" были введены данные в поле "Оплачено".
14.11.2014 12:25:      В форме "Добавить сессию" были введены данные в поле Оплачено = 60 сом. Оплаченное время = 01:00:00, на приставку 5, с Карточкой 0
14.11.2014 12:25:      кнопка "Скрытая кнопка" была нажата.
