New file created: 05.10.2014 11:25:48
Author: Kim Viacheslav

кнопка "Скрытая кнопка" была нажата.
05.10.2014 11:32:      кнопка "Скрытая кнопка" была нажата.
05.10.2014 13:00:      кнопка "Добавить сессию" была нажата.
05.10.2014 13:00:      В форме "Добавить сессию" были загружены дефолтовые значения.
05.10.2014 13:00:      В форме "Добавить сессию" были загружены дефолтовые значения.
05.10.2014 13:00:      В форме "Добавить сессию" было загружено клиент с карточкой.
05.10.2014 13:00:      В форме "Добавить сессию" были загружены дефолтовые значения.
05.10.2014 13:00:      В форме "Добавить сессию" в поле "Остаток часов" было введено 
05.10.2014 13:00:      Данные 15 в форме "Добавить сессию"  в поле "Остаток минут" были введены.
05.10.2014 13:00:      Данные 30 в форме "Добавить сессию"  в поле "Оплачено" были введены.
05.10.2014 13:00:      Данные 30 в форме "Добавить сессию"  в поле "Оплачено" были введены.
05.10.2014 13:00:      Данные 30 в форме "Добавить сессию" были введены данные в поле "Оплачено".
05.10.2014 13:00:      В форме "Добавить сессию" были введены данные в поле Оплачено = 30 сом. Оплаченное время = 00:15:00, на приставку PS4, с Карточкой 0
05.10.2014 13:00:      кнопка "Скрытая кнопка" была нажата.
05.10.2014 13:02:      кнопка "Добавить сессию" была нажата.
05.10.2014 13:02:      В форме "Добавить сессию" были загружены дефолтовые значения.
05.10.2014 13:02:      В форме "Добавить сессию" были загружены дефолтовые значения.
05.10.2014 13:02:      В форме "Добавить сессию" было загружено клиент с карточкой.
05.10.2014 13:02:      Кнопка "Закрыть" в форме "Добавить сессию" была нажата.
05.10.2014 13:02:      кнопка "Скрытая кнопка" была нажата.
05.10.2014 13:03:      кнопка "Скрытая кнопка" была нажата.
05.10.2014 13:04:      кнопка "Добавить сессию" была нажата.
05.10.2014 13:04:      В форме "Добавить сессию" были загружены дефолтовые значения.
05.10.2014 13:04:      В форме "Добавить сессию" были загружены дефолтовые значения.
05.10.2014 13:04:      В форме "Добавить сессию" было загружено клиент с карточкой.
05.10.2014 13:05:      В форме "Добавить сессию" были загружены дефолтовые значения.
05.10.2014 13:05:      В форме "Добавить сессию" в поле "Остаток часов" было введено 
05.10.2014 13:05:      Данные 15 в форме "Добавить сессию"  в поле "Остаток минут" были введены.
05.10.2014 13:05:      Данные 23 в форме "Добавить сессию"  в поле "Оплачено" были введены.
05.10.2014 13:05:      Данные 23 в форме "Добавить сессию"  в поле "Оплачено" были введены.
05.10.2014 13:05:      Данные 23 в форме "Добавить сессию" были введены данные в поле "Оплачено".
05.10.2014 13:05:      В форме "Добавить сессию" были введены данные в поле Оплачено = 23 сом. Оплаченное время = 00:15:00, на приставку mVIP4, с Карточкой 0
05.10.2014 13:07:      кнопка "Закрыть сессию" была нажата.
05.10.2014 13:07:      кнопка "Закрыть сессию" была нажата.
05.10.2014 13:07:      кнопка "Скрытая кнопка" была нажата.
05.10.2014 13:09:      кнопка "Скрытая кнопка" была нажата.
05.10.2014 13:10:      кнопка "Скрытая кнопка" была нажата.
05.10.2014 13:12:      кнопка "Добавить сессию" была нажата.
05.10.2014 13:12:      В форме "Добавить сессию" были загружены дефолтовые значения.
05.10.2014 13:12:      В форме "Добавить сессию" были загружены дефолтовые значения.
05.10.2014 13:12:      В форме "Добавить сессию" было загружено клиент с карточкой.
05.10.2014 13:12:      В форме "Добавить сессию" были загружены дефолтовые значения.
05.10.2014 13:13:      В форме "Добавить сессию" были загружены дефолтовые значения.
05.10.2014 13:13:      Данные 90 в форме "Добавить сессию" были введены данные в поле "Оплачено".
05.10.2014 13:13:      В форме "Добавить сессию" были введены данные в поле Оплачено = 90 сом. Оплаченное время = 01:00:00, на приставку mVIP7, с Карточкой 0
05.10.2014 13:13:      кнопка "Скрытая кнопка" была нажата.
05.10.2014 13:13:      кнопка "Добавить сессию" была нажата.
05.10.2014 13:13:      В форме "Добавить сессию" были загружены дефолтовые значения.
05.10.2014 13:13:      В форме "Добавить сессию" были загружены дефолтовые значения.
05.10.2014 13:13:      В форме "Добавить сессию" было загружено клиент с карточкой.
05.10.2014 13:13:      В форме "Добавить сессию" были загружены дефолтовые значения.
05.10.2014 13:13:      В форме "Добавить сессию" в поле "Остаток часов" было введено 
05.10.2014 13:13:      Данные 15 в форме "Добавить сессию"  в поле "Остаток минут" были введены.
05.10.2014 13:13:      Данные 30 в форме "Добавить сессию"  в поле "Оплачено" были введены.
05.10.2014 13:13:      Данные 30 в форме "Добавить сессию"  в поле "Оплачено" были введены.
05.10.2014 13:13:      Данные 30 в форме "Добавить сессию" были введены данные в поле "Оплачено".
05.10.2014 13:13:      В форме "Добавить сессию" были введены данные в поле Оплачено = 30 сом. Оплаченное время = 00:15:00, на приставку PS4, с Карточкой 0
05.10.2014 13:14:      Кнопка "Продлить сессию" была нажата.
05.10.2014 13:14:      В форме "Продлить сессию" были введены данные в поле время на продление = 0:30
05.10.2014 13:14:      В форме "Продлить сессию" были введены данные в поле Сумма на продление = 45
05.10.2014 13:14:      В форме "Продлить сессию" были введены данные в поле Оплачено = 45 сом. Оплаченное время = 0:30, на приставку mVIP4, с Карточкой Usual Client
05.10.2014 13:14:      В форме "Продлить сессию" были введены данные в поле время на продление = 0:29
05.10.2014 13:14:      В форме "Продлить сессию" были введены данные в поле Сумма на продление = 44
05.10.2014 13:14:      В форме "Продлить сессию" были введены данные в поле время на продление = 0:28
05.10.2014 13:14:      В форме "Продлить сессию" были введены данные в поле Сумма на продление = 42
05.10.2014 13:14:      В форме "Продлить сессию" были введены данные в поле время на продление = 0:27
05.10.2014 13:14:      В форме "Продлить сессию" были введены данные в поле Сумма на продление = 41
05.10.2014 13:14:      В форме "Продлить сессию" были введены данные в поле время на продление = 0:15
05.10.2014 13:14:      В форме "Продлить сессию" были введены данные в поле Сумма на продление = 23
05.10.2014 13:16:      кнопка "Смена приставки" была нажата.
05.10.2014 13:16:      В форме смена приставки, была выбрана приставка 1
05.10.2014 13:16:      В форме смена приставки, была выбрана приставка 5
05.10.2014 13:16:      В форме смена приставки, была выбрана приставка mVIP5
05.10.2014 13:16:      В форме смена приставки, была нажата кнопка добавить mVIP5
05.10.2014 13:23:      кнопка "Добавить сессию" была нажата.
05.10.2014 13:23:      В форме "Добавить сессию" были загружены дефолтовые значения.
05.10.2014 13:23:      В форме "Добавить сессию" были загружены дефолтовые значения.
05.10.2014 13:23:      В форме "Добавить сессию" было загружено клиент с карточкой.
05.10.2014 13:24:      Данные 45 в форме "Добавить сессию" были введены данные в поле "Оплачено".
05.10.2014 13:24:      В форме "Добавить сессию" были загружены дефолтовые значения.
05.10.2014 13:24:      Данные 45 в форме "Добавить сессию" были введены данные в поле "Оплачено".
05.10.2014 13:24:      Данные 45 в форме "Добавить сессию" были введены данные в поле "Оплачено".
05.10.2014 13:24:      В форме "Добавить сессию" были введены данные в поле Оплачено = 45 сом. Оплаченное время = 00:30:00, на приставку mVIP8, с Карточкой 0
05.10.2014 13:28:      кнопка "Закрыть сессию" была нажата.
05.10.2014 13:28:      Кнопка "Продлить сессию" была нажата.
05.10.2014 13:28:      В форме "Продлить сессию" были введены данные в поле время на продление = 0:30
05.10.2014 13:28:      В форме "Продлить сессию" были введены данные в поле Сумма на продление = 45
05.10.2014 13:28:      В форме "Продлить сессию" были введены данные в поле Оплачено = 45 сом. Оплаченное время = 0:30, на приставку mVIP5, с Карточкой Usual Client
05.10.2014 13:28:      кнопка "Смена" была нажата.
05.10.2014 13:29:      К смене 116 было присвоено 574
05.10.2014 13:29:      К смене 117 было присвоено 574
05.10.2014 13:29:      кнопка "Продать товар" была нажата.
05.10.2014 13:29:      В форме "Продать товар" была нажата кнопка Продать с введеными данными: Товар Простой Кальян в количестве 1шт. был успешно занесен в список проданных товаров!
05.10.2014 13:30:      кнопка "Скрытая кнопка" была нажата.
