New file created: 25.07.2014 0:11:04
Author: Kim Viacheslav

кнопка "Добавить сессию" была нажата.
25.07.2014 0:11:      В форме "Добавить сессию" были загружены дефолтовые значения.
25.07.2014 0:11:      В форме "Добавить сессию" были загружены дефолтовые значения.
25.07.2014 0:11:      В форме "Добавить сессию" было загружено клиент с карточкой.
25.07.2014 0:11:      В форме "Добавить сессию" были загружены дефолтовые значения.
25.07.2014 0:12:      Данные 100 в форме "Добавить сессию" были введены данные в поле "Оплачено".
25.07.2014 0:12:      Данные 100 в форме "Добавить сессию" были введены данные в поле "Оплачено".
25.07.2014 0:12:      Данные 100 в форме "Добавить сессию" были введены данные в поле "Оплачено".
25.07.2014 0:12:      Данные 100 в форме "Добавить сессию" были введены данные в поле "Оплачено".
25.07.2014 0:12:      В форме "Добавить сессию" были введены данные в поле Оплачено = 100 сом. Оплаченное время = 00:59:00, на приставку mVIP6, с Карточкой 0
25.07.2014 0:20:      кнопка "Закрыть сессию" была нажата.
25.07.2014 0:20:      В форме "Закрыть" была нажата кнопка "Клиент ушел раньше времени" 
25.07.2014 0:20:      кнопка "Добавить сессию" была нажата.
25.07.2014 0:20:      В форме "Добавить сессию" были загружены дефолтовые значения.
25.07.2014 0:20:      В форме "Добавить сессию" были загружены дефолтовые значения.
25.07.2014 0:20:      В форме "Добавить сессию" было загружено клиент с карточкой.
25.07.2014 0:20:      Данные 90 в форме "Добавить сессию" были введены данные в поле "Оплачено".
25.07.2014 0:20:      Кнопка "Закрыть" в форме "Добавить сессию" была нажата.
25.07.2014 0:22:      кнопка "Добавить сессию" была нажата.
25.07.2014 0:22:      В форме "Добавить сессию" были загружены дефолтовые значения.
25.07.2014 0:22:      В форме "Добавить сессию" были загружены дефолтовые значения.
25.07.2014 0:22:      В форме "Добавить сессию" было загружено клиент с карточкой.
25.07.2014 0:22:      Данные 90 в форме "Добавить сессию" были введены данные в поле "Оплачено".
25.07.2014 0:22:      В форме "Добавить сессию" были введены данные в поле Оплачено = 90 сом. Оплаченное время = 01:00:00, на приставку 2, с Карточкой 0
25.07.2014 0:22:      кнопка "Закрыть сессию" была нажата.
25.07.2014 0:22:      кнопка "Добавить сессию" была нажата.
25.07.2014 0:22:      В форме "Добавить сессию" были загружены дефолтовые значения.
25.07.2014 0:22:      В форме "Добавить сессию" были загружены дефолтовые значения.
25.07.2014 0:22:      В форме "Добавить сессию" было загружено клиент с карточкой.
25.07.2014 0:22:      Данные 90 в форме "Добавить сессию" были введены данные в поле "Оплачено".
25.07.2014 0:22:      Кнопка "Закрыть" в форме "Добавить сессию" была нажата.
25.07.2014 0:23:      кнопка "Добавить сессию" была нажата.
25.07.2014 0:23:      В форме "Добавить сессию" были загружены дефолтовые значения.
25.07.2014 0:23:      В форме "Добавить сессию" были загружены дефолтовые значения.
25.07.2014 0:23:      В форме "Добавить сессию" было загружено клиент с карточкой.
25.07.2014 0:23:      Данные 90 в форме "Добавить сессию" были введены данные в поле "Оплачено".
25.07.2014 0:23:      кнопка "Добавить сессию" была нажата.
25.07.2014 0:23:      В форме "Добавить сессию" были загружены дефолтовые значения.
25.07.2014 0:23:      В форме "Добавить сессию" были загружены дефолтовые значения.
25.07.2014 0:23:      В форме "Добавить сессию" было загружено клиент с карточкой.
25.07.2014 0:25:      кнопка "Добавить сессию" была нажата.
25.07.2014 0:25:      В форме "Добавить сессию" были загружены дефолтовые значения.
25.07.2014 0:25:      В форме "Добавить сессию" были загружены дефолтовые значения.
25.07.2014 0:25:      В форме "Добавить сессию" было загружено клиент с карточкой.
25.07.2014 0:25:      Данные 90 в форме "Добавить сессию" были введены данные в поле "Оплачено".
25.07.2014 0:25:      Кнопка "Закрыть" в форме "Добавить сессию" была нажата.
25.07.2014 0:25:      кнопка "Добавить сессию" была нажата.
25.07.2014 0:26:      В форме "Добавить сессию" были загружены дефолтовые значения.
25.07.2014 0:26:      В форме "Добавить сессию" были загружены дефолтовые значения.
25.07.2014 0:26:      В форме "Добавить сессию" было загружено клиент с карточкой.
25.07.2014 0:26:      Данные 90 в форме "Добавить сессию" были введены данные в поле "Оплачено".
25.07.2014 0:26:      В форме "Добавить сессию" были введены данные в поле Оплачено = 90 сом. Оплаченное время = 01:00:00, на приставку 2, с Карточкой 0
25.07.2014 0:26:      кнопка "Закрыть сессию" была нажата.
25.07.2014 0:26:      кнопка "Скрытая кнопка" была нажата.
25.07.2014 0:26:      кнопка "Затраты" была нажата.
25.07.2014 0:29:      кнопка "Добавить сессию" была нажата.
25.07.2014 0:30:      В форме "Добавить сессию" были загружены дефолтовые значения.
25.07.2014 0:30:      В форме "Добавить сессию" были загружены дефолтовые значения.
25.07.2014 0:30:      В форме "Добавить сессию" было загружено клиент с карточкой.
25.07.2014 0:30:      В форме "Добавить сессию" были загружены дефолтовые значения.
25.07.2014 0:30:      В форме "Добавить сессию" были загружены дефолтовые значения.
25.07.2014 0:30:      Данные 90 в форме "Добавить сессию" были введены данные в поле "Оплачено".
25.07.2014 0:30:      В форме "Добавить сессию" были введены данные в поле Оплачено = 90 сом. Оплаченное время = 01:00:00, на приставку 5, с Карточкой 0
25.07.2014 0:31:      Кнопка "Продлить сессию" была нажата.
25.07.2014 0:31:      В форме "Продлить сессию" были введены данные в поле Оплачено = 90 сом. Оплаченное время = 0:30, на приставку 9, с Карточкой Скидка20%
25.07.2014 0:31:      В форме "Продлить сессию" была нажата кнопка "Продлить" с введеными данными Время на продление = 0:30Сумма на продление = 90,на приставку 9
25.07.2014 0:32:      кнопка "Добавить сессию" была нажата.
25.07.2014 0:32:      В форме "Добавить сессию" были загружены дефолтовые значения.
25.07.2014 0:32:      В форме "Добавить сессию" были загружены дефолтовые значения.
25.07.2014 0:32:      В форме "Добавить сессию" было загружено клиент с карточкой.
25.07.2014 0:32:      В форме "Добавить сессию" были загружены дефолтовые значения.
25.07.2014 0:32:      Данные 100 в форме "Добавить сессию" были введены данные в поле "Оплачено".
25.07.2014 0:32:      Данные 100 в форме "Добавить сессию" были введены данные в поле "Оплачено".
25.07.2014 0:32:      В форме "Добавить сессию" были введены данные в поле Оплачено = 100 сом. Оплаченное время = 01:07:00, на приставку 4, с Карточкой 0
25.07.2014 0:35:      кнопка "Скрытая кнопка" была нажата.
25.07.2014 0:36:      Кнопка "Продлить сессию" была нажата.
25.07.2014 0:36:      В форме "Продлить сессию" были введены данные в поле Оплачено = 90 сом. Оплаченное время = 0:30, на приставку 9, с Карточкой Скидка20%
25.07.2014 0:36:      В форме "Продлить сессию" была нажата кнопка ОТМЕНА 
25.07.2014 0:38:      кнопка "Затраты" была нажата.
25.07.2014 0:43:      кнопка "Затраты" была нажата.
25.07.2014 0:43:      кнопка "Затраты" была нажата.
25.07.2014 0:43:      кнопка "Добавить сессию" была нажата.
25.07.2014 0:43:      В форме "Добавить сессию" были загружены дефолтовые значения.
25.07.2014 0:43:      В форме "Добавить сессию" были загружены дефолтовые значения.
25.07.2014 0:43:      В форме "Добавить сессию" было загружено клиент с карточкой.
25.07.2014 0:43:      Данные 100 в форме "Добавить сессию" были введены данные в поле "Оплачено".
25.07.2014 0:43:      Данные 100 в форме "Добавить сессию" были введены данные в поле "Оплачено".
25.07.2014 0:43:      В форме "Добавить сессию" были введены данные в поле Оплачено = 100 сом. Оплаченное время = 01:06:00, на приставку 2, с Карточкой 0
25.07.2014 0:44:      кнопка "Затраты" была нажата.
25.07.2014 0:44:      кнопка "Продать товар" была нажата.
25.07.2014 0:44:      кнопка "Бар" была нажата.
25.07.2014 0:44:      кнопка "Продать товар" была нажата.
25.07.2014 0:44:      кнопка "Бар" была нажата.
25.07.2014 0:45:      кнопка "Продать товар" была нажата.
25.07.2014 0:45:      В форме "Продать товар" была нажата кнопка Продать с введеными данными: Товар Кола 1л в количестве 1шт. был успешно занесен в список проданных товаров!
25.07.2014 0:45:      В форме "Продать товар" была нажата кнопка Продать с введеными данными: Товар Фьюс 0,5л в количестве 1шт. был успешно занесен в список проданных товаров!
25.07.2014 0:45:      В форме "Продать товар" была нажата кнопка Продать с введеными данными: Товар Вода 0,5л в количестве 1шт. был успешно занесен в список проданных товаров!
25.07.2014 0:45:      В форме "Продать товар" была нажата кнопка Продать с введеными данными: Товар Винстон в количестве 1шт. был успешно занесен в список проданных товаров!
25.07.2014 0:46:      кнопка "Продать товар" была нажата.
25.07.2014 0:46:      В форме "Продать товар" была нажата кнопка Продать с введеными данными: Товар Спрайт 1 лт в количестве 1шт. был успешно занесен в список проданных товаров!
25.07.2014 0:48:      кнопка "Скрытая кнопка" была нажата.
