New file created: 19.10.2014 11:48:29
Author: Kim Viacheslav

кнопка "Добавить сессию" была нажата.
19.10.2014 11:48:      В форме "Добавить сессию" были загружены дефолтовые значения.
19.10.2014 11:48:      В форме "Добавить сессию" были загружены дефолтовые значения.
19.10.2014 11:48:      В форме "Добавить сессию" было загружено клиент с карточкой.
19.10.2014 11:48:      В форме "Добавить сессию" в поле "Остаток часов" было введено 
19.10.2014 11:48:      Данные 198 в форме "Добавить сессию"  в поле "Оплачено" были введены.
19.10.2014 11:48:      Кнопка "Закрыть" в форме "Добавить сессию" была нажата.
19.10.2014 12:27:      кнопка "Добавить сессию" была нажата.
19.10.2014 12:27:      В форме "Добавить сессию" были загружены дефолтовые значения.
19.10.2014 12:27:      В форме "Добавить сессию" были загружены дефолтовые значения.
19.10.2014 12:27:      В форме "Добавить сессию" было загружено клиент с карточкой.
19.10.2014 12:27:      В форме "Добавить сессию" в поле "Остаток часов" было введено 
19.10.2014 12:33:      кнопка "Добавить сессию" была нажата.
19.10.2014 12:33:      В форме "Добавить сессию" были загружены дефолтовые значения.
19.10.2014 12:33:      В форме "Добавить сессию" были загружены дефолтовые значения.
19.10.2014 12:33:      В форме "Добавить сессию" было загружено клиент с карточкой.
19.10.2014 12:33:      В форме "Добавить сессию" в поле "Остаток часов" было введено 
19.10.2014 12:43:      кнопка "Добавить сессию" была нажата.
19.10.2014 12:43:      В форме "Добавить сессию" были загружены дефолтовые значения.
19.10.2014 12:43:      В форме "Добавить сессию" были загружены дефолтовые значения.
19.10.2014 12:43:      В форме "Добавить сессию" было загружено клиент с карточкой.
19.10.2014 12:43:      В форме "Добавить сессию" в поле "Остаток часов" было введено 
19.10.2014 12:43:      Данные 150 в форме "Добавить сессию"  в поле "Оплачено" были введены.
19.10.2014 12:43:      В форме "Добавить сессию" в поле "Остаток часов" было введено 
19.10.2014 12:43:      Данные 230 в форме "Добавить сессию"  в поле "Оплачено" были введены.
19.10.2014 12:47:      кнопка "Добавить сессию" была нажата.
19.10.2014 12:47:      В форме "Добавить сессию" были загружены дефолтовые значения.
19.10.2014 12:47:      В форме "Добавить сессию" были загружены дефолтовые значения.
19.10.2014 12:47:      В форме "Добавить сессию" было загружено клиент с карточкой.
19.10.2014 12:47:      В форме "Добавить сессию" в поле "Остаток часов" было введено 
19.10.2014 12:47:      Данные 152 в форме "Добавить сессию"  в поле "Оплачено" были введены.
19.10.2014 12:48:      кнопка "Добавить сессию" была нажата.
19.10.2014 12:48:      В форме "Добавить сессию" были загружены дефолтовые значения.
19.10.2014 12:48:      В форме "Добавить сессию" были загружены дефолтовые значения.
19.10.2014 12:48:      В форме "Добавить сессию" было загружено клиент с карточкой.
19.10.2014 12:48:      В форме "Добавить сессию" в поле "Остаток часов" было введено 
19.10.2014 12:48:      Данные 153 в форме "Добавить сессию"  в поле "Оплачено" были введены.
19.10.2014 12:49:      кнопка "Добавить сессию" была нажата.
19.10.2014 12:49:      В форме "Добавить сессию" были загружены дефолтовые значения.
19.10.2014 12:49:      В форме "Добавить сессию" были загружены дефолтовые значения.
19.10.2014 12:49:      В форме "Добавить сессию" было загружено клиент с карточкой.
19.10.2014 12:49:      В форме "Добавить сессию" в поле "Остаток часов" было введено 
19.10.2014 12:50:      Данные 154 в форме "Добавить сессию"  в поле "Оплачено" были введены.
19.10.2014 12:54:      кнопка "Добавить сессию" была нажата.
19.10.2014 12:54:      В форме "Добавить сессию" были загружены дефолтовые значения.
19.10.2014 12:54:      В форме "Добавить сессию" были загружены дефолтовые значения.
19.10.2014 12:54:      В форме "Добавить сессию" было загружено клиент с карточкой.
19.10.2014 12:54:      В форме "Добавить сессию" были загружены дефолтовые значения.
19.10.2014 12:54:      В форме "Добавить сессию" в поле "Остаток часов" было введено 
19.10.2014 12:54:      Данные 157 в форме "Добавить сессию"  в поле "Оплачено" были введены.
19.10.2014 12:54:      В форме "Добавить сессию" в поле "Остаток часов" было введено 
19.10.2014 12:54:      Данные 237 в форме "Добавить сессию"  в поле "Оплачено" были введены.
19.10.2014 12:54:      Кнопка "Закрыть" в форме "Добавить сессию" была нажата.
19.10.2014 12:54:      кнопка "Добавить сессию" была нажата.
19.10.2014 12:55:      В форме "Добавить сессию" были загружены дефолтовые значения.
19.10.2014 12:55:      В форме "Добавить сессию" были загружены дефолтовые значения.
19.10.2014 12:55:      В форме "Добавить сессию" было загружено клиент с карточкой.
19.10.2014 12:55:      В форме "Добавить сессию" в поле "Остаток часов" было введено 
19.10.2014 12:55:      Данные 157 в форме "Добавить сессию"  в поле "Оплачено" были введены.
19.10.2014 13:03:      кнопка "Добавить сессию" была нажата.
19.10.2014 13:03:      В форме "Добавить сессию" были загружены дефолтовые значения.
19.10.2014 13:03:      В форме "Добавить сессию" были загружены дефолтовые значения.
19.10.2014 13:03:      В форме "Добавить сессию" было загружено клиент с карточкой.
19.10.2014 13:03:      В форме "Добавить сессию" в поле "Остаток часов" было введено 
19.10.2014 13:03:      Данные 160 в форме "Добавить сессию"  в поле "Оплачено" были введены.
19.10.2014 13:03:      Кнопка "Закрыть" в форме "Добавить сессию" была нажата.
19.10.2014 13:09:      кнопка "Добавить сессию" была нажата.
19.10.2014 13:09:      В форме "Добавить сессию" были загружены дефолтовые значения.
19.10.2014 13:09:      В форме "Добавить сессию" были загружены дефолтовые значения.
19.10.2014 13:09:      В форме "Добавить сессию" было загружено клиент с карточкой.
19.10.2014 13:09:      В форме "Добавить сессию" в поле "Остаток часов" было введено 
19.10.2014 13:09:      Данные 160 в форме "Добавить сессию"  в поле "Оплачено" были введены.
19.10.2014 13:09:      В форме "Добавить сессию" в поле "Остаток часов" было введено 
19.10.2014 13:09:      Данные 240 в форме "Добавить сессию"  в поле "Оплачено" были введены.
19.10.2014 13:09:      Кнопка "Закрыть" в форме "Добавить сессию" была нажата.
19.10.2014 13:09:      кнопка "Добавить сессию" была нажата.
19.10.2014 13:09:      В форме "Добавить сессию" были загружены дефолтовые значения.
19.10.2014 13:09:      В форме "Добавить сессию" были загружены дефолтовые значения.
19.10.2014 13:09:      В форме "Добавить сессию" было загружено клиент с карточкой.
19.10.2014 13:09:      В форме "Добавить сессию" в поле "Остаток часов" было введено 
19.10.2014 13:09:      Данные 160 в форме "Добавить сессию"  в поле "Оплачено" были введены.
19.10.2014 13:09:      кнопка "Добавить сессию" была нажата.
19.10.2014 13:09:      В форме "Добавить сессию" были загружены дефолтовые значения.
19.10.2014 13:09:      В форме "Добавить сессию" были загружены дефолтовые значения.
19.10.2014 13:09:      В форме "Добавить сессию" было загружено клиент с карточкой.
19.10.2014 13:09:      В форме "Добавить сессию" в поле "Остаток часов" было введено 
19.10.2014 13:12:      кнопка "Добавить сессию" была нажата.
19.10.2014 13:12:      В форме "Добавить сессию" были загружены дефолтовые значения.
19.10.2014 13:12:      В форме "Добавить сессию" были загружены дефолтовые значения.
19.10.2014 13:12:      В форме "Добавить сессию" было загружено клиент с карточкой.
19.10.2014 13:12:      В форме "Добавить сессию" в поле "Остаток часов" было введено 
19.10.2014 13:12:      Данные 160 в форме "Добавить сессию"  в поле "Оплачено" были введены.
19.10.2014 13:12:      В форме "Добавить сессию" в поле "Остаток часов" было введено 
19.10.2014 13:12:      Данные 240 в форме "Добавить сессию"  в поле "Оплачено" были введены.
19.10.2014 13:12:      Кнопка "Закрыть" в форме "Добавить сессию" была нажата.
19.10.2014 13:16:      кнопка "Добавить сессию" была нажата.
19.10.2014 13:16:      В форме "Добавить сессию" были загружены дефолтовые значения.
19.10.2014 13:16:      В форме "Добавить сессию" были загружены дефолтовые значения.
19.10.2014 13:16:      В форме "Добавить сессию" было загружено клиент с карточкой.
19.10.2014 13:16:      В форме "Добавить сессию" в поле "Остаток часов" было введено 
19.10.2014 13:16:      Данные 160 в форме "Добавить сессию"  в поле "Оплачено" были введены.
19.10.2014 13:16:      В форме "Добавить сессию" в поле "Остаток часов" было введено 
19.10.2014 13:16:      Данные 240 в форме "Добавить сессию"  в поле "Оплачено" были введены.
19.10.2014 13:16:      Кнопка "Закрыть" в форме "Добавить сессию" была нажата.
19.10.2014 13:19:      кнопка "Добавить сессию" была нажата.
19.10.2014 13:19:      В форме "Добавить сессию" были загружены дефолтовые значения.
19.10.2014 13:19:      В форме "Добавить сессию" были загружены дефолтовые значения.
19.10.2014 13:19:      В форме "Добавить сессию" было загружено клиент с карточкой.
19.10.2014 13:19:      В форме "Добавить сессию" в поле "Остаток часов" было введено 
19.10.2014 13:19:      Данные 160 в форме "Добавить сессию"  в поле "Оплачено" были введены.
19.10.2014 13:19:      В форме "Добавить сессию" в поле "Остаток часов" было введено 
19.10.2014 13:19:      Данные 240 в форме "Добавить сессию"  в поле "Оплачено" были введены.
19.10.2014 13:19:      Кнопка "Закрыть" в форме "Добавить сессию" была нажата.
19.10.2014 13:22:      кнопка "Добавить сессию" была нажата.
19.10.2014 13:22:      В форме "Добавить сессию" были загружены дефолтовые значения.
19.10.2014 13:22:      В форме "Добавить сессию" были загружены дефолтовые значения.
19.10.2014 13:22:      В форме "Добавить сессию" было загружено клиент с карточкой.
19.10.2014 13:22:      В форме "Добавить сессию" в поле "Остаток часов" было введено 
19.10.2014 13:22:      Данные 160 в форме "Добавить сессию"  в поле "Оплачено" были введены.
19.10.2014 13:22:      В форме "Добавить сессию" в поле "Остаток часов" было введено 
19.10.2014 13:22:      Данные 240 в форме "Добавить сессию"  в поле "Оплачено" были введены.
19.10.2014 13:23:      Данные 240 в форме "Добавить сессию" были введены данные в поле "Оплачено".
19.10.2014 13:23:      В форме "Добавить сессию" были введены данные в поле Оплачено = 240 сом. Оплаченное время = 04:00:00, на приставку 1, с Карточкой 0
19.10.2014 13:32:      кнопка "Закрыть сессию" была нажата.
19.10.2014 13:33:      кнопка "Добавить сессию" была нажата.
19.10.2014 13:33:      В форме "Добавить сессию" были загружены дефолтовые значения.
19.10.2014 13:33:      В форме "Добавить сессию" были загружены дефолтовые значения.
19.10.2014 13:33:      В форме "Добавить сессию" было загружено клиент с карточкой.
19.10.2014 13:33:      В форме "Добавить сессию" в поле "Остаток часов" было введено 
19.10.2014 13:33:      Данные 160 в форме "Добавить сессию"  в поле "Оплачено" были введены.
19.10.2014 13:33:      В форме "Добавить сессию" в поле "Остаток часов" было введено 
19.10.2014 13:33:      Данные 240 в форме "Добавить сессию"  в поле "Оплачено" были введены.
19.10.2014 13:33:      В форме "Добавить сессию" в поле "Остаток часов" было введено 
19.10.2014 13:33:      Данные 160 в форме "Добавить сессию"  в поле "Оплачено" были введены.
19.10.2014 13:34:      кнопка "Добавить сессию" была нажата.
19.10.2014 13:34:      В форме "Добавить сессию" были загружены дефолтовые значения.
19.10.2014 13:34:      В форме "Добавить сессию" были загружены дефолтовые значения.
19.10.2014 13:34:      В форме "Добавить сессию" было загружено клиент с карточкой.
19.10.2014 13:34:      В форме "Добавить сессию" в поле "Остаток часов" было введено 
19.10.2014 13:34:      Данные 160 в форме "Добавить сессию"  в поле "Оплачено" были введены.
19.10.2014 13:34:      В форме "Добавить сессию" в поле "Остаток часов" было введено 
19.10.2014 13:34:      Данные 240 в форме "Добавить сессию"  в поле "Оплачено" были введены.
19.10.2014 13:36:      Кнопка "Закрыть" в форме "Добавить сессию" была нажата.
19.10.2014 13:40:      кнопка "Добавить сессию" была нажата.
19.10.2014 13:40:      В форме "Добавить сессию" были загружены дефолтовые значения.
19.10.2014 13:40:      В форме "Добавить сессию" были загружены дефолтовые значения.
19.10.2014 13:40:      В форме "Добавить сессию" было загружено клиент с карточкой.
19.10.2014 13:40:      В форме "Добавить сессию" в поле "Остаток часов" было введено 
19.10.2014 13:40:      Данные 160 в форме "Добавить сессию"  в поле "Оплачено" были введены.
19.10.2014 13:40:      Кнопка "Закрыть" в форме "Добавить сессию" была нажата.
19.10.2014 14:04:      кнопка "Добавить сессию" была нажата.
19.10.2014 14:04:      В форме "Добавить сессию" были загружены дефолтовые значения.
19.10.2014 14:04:      В форме "Добавить сессию" были загружены дефолтовые значения.
19.10.2014 14:04:      В форме "Добавить сессию" было загружено клиент с карточкой.
19.10.2014 14:04:      В форме "Добавить сессию" в поле "Остаток часов" было введено 
19.10.2014 14:04:      Данные 160 в форме "Добавить сессию"  в поле "Оплачено" были введены.
19.10.2014 14:04:      В форме "Добавить сессию" в поле "Остаток часов" было введено 
19.10.2014 14:04:      Данные 240 в форме "Добавить сессию"  в поле "Оплачено" были введены.
19.10.2014 14:04:      В форме "Добавить сессию" в поле "Остаток часов" было введено 
19.10.2014 14:04:      Данные 320 в форме "Добавить сессию"  в поле "Оплачено" были введены.
19.10.2014 14:04:      В форме "Добавить сессию" в поле "Остаток часов" было введено 
19.10.2014 14:04:      Данные 240 в форме "Добавить сессию"  в поле "Оплачено" были введены.
19.10.2014 14:04:      В форме "Добавить сессию" в поле "Остаток часов" было введено 
19.10.2014 14:04:      Данные 320 в форме "Добавить сессию"  в поле "Оплачено" были введены.
19.10.2014 14:04:      В форме "Добавить сессию" в поле "Остаток часов" было введено 
19.10.2014 14:04:      Данные 240 в форме "Добавить сессию"  в поле "Оплачено" были введены.
19.10.2014 14:04:      В форме "Добавить сессию" в поле "Остаток часов" было введено 
19.10.2014 14:04:      Данные 160 в форме "Добавить сессию"  в поле "Оплачено" были введены.
19.10.2014 14:04:      Кнопка "Закрыть" в форме "Добавить сессию" была нажата.
19.10.2014 14:10:      кнопка "Добавить сессию" была нажата.
19.10.2014 14:10:      В форме "Добавить сессию" были загружены дефолтовые значения.
19.10.2014 14:10:      В форме "Добавить сессию" были загружены дефолтовые значения.
19.10.2014 14:10:      В форме "Добавить сессию" было загружено клиент с карточкой.
19.10.2014 14:11:      В форме "Добавить сессию" в поле "Остаток часов" было введено 
19.10.2014 14:11:      Данные 160 в форме "Добавить сессию"  в поле "Оплачено" были введены.
19.10.2014 14:11:      В форме "Добавить сессию" в поле "Остаток часов" было введено 
19.10.2014 14:11:      Данные 240 в форме "Добавить сессию"  в поле "Оплачено" были введены.
19.10.2014 14:11:      В форме "Добавить сессию" в поле "Остаток часов" было введено 
19.10.2014 14:11:      Данные 160 в форме "Добавить сессию"  в поле "Оплачено" были введены.
19.10.2014 14:11:      В форме "Добавить сессию" в поле "Остаток часов" было введено 
19.10.2014 14:11:      Данные 240 в форме "Добавить сессию"  в поле "Оплачено" были введены.
19.10.2014 14:11:      Данные 240 в форме "Добавить сессию" были введены данные в поле "Оплачено".
19.10.2014 14:11:      В форме "Добавить сессию" были введены данные в поле Оплачено = 240 сом. Оплаченное время = 04:00:00, на приставку 1, с Карточкой 0
19.10.2014 14:11:      кнопка "Закрыть сессию" была нажата.
19.10.2014 14:11:      кнопка "Добавить сессию" была нажата.
19.10.2014 14:11:      В форме "Добавить сессию" были загружены дефолтовые значения.
19.10.2014 14:11:      В форме "Добавить сессию" были загружены дефолтовые значения.
19.10.2014 14:11:      В форме "Добавить сессию" было загружено клиент с карточкой.
19.10.2014 14:11:      Кнопка "Закрыть" в форме "Добавить сессию" была нажата.
19.10.2014 14:11:      кнопка "Добавить сессию" была нажата.
19.10.2014 14:11:      В форме "Добавить сессию" были загружены дефолтовые значения.
19.10.2014 14:11:      В форме "Добавить сессию" были загружены дефолтовые значения.
19.10.2014 14:11:      В форме "Добавить сессию" было загружено клиент с карточкой.
19.10.2014 14:11:      В форме "Добавить сессию" в поле "Остаток часов" было введено 
19.10.2014 14:11:      Данные 160 в форме "Добавить сессию"  в поле "Оплачено" были введены.
19.10.2014 14:11:      В форме "Добавить сессию" в поле "Остаток часов" было введено 
19.10.2014 14:11:      Данные 240 в форме "Добавить сессию"  в поле "Оплачено" были введены.
19.10.2014 14:11:      Кнопка "Закрыть" в форме "Добавить сессию" была нажата.
