New file created: 19.07.2014 6:56:08
Author: Kim Viacheslav

кнопка "Добавить сессию" была нажата.
19.07.2014 6:56:      В форме "Добавить сессию" были загружены дефолтовые значения.
19.07.2014 6:56:      В форме "Добавить сессию" были загружены дефолтовые значения.
19.07.2014 6:56:      В форме "Добавить сессию" было загружено клиент с карточкой.
19.07.2014 6:56:      В форме "Добавить сессию" были загружены дефолтовые значения.
19.07.2014 6:56:      В форме "Добавить сессию" были загружены дефолтовые значения.
19.07.2014 6:56:      В форме "Добавить сессию" были загружены дефолтовые значения.
19.07.2014 6:56:      В форме "Добавить сессию" были загружены дефолтовые значения.
19.07.2014 6:56:      В форме "Добавить сессию" были загружены дефолтовые значения.
19.07.2014 6:56:      В форме "Добавить сессию" были загружены дефолтовые значения.
19.07.2014 6:56:      В форме "Добавить сессию" были загружены дефолтовые значения.
19.07.2014 6:56:      В форме "Добавить сессию" были загружены дефолтовые значения.
19.07.2014 6:56:      В форме "Добавить сессию" были загружены дефолтовые значения.
19.07.2014 6:56:      В форме "Добавить сессию" были загружены дефолтовые значения.
19.07.2014 6:56:      В форме "Добавить сессию" были загружены дефолтовые значения.
19.07.2014 6:56:      кнопка "Добавить сессию" была нажата.
19.07.2014 6:57:      В форме "Добавить сессию" были загружены дефолтовые значения.
19.07.2014 6:57:      В форме "Добавить сессию" были загружены дефолтовые значения.
19.07.2014 6:57:      В форме "Добавить сессию" было загружено клиент с карточкой.
19.07.2014 6:57:      В форме "Добавить сессию" были загружены дефолтовые значения.
19.07.2014 6:57:      В форме "Добавить сессию" были загружены дефолтовые значения.
19.07.2014 6:57:      В форме "Добавить сессию" были загружены дефолтовые значения.
19.07.2014 6:57:      В форме "Добавить сессию" были загружены дефолтовые значения.
19.07.2014 6:57:      В форме "Добавить сессию" были загружены дефолтовые значения.
19.07.2014 6:57:      В форме "Добавить сессию" были загружены дефолтовые значения.
19.07.2014 6:57:      В форме "Добавить сессию" были загружены дефолтовые значения.
19.07.2014 6:57:      В форме "Добавить сессию" были загружены дефолтовые значения.
19.07.2014 6:57:      В форме "Добавить сессию" были загружены дефолтовые значения.
19.07.2014 6:57:      В форме "Добавить сессию" были загружены дефолтовые значения.
19.07.2014 6:57:      В форме "Добавить сессию" были загружены дефолтовые значения.
19.07.2014 7:00:      кнопка "Добавить сессию" была нажата.
19.07.2014 7:00:      В форме "Добавить сессию" были загружены дефолтовые значения.
19.07.2014 7:00:      В форме "Добавить сессию" были загружены дефолтовые значения.
19.07.2014 7:00:      В форме "Добавить сессию" было загружено клиент с карточкой.
19.07.2014 7:00:      В форме "Добавить сессию" были загружены дефолтовые значения.
19.07.2014 7:00:      Кнопка "Закрыть" в форме "Добавить сессию" была нажата.
19.07.2014 6:55:      кнопка "Добавить сессию" была нажата.
19.07.2014 6:55:      В форме "Добавить сессию" были загружены дефолтовые значения.
19.07.2014 6:55:      В форме "Добавить сессию" были загружены дефолтовые значения.
19.07.2014 6:55:      В форме "Добавить сессию" было загружено клиент с карточкой.
19.07.2014 6:55:      В форме "Добавить сессию" были загружены дефолтовые значения.
19.07.2014 6:55:      В форме "Добавить сессию" были введены данные в поле Оплачено = 54 сом. Оплаченное время = 01:00:00, на приставку 1, с Карточкой 0
19.07.2014 6:55:      кнопка "Закрыть сессию" была нажата.
19.07.2014 6:56:      кнопка "Добавить сессию" была нажата.
19.07.2014 6:56:      В форме "Добавить сессию" были загружены дефолтовые значения.
19.07.2014 6:56:      В форме "Добавить сессию" были загружены дефолтовые значения.
19.07.2014 6:56:      В форме "Добавить сессию" было загружено клиент с карточкой.
19.07.2014 6:56:      В форме "Добавить сессию" было нажато поле "Скидка" 
19.07.2014 6:56:      В форме "Добавить сессию" было заполнено поле "Скидка" 0, и выбита скидка в размере 0%
19.07.2014 6:56:      В форме "Добавить сессию" было загружено обычный клиент.
19.07.2014 6:56:      Данные 54 в форме "Добавить сессию" были введены данные в поле "Оплачено".
19.07.2014 6:56:      Данные 54 в форме "Добавить сессию" были введены данные в поле "Оплачено".
19.07.2014 6:56:      В форме "Добавить сессию" было нажато поле "Скидка" 
19.07.2014 6:56:      В форме "Добавить сессию" было загружено клиент с карточкой.
19.07.2014 6:56:      Данные 54 в форме "Добавить сессию" были введены данные в поле "Оплачено".
19.07.2014 6:56:      В форме "Добавить сессию" были введены данные в поле Оплачено = 54 сом. Оплаченное время = 00:36:00, на приставку 1, с Карточкой 0
19.07.2014 6:56:      кнопка "Закрыть сессию" была нажата.
19.07.2014 6:57:      кнопка "Добавить сессию" была нажата.
19.07.2014 6:57:      В форме "Добавить сессию" были загружены дефолтовые значения.
19.07.2014 6:57:      В форме "Добавить сессию" были загружены дефолтовые значения.
19.07.2014 6:57:      В форме "Добавить сессию" было загружено клиент с карточкой.
19.07.2014 6:57:      В форме "Добавить сессию" были загружены дефолтовые значения.
19.07.2014 11:41:      кнопка "Добавить сессию" была нажата.
19.07.2014 11:41:      В форме "Добавить сессию" были загружены дефолтовые значения.
19.07.2014 11:41:      В форме "Добавить сессию" были загружены дефолтовые значения.
19.07.2014 11:41:      В форме "Добавить сессию" было загружено клиент с карточкой.
19.07.2014 11:41:      Данные 71 в форме "Добавить сессию" были введены данные в поле "Оплачено".
19.07.2014 11:41:      В форме "Добавить сессию" были введены данные в поле Оплачено = 71 сом. Оплаченное время = 01:00:00, на приставку 1, с Карточкой 0
19.07.2014 11:50:      кнопка "Добавить сессию" была нажата.
19.07.2014 11:50:      В форме "Добавить сессию" были загружены дефолтовые значения.
19.07.2014 11:50:      В форме "Добавить сессию" были загружены дефолтовые значения.
19.07.2014 11:50:      В форме "Добавить сессию" было загружено клиент с карточкой.
19.07.2014 11:52:      Данные 75 в форме "Добавить сессию" были введены данные в поле "Оплачено".
19.07.2014 11:54:      Данные 0 в форме "Добавить сессию"  в поле "Остаток минут" были введены.
19.07.2014 11:54:      Данные 77 в форме "Добавить сессию"  в поле "Оплачено" были введены.
19.07.2014 11:54:      Кнопка "Закрыть" в форме "Добавить сессию" была нажата.
19.07.2014 11:54:      кнопка "Добавить сессию" была нажата.
19.07.2014 11:54:      В форме "Добавить сессию" были загружены дефолтовые значения.
19.07.2014 11:54:      В форме "Добавить сессию" были загружены дефолтовые значения.
19.07.2014 11:54:      В форме "Добавить сессию" было загружено клиент с карточкой.
19.07.2014 11:54:      Кнопка "Закрыть" в форме "Добавить сессию" была нажата.
19.07.2014 11:54:      кнопка "Закрыть сессию" была нажата.
19.07.2014 11:54:      кнопка "Добавить сессию" была нажата.
19.07.2014 11:54:      В форме "Добавить сессию" были загружены дефолтовые значения.
19.07.2014 11:54:      В форме "Добавить сессию" были загружены дефолтовые значения.
19.07.2014 11:54:      В форме "Добавить сессию" было загружено клиент с карточкой.
19.07.2014 11:54:      Данные 77 в форме "Добавить сессию" были введены данные в поле "Оплачено".
19.07.2014 11:54:      Кнопка "Закрыть" в форме "Добавить сессию" была нажата.
19.07.2014 11:54:      кнопка "Добавить сессию" была нажата.
19.07.2014 11:54:      В форме "Добавить сессию" были загружены дефолтовые значения.
19.07.2014 11:54:      В форме "Добавить сессию" были загружены дефолтовые значения.
19.07.2014 11:54:      В форме "Добавить сессию" было загружено клиент с карточкой.
19.07.2014 11:54:      Данные 78 в форме "Добавить сессию" были введены данные в поле "Оплачено".
19.07.2014 11:54:      Данные 77 в форме "Добавить сессию" были введены данные в поле "Оплачено".
19.07.2014 11:54:      Данные 78 в форме "Добавить сессию" были введены данные в поле "Оплачено".
19.07.2014 11:54:      Данные 77 в форме "Добавить сессию" были введены данные в поле "Оплачено".
19.07.2014 11:54:      Данные 78 в форме "Добавить сессию" были введены данные в поле "Оплачено".
19.07.2014 11:54:      Данные 77 в форме "Добавить сессию" были введены данные в поле "Оплачено".
19.07.2014 11:54:      Данные 76 в форме "Добавить сессию" были введены данные в поле "Оплачено".
19.07.2014 11:54:      Данные 75 в форме "Добавить сессию" были введены данные в поле "Оплачено".
19.07.2014 11:54:      Данные 74 в форме "Добавить сессию" были введены данные в поле "Оплачено".
19.07.2014 11:54:      Данные 73 в форме "Добавить сессию" были введены данные в поле "Оплачено".
19.07.2014 11:54:      Данные 72 в форме "Добавить сессию" были введены данные в поле "Оплачено".
19.07.2014 11:54:      Данные 73 в форме "Добавить сессию" были введены данные в поле "Оплачено".
19.07.2014 11:54:      Данные 74 в форме "Добавить сессию" были введены данные в поле "Оплачено".
19.07.2014 11:54:      Данные 75 в форме "Добавить сессию" были введены данные в поле "Оплачено".
19.07.2014 11:54:      Данные 76 в форме "Добавить сессию" были введены данные в поле "Оплачено".
19.07.2014 11:54:      Данные 77 в форме "Добавить сессию" были введены данные в поле "Оплачено".
19.07.2014 11:54:      Данные 76 в форме "Добавить сессию" были введены данные в поле "Оплачено".
19.07.2014 11:54:      Данные 75 в форме "Добавить сессию" были введены данные в поле "Оплачено".
19.07.2014 11:54:      Данные 74 в форме "Добавить сессию" были введены данные в поле "Оплачено".
19.07.2014 11:55:      В форме "Добавить сессию" в поле "Остаток часов" было введено 
19.07.2014 11:55:      Данные 30 в форме "Добавить сессию"  в поле "Остаток минут" были введены.
19.07.2014 11:55:      Данные 38 в форме "Добавить сессию"  в поле "Оплачено" были введены.
19.07.2014 11:55:      Данные 38 в форме "Добавить сессию"  в поле "Оплачено" были введены.
19.07.2014 11:55:      В форме "Добавить сессию" в поле "Остаток часов" было введено 
19.07.2014 11:55:      Данные 118 в форме "Добавить сессию"  в поле "Оплачено" были введены.
19.07.2014 11:55:      Данные 0 в форме "Добавить сессию"  в поле "Остаток минут" были введены.
19.07.2014 11:55:      Данные 78 в форме "Добавить сессию"  в поле "Оплачено" были введены.
19.07.2014 11:55:      Кнопка "Закрыть" в форме "Добавить сессию" была нажата.
19.07.2014 11:57:      кнопка "Добавить сессию" была нажата.
19.07.2014 11:57:      В форме "Добавить сессию" были загружены дефолтовые значения.
19.07.2014 11:57:      В форме "Добавить сессию" были загружены дефолтовые значения.
19.07.2014 11:57:      В форме "Добавить сессию" было загружено клиент с карточкой.
19.07.2014 11:57:      В форме "Добавить сессию" в поле "Остаток часов" было введено 
19.07.2014 11:57:      Данные 30 в форме "Добавить сессию"  в поле "Остаток минут" были введены.
19.07.2014 11:57:      Данные 39 в форме "Добавить сессию"  в поле "Оплачено" были введены.
19.07.2014 11:57:      Данные 39 в форме "Добавить сессию"  в поле "Оплачено" были введены.
19.07.2014 11:57:      В форме "Добавить сессию" в поле "Остаток часов" было введено 
19.07.2014 11:57:      Данные 119 в форме "Добавить сессию"  в поле "Оплачено" были введены.
19.07.2014 11:57:      В форме "Добавить сессию" в поле "Остаток часов" было введено 
19.07.2014 11:57:      Данные 39 в форме "Добавить сессию"  в поле "Оплачено" были введены.
19.07.2014 11:57:      В форме "Добавить сессию" в поле "Остаток часов" было введено 
19.07.2014 11:57:      Данные 119 в форме "Добавить сессию"  в поле "Оплачено" были введены.
19.07.2014 11:57:      Данные 29 в форме "Добавить сессию"  в поле "Остаток минут" были введены.
19.07.2014 11:57:      Данные 118 в форме "Добавить сессию"  в поле "Оплачено" были введены.
19.07.2014 11:57:      Данные 28 в форме "Добавить сессию"  в поле "Остаток минут" были введены.
19.07.2014 11:57:      Данные 116 в форме "Добавить сессию"  в поле "Оплачено" были введены.
19.07.2014 11:57:      Данные 0 в форме "Добавить сессию"  в поле "Остаток минут" были введены.
19.07.2014 11:57:      Данные 79 в форме "Добавить сессию"  в поле "Оплачено" были введены.
19.07.2014 11:57:      Данные 1 в форме "Добавить сессию"  в поле "Остаток минут" были введены.
19.07.2014 11:57:      Данные 80 в форме "Добавить сессию"  в поле "Оплачено" были введены.
19.07.2014 11:57:      Данные 0 в форме "Добавить сессию"  в поле "Остаток минут" были введены.
19.07.2014 11:57:      Данные 79 в форме "Добавить сессию"  в поле "Оплачено" были введены.
19.07.2014 11:57:      Данные 1 в форме "Добавить сессию"  в поле "Остаток минут" были введены.
19.07.2014 11:57:      Данные 80 в форме "Добавить сессию"  в поле "Оплачено" были введены.
19.07.2014 11:57:      Данные 2 в форме "Добавить сессию"  в поле "Остаток минут" были введены.
19.07.2014 11:57:      Данные 82 в форме "Добавить сессию"  в поле "Оплачено" были введены.
19.07.2014 11:57:      Данные 3 в форме "Добавить сессию"  в поле "Остаток минут" были введены.
19.07.2014 11:57:      Данные 83 в форме "Добавить сессию"  в поле "Оплачено" были введены.
19.07.2014 11:57:      Данные 4 в форме "Добавить сессию"  в поле "Остаток минут" были введены.
19.07.2014 11:57:      Данные 84 в форме "Добавить сессию"  в поле "Оплачено" были введены.
19.07.2014 11:57:      Данные 3 в форме "Добавить сессию"  в поле "Остаток минут" были введены.
19.07.2014 11:57:      Данные 83 в форме "Добавить сессию"  в поле "Оплачено" были введены.
19.07.2014 11:57:      Данные 2 в форме "Добавить сессию"  в поле "Остаток минут" были введены.
19.07.2014 11:57:      Данные 82 в форме "Добавить сессию"  в поле "Оплачено" были введены.
19.07.2014 11:57:      Данные 1 в форме "Добавить сессию"  в поле "Остаток минут" были введены.
19.07.2014 11:57:      Данные 80 в форме "Добавить сессию"  в поле "Оплачено" были введены.
19.07.2014 11:57:      Данные 0 в форме "Добавить сессию"  в поле "Остаток минут" были введены.
19.07.2014 11:57:      Данные 79 в форме "Добавить сессию"  в поле "Оплачено" были введены.
19.07.2014 11:57:      В форме "Добавить сессию" в поле "Остаток часов" было введено 
19.07.2014 11:57:      Данные 30 в форме "Добавить сессию"  в поле "Остаток минут" были введены.
19.07.2014 11:57:      Данные 39 в форме "Добавить сессию"  в поле "Оплачено" были введены.
19.07.2014 11:57:      Данные 39 в форме "Добавить сессию"  в поле "Оплачено" были введены.
19.07.2014 11:57:      Данные 31 в форме "Добавить сессию"  в поле "Остаток минут" были введены.
19.07.2014 11:57:      Данные 40 в форме "Добавить сессию"  в поле "Оплачено" были введены.
19.07.2014 11:57:      Данные 32 в форме "Добавить сессию"  в поле "Остаток минут" были введены.
19.07.2014 11:57:      Данные 42 в форме "Добавить сессию"  в поле "Оплачено" были введены.
19.07.2014 11:57:      Данные 33 в форме "Добавить сессию"  в поле "Остаток минут" были введены.
19.07.2014 11:57:      Данные 43 в форме "Добавить сессию"  в поле "Оплачено" были введены.
19.07.2014 11:57:      Данные 34 в форме "Добавить сессию"  в поле "Остаток минут" были введены.
19.07.2014 11:57:      Данные 44 в форме "Добавить сессию"  в поле "Оплачено" были введены.
19.07.2014 11:57:      Данные 35 в форме "Добавить сессию"  в поле "Остаток минут" были введены.
19.07.2014 11:57:      Данные 46 в форме "Добавить сессию"  в поле "Оплачено" были введены.
19.07.2014 11:57:      Данные 36 в форме "Добавить сессию"  в поле "Остаток минут" были введены.
19.07.2014 11:57:      Данные 47 в форме "Добавить сессию"  в поле "Оплачено" были введены.
19.07.2014 11:57:      Данные 37 в форме "Добавить сессию"  в поле "Остаток минут" были введены.
19.07.2014 11:57:      Данные 48 в форме "Добавить сессию"  в поле "Оплачено" были введены.
19.07.2014 11:57:      Данные 38 в форме "Добавить сессию"  в поле "Остаток минут" были введены.
19.07.2014 11:57:      Данные 50 в форме "Добавить сессию"  в поле "Оплачено" были введены.
19.07.2014 11:57:      Данные 39 в форме "Добавить сессию"  в поле "Остаток минут" были введены.
19.07.2014 11:57:      Данные 51 в форме "Добавить сессию"  в поле "Оплачено" были введены.
19.07.2014 11:57:      Данные 40 в форме "Добавить сессию"  в поле "Остаток минут" были введены.
19.07.2014 11:57:      Данные 52 в форме "Добавить сессию"  в поле "Оплачено" были введены.
19.07.2014 11:57:      Данные 41 в форме "Добавить сессию"  в поле "Остаток минут" были введены.
19.07.2014 11:57:      Данные 54 в форме "Добавить сессию"  в поле "Оплачено" были введены.
19.07.2014 11:57:      Данные 42 в форме "Добавить сессию"  в поле "Остаток минут" были введены.
19.07.2014 11:57:      Данные 55 в форме "Добавить сессию"  в поле "Оплачено" были введены.
19.07.2014 11:57:      Данные 43 в форме "Добавить сессию"  в поле "Остаток минут" были введены.
19.07.2014 11:57:      Данные 56 в форме "Добавить сессию"  в поле "Оплачено" были введены.
19.07.2014 11:57:      Данные 44 в форме "Добавить сессию"  в поле "Остаток минут" были введены.
19.07.2014 11:57:      Данные 58 в форме "Добавить сессию"  в поле "Оплачено" были введены.
19.07.2014 11:57:      Данные 45 в форме "Добавить сессию"  в поле "Остаток минут" были введены.
19.07.2014 11:57:      Данные 59 в форме "Добавить сессию"  в поле "Оплачено" были введены.
19.07.2014 11:57:      Данные 46 в форме "Добавить сессию"  в поле "Остаток минут" были введены.
19.07.2014 11:57:      Данные 60 в форме "Добавить сессию"  в поле "Оплачено" были введены.
19.07.2014 11:57:      Данные 47 в форме "Добавить сессию"  в поле "Остаток минут" были введены.
19.07.2014 11:57:      Данные 62 в форме "Добавить сессию"  в поле "Оплачено" были введены.
19.07.2014 11:57:      Данные 48 в форме "Добавить сессию"  в поле "Остаток минут" были введены.
19.07.2014 11:57:      Данные 63 в форме "Добавить сессию"  в поле "Оплачено" были введены.
19.07.2014 11:57:      Данные 49 в форме "Добавить сессию"  в поле "Остаток минут" были введены.
19.07.2014 11:57:      Данные 64 в форме "Добавить сессию"  в поле "Оплачено" были введены.
19.07.2014 11:57:      Данные 50 в форме "Добавить сессию"  в поле "Остаток минут" были введены.
19.07.2014 11:57:      Данные 66 в форме "Добавить сессию"  в поле "Оплачено" были введены.
19.07.2014 11:57:      Данные 51 в форме "Добавить сессию"  в поле "Остаток минут" были введены.
19.07.2014 11:57:      Данные 67 в форме "Добавить сессию"  в поле "Оплачено" были введены.
19.07.2014 11:57:      Данные 52 в форме "Добавить сессию"  в поле "Остаток минут" были введены.
19.07.2014 11:57:      Данные 68 в форме "Добавить сессию"  в поле "Оплачено" были введены.
19.07.2014 11:57:      Данные 53 в форме "Добавить сессию"  в поле "Остаток минут" были введены.
19.07.2014 11:57:      Данные 70 в форме "Добавить сессию"  в поле "Оплачено" были введены.
19.07.2014 11:57:      Данные 54 в форме "Добавить сессию"  в поле "Остаток минут" были введены.
19.07.2014 11:57:      Данные 71 в форме "Добавить сессию"  в поле "Оплачено" были введены.
19.07.2014 11:58:      Данные 55 в форме "Добавить сессию"  в поле "Остаток минут" были введены.
19.07.2014 11:58:      Данные 73 в форме "Добавить сессию"  в поле "Оплачено" были введены.
19.07.2014 11:58:      Данные 56 в форме "Добавить сессию"  в поле "Остаток минут" были введены.
19.07.2014 11:58:      Данные 74 в форме "Добавить сессию"  в поле "Оплачено" были введены.
19.07.2014 11:58:      Данные 57 в форме "Добавить сессию"  в поле "Остаток минут" были введены.
19.07.2014 11:58:      Данные 75 в форме "Добавить сессию"  в поле "Оплачено" были введены.
19.07.2014 11:58:      Данные 58 в форме "Добавить сессию"  в поле "Остаток минут" были введены.
19.07.2014 11:58:      Данные 77 в форме "Добавить сессию"  в поле "Оплачено" были введены.
19.07.2014 11:58:      Данные 59 в форме "Добавить сессию"  в поле "Остаток минут" были введены.
19.07.2014 11:58:      Данные 78 в форме "Добавить сессию"  в поле "Оплачено" были введены.
19.07.2014 11:58:      Данные 60 в форме "Добавить сессию"  в поле "Остаток минут" были введены.
19.07.2014 11:58:      Данные 79 в форме "Добавить сессию"  в поле "Оплачено" были введены.
19.07.2014 11:58:      Данные 79 в форме "Добавить сессию" были введены данные в поле "Оплачено".
19.07.2014 11:58:      Кнопка "Закрыть" в форме "Добавить сессию" была нажата.
19.07.2014 11:03:      кнопка "Добавить сессию" была нажата.
19.07.2014 11:03:      В форме "Добавить сессию" были загружены дефолтовые значения.
19.07.2014 11:03:      В форме "Добавить сессию" были загружены дефолтовые значения.
19.07.2014 11:03:      В форме "Добавить сессию" было загружено клиент с карточкой.
19.07.2014 11:03:      В форме "Добавить сессию" были загружены дефолтовые значения.
19.07.2014 11:03:      В форме "Добавить сессию" были загружены дефолтовые значения.
19.07.2014 11:03:      В форме "Добавить сессию" были загружены дефолтовые значения.
19.07.2014 11:03:      В форме "Добавить сессию" были загружены дефолтовые значения.
19.07.2014 11:03:      В форме "Добавить сессию" были загружены дефолтовые значения.
19.07.2014 11:03:      В форме "Добавить сессию" были загружены дефолтовые значения.
19.07.2014 11:03:      В форме "Добавить сессию" были загружены дефолтовые значения.
19.07.2014 11:03:      В форме "Добавить сессию" были загружены дефолтовые значения.
19.07.2014 11:03:      В форме "Добавить сессию" были загружены дефолтовые значения.
19.07.2014 11:03:      В форме "Добавить сессию" были загружены дефолтовые значения.
19.07.2014 11:03:      В форме "Добавить сессию" были загружены дефолтовые значения.
19.07.2014 11:03:      В форме "Добавить сессию" были загружены дефолтовые значения.
19.07.2014 11:03:      В форме "Добавить сессию" были загружены дефолтовые значения.
19.07.2014 11:03:      В форме "Добавить сессию" были загружены дефолтовые значения.
19.07.2014 11:03:      В форме "Добавить сессию" были загружены дефолтовые значения.
19.07.2014 11:03:      В форме "Добавить сессию" были загружены дефолтовые значения.
19.07.2014 11:03:      В форме "Добавить сессию" были загружены дефолтовые значения.
19.07.2014 11:03:      В форме "Добавить сессию" были загружены дефолтовые значения.
19.07.2014 11:03:      В форме "Добавить сессию" были загружены дефолтовые значения.
19.07.2014 11:03:      В форме "Добавить сессию" были загружены дефолтовые значения.
19.07.2014 11:04:      Данные 53 в форме "Добавить сессию" были введены данные в поле "Оплачено".
19.07.2014 11:04:      Данные 54 в форме "Добавить сессию" были введены данные в поле "Оплачено".
19.07.2014 11:04:      Данные 53 в форме "Добавить сессию" были введены данные в поле "Оплачено".
19.07.2014 11:04:      Данные 52 в форме "Добавить сессию" были введены данные в поле "Оплачено".
19.07.2014 11:04:      Данные 51 в форме "Добавить сессию" были введены данные в поле "Оплачено".
19.07.2014 11:04:      Данные 50 в форме "Добавить сессию" были введены данные в поле "Оплачено".
19.07.2014 11:04:      Данные 49 в форме "Добавить сессию" были введены данные в поле "Оплачено".
19.07.2014 11:04:      Данные 48 в форме "Добавить сессию" были введены данные в поле "Оплачено".
19.07.2014 11:04:      Данные 49 в форме "Добавить сессию" были введены данные в поле "Оплачено".
19.07.2014 11:04:      Данные 50 в форме "Добавить сессию" были введены данные в поле "Оплачено".
19.07.2014 11:04:      Данные 51 в форме "Добавить сессию" были введены данные в поле "Оплачено".
19.07.2014 11:04:      Данные 52 в форме "Добавить сессию" были введены данные в поле "Оплачено".
19.07.2014 11:04:      Данные 53 в форме "Добавить сессию" были введены данные в поле "Оплачено".
19.07.2014 11:04:      Кнопка "Закрыть" в форме "Добавить сессию" была нажата.
19.07.2014 11:04:      кнопка "Добавить сессию" была нажата.
19.07.2014 11:04:      В форме "Добавить сессию" были загружены дефолтовые значения.
19.07.2014 11:04:      В форме "Добавить сессию" были загружены дефолтовые значения.
19.07.2014 11:04:      В форме "Добавить сессию" было загружено клиент с карточкой.
19.07.2014 11:04:      Данные 52 в форме "Добавить сессию" были введены данные в поле "Оплачено".
19.07.2014 11:04:      Кнопка "Закрыть" в форме "Добавить сессию" была нажата.
19.07.2014 11:55:      кнопка "Добавить сессию" была нажата.
19.07.2014 11:55:      В форме "Добавить сессию" были загружены дефолтовые значения.
19.07.2014 11:55:      В форме "Добавить сессию" были загружены дефолтовые значения.
19.07.2014 11:55:      В форме "Добавить сессию" было загружено клиент с карточкой.
19.07.2014 11:55:      Данные 1 в форме "Добавить сессию"  в поле "Остаток минут" были введены.
19.07.2014 11:55:      Данные 79 в форме "Добавить сессию"  в поле "Оплачено" были введены.
19.07.2014 11:55:      Данные 0 в форме "Добавить сессию"  в поле "Остаток минут" были введены.
19.07.2014 11:55:      Данные 78 в форме "Добавить сессию"  в поле "Оплачено" были введены.
19.07.2014 11:55:      Данные 1 в форме "Добавить сессию"  в поле "Остаток минут" были введены.
19.07.2014 11:55:      Данные 79 в форме "Добавить сессию"  в поле "Оплачено" были введены.
19.07.2014 11:55:      Данные 2 в форме "Добавить сессию"  в поле "Остаток минут" были введены.
19.07.2014 11:55:      Данные 80 в форме "Добавить сессию"  в поле "Оплачено" были введены.
19.07.2014 11:55:      Данные 3 в форме "Добавить сессию"  в поле "Остаток минут" были введены.
19.07.2014 11:55:      Данные 82 в форме "Добавить сессию"  в поле "Оплачено" были введены.
19.07.2014 11:55:      Данные 4 в форме "Добавить сессию"  в поле "Остаток минут" были введены.
19.07.2014 11:55:      Данные 83 в форме "Добавить сессию"  в поле "Оплачено" были введены.
19.07.2014 11:55:      Данные 3 в форме "Добавить сессию"  в поле "Остаток минут" были введены.
19.07.2014 11:55:      Данные 82 в форме "Добавить сессию"  в поле "Оплачено" были введены.
19.07.2014 11:55:      Данные 2 в форме "Добавить сессию"  в поле "Остаток минут" были введены.
19.07.2014 11:55:      Данные 80 в форме "Добавить сессию"  в поле "Оплачено" были введены.
19.07.2014 11:55:      Данные 1 в форме "Добавить сессию"  в поле "Остаток минут" были введены.
19.07.2014 11:55:      Данные 79 в форме "Добавить сессию"  в поле "Оплачено" были введены.
19.07.2014 11:55:      В форме "Добавить сессию" в поле "Остаток часов" было введено 
19.07.2014 11:55:      Данные 30 в форме "Добавить сессию"  в поле "Остаток минут" были введены.
19.07.2014 11:55:      Данные 38 в форме "Добавить сессию"  в поле "Оплачено" были введены.
19.07.2014 11:55:      Данные 38 в форме "Добавить сессию"  в поле "Оплачено" были введены.
19.07.2014 11:55:      Данные 39 в форме "Добавить сессию" были введены данные в поле "Оплачено".
19.07.2014 11:55:      Данные 40 в форме "Добавить сессию" были введены данные в поле "Оплачено".
19.07.2014 11:55:      Данные 41 в форме "Добавить сессию" были введены данные в поле "Оплачено".
19.07.2014 11:55:      Данные 42 в форме "Добавить сессию" были введены данные в поле "Оплачено".
19.07.2014 11:55:      Данные 43 в форме "Добавить сессию" были введены данные в поле "Оплачено".
19.07.2014 11:55:      Данные 44 в форме "Добавить сессию" были введены данные в поле "Оплачено".
19.07.2014 11:55:      Данные 45 в форме "Добавить сессию" были введены данные в поле "Оплачено".
19.07.2014 11:55:      Кнопка "Закрыть" в форме "Добавить сессию" была нажата.
19.07.2014 11:55:      кнопка "Добавить сессию" была нажата.
19.07.2014 11:55:      В форме "Добавить сессию" были загружены дефолтовые значения.
19.07.2014 11:55:      В форме "Добавить сессию" были загружены дефолтовые значения.
19.07.2014 11:55:      В форме "Добавить сессию" было загружено клиент с карточкой.
19.07.2014 11:55:      Данные 78 в форме "Добавить сессию" были введены данные в поле "Оплачено".
19.07.2014 11:55:      Кнопка "Закрыть" в форме "Добавить сессию" была нажата.
19.07.2014 11:56:      кнопка "Добавить сессию" была нажата.
19.07.2014 11:56:      В форме "Добавить сессию" были загружены дефолтовые значения.
19.07.2014 11:56:      В форме "Добавить сессию" были загружены дефолтовые значения.
19.07.2014 11:56:      В форме "Добавить сессию" было загружено клиент с карточкой.
19.07.2014 11:56:      Кнопка "Закрыть" в форме "Добавить сессию" была нажата.
19.07.2014 11:56:      кнопка "Добавить сессию" была нажата.
19.07.2014 11:56:      В форме "Добавить сессию" были загружены дефолтовые значения.
19.07.2014 11:56:      В форме "Добавить сессию" были загружены дефолтовые значения.
19.07.2014 11:56:      В форме "Добавить сессию" было загружено клиент с карточкой.
19.07.2014 11:56:      Данные 79 в форме "Добавить сессию" были введены данные в поле "Оплачено".
19.07.2014 11:56:      Данные 78 в форме "Добавить сессию" были введены данные в поле "Оплачено".
19.07.2014 11:56:      Кнопка "Закрыть" в форме "Добавить сессию" была нажата.
19.07.2014 6:52:      кнопка "Добавить сессию" была нажата.
19.07.2014 6:52:      В форме "Добавить сессию" были загружены дефолтовые значения.
19.07.2014 6:52:      В форме "Добавить сессию" были загружены дефолтовые значения.
19.07.2014 6:52:      В форме "Добавить сессию" было загружено клиент с карточкой.
19.07.2014 6:52:      В форме "Добавить сессию" в поле "Остаток часов" было введено 
19.07.2014 6:52:      Данные 106 в форме "Добавить сессию"  в поле "Оплачено" были введены.
19.07.2014 6:52:      В форме "Добавить сессию" в поле "Остаток часов" было введено 
19.07.2014 6:52:      Данные 56 в форме "Добавить сессию"  в поле "Оплачено" были введены.
19.07.2014 6:52:      В форме "Добавить сессию" в поле "Остаток часов" было введено 
19.07.2014 6:52:      Данные 106 в форме "Добавить сессию"  в поле "Оплачено" были введены.
19.07.2014 6:52:      В форме "Добавить сессию" в поле "Остаток часов" было введено 
19.07.2014 6:52:      Данные 56 в форме "Добавить сессию"  в поле "Оплачено" были введены.
19.07.2014 6:52:      В форме "Добавить сессию" в поле "Остаток часов" было введено 
19.07.2014 6:52:      Данные 30 в форме "Добавить сессию"  в поле "Остаток минут" были введены.
19.07.2014 6:52:      Данные 31 в форме "Добавить сессию"  в поле "Оплачено" были введены.
19.07.2014 6:52:      Данные 31 в форме "Добавить сессию"  в поле "Оплачено" были введены.
19.07.2014 6:52:      В форме "Добавить сессию" в поле "Остаток часов" было введено 
19.07.2014 6:52:      Данные 81 в форме "Добавить сессию"  в поле "Оплачено" были введены.
19.07.2014 6:52:      Данные 0 в форме "Добавить сессию"  в поле "Остаток минут" были введены.
19.07.2014 6:52:      Данные 56 в форме "Добавить сессию"  в поле "Оплачено" были введены.
19.07.2014 6:52:      В форме "Добавить сессию" были загружены дефолтовые значения.
19.07.2014 6:52:      Данные 76 в форме "Добавить сессию" были введены данные в поле "Оплачено".
19.07.2014 6:52:      Данные 75 в форме "Добавить сессию" были введены данные в поле "Оплачено".
19.07.2014 6:52:      В форме "Добавить сессию" были загружены дефолтовые значения.
19.07.2014 6:52:      Данные 75 в форме "Добавить сессию" были введены данные в поле "Оплачено".
19.07.2014 6:54:      кнопка "Добавить сессию" была нажата.
19.07.2014 6:54:      В форме "Добавить сессию" были загружены дефолтовые значения.
19.07.2014 6:54:      В форме "Добавить сессию" были загружены дефолтовые значения.
19.07.2014 6:54:      В форме "Добавить сессию" было загружено клиент с карточкой.
19.07.2014 6:54:      В форме "Добавить сессию" были загружены дефолтовые значения.
19.07.2014 6:54:      Данные 75 в форме "Добавить сессию" были введены данные в поле "Оплачено".
19.07.2014 6:54:      Данные 74 в форме "Добавить сессию" были введены данные в поле "Оплачено".
19.07.2014 6:55:      Кнопка "Закрыть" в форме "Добавить сессию" была нажата.
19.07.2014 6:55:      кнопка "Добавить сессию" была нажата.
19.07.2014 6:55:      В форме "Добавить сессию" были загружены дефолтовые значения.
19.07.2014 6:55:      В форме "Добавить сессию" были загружены дефолтовые значения.
19.07.2014 6:55:      В форме "Добавить сессию" было загружено клиент с карточкой.
19.07.2014 6:55:      В форме "Добавить сессию" были загружены дефолтовые значения.
19.07.2014 6:56:      кнопка "Добавить сессию" была нажата.
19.07.2014 6:56:      В форме "Добавить сессию" были загружены дефолтовые значения.
19.07.2014 6:56:      В форме "Добавить сессию" были загружены дефолтовые значения.
19.07.2014 6:56:      В форме "Добавить сессию" было загружено клиент с карточкой.
19.07.2014 6:56:      В форме "Добавить сессию" были загружены дефолтовые значения.
19.07.2014 6:56:      Данные 74 в форме "Добавить сессию" были введены данные в поле "Оплачено".
19.07.2014 6:56:      Данные 73 в форме "Добавить сессию" были введены данные в поле "Оплачено".
19.07.2014 6:56:      Данные 72 в форме "Добавить сессию" были введены данные в поле "Оплачено".
19.07.2014 6:56:      Данные 71 в форме "Добавить сессию" были введены данные в поле "Оплачено".
19.07.2014 6:56:      Данные 70 в форме "Добавить сессию" были введены данные в поле "Оплачено".
19.07.2014 6:56:      Данные 71 в форме "Добавить сессию" были введены данные в поле "Оплачено".
19.07.2014 6:56:      Данные 72 в форме "Добавить сессию" были введены данные в поле "Оплачено".
19.07.2014 6:56:      Данные 73 в форме "Добавить сессию" были введены данные в поле "Оплачено".
19.07.2014 6:56:      Данные 74 в форме "Добавить сессию" были введены данные в поле "Оплачено".
19.07.2014 6:56:      Данные 75 в форме "Добавить сессию" были введены данные в поле "Оплачено".
19.07.2014 6:56:      Данные 76 в форме "Добавить сессию" были введены данные в поле "Оплачено".
19.07.2014 6:56:      Данные 77 в форме "Добавить сессию" были введены данные в поле "Оплачено".
19.07.2014 6:56:      Данные 78 в форме "Добавить сессию" были введены данные в поле "Оплачено".
19.07.2014 6:56:      Данные 79 в форме "Добавить сессию" были введены данные в поле "Оплачено".
19.07.2014 6:56:      В форме "Добавить сессию" в поле "Остаток часов" было введено 
19.07.2014 6:56:      Данные 128 в форме "Добавить сессию"  в поле "Оплачено" были введены.
19.07.2014 6:56:      Данные 0 в форме "Добавить сессию"  в поле "Остаток минут" были введены.
19.07.2014 6:56:      Данные 73 в форме "Добавить сессию"  в поле "Оплачено" были введены.
19.07.2014 6:56:      Данные 1 в форме "Добавить сессию"  в поле "Остаток минут" были введены.
19.07.2014 6:56:      Данные 74 в форме "Добавить сессию"  в поле "Оплачено" были введены.
19.07.2014 6:56:      Данные 2 в форме "Добавить сессию"  в поле "Остаток минут" были введены.
19.07.2014 6:56:      Данные 75 в форме "Добавить сессию"  в поле "Оплачено" были введены.
19.07.2014 6:56:      Данные 3 в форме "Добавить сессию"  в поле "Остаток минут" были введены.
19.07.2014 6:56:      Данные 76 в форме "Добавить сессию"  в поле "Оплачено" были введены.
19.07.2014 6:56:      Данные 4 в форме "Добавить сессию"  в поле "Остаток минут" были введены.
19.07.2014 6:56:      Данные 77 в форме "Добавить сессию"  в поле "Оплачено" были введены.
19.07.2014 6:56:      Данные 5 в форме "Добавить сессию"  в поле "Остаток минут" были введены.
19.07.2014 6:56:      Данные 79 в форме "Добавить сессию"  в поле "Оплачено" были введены.
19.07.2014 6:56:      Данные 6 в форме "Добавить сессию"  в поле "Остаток минут" были введены.
19.07.2014 6:56:      Данные 80 в форме "Добавить сессию"  в поле "Оплачено" были введены.
19.07.2014 6:56:      Данные 7 в форме "Добавить сессию"  в поле "Остаток минут" были введены.
19.07.2014 6:56:      Данные 81 в форме "Добавить сессию"  в поле "Оплачено" были введены.
19.07.2014 6:56:      Данные 8 в форме "Добавить сессию"  в поле "Остаток минут" были введены.
19.07.2014 6:56:      Данные 82 в форме "Добавить сессию"  в поле "Оплачено" были введены.
19.07.2014 6:56:      Данные 9 в форме "Добавить сессию"  в поле "Остаток минут" были введены.
19.07.2014 6:56:      Данные 83 в форме "Добавить сессию"  в поле "Оплачено" были введены.
19.07.2014 6:56:      Данные 10 в форме "Добавить сессию"  в поле "Остаток минут" были введены.
19.07.2014 6:56:      Данные 84 в форме "Добавить сессию"  в поле "Оплачено" были введены.
19.07.2014 6:56:      Данные 11 в форме "Добавить сессию"  в поле "Остаток минут" были введены.
19.07.2014 6:56:      Данные 86 в форме "Добавить сессию"  в поле "Оплачено" были введены.
19.07.2014 6:56:      Данные 12 в форме "Добавить сессию"  в поле "Остаток минут" были введены.
19.07.2014 6:56:      Данные 87 в форме "Добавить сессию"  в поле "Оплачено" были введены.
19.07.2014 6:56:      Данные 13 в форме "Добавить сессию"  в поле "Остаток минут" были введены.
19.07.2014 6:56:      Данные 88 в форме "Добавить сессию"  в поле "Оплачено" были введены.
19.07.2014 6:56:      Данные 14 в форме "Добавить сессию"  в поле "Остаток минут" были введены.
19.07.2014 6:56:      Данные 89 в форме "Добавить сессию"  в поле "Оплачено" были введены.
19.07.2014 6:56:      Данные 15 в форме "Добавить сессию"  в поле "Остаток минут" были введены.
19.07.2014 6:56:      Данные 90 в форме "Добавить сессию"  в поле "Оплачено" были введены.
19.07.2014 6:56:      Данные 16 в форме "Добавить сессию"  в поле "Остаток минут" были введены.
19.07.2014 6:56:      Данные 91 в форме "Добавить сессию"  в поле "Оплачено" были введены.
19.07.2014 6:56:      Данные 17 в форме "Добавить сессию"  в поле "Остаток минут" были введены.
19.07.2014 6:56:      Данные 93 в форме "Добавить сессию"  в поле "Оплачено" были введены.
19.07.2014 6:56:      Данные 18 в форме "Добавить сессию"  в поле "Остаток минут" были введены.
19.07.2014 6:56:      Данные 94 в форме "Добавить сессию"  в поле "Оплачено" были введены.
19.07.2014 6:56:      Данные 0 в форме "Добавить сессию"  в поле "Остаток минут" были введены.
19.07.2014 6:56:      Данные 73 в форме "Добавить сессию"  в поле "Оплачено" были введены.
19.07.2014 6:56:      Данные 73 в форме "Добавить сессию" были введены данные в поле "Оплачено".
19.07.2014 6:56:      Кнопка "Закрыть" в форме "Добавить сессию" была нажата.
19.07.2014 6:57:      кнопка "Добавить сессию" была нажата.
19.07.2014 6:57:      В форме "Добавить сессию" были загружены дефолтовые значения.
19.07.2014 6:57:      В форме "Добавить сессию" были загружены дефолтовые значения.
19.07.2014 6:57:      В форме "Добавить сессию" было загружено клиент с карточкой.
19.07.2014 6:57:      В форме "Добавить сессию" были загружены дефолтовые значения.
19.07.2014 6:57:      Данные 73 в форме "Добавить сессию" были введены данные в поле "Оплачено".
19.07.2014 6:58:      кнопка "Добавить сессию" была нажата.
19.07.2014 6:58:      В форме "Добавить сессию" были загружены дефолтовые значения.
19.07.2014 6:58:      В форме "Добавить сессию" были загружены дефолтовые значения.
19.07.2014 6:58:      В форме "Добавить сессию" было загружено клиент с карточкой.
19.07.2014 6:58:      В форме "Добавить сессию" были загружены дефолтовые значения.
19.07.2014 6:59:      кнопка "Добавить сессию" была нажата.
19.07.2014 6:59:      В форме "Добавить сессию" были загружены дефолтовые значения.
19.07.2014 6:59:      В форме "Добавить сессию" были загружены дефолтовые значения.
19.07.2014 6:59:      В форме "Добавить сессию" было загружено клиент с карточкой.
19.07.2014 6:59:      В форме "Добавить сессию" были загружены дефолтовые значения.
19.07.2014 6:59:      В форме "Добавить сессию" были загружены дефолтовые значения.
19.07.2014 6:59:      В форме "Добавить сессию" были загружены дефолтовые значения.
19.07.2014 6:59:      В форме "Добавить сессию" были загружены дефолтовые значения.
19.07.2014 6:59:      В форме "Добавить сессию" были загружены дефолтовые значения.
19.07.2014 6:59:      В форме "Добавить сессию" были загружены дефолтовые значения.
19.07.2014 6:59:      В форме "Добавить сессию" были загружены дефолтовые значения.
19.07.2014 6:59:      В форме "Добавить сессию" были загружены дефолтовые значения.
19.07.2014 6:59:      В форме "Добавить сессию" были загружены дефолтовые значения.
19.07.2014 6:59:      В форме "Добавить сессию" были загружены дефолтовые значения.
19.07.2014 6:59:      В форме "Добавить сессию" были загружены дефолтовые значения.
19.07.2014 6:59:      В форме "Добавить сессию" были загружены дефолтовые значения.
19.07.2014 6:59:      В форме "Добавить сессию" были загружены дефолтовые значения.
19.07.2014 6:59:      В форме "Добавить сессию" были загружены дефолтовые значения.
19.07.2014 6:59:      В форме "Добавить сессию" были загружены дефолтовые значения.
19.07.2014 6:59:      В форме "Добавить сессию" были загружены дефолтовые значения.
19.07.2014 6:59:      В форме "Добавить сессию" были загружены дефолтовые значения.
19.07.2014 6:59:      В форме "Добавить сессию" были загружены дефолтовые значения.
19.07.2014 6:59:      В форме "Добавить сессию" были загружены дефолтовые значения.
19.07.2014 6:59:      В форме "Добавить сессию" были загружены дефолтовые значения.
19.07.2014 6:59:      В форме "Добавить сессию" были загружены дефолтовые значения.
19.07.2014 6:59:      В форме "Добавить сессию" были загружены дефолтовые значения.
19.07.2014 6:59:      В форме "Добавить сессию" были загружены дефолтовые значения.
19.07.2014 6:59:      В форме "Добавить сессию" были загружены дефолтовые значения.
19.07.2014 6:59:      В форме "Добавить сессию" были загружены дефолтовые значения.
19.07.2014 6:59:      В форме "Добавить сессию" были загружены дефолтовые значения.
19.07.2014 6:59:      В форме "Добавить сессию" были загружены дефолтовые значения.
19.07.2014 6:59:      В форме "Добавить сессию" были загружены дефолтовые значения.
19.07.2014 6:59:      В форме "Добавить сессию" были загружены дефолтовые значения.
19.07.2014 6:59:      В форме "Добавить сессию" были загружены дефолтовые значения.
19.07.2014 6:59:      В форме "Добавить сессию" были загружены дефолтовые значения.
19.07.2014 6:59:      В форме "Добавить сессию" были загружены дефолтовые значения.
19.07.2014 6:59:      В форме "Добавить сессию" были загружены дефолтовые значения.
19.07.2014 6:59:      В форме "Добавить сессию" были загружены дефолтовые значения.
19.07.2014 6:59:      В форме "Добавить сессию" были загружены дефолтовые значения.
19.07.2014 6:59:      В форме "Добавить сессию" были загружены дефолтовые значения.
19.07.2014 6:59:      В форме "Добавить сессию" были загружены дефолтовые значения.
19.07.2014 6:59:      В форме "Добавить сессию" были загружены дефолтовые значения.
19.07.2014 6:59:      В форме "Добавить сессию" были загружены дефолтовые значения.
19.07.2014 6:59:      В форме "Добавить сессию" были загружены дефолтовые значения.
19.07.2014 6:59:      В форме "Добавить сессию" были загружены дефолтовые значения.
19.07.2014 6:59:      В форме "Добавить сессию" были загружены дефолтовые значения.
19.07.2014 6:59:      В форме "Добавить сессию" были загружены дефолтовые значения.
19.07.2014 6:59:      В форме "Добавить сессию" были загружены дефолтовые значения.
19.07.2014 6:59:      В форме "Добавить сессию" были загружены дефолтовые значения.
19.07.2014 6:59:      В форме "Добавить сессию" были загружены дефолтовые значения.
19.07.2014 6:59:      В форме "Добавить сессию" были загружены дефолтовые значения.
19.07.2014 6:59:      В форме "Добавить сессию" были загружены дефолтовые значения.
19.07.2014 6:59:      В форме "Добавить сессию" были загружены дефолтовые значения.
19.07.2014 6:59:      В форме "Добавить сессию" были загружены дефолтовые значения.
19.07.2014 6:59:      В форме "Добавить сессию" были загружены дефолтовые значения.
19.07.2014 6:55:      кнопка "Добавить сессию" была нажата.
19.07.2014 6:55:      В форме "Добавить сессию" были загружены дефолтовые значения.
19.07.2014 6:55:      В форме "Добавить сессию" были загружены дефолтовые значения.
19.07.2014 6:55:      В форме "Добавить сессию" было загружено клиент с карточкой.
19.07.2014 6:55:      В форме "Добавить сессию" были загружены дефолтовые значения.
19.07.2014 6:57:      Данные 74 в форме "Добавить сессию" были введены данные в поле "Оплачено".
19.07.2014 6:57:      Данные 0 в форме "Добавить сессию"  в поле "Остаток минут" были введены.
19.07.2014 6:57:      Данные 72 в форме "Добавить сессию"  в поле "Оплачено" были введены.
19.07.2014 6:57:      Данные 73 в форме "Добавить сессию" были введены данные в поле "Оплачено".
19.07.2014 6:57:      Данные 73 в форме "Добавить сессию" были введены данные в поле "Оплачено".
19.07.2014 6:58:      Кнопка "Закрыть" в форме "Добавить сессию" была нажата.
19.07.2014 6:58:      кнопка "Добавить сессию" была нажата.
19.07.2014 6:58:      В форме "Добавить сессию" были загружены дефолтовые значения.
19.07.2014 6:58:      В форме "Добавить сессию" были загружены дефолтовые значения.
19.07.2014 6:58:      В форме "Добавить сессию" было загружено клиент с карточкой.
19.07.2014 6:58:      Данные 53 в форме "Добавить сессию" были введены данные в поле "Оплачено".
19.07.2014 6:58:      Данные 52 в форме "Добавить сессию" были введены данные в поле "Оплачено".
19.07.2014 6:58:      В форме "Добавить сессию" были загружены дефолтовые значения.
19.07.2014 6:58:      Данные 73 в форме "Добавить сессию" были введены данные в поле "Оплачено".
19.07.2014 6:58:      Данные 72 в форме "Добавить сессию" были введены данные в поле "Оплачено".
19.07.2014 6:58:      Данные 73 в форме "Добавить сессию" были введены данные в поле "Оплачено".
19.07.2014 6:58:      Данные 72 в форме "Добавить сессию" были введены данные в поле "Оплачено".
19.07.2014 6:58:      Данные 71 в форме "Добавить сессию" были введены данные в поле "Оплачено".
19.07.2014 6:58:      Данные 72 в форме "Добавить сессию" были введены данные в поле "Оплачено".
19.07.2014 6:58:      Кнопка "Закрыть" в форме "Добавить сессию" была нажата.
19.07.2014 6:58:      кнопка "Добавить сессию" была нажата.
19.07.2014 6:58:      В форме "Добавить сессию" были загружены дефолтовые значения.
19.07.2014 6:58:      В форме "Добавить сессию" были загружены дефолтовые значения.
19.07.2014 6:58:      В форме "Добавить сессию" было загружено клиент с карточкой.
19.07.2014 6:58:      Данные 52 в форме "Добавить сессию" были введены данные в поле "Оплачено".
19.07.2014 6:58:      В форме "Добавить сессию" были загружены дефолтовые значения.
19.07.2014 6:58:      Данные 72 в форме "Добавить сессию" были введены данные в поле "Оплачено".
19.07.2014 6:58:      В форме "Добавить сессию" были загружены дефолтовые значения.
19.07.2014 6:58:      Данные 72 в форме "Добавить сессию" были введены данные в поле "Оплачено".
19.07.2014 6:54:      Кнопка "Закрыть" в форме "Добавить сессию" была нажата.
19.07.2014 6:54:      кнопка "Добавить сессию" была нажата.
19.07.2014 6:54:      В форме "Добавить сессию" были загружены дефолтовые значения.
19.07.2014 6:54:      В форме "Добавить сессию" были загружены дефолтовые значения.
19.07.2014 6:54:      В форме "Добавить сессию" было загружено клиент с карточкой.
19.07.2014 6:54:      В форме "Добавить сессию" были загружены дефолтовые значения.
19.07.2014 6:54:      Данные 75 в форме "Добавить сессию" были введены данные в поле "Оплачено".
19.07.2014 6:54:      Данные 74 в форме "Добавить сессию" были введены данные в поле "Оплачено".
19.07.2014 6:54:      Данные 75 в форме "Добавить сессию" были введены данные в поле "Оплачено".
19.07.2014 6:54:      Данные 76 в форме "Добавить сессию" были введены данные в поле "Оплачено".
19.07.2014 6:54:      Данные 77 в форме "Добавить сессию" были введены данные в поле "Оплачено".
19.07.2014 6:54:      Данные 76 в форме "Добавить сессию" были введены данные в поле "Оплачено".
19.07.2014 6:54:      Данные 75 в форме "Добавить сессию" были введены данные в поле "Оплачено".
19.07.2014 6:54:      Данные 75 в форме "Добавить сессию" были введены данные в поле "Оплачено".
19.07.2014 6:55:      Кнопка "Закрыть" в форме "Добавить сессию" была нажата.
19.07.2014 6:55:      кнопка "Добавить сессию" была нажата.
19.07.2014 6:55:      В форме "Добавить сессию" были загружены дефолтовые значения.
19.07.2014 6:55:      В форме "Добавить сессию" были загружены дефолтовые значения.
19.07.2014 6:55:      В форме "Добавить сессию" было загружено клиент с карточкой.
19.07.2014 6:55:      Данные 54 в форме "Добавить сессию" были введены данные в поле "Оплачено".
19.07.2014 6:55:      В форме "Добавить сессию" были загружены дефолтовые значения.
19.07.2014 6:55:      Данные 73 в форме "Добавить сессию" были введены данные в поле "Оплачено".
19.07.2014 6:55:      Кнопка "Закрыть" в форме "Добавить сессию" была нажата.
19.07.2014 6:58:      кнопка "Добавить сессию" была нажата.
19.07.2014 6:58:      В форме "Добавить сессию" были загружены дефолтовые значения.
19.07.2014 6:58:      В форме "Добавить сессию" были загружены дефолтовые значения.
19.07.2014 6:58:      В форме "Добавить сессию" было загружено клиент с карточкой.
19.07.2014 6:58:      В форме "Добавить сессию" были загружены дефолтовые значения.
19.07.2014 6:58:      Данные 72 в форме "Добавить сессию" были введены данные в поле "Оплачено".
19.07.2014 6:59:      кнопка "Добавить сессию" была нажата.
19.07.2014 6:59:      В форме "Добавить сессию" были загружены дефолтовые значения.
19.07.2014 6:59:      В форме "Добавить сессию" были загружены дефолтовые значения.
19.07.2014 6:59:      В форме "Добавить сессию" было загружено клиент с карточкой.
19.07.2014 6:59:      В форме "Добавить сессию" были загружены дефолтовые значения.
19.07.2014 7:00:      кнопка "Добавить сессию" была нажата.
19.07.2014 7:00:      В форме "Добавить сессию" были загружены дефолтовые значения.
19.07.2014 7:00:      В форме "Добавить сессию" были загружены дефолтовые значения.
19.07.2014 7:00:      В форме "Добавить сессию" было загружено клиент с карточкой.
19.07.2014 7:00:      Данные 51 в форме "Добавить сессию" были введены данные в поле "Оплачено".
19.07.2014 7:00:      Данные 52 в форме "Добавить сессию" были введены данные в поле "Оплачено".
19.07.2014 7:00:      Данные 53 в форме "Добавить сессию" были введены данные в поле "Оплачено".
19.07.2014 7:00:      Данные 52 в форме "Добавить сессию" были введены данные в поле "Оплачено".
19.07.2014 7:00:      Данные 51 в форме "Добавить сессию" были введены данные в поле "Оплачено".
19.07.2014 7:00:      Данные 50 в форме "Добавить сессию" были введены данные в поле "Оплачено".
19.07.2014 7:00:      Данные 49 в форме "Добавить сессию" были введены данные в поле "Оплачено".
19.07.2014 7:00:      Данные 50 в форме "Добавить сессию" были введены данные в поле "Оплачено".
19.07.2014 7:00:      В форме "Добавить сессию" были загружены дефолтовые значения.
19.07.2014 7:00:      В форме "Добавить сессию" были загружены дефолтовые значения.
19.07.2014 7:00:      В форме "Добавить сессию" были загружены дефолтовые значения.
19.07.2014 7:00:      В форме "Добавить сессию" были загружены дефолтовые значения.
19.07.2014 7:00:      В форме "Добавить сессию" были загружены дефолтовые значения.
19.07.2014 7:00:      В форме "Добавить сессию" были загружены дефолтовые значения.
19.07.2014 7:00:      В форме "Добавить сессию" были загружены дефолтовые значения.
19.07.2014 7:00:      В форме "Добавить сессию" были загружены дефолтовые значения.
19.07.2014 7:00:      В форме "Добавить сессию" были загружены дефолтовые значения.
19.07.2014 7:00:      В форме "Добавить сессию" были загружены дефолтовые значения.
19.07.2014 7:00:      В форме "Добавить сессию" были загружены дефолтовые значения.
19.07.2014 7:00:      В форме "Добавить сессию" были загружены дефолтовые значения.
19.07.2014 7:00:      В форме "Добавить сессию" были загружены дефолтовые значения.
19.07.2014 7:00:      Данные 71 в форме "Добавить сессию" были введены данные в поле "Оплачено".
19.07.2014 7:00:      Данные 72 в форме "Добавить сессию" были введены данные в поле "Оплачено".
19.07.2014 7:00:      Данные 73 в форме "Добавить сессию" были введены данные в поле "Оплачено".
19.07.2014 7:00:      Данные 74 в форме "Добавить сессию" были введены данные в поле "Оплачено".
19.07.2014 7:00:      Данные 75 в форме "Добавить сессию" были введены данные в поле "Оплачено".
19.07.2014 7:00:      Данные 74 в форме "Добавить сессию" были введены данные в поле "Оплачено".
19.07.2014 7:00:      Данные 73 в форме "Добавить сессию" были введены данные в поле "Оплачено".
19.07.2014 7:00:      Кнопка "Закрыть" в форме "Добавить сессию" была нажата.
19.07.2014 11:23:      кнопка "Добавить сессию" была нажата.
19.07.2014 11:23:      В форме "Добавить сессию" были загружены дефолтовые значения.
19.07.2014 11:23:      В форме "Добавить сессию" были загружены дефолтовые значения.
19.07.2014 11:23:      В форме "Добавить сессию" было загружено клиент с карточкой.
19.07.2014 11:23:      В форме "Добавить сессию" были загружены дефолтовые значения.
19.07.2014 11:23:      Данные 78 в форме "Добавить сессию" были введены данные в поле "Оплачено".
19.07.2014 11:23:      Кнопка "Закрыть" в форме "Добавить сессию" была нажата.
19.07.2014 12:35:      Кнопка последние 10 сессий была нажата!
19.07.2014 12:35:      Кнопка последние 10 сессий была нажата!
19.07.2014 12:36:      Кнопка последние 10 сессий была нажата!
19.07.2014 12:37:      Кнопка последние 10 сессий была нажата!
19.07.2014 12:38:      Кнопка последние 10 сессий была нажата!
19.07.2014 12:40:      Кнопка последние 10 сессий была нажата!
19.07.2014 12:42:      Кнопка последние 10 сессий была нажата!
19.07.2014 12:43:      Кнопка последние 10 сессий была нажата!
19.07.2014 12:44:      кнопка "Добавить сессию" была нажата.
19.07.2014 12:44:      В форме "Добавить сессию" были загружены дефолтовые значения.
19.07.2014 12:44:      В форме "Добавить сессию" были загружены дефолтовые значения.
19.07.2014 12:44:      В форме "Добавить сессию" было загружено клиент с карточкой.
19.07.2014 12:44:      В форме "Добавить сессию" были загружены дефолтовые значения.
19.07.2014 12:44:      Данные 80 в форме "Добавить сессию" были введены данные в поле "Оплачено".
19.07.2014 12:44:      В форме "Добавить сессию" были введены данные в поле Оплачено = 80 сом. Оплаченное время = 01:00:00, на приставку 5, с Карточкой 0
19.07.2014 12:45:      Кнопка последние 10 сессий была нажата!
19.07.2014 12:46:      Кнопка последние 10 сессий была нажата!
19.07.2014 12:47:      Кнопка последние 10 сессий была нажата!
19.07.2014 12:48:      кнопка "Добавить сессию" была нажата.
19.07.2014 12:48:      В форме "Добавить сессию" были загружены дефолтовые значения.
19.07.2014 12:48:      В форме "Добавить сессию" были загружены дефолтовые значения.
19.07.2014 12:48:      В форме "Добавить сессию" было загружено клиент с карточкой.
19.07.2014 12:48:      Данные 80 в форме "Добавить сессию" были введены данные в поле "Оплачено".
19.07.2014 12:48:      В форме "Добавить сессию" были введены данные в поле Оплачено = 80 сом. Оплаченное время = 01:00:00, на приставку 1, с Карточкой 0
19.07.2014 13:40:      Кнопка последние 10 сессий была нажата!
19.07.2014 13:40:      Кнопка последние 10 сессий была нажата!
19.07.2014 16:56:      кнопка "Добавить сессию" была нажата.
19.07.2014 16:56:      В форме "Добавить сессию" были загружены дефолтовые значения.
19.07.2014 16:56:      В форме "Добавить сессию" были загружены дефолтовые значения.
19.07.2014 16:56:      В форме "Добавить сессию" было загружено клиент с карточкой.
19.07.2014 16:56:      В форме "Добавить сессию" были загружены дефолтовые значения.
19.07.2014 16:56:      В форме "Добавить сессию" были загружены дефолтовые значения.
19.07.2014 16:56:      Данные 80 в форме "Добавить сессию" были введены данные в поле "Оплачено".
19.07.2014 16:56:      В форме "Добавить сессию" были введены данные в поле Оплачено = 80 сом. Оплаченное время = 01:00:00, на приставку 3, с Карточкой 0
19.07.2014 16:57:      кнопка "Смена приставки" была нажата.
19.07.2014 17:04:      кнопка "Закрыть сессию" была нажата.
19.07.2014 17:15:      кнопка "Бар" была нажата.
19.07.2014 17:15:      кнопка "Продать товар" была нажата.
19.07.2014 17:15:      В форме "Продать товар" была нажата кнопка Продать с введеными данными: Товар Сникерс бол в количестве 1шт. был успешно занесен в список проданных товаров!
19.07.2014 17:15:      В форме "Продать товар" была нажата кнопка Продать с введеными данными: Товар Вода 1 л в количестве 1шт. был успешно занесен в список проданных товаров!
19.07.2014 17:15:      В форме "Продать товар" была нажата кнопка Продать с введеными данными: Товар Сандвичи в количестве 1шт. был успешно занесен в список проданных товаров!
19.07.2014 17:15:      кнопка "Бар" была нажата.
19.07.2014 17:20:      кнопка "Добавить сессию" была нажата.
19.07.2014 17:20:      В форме "Добавить сессию" были загружены дефолтовые значения.
19.07.2014 17:20:      В форме "Добавить сессию" были загружены дефолтовые значения.
19.07.2014 17:20:      В форме "Добавить сессию" было загружено клиент с карточкой.
19.07.2014 17:20:      В форме "Добавить сессию" в поле "Остаток часов" было введено 
19.07.2014 17:20:      Данные 164 в форме "Добавить сессию"  в поле "Оплачено" были введены.
19.07.2014 17:20:      В форме "Добавить сессию" в поле "Остаток часов" было введено 
19.07.2014 17:20:      Данные 254 в форме "Добавить сессию"  в поле "Оплачено" были введены.
19.07.2014 17:20:      Данные 254 в форме "Добавить сессию" были введены данные в поле "Оплачено".
19.07.2014 17:20:      В форме "Добавить сессию" были загружены дефолтовые значения.
19.07.2014 17:20:      В форме "Добавить сессию" в поле "Остаток часов" было введено 
19.07.2014 17:20:      Данные 164 в форме "Добавить сессию"  в поле "Оплачено" были введены.
19.07.2014 17:20:      В форме "Добавить сессию" в поле "Остаток часов" было введено 
19.07.2014 17:20:      Данные 254 в форме "Добавить сессию"  в поле "Оплачено" были введены.
19.07.2014 17:20:      Данные 254 в форме "Добавить сессию" были введены данные в поле "Оплачено".
19.07.2014 17:21:      В форме "Добавить сессию" были введены данные в поле Оплачено = 254 сом. Оплаченное время = 03:00:00, на приставку 4, с Карточкой 0
19.07.2014 17:30:      кнопка "Закрыть сессию" была нажата.
19.07.2014 17:31:      кнопка "Скрытая кнопка" была нажата.
19.07.2014 17:32:      кнопка "Скрытая кнопка" была нажата.
19.07.2014 17:32:      кнопка "Добавить сессию" была нажата.
19.07.2014 17:32:      В форме "Добавить сессию" были загружены дефолтовые значения.
19.07.2014 17:32:      В форме "Добавить сессию" были загружены дефолтовые значения.
19.07.2014 17:32:      В форме "Добавить сессию" было загружено клиент с карточкой.
19.07.2014 17:32:      В форме "Добавить сессию" были загружены дефолтовые значения.
19.07.2014 17:32:      Данные 120 в форме "Добавить сессию" были введены данные в поле "Оплачено".
19.07.2014 17:32:      В форме "Добавить сессию" были введены данные в поле Оплачено = 120 сом. Оплаченное время = 01:00:00, на приставку PS4, с Карточкой 0
19.07.2014 17:33:      кнопка "Продать товар" была нажата.
19.07.2014 17:33:      В форме "Продать товар" была нажата кнопка Продать с введеными данными: Товар Спрайт 0,5л в количестве 1шт. был успешно занесен в список проданных товаров!
19.07.2014 17:46:      кнопка "Продать товар" была нажата.
19.07.2014 17:46:      В форме "Продать товар" была нажата кнопка Продать с введеными данными: Товар Кола 1л в количестве 1шт. был успешно занесен в список проданных товаров!
19.07.2014 17:46:      В форме "Продать товар" была нажата кнопка Продать с введеными данными: Товар Сандвичи в количестве 3шт. был успешно занесен в список проданных товаров!
