New file created: 29.08.2014 13:26:49
Author: Kim Viacheslav

кнопка "Скрытая кнопка" была нажата.
29.08.2014 13:41:      кнопка "Ревизия" была нажата.
29.08.2014 13:42:      кнопка "Скрытая кнопка" была нажата.
29.08.2014 14:01:      кнопка "Ревизия" была нажата.
29.08.2014 14:01:      кнопка "Скрытая кнопка" была нажата.
29.08.2014 14:02:      кнопка "Затраты" была нажата.
29.08.2014 14:02:      кнопка "Продать товар" была нажата.
29.08.2014 14:02:      В форме "Продать товар" была нажата кнопка Продать с введеными данными: Товар Чипсы Средние в количестве 1шт. был успешно занесен в список проданных товаров!
29.08.2014 14:02:      кнопка "Продать товар" была нажата.
29.08.2014 14:03:      В форме "Продать товар" была нажата кнопка Продать с введеными данными: Товар Хрустим в количестве 1шт. был успешно занесен в список проданных товаров!
29.08.2014 14:03:      кнопка "Добавить сессию" была нажата.
29.08.2014 14:03:      В форме "Добавить сессию" были загружены дефолтовые значения.
29.08.2014 14:03:      В форме "Добавить сессию" были загружены дефолтовые значения.
29.08.2014 14:03:      В форме "Добавить сессию" было загружено клиент с карточкой.
29.08.2014 14:04:      В форме "Добавить сессию" были загружены дефолтовые значения.
29.08.2014 14:04:      Данные 80 в форме "Добавить сессию" были введены данные в поле "Оплачено".
29.08.2014 14:04:      В форме "Добавить сессию" были введены данные в поле Оплачено = 80 сом. Оплаченное время = 01:00:00, на приставку 2, с Карточкой 0
29.08.2014 14:08:      кнопка "Ревизия" была нажата.
29.08.2014 14:26:      кнопка "Скрытая кнопка" была нажата.
29.08.2014 14:29:      кнопка "Скрытая кнопка" была нажата.
29.08.2014 14:30:      кнопка "Ревизия" была нажата.
29.08.2014 14:33:      кнопка "Ревизия" была нажата.
29.08.2014 14:33:      кнопка "Продать товар" была нажата.
29.08.2014 14:33:      кнопка "Скрытая кнопка" была нажата.
29.08.2014 14:35:      кнопка "Скрытая кнопка" была нажата.
29.08.2014 14:37:      кнопка "Продать товар" была нажата.
29.08.2014 14:37:      В форме "Продать товар" была нажата кнопка Продать с введеными данными: Товар Фанта 0,5л в количестве 1шт. был успешно занесен в список проданных товаров!
29.08.2014 14:37:      кнопка "Добавить сессию" была нажата.
29.08.2014 14:37:      В форме "Добавить сессию" были загружены дефолтовые значения.
29.08.2014 14:37:      В форме "Добавить сессию" были загружены дефолтовые значения.
29.08.2014 14:37:      В форме "Добавить сессию" было загружено клиент с карточкой.
29.08.2014 14:37:      В форме "Добавить сессию" были загружены дефолтовые значения.
29.08.2014 14:37:      Данные 160 в форме "Добавить сессию" были введены данные в поле "Оплачено".
29.08.2014 14:37:      В форме "Добавить сессию" были введены данные в поле Оплачено = 160 сом. Оплаченное время = 01:00:00, на приставку 9, с Карточкой 0
29.08.2014 14:37:      кнопка "Скрытая кнопка" была нажата.
29.08.2014 14:39:      кнопка "Скрытая кнопка" была нажата.
29.08.2014 14:43:      кнопка "Добавить сессию" была нажата.
29.08.2014 14:43:      В форме "Добавить сессию" были загружены дефолтовые значения.
29.08.2014 14:43:      В форме "Добавить сессию" были загружены дефолтовые значения.
29.08.2014 14:43:      В форме "Добавить сессию" было загружено клиент с карточкой.
29.08.2014 14:43:      В форме "Добавить сессию" были загружены дефолтовые значения.
29.08.2014 14:43:      Данные 80 в форме "Добавить сессию" были введены данные в поле "Оплачено".
29.08.2014 14:43:      В форме "Добавить сессию" были введены данные в поле Оплачено = 80 сом. Оплаченное время = 01:00:00, на приставку 5, с Карточкой 0
29.08.2014 14:43:      кнопка "Ревизия" была нажата.
29.08.2014 14:44:      кнопка "Ревизия" была нажата.
29.08.2014 14:49:      кнопка "Ревизия" была нажата.
29.08.2014 14:50:      кнопка "Скрытая кнопка" была нажата.
