New file created: 26.09.2014 13:14:15
Author: Kim Viacheslav

кнопка "Добавить сессию" была нажата.
26.09.2014 13:14:      В форме "Добавить сессию" были загружены дефолтовые значения.
26.09.2014 13:14:      В форме "Добавить сессию" были загружены дефолтовые значения.
26.09.2014 13:14:      В форме "Добавить сессию" было загружено клиент с карточкой.
26.09.2014 13:14:      В форме "Добавить сессию" были загружены дефолтовые значения.
26.09.2014 13:14:      Данные 90 в форме "Добавить сессию" были введены данные в поле "Оплачено".
26.09.2014 13:14:      В форме "Добавить сессию" были введены данные в поле Оплачено = 90 сом. Оплаченное время = 01:00:00, на приставку 5, с Карточкой 0
26.09.2014 13:14:      кнопка "Закрыть сессию" была нажата.
26.09.2014 13:14:      кнопка "Добавить сессию" была нажата.
26.09.2014 13:14:      В форме "Добавить сессию" были загружены дефолтовые значения.
26.09.2014 13:14:      В форме "Добавить сессию" были загружены дефолтовые значения.
26.09.2014 13:14:      В форме "Добавить сессию" было загружено клиент с карточкой.
26.09.2014 13:14:      В форме "Добавить сессию" были загружены дефолтовые значения.
26.09.2014 13:14:      Данные 90 в форме "Добавить сессию" были введены данные в поле "Оплачено".
26.09.2014 13:14:      В форме "Добавить сессию" были введены данные в поле Оплачено = 90 сом. Оплаченное время = 01:00:00, на приставку 5, с Карточкой 0
26.09.2014 13:14:      кнопка "Закрыть сессию" была нажата.
26.09.2014 13:15:      кнопка "Добавить сессию" была нажата.
26.09.2014 13:15:      В форме "Добавить сессию" были загружены дефолтовые значения.
26.09.2014 13:15:      В форме "Добавить сессию" были загружены дефолтовые значения.
26.09.2014 13:15:      В форме "Добавить сессию" было загружено клиент с карточкой.
26.09.2014 13:15:      В форме "Добавить сессию" были загружены дефолтовые значения.
26.09.2014 13:15:      В форме "Добавить сессию" в поле "Остаток часов" было введено 
26.09.2014 13:15:      Данные 180 в форме "Добавить сессию"  в поле "Оплачено" были введены.
26.09.2014 13:15:      Данные 180 в форме "Добавить сессию" были введены данные в поле "Оплачено".
26.09.2014 13:16:      В форме "Добавить сессию" были введены данные в поле Оплачено = 180 сом. Оплаченное время = 02:00:00, на приставку 5, с Карточкой 0
26.09.2014 13:16:      кнопка "Закрыть сессию" была нажата.
26.09.2014 13:16:      кнопка "Добавить сессию" была нажата.
26.09.2014 13:16:      В форме "Добавить сессию" были загружены дефолтовые значения.
26.09.2014 13:16:      В форме "Добавить сессию" были загружены дефолтовые значения.
26.09.2014 13:16:      В форме "Добавить сессию" было загружено клиент с карточкой.
26.09.2014 13:16:      В форме "Добавить сессию" были загружены дефолтовые значения.
26.09.2014 13:16:      Данные 90 в форме "Добавить сессию" были введены данные в поле "Оплачено".
26.09.2014 13:16:      В форме "Добавить сессию" были введены данные в поле Оплачено = 90 сом. Оплаченное время = 01:00:00, на приставку 5, с Карточкой 0
26.09.2014 13:16:      кнопка "Закрыть сессию" была нажата.
26.09.2014 13:17:      кнопка "Добавить сессию" была нажата.
26.09.2014 13:17:      В форме "Добавить сессию" были загружены дефолтовые значения.
26.09.2014 13:17:      В форме "Добавить сессию" были загружены дефолтовые значения.
26.09.2014 13:17:      В форме "Добавить сессию" было загружено клиент с карточкой.
26.09.2014 13:17:      В форме "Добавить сессию" были загружены дефолтовые значения.
26.09.2014 13:17:      Данные 90 в форме "Добавить сессию" были введены данные в поле "Оплачено".
26.09.2014 13:17:      В форме "Добавить сессию" были введены данные в поле Оплачено = 90 сом. Оплаченное время = 01:00:00, на приставку 5, с Карточкой 0
26.09.2014 13:17:      кнопка "Закрыть сессию" была нажата.
26.09.2014 13:17:      кнопка "Добавить сессию" была нажата.
26.09.2014 13:17:      В форме "Добавить сессию" были загружены дефолтовые значения.
26.09.2014 13:17:      В форме "Добавить сессию" были загружены дефолтовые значения.
26.09.2014 13:17:      В форме "Добавить сессию" было загружено клиент с карточкой.
26.09.2014 13:17:      В форме "Добавить сессию" были загружены дефолтовые значения.
26.09.2014 13:17:      Данные 90 в форме "Добавить сессию" были введены данные в поле "Оплачено".
26.09.2014 13:17:      В форме "Добавить сессию" были введены данные в поле Оплачено = 90 сом. Оплаченное время = 01:00:00, на приставку 5, с Карточкой 0
26.09.2014 13:17:      кнопка "Закрыть сессию" была нажата.
26.09.2014 13:17:      кнопка "Добавить сессию" была нажата.
26.09.2014 13:17:      В форме "Добавить сессию" были загружены дефолтовые значения.
26.09.2014 13:17:      В форме "Добавить сессию" были загружены дефолтовые значения.
26.09.2014 13:17:      В форме "Добавить сессию" было загружено клиент с карточкой.
26.09.2014 13:17:      В форме "Добавить сессию" были загружены дефолтовые значения.
26.09.2014 13:17:      Данные 90 в форме "Добавить сессию" были введены данные в поле "Оплачено".
26.09.2014 13:17:      В форме "Добавить сессию" были введены данные в поле Оплачено = 90 сом. Оплаченное время = 01:00:00, на приставку 5, с Карточкой 0
26.09.2014 13:17:      кнопка "Закрыть сессию" была нажата.
26.09.2014 13:17:      кнопка "Добавить сессию" была нажата.
26.09.2014 13:17:      В форме "Добавить сессию" были загружены дефолтовые значения.
26.09.2014 13:17:      В форме "Добавить сессию" были загружены дефолтовые значения.
26.09.2014 13:17:      В форме "Добавить сессию" было загружено клиент с карточкой.
26.09.2014 13:17:      В форме "Добавить сессию" были загружены дефолтовые значения.
26.09.2014 13:17:      Данные 90 в форме "Добавить сессию" были введены данные в поле "Оплачено".
26.09.2014 13:17:      В форме "Добавить сессию" были введены данные в поле Оплачено = 90 сом. Оплаченное время = 01:00:00, на приставку 5, с Карточкой 0
26.09.2014 13:17:      кнопка "Закрыть сессию" была нажата.
26.09.2014 13:18:      кнопка "Добавить сессию" была нажата.
26.09.2014 13:18:      В форме "Добавить сессию" были загружены дефолтовые значения.
26.09.2014 13:18:      В форме "Добавить сессию" были загружены дефолтовые значения.
26.09.2014 13:18:      В форме "Добавить сессию" было загружено клиент с карточкой.
26.09.2014 13:18:      В форме "Добавить сессию" были загружены дефолтовые значения.
26.09.2014 13:18:      Данные 90 в форме "Добавить сессию" были введены данные в поле "Оплачено".
26.09.2014 13:18:      В форме "Добавить сессию" были введены данные в поле Оплачено = 90 сом. Оплаченное время = 01:00:00, на приставку 5, с Карточкой 0
26.09.2014 13:18:      кнопка "Закрыть сессию" была нажата.
26.09.2014 13:18:      кнопка "Добавить сессию" была нажата.
26.09.2014 13:18:      В форме "Добавить сессию" были загружены дефолтовые значения.
26.09.2014 13:18:      В форме "Добавить сессию" были загружены дефолтовые значения.
26.09.2014 13:18:      В форме "Добавить сессию" было загружено клиент с карточкой.
26.09.2014 13:18:      В форме "Добавить сессию" были загружены дефолтовые значения.
26.09.2014 13:18:      Данные 90 в форме "Добавить сессию" были введены данные в поле "Оплачено".
26.09.2014 13:18:      В форме "Добавить сессию" были введены данные в поле Оплачено = 90 сом. Оплаченное время = 01:00:00, на приставку 5, с Карточкой 0
26.09.2014 13:18:      кнопка "Закрыть сессию" была нажата.
26.09.2014 13:20:      кнопка "Закрыть сессию" была нажата.
26.09.2014 13:20:      В форме "Закрыть" была нажата кнопка "Клиент ушел раньше времени" 
26.09.2014 13:20:      кнопка "Закрыть сессию" была нажата.
26.09.2014 13:20:      В форме "Закрыть" была нажата кнопка "Клиент ушел раньше времени" 
26.09.2014 13:21:      кнопка "Добавить сессию" была нажата.
26.09.2014 13:21:      В форме "Добавить сессию" были загружены дефолтовые значения.
26.09.2014 13:21:      В форме "Добавить сессию" были загружены дефолтовые значения.
26.09.2014 13:21:      В форме "Добавить сессию" было загружено клиент с карточкой.
26.09.2014 13:21:      В форме "Добавить сессию" были загружены дефолтовые значения.
26.09.2014 13:21:      Данные 70 в форме "Добавить сессию" были введены данные в поле "Оплачено".
26.09.2014 13:21:      Данные 70 в форме "Добавить сессию" были введены данные в поле "Оплачено".
26.09.2014 13:21:      В форме "Добавить сессию" были введены данные в поле Оплачено = 70 сом. Оплаченное время = 00:46:00, на приставку 2, с Карточкой 0
26.09.2014 13:21:      Кнопка последние 10 сессий была нажата!
26.09.2014 13:26:      кнопка "Закрыть сессию" была нажата.
26.09.2014 13:26:      В форме "Закрыть" была нажата кнопка "Клиент ушел раньше времени" 
26.09.2014 13:38:      кнопка "Добавить сессию" была нажата.
26.09.2014 13:38:      В форме "Добавить сессию" были загружены дефолтовые значения.
26.09.2014 13:38:      В форме "Добавить сессию" были загружены дефолтовые значения.
26.09.2014 13:38:      В форме "Добавить сессию" было загружено клиент с карточкой.
26.09.2014 13:38:      В форме "Добавить сессию" были загружены дефолтовые значения.
26.09.2014 13:38:      Данные 90 в форме "Добавить сессию" были введены данные в поле "Оплачено".
26.09.2014 13:38:      В форме "Добавить сессию" были введены данные в поле Оплачено = 90 сом. Оплаченное время = 01:00:00, на приставку 6, с Карточкой 0
26.09.2014 13:51:      кнопка "Добавить сессию" была нажата.
26.09.2014 13:51:      В форме "Добавить сессию" были загружены дефолтовые значения.
26.09.2014 13:51:      В форме "Добавить сессию" были загружены дефолтовые значения.
26.09.2014 13:51:      В форме "Добавить сессию" было загружено клиент с карточкой.
26.09.2014 13:51:      В форме "Добавить сессию" были загружены дефолтовые значения.
26.09.2014 13:51:      В форме "Добавить сессию" были загружены дефолтовые значения.
26.09.2014 13:51:      В форме "Добавить сессию" были загружены дефолтовые значения.
26.09.2014 13:51:      В форме "Добавить сессию" были загружены дефолтовые значения.
26.09.2014 13:51:      В форме "Добавить сессию" были загружены дефолтовые значения.
26.09.2014 13:51:      Данные 30 в форме "Добавить сессию"  в поле "Остаток минут" были введены.
26.09.2014 13:51:      Данные 135 в форме "Добавить сессию"  в поле "Оплачено" были введены.
26.09.2014 13:51:      Данные 135 в форме "Добавить сессию" были введены данные в поле "Оплачено".
26.09.2014 13:51:      В форме "Добавить сессию" были введены данные в поле Оплачено = 135 сом. Оплаченное время = 01:30:00, на приставку 5, с Карточкой 0
26.09.2014 13:52:      кнопка "Смена приставки" была нажата.
26.09.2014 13:52:      В форме смена приставки, была выбрана приставка 1
26.09.2014 13:53:      В форме смена приставки, была выбрана приставка 4
26.09.2014 13:53:      В форме смена приставки, была нажата кнопка добавить 4
26.09.2014 13:54:      кнопка "Смена приставки" была нажата.
26.09.2014 13:54:      В форме смена приставки, была выбрана приставка 1
26.09.2014 13:54:      В форме смена приставки, была выбрана приставка 4
26.09.2014 13:54:      В форме смена приставки, была нажата кнопка добавить 4
26.09.2014 13:56:      кнопка "Продать товар" была нажата.
26.09.2014 13:56:      В форме "Продать товар" была нажата кнопка Продать с введеными данными: Товар Фанта 1л в количестве 1шт. был успешно занесен в список проданных товаров!
26.09.2014 13:56:      В форме "Продать товар" была нажата кнопка Продать с введеными данными: Товар Живое 1 л в количестве 1шт. был успешно занесен в список проданных товаров!
26.09.2014 14:09:      кнопка "Добавить сессию" была нажата.
26.09.2014 14:09:      В форме "Добавить сессию" были загружены дефолтовые значения.
26.09.2014 14:09:      В форме "Добавить сессию" были загружены дефолтовые значения.
26.09.2014 14:09:      В форме "Добавить сессию" было загружено клиент с карточкой.
26.09.2014 14:09:      В форме "Добавить сессию" были загружены дефолтовые значения.
26.09.2014 14:09:      Данные 45 в форме "Добавить сессию" были введены данные в поле "Оплачено".
26.09.2014 14:09:      Данные 45 в форме "Добавить сессию" были введены данные в поле "Оплачено".
26.09.2014 14:09:      В форме "Добавить сессию" были введены данные в поле Оплачено = 45 сом. Оплаченное время = 00:30:00, на приставку 2, с Карточкой 0
26.09.2014 14:26:      кнопка "Добавить сессию" была нажата.
26.09.2014 14:26:      В форме "Добавить сессию" были загружены дефолтовые значения.
26.09.2014 14:26:      В форме "Добавить сессию" были загружены дефолтовые значения.
26.09.2014 14:26:      В форме "Добавить сессию" было загружено клиент с карточкой.
26.09.2014 14:26:      В форме "Добавить сессию" были загружены дефолтовые значения.
26.09.2014 14:26:      Данные 45 в форме "Добавить сессию" были введены данные в поле "Оплачено".
26.09.2014 14:26:      Данные 45 в форме "Добавить сессию" были введены данные в поле "Оплачено".
26.09.2014 14:26:      В форме "Добавить сессию" были введены данные в поле Оплачено = 45 сом. Оплаченное время = 00:30:00, на приставку 3, с Карточкой 0
26.09.2014 14:36:      кнопка "Добавить сессию" была нажата.
26.09.2014 14:36:      В форме "Добавить сессию" были загружены дефолтовые значения.
26.09.2014 14:36:      В форме "Добавить сессию" были загружены дефолтовые значения.
26.09.2014 14:36:      В форме "Добавить сессию" было загружено клиент с карточкой.
26.09.2014 14:36:      Данные 89 в форме "Добавить сессию" были введены данные в поле "Оплачено".
26.09.2014 14:36:      Данные 88 в форме "Добавить сессию" были введены данные в поле "Оплачено".
26.09.2014 14:36:      Данные 89 в форме "Добавить сессию" были введены данные в поле "Оплачено".
26.09.2014 14:36:      Данные 90 в форме "Добавить сессию" были введены данные в поле "Оплачено".
26.09.2014 14:36:      Данные 91 в форме "Добавить сессию" были введены данные в поле "Оплачено".
26.09.2014 14:36:      Данные 91 в форме "Добавить сессию" были введены данные в поле "Оплачено".
26.09.2014 14:36:      В форме "Добавить сессию" были введены данные в поле Оплачено = 91 сом. Оплаченное время = 01:01:00, на приставку 1, с Карточкой 0
26.09.2014 14:36:      кнопка "Добавить сессию" была нажата.
26.09.2014 14:36:      В форме "Добавить сессию" были загружены дефолтовые значения.
26.09.2014 14:36:      В форме "Добавить сессию" были загружены дефолтовые значения.
26.09.2014 14:36:      В форме "Добавить сессию" было загружено клиент с карточкой.
26.09.2014 14:36:      В форме "Добавить сессию" были загружены дефолтовые значения.
26.09.2014 14:36:      Данные 91 в форме "Добавить сессию" были введены данные в поле "Оплачено".
26.09.2014 14:36:      Данные 91 в форме "Добавить сессию" были введены данные в поле "Оплачено".
26.09.2014 14:36:      Данные 91 в форме "Добавить сессию" были введены данные в поле "Оплачено".
26.09.2014 14:37:      В форме "Добавить сессию" были введены данные в поле Оплачено = 91 сом. Оплаченное время = 01:01:00, на приставку 7, с Карточкой 0
26.09.2014 14:56:      кнопка "Добавить сессию" была нажата.
26.09.2014 14:56:      В форме "Добавить сессию" были загружены дефолтовые значения.
26.09.2014 14:56:      В форме "Добавить сессию" были загружены дефолтовые значения.
26.09.2014 14:56:      В форме "Добавить сессию" было загружено клиент с карточкой.
26.09.2014 14:56:      В форме "Добавить сессию" были загружены дефолтовые значения.
26.09.2014 14:56:      Данные 150 в форме "Добавить сессию" были введены данные в поле "Оплачено".
26.09.2014 14:56:      Данные 140 в форме "Добавить сессию" были введены данные в поле "Оплачено".
26.09.2014 14:56:      Данные 140 в форме "Добавить сессию" были введены данные в поле "Оплачено".
26.09.2014 14:56:      В форме "Добавить сессию" были введены данные в поле Оплачено = 140 сом. Оплаченное время = 01:33:00, на приставку 6, с Карточкой 0
26.09.2014 14:57:      кнопка "Добавить сессию" была нажата.
26.09.2014 14:57:      В форме "Добавить сессию" были загружены дефолтовые значения.
26.09.2014 14:57:      В форме "Добавить сессию" были загружены дефолтовые значения.
26.09.2014 14:57:      В форме "Добавить сессию" было загружено клиент с карточкой.
26.09.2014 14:57:      Данные 90 в форме "Добавить сессию" были введены данные в поле "Оплачено".
26.09.2014 14:57:      В форме "Добавить сессию" были введены данные в поле Оплачено = 90 сом. Оплаченное время = 01:00:00, на приставку 2, с Карточкой 0
26.09.2014 15:49:      Кнопка "Продлить сессию" была нажата.
26.09.2014 15:49:      В форме "Продлить сессию" были введены данные в поле Оплачено = 45 сом. Оплаченное время = 0:30, на приставку 2, с Карточкой Usual Client
26.09.2014 15:49:      В форме "Продлить сессию" была нажата кнопка ОТМЕНА 
26.09.2014 15:49:      Кнопка "Продлить сессию" была нажата.
26.09.2014 15:49:      В форме "Продлить сессию" были введены данные в поле Оплачено = 45 сом. Оплаченное время = 0:30, на приставку 2, с Карточкой Usual Client
26.09.2014 16:12:      кнопка "Добавить сессию" была нажата.
26.09.2014 16:12:      В форме "Добавить сессию" были загружены дефолтовые значения.
26.09.2014 16:12:      В форме "Добавить сессию" были загружены дефолтовые значения.
26.09.2014 16:12:      В форме "Добавить сессию" было загружено клиент с карточкой.
26.09.2014 16:12:      В форме "Добавить сессию" были загружены дефолтовые значения.
26.09.2014 16:12:      Данные 85 в форме "Добавить сессию" были введены данные в поле "Оплачено".
26.09.2014 16:12:      Данные 85 в форме "Добавить сессию" были введены данные в поле "Оплачено".
26.09.2014 16:12:      В форме "Добавить сессию" были введены данные в поле Оплачено = 85 сом. Оплаченное время = 00:56:00, на приставку 4, с Карточкой 0
26.09.2014 16:30:      кнопка "Добавить сессию" была нажата.
26.09.2014 16:30:      В форме "Добавить сессию" были загружены дефолтовые значения.
26.09.2014 16:30:      В форме "Добавить сессию" были загружены дефолтовые значения.
26.09.2014 16:30:      В форме "Добавить сессию" было загружено клиент с карточкой.
26.09.2014 16:30:      В форме "Добавить сессию" были загружены дефолтовые значения.
26.09.2014 16:30:      Данные 85 в форме "Добавить сессию" были введены данные в поле "Оплачено".
26.09.2014 16:30:      Данные 85 в форме "Добавить сессию" были введены данные в поле "Оплачено".
26.09.2014 16:30:      В форме "Добавить сессию" были введены данные в поле Оплачено = 85 сом. Оплаченное время = 00:56:00, на приставку 6, с Карточкой 0
26.09.2014 16:31:      кнопка "Затраты" была нажата.
26.09.2014 16:41:      кнопка "Добавить сессию" была нажата.
26.09.2014 16:42:      В форме "Добавить сессию" были загружены дефолтовые значения.
26.09.2014 16:42:      В форме "Добавить сессию" были загружены дефолтовые значения.
26.09.2014 16:42:      В форме "Добавить сессию" было загружено клиент с карточкой.
26.09.2014 16:42:      Данные 90 в форме "Добавить сессию" были введены данные в поле "Оплачено".
26.09.2014 16:42:      В форме "Добавить сессию" были введены данные в поле Оплачено = 90 сом. Оплаченное время = 01:00:00, на приставку 1, с Карточкой 0
26.09.2014 16:44:      кнопка "Затраты" была нажата.
26.09.2014 16:53:      кнопка "Добавить сессию" была нажата.
26.09.2014 16:53:      В форме "Добавить сессию" были загружены дефолтовые значения.
26.09.2014 16:53:      В форме "Добавить сессию" были загружены дефолтовые значения.
26.09.2014 16:53:      В форме "Добавить сессию" было загружено клиент с карточкой.
26.09.2014 16:53:      В форме "Добавить сессию" были загружены дефолтовые значения.
26.09.2014 16:53:      Данные 95 в форме "Добавить сессию" были введены данные в поле "Оплачено".
26.09.2014 16:53:      Данные 95 в форме "Добавить сессию" были введены данные в поле "Оплачено".
26.09.2014 16:53:      В форме "Добавить сессию" были введены данные в поле Оплачено = 95 сом. Оплаченное время = 00:57:00, на приставку mVIP3, с Карточкой 0
26.09.2014 17:48:      Кнопка "Продлить сессию" была нажата.
26.09.2014 17:48:      В форме "Продлить сессию" были введены данные в поле Оплачено = 50 сом. Оплаченное время = 0:30, на приставку mVIP3, с Карточкой Usual Client
26.09.2014 17:48:      В форме "Продлить сессию" были введены данные в поле время на продление = 0:57
26.09.2014 17:48:      В форме "Продлить сессию" были введены данные в поле Сумма на продление = 95
26.09.2014 18:06:      кнопка "Продать товар" была нажата.
26.09.2014 18:06:      В форме "Продать товар" была нажата кнопка Продать с введеными данными: Товар Фьюс 0,5л в количестве 1шт. был успешно занесен в список проданных товаров!
26.09.2014 18:07:      кнопка "Добавить сессию" была нажата.
26.09.2014 18:07:      В форме "Добавить сессию" были загружены дефолтовые значения.
26.09.2014 18:07:      В форме "Добавить сессию" были загружены дефолтовые значения.
26.09.2014 18:07:      В форме "Добавить сессию" было загружено клиент с карточкой.
26.09.2014 18:07:      В форме "Добавить сессию" были загружены дефолтовые значения.
26.09.2014 18:07:      В форме "Добавить сессию" были загружены дефолтовые значения.
26.09.2014 18:07:      Данные 98 в форме "Добавить сессию" были введены данные в поле "Оплачено".
26.09.2014 18:07:      Данные 98 в форме "Добавить сессию" были введены данные в поле "Оплачено".
26.09.2014 18:07:      В форме "Добавить сессию" были введены данные в поле Оплачено = 98 сом. Оплаченное время = 00:58:00, на приставку mVIP5, с Карточкой 0
26.09.2014 18:07:      кнопка "Смена приставки" была нажата.
26.09.2014 18:07:      В форме смена приставки, была выбрана приставка 1
26.09.2014 18:07:      В форме смена приставки, была выбрана приставка mVIP6
26.09.2014 18:07:      В форме смена приставки, была нажата кнопка добавить mVIP6
26.09.2014 18:08:      кнопка "Добавить сессию" была нажата.
26.09.2014 18:08:      В форме "Добавить сессию" были загружены дефолтовые значения.
26.09.2014 18:08:      В форме "Добавить сессию" были загружены дефолтовые значения.
26.09.2014 18:08:      В форме "Добавить сессию" было загружено клиент с карточкой.
26.09.2014 18:08:      В форме "Добавить сессию" были загружены дефолтовые значения.
26.09.2014 18:09:      Данные 50 в форме "Добавить сессию" были введены данные в поле "Оплачено".
26.09.2014 18:09:      Данные 50 в форме "Добавить сессию" были введены данные в поле "Оплачено".
26.09.2014 18:09:      В форме "Добавить сессию" были введены данные в поле Оплачено = 50 сом. Оплаченное время = 00:33:00, на приставку 6, с Карточкой 0
26.09.2014 18:36:      Кнопка "Продлить сессию" была нажата.
26.09.2014 18:36:      В форме "Продлить сессию" были введены данные в поле Оплачено = 47 сом. Оплаченное время = 0:30, на приставку 6, с Карточкой Usual Client
26.09.2014 18:36:      В форме "Продлить сессию" были введены данные в поле время на продление = 0:58
26.09.2014 18:36:      В форме "Продлить сессию" были введены данные в поле Сумма на продление = 95
26.09.2014 18:37:      кнопка "Добавить сессию" была нажата.
26.09.2014 18:37:      В форме "Добавить сессию" были загружены дефолтовые значения.
26.09.2014 18:37:      В форме "Добавить сессию" были загружены дефолтовые значения.
26.09.2014 18:37:      В форме "Добавить сессию" было загружено клиент с карточкой.
26.09.2014 18:38:      В форме "Добавить сессию" были загружены дефолтовые значения.
26.09.2014 18:39:      Данные 100 в форме "Добавить сессию" были введены данные в поле "Оплачено".
26.09.2014 18:39:      Данные 100 в форме "Добавить сессию" были введены данные в поле "Оплачено".
26.09.2014 18:39:      В форме "Добавить сессию" были введены данные в поле Оплачено = 100 сом. Оплаченное время = 00:56:00, на приставку 8, с Карточкой 0
26.09.2014 18:40:      кнопка "Добавить сессию" была нажата.
26.09.2014 18:40:      В форме "Добавить сессию" были загружены дефолтовые значения.
26.09.2014 18:40:      В форме "Добавить сессию" были загружены дефолтовые значения.
26.09.2014 18:40:      В форме "Добавить сессию" было загружено клиент с карточкой.
26.09.2014 18:41:      Данные 30 в форме "Добавить сессию"  в поле "Остаток минут" были введены.
26.09.2014 18:41:      Данные 147 в форме "Добавить сессию"  в поле "Оплачено" были введены.
26.09.2014 18:41:      Данные 147 в форме "Добавить сессию" были введены данные в поле "Оплачено".
26.09.2014 18:41:      В форме "Добавить сессию" были введены данные в поле Оплачено = 147 сом. Оплаченное время = 01:30:00, на приставку 1, с Карточкой 0
26.09.2014 18:42:      кнопка "Продать товар" была нажата.
26.09.2014 18:42:      В форме "Продать товар" была нажата кнопка Продать с введеными данными: Товар Фанта 1л в количестве 1шт. был успешно занесен в список проданных товаров!
26.09.2014 18:42:      кнопка "Бар" была нажата.
26.09.2014 18:47:      кнопка "Добавить сессию" была нажата.
26.09.2014 18:47:      В форме "Добавить сессию" были загружены дефолтовые значения.
26.09.2014 18:47:      В форме "Добавить сессию" были загружены дефолтовые значения.
26.09.2014 18:47:      В форме "Добавить сессию" было загружено клиент с карточкой.
26.09.2014 18:47:      В форме "Добавить сессию" были загружены дефолтовые значения.
26.09.2014 18:47:      Данные 98 в форме "Добавить сессию" были введены данные в поле "Оплачено".
26.09.2014 18:47:      В форме "Добавить сессию" были введены данные в поле Оплачено = 98 сом. Оплаченное время = 01:00:00, на приставку 4, с Карточкой 0
26.09.2014 18:48:      кнопка "Добавить сессию" была нажата.
26.09.2014 18:48:      В форме "Добавить сессию" были загружены дефолтовые значения.
26.09.2014 18:48:      В форме "Добавить сессию" были загружены дефолтовые значения.
26.09.2014 18:48:      В форме "Добавить сессию" было загружено клиент с карточкой.
26.09.2014 18:48:      В форме "Добавить сессию" были загружены дефолтовые значения.
26.09.2014 18:48:      Данные 100 в форме "Добавить сессию" были введены данные в поле "Оплачено".
26.09.2014 18:48:      Данные 100 в форме "Добавить сессию" были введены данные в поле "Оплачено".
26.09.2014 18:48:      В форме "Добавить сессию" были введены данные в поле Оплачено = 100 сом. Оплаченное время = 00:55:00, на приставку mVIP3, с Карточкой 0
26.09.2014 18:59:      кнопка "Добавить сессию" была нажата.
26.09.2014 18:59:      В форме "Добавить сессию" были загружены дефолтовые значения.
26.09.2014 18:59:      В форме "Добавить сессию" были загружены дефолтовые значения.
26.09.2014 18:59:      В форме "Добавить сессию" было загружено клиент с карточкой.
26.09.2014 18:59:      В форме "Добавить сессию" были загружены дефолтовые значения.
26.09.2014 18:59:      В форме "Добавить сессию" были загружены дефолтовые значения.
26.09.2014 18:59:      В форме "Добавить сессию" было нажато поле "Скидка" 
26.09.2014 18:59:      В форме "Добавить сессию" было загружено клиент с карточкой.
26.09.2014 18:59:      В форме "Добавить сессию" было загружено обычный клиент.
26.09.2014 18:59:      В форме "Добавить сессию" было загружено обычный клиент.
26.09.2014 18:59:      В форме "Добавить сессию" было загружено обычный клиент.
26.09.2014 18:59:      В форме "Добавить сессию" было загружено обычный клиент.
26.09.2014 18:59:      В форме "Добавить сессию" было загружено обычный клиент.
26.09.2014 18:59:      В форме "Добавить сессию" было загружено обычный клиент.
26.09.2014 18:59:      В форме "Добавить сессию" было загружено обычный клиент.
26.09.2014 18:59:      В форме "Добавить сессию" было загружено обычный клиент.
26.09.2014 18:59:      В форме "Добавить сессию" было загружено обычный клиент.
26.09.2014 18:59:      В форме "Добавить сессию" было заполнено поле "Скидка" 0004808990, и выбита скидка в размере 0%
26.09.2014 18:59:      В форме "Добавить сессию" было загружено обычный клиент.
26.09.2014 19:00:      Данные 100 в форме "Добавить сессию" были введены данные в поле "Оплачено".
26.09.2014 19:00:      В форме "Добавить сессию" были введены данные в поле Оплачено = 100 сом. Оплаченное время = 01:03:00, на приставку 3, с Карточкой Nersultan 2
26.09.2014 19:12:      кнопка "Продать товар" была нажата.
26.09.2014 19:12:      В форме "Продать товар" была нажата кнопка Продать с введеными данными: Товар Кола 1л в количестве 1шт. был успешно занесен в список проданных товаров!
26.09.2014 19:27:      кнопка "Добавить сессию" была нажата.
26.09.2014 19:27:      В форме "Добавить сессию" были загружены дефолтовые значения.
26.09.2014 19:27:      В форме "Добавить сессию" были загружены дефолтовые значения.
26.09.2014 19:27:      В форме "Добавить сессию" было загружено клиент с карточкой.
26.09.2014 19:27:      В форме "Добавить сессию" были загружены дефолтовые значения.
26.09.2014 19:28:      Данные 150 в форме "Добавить сессию" были введены данные в поле "Оплачено".
26.09.2014 19:28:      Данные 150 в форме "Добавить сессию" были введены данные в поле "Оплачено".
26.09.2014 19:28:      В форме "Добавить сессию" были введены данные в поле Оплачено = 150 сом. Оплаченное время = 00:56:00, на приставку PS4, с Карточкой 0
26.09.2014 19:29:      Кнопка "Продлить сессию" была нажата.
26.09.2014 19:29:      В форме "Продлить сессию" были введены данные в поле Оплачено = 55 сом. Оплаченное время = 0:30, на приставку 8, с Карточкой Usual Client
26.09.2014 19:30:      В форме "Продлить сессию" были введены данные в поле время на продление = 0:57
26.09.2014 19:30:      В форме "Продлить сессию" были введены данные в поле Сумма на продление = 105
26.09.2014 19:31:      кнопка "Продать товар" была нажата.
26.09.2014 19:31:      В форме "Продать товар" была нажата кнопка Продать с введеными данными: Товар Сандвичи в количестве 1шт. был успешно занесен в список проданных товаров!
26.09.2014 19:31:      кнопка "Затраты" была нажата.
26.09.2014 19:33:      кнопка "Добавить сессию" была нажата.
26.09.2014 19:33:      В форме "Добавить сессию" были загружены дефолтовые значения.
26.09.2014 19:33:      В форме "Добавить сессию" были загружены дефолтовые значения.
26.09.2014 19:33:      В форме "Добавить сессию" было загружено клиент с карточкой.
26.09.2014 19:33:      В форме "Добавить сессию" были загружены дефолтовые значения.
26.09.2014 19:33:      В форме "Добавить сессию" было нажато поле "Скидка" 
26.09.2014 19:33:      В форме "Добавить сессию" было загружено клиент с карточкой.
26.09.2014 19:33:      В форме "Добавить сессию" было загружено обычный клиент.
26.09.2014 19:33:      В форме "Добавить сессию" было загружено обычный клиент.
26.09.2014 19:33:      В форме "Добавить сессию" было загружено обычный клиент.
26.09.2014 19:33:      В форме "Добавить сессию" было загружено обычный клиент.
26.09.2014 19:33:      В форме "Добавить сессию" было загружено обычный клиент.
26.09.2014 19:33:      В форме "Добавить сессию" было загружено обычный клиент.
26.09.2014 19:33:      В форме "Добавить сессию" было загружено обычный клиент.
26.09.2014 19:33:      В форме "Добавить сессию" было загружено обычный клиент.
26.09.2014 19:33:      В форме "Добавить сессию" было загружено обычный клиент.
26.09.2014 19:33:      В форме "Добавить сессию" было заполнено поле "Скидка" 0004598012, и выбита скидка в размере 0%
26.09.2014 19:33:      В форме "Добавить сессию" было загружено обычный клиент.
26.09.2014 19:33:      В форме "Добавить сессию" было загружено клиент с карточкой.
26.09.2014 19:33:      В форме "Добавить сессию" были загружены дефолтовые значения.
26.09.2014 19:33:      В форме "Добавить сессию" было нажато поле "Скидка" 
26.09.2014 19:33:      В форме "Добавить сессию" было загружено клиент с карточкой.
26.09.2014 19:33:      В форме "Добавить сессию" было загружено обычный клиент.
26.09.2014 19:33:      В форме "Добавить сессию" было загружено обычный клиент.
26.09.2014 19:33:      В форме "Добавить сессию" было загружено обычный клиент.
26.09.2014 19:33:      В форме "Добавить сессию" было загружено обычный клиент.
26.09.2014 19:33:      В форме "Добавить сессию" было загружено обычный клиент.
26.09.2014 19:33:      В форме "Добавить сессию" было загружено обычный клиент.
26.09.2014 19:33:      В форме "Добавить сессию" было загружено обычный клиент.
26.09.2014 19:33:      В форме "Добавить сессию" было загружено обычный клиент.
26.09.2014 19:33:      В форме "Добавить сессию" было загружено обычный клиент.
26.09.2014 19:33:      В форме "Добавить сессию" было заполнено поле "Скидка" 0004598012, и выбита скидка в размере 0%
26.09.2014 19:33:      В форме "Добавить сессию" было загружено обычный клиент.
26.09.2014 19:33:      Данные 110 в форме "Добавить сессию" были введены данные в поле "Оплачено".
26.09.2014 19:33:      В форме "Добавить сессию" были введены данные в поле Оплачено = 110 сом. Оплаченное время = 01:03:00, на приставку mVIP8, с Карточкой Alisher
26.09.2014 19:34:      кнопка "Добавить сессию" была нажата.
26.09.2014 19:34:      В форме "Добавить сессию" были загружены дефолтовые значения.
26.09.2014 19:34:      В форме "Добавить сессию" были загружены дефолтовые значения.
26.09.2014 19:34:      В форме "Добавить сессию" было загружено клиент с карточкой.
26.09.2014 19:35:      В форме "Добавить сессию" были загружены дефолтовые значения.
26.09.2014 19:35:      Данные 96 в форме "Добавить сессию" были введены данные в поле "Оплачено".
26.09.2014 19:35:      Данные 96 в форме "Добавить сессию" были введены данные в поле "Оплачено".
26.09.2014 19:35:      В форме "Добавить сессию" были введены данные в поле Оплачено = 96 сом. Оплаченное время = 00:52:00, на приставку mVIP6, с Карточкой 0
26.09.2014 19:40:      кнопка "Добавить сессию" была нажата.
26.09.2014 19:40:      В форме "Добавить сессию" были загружены дефолтовые значения.
26.09.2014 19:40:      В форме "Добавить сессию" были загружены дефолтовые значения.
26.09.2014 19:40:      В форме "Добавить сессию" было загружено клиент с карточкой.
26.09.2014 19:41:      В форме "Добавить сессию" были загружены дефолтовые значения.
26.09.2014 19:41:      Данные 50 в форме "Добавить сессию" были введены данные в поле "Оплачено".
26.09.2014 19:41:      Данные 50 в форме "Добавить сессию" были введены данные в поле "Оплачено".
26.09.2014 19:41:      В форме "Добавить сессию" были введены данные в поле Оплачено = 50 сом. Оплаченное время = 00:30:00, на приставку 6, с Карточкой 0
26.09.2014 19:42:      Кнопка "Продлить сессию" была нажата.
26.09.2014 19:42:      В форме "Продлить сессию" были введены данные в поле Оплачено = 50 сом. Оплаченное время = 0:30, на приставку 4, с Карточкой Usual Client
26.09.2014 19:43:      В форме "Продлить сессию" были введены данные в поле время на продление = 0:54
26.09.2014 19:43:      В форме "Продлить сессию" были введены данные в поле Сумма на продление = 90
26.09.2014 19:47:      кнопка "Добавить сессию" была нажата.
26.09.2014 19:47:      В форме "Добавить сессию" были загружены дефолтовые значения.
26.09.2014 19:47:      В форме "Добавить сессию" были загружены дефолтовые значения.
26.09.2014 19:47:      В форме "Добавить сессию" было загружено клиент с карточкой.
26.09.2014 19:47:      В форме "Добавить сессию" были загружены дефолтовые значения.
26.09.2014 19:47:      Данные 110 в форме "Добавить сессию" были введены данные в поле "Оплачено".
26.09.2014 19:47:      В форме "Добавить сессию" были введены данные в поле Оплачено = 110 сом. Оплаченное время = 01:00:00, на приставку mVIP3, с Карточкой 0
26.09.2014 20:01:      кнопка "Добавить сессию" была нажата.
26.09.2014 20:01:      В форме "Добавить сессию" были загружены дефолтовые значения.
26.09.2014 20:01:      В форме "Добавить сессию" были загружены дефолтовые значения.
26.09.2014 20:01:      В форме "Добавить сессию" было загружено клиент с карточкой.
26.09.2014 20:01:      В форме "Добавить сессию" были загружены дефолтовые значения.
26.09.2014 20:01:      Данные 95 в форме "Добавить сессию" были введены данные в поле "Оплачено".
26.09.2014 20:01:      Данные 95 в форме "Добавить сессию" были введены данные в поле "Оплачено".
26.09.2014 20:01:      В форме "Добавить сессию" были введены данные в поле Оплачено = 95 сом. Оплаченное время = 00:51:00, на приставку mVIP4, с Карточкой 0
26.09.2014 20:01:      кнопка "Закрыть сессию" была нажата.
26.09.2014 20:01:      В форме "Закрыть" была нажата кнопка "Клиент ушел раньше времени" 
26.09.2014 20:06:      кнопка "Закрыть сессию" была нажата.
26.09.2014 20:06:      В форме "Закрыть" была нажата кнопка "Клиент ушел раньше времени" 
26.09.2014 20:14:      кнопка "Продать товар" была нажата.
26.09.2014 20:14:      В форме "Продать товар" была нажата кнопка Продать с введеными данными: Товар Сандвичи в количестве 1шт. был успешно занесен в список проданных товаров!
26.09.2014 20:15:      кнопка "Продать товар" была нажата.
26.09.2014 20:15:      В форме "Продать товар" была нажата кнопка Продать с введеными данными: Товар Винстон в количестве 1шт. был успешно занесен в список проданных товаров!
26.09.2014 20:30:      кнопка "Продать товар" была нажата.
26.09.2014 20:30:      В форме "Продать товар" была нажата кнопка Продать с введеными данными: Товар Фанта 0,5л в количестве 1шт. был успешно занесен в список проданных товаров!
26.09.2014 20:31:      Кнопка "Продлить сессию" была нажата.
26.09.2014 20:31:      В форме "Продлить сессию" были введены данные в поле Оплачено = 55 сом. Оплаченное время = 0:30, на приставку mVIP8, с Карточкой Alisher
26.09.2014 20:31:      В форме "Продлить сессию" была нажата кнопка "Продлить" с введеными данными Время на продление = 0:30Сумма на продление = 55,на приставку mVIP8
26.09.2014 20:33:      кнопка "Добавить сессию" была нажата.
26.09.2014 20:33:      В форме "Добавить сессию" были загружены дефолтовые значения.
26.09.2014 20:33:      В форме "Добавить сессию" были загружены дефолтовые значения.
26.09.2014 20:33:      В форме "Добавить сессию" было загружено клиент с карточкой.
26.09.2014 20:33:      В форме "Добавить сессию" были загружены дефолтовые значения.
26.09.2014 20:33:      Данные 55 в форме "Добавить сессию" были введены данные в поле "Оплачено".
26.09.2014 20:33:      Данные 55 в форме "Добавить сессию" были введены данные в поле "Оплачено".
26.09.2014 20:33:      В форме "Добавить сессию" были введены данные в поле Оплачено = 55 сом. Оплаченное время = 00:30:00, на приставку 8, с Карточкой 0
26.09.2014 20:38:      кнопка "Продать товар" была нажата.
26.09.2014 20:38:      В форме "Продать товар" была нажата кнопка Продать с введеными данными: Товар Вода 0,5л в количестве 1шт. был успешно занесен в список проданных товаров!
26.09.2014 20:45:      кнопка "Закрыть сессию" была нажата.
26.09.2014 20:45:      В форме "Закрыть" была нажата кнопка "Клиент ушел раньше времени" 
26.09.2014 20:50:      кнопка "Добавить сессию" была нажата.
26.09.2014 20:50:      В форме "Добавить сессию" были загружены дефолтовые значения.
26.09.2014 20:50:      В форме "Добавить сессию" были загружены дефолтовые значения.
26.09.2014 20:50:      В форме "Добавить сессию" было загружено клиент с карточкой.
26.09.2014 20:50:      В форме "Добавить сессию" были загружены дефолтовые значения.
26.09.2014 20:51:      Данные 110 в форме "Добавить сессию" были введены данные в поле "Оплачено".
26.09.2014 20:51:      В форме "Добавить сессию" были введены данные в поле Оплачено = 110 сом. Оплаченное время = 01:00:00, на приставку mVIP3, с Карточкой 0
26.09.2014 21:09:      кнопка "Добавить сессию" была нажата.
26.09.2014 21:09:      В форме "Добавить сессию" были загружены дефолтовые значения.
26.09.2014 21:09:      В форме "Добавить сессию" были загружены дефолтовые значения.
26.09.2014 21:09:      В форме "Добавить сессию" было загружено клиент с карточкой.
26.09.2014 21:09:      В форме "Добавить сессию" были загружены дефолтовые значения.
26.09.2014 21:09:      Данные 100 в форме "Добавить сессию" были введены данные в поле "Оплачено".
26.09.2014 21:09:      Данные 100 в форме "Добавить сессию" были введены данные в поле "Оплачено".
26.09.2014 21:09:      В форме "Добавить сессию" были введены данные в поле Оплачено = 100 сом. Оплаченное время = 00:54:00, на приставку mVIP8, с Карточкой 0
26.09.2014 21:22:      кнопка "Продать товар" была нажата.
26.09.2014 21:23:      В форме "Продать товар" была нажата кнопка Продать с введеными данными: Товар Сандвичи в количестве 1шт. был успешно занесен в список проданных товаров!
26.09.2014 21:27:      кнопка "Добавить сессию" была нажата.
26.09.2014 21:27:      В форме "Добавить сессию" были загружены дефолтовые значения.
26.09.2014 21:27:      В форме "Добавить сессию" были загружены дефолтовые значения.
26.09.2014 21:27:      В форме "Добавить сессию" было загружено клиент с карточкой.
26.09.2014 21:27:      В форме "Добавить сессию" были загружены дефолтовые значения.
26.09.2014 21:27:      В форме "Добавить сессию" были загружены дефолтовые значения.
26.09.2014 21:27:      Данные 100 в форме "Добавить сессию" были введены данные в поле "Оплачено".
26.09.2014 21:27:      Данные 100 в форме "Добавить сессию" были введены данные в поле "Оплачено".
26.09.2014 21:27:      В форме "Добавить сессию" были введены данные в поле Оплачено = 100 сом. Оплаченное время = 00:54:00, на приставку mVIP5, с Карточкой 0
26.09.2014 21:27:      кнопка "Добавить сессию" была нажата.
26.09.2014 21:27:      В форме "Добавить сессию" были загружены дефолтовые значения.
26.09.2014 21:27:      В форме "Добавить сессию" были загружены дефолтовые значения.
26.09.2014 21:27:      В форме "Добавить сессию" было загружено клиент с карточкой.
26.09.2014 21:28:      В форме "Добавить сессию" были загружены дефолтовые значения.
26.09.2014 21:28:      Данные 100 в форме "Добавить сессию" были введены данные в поле "Оплачено".
26.09.2014 21:28:      Данные 100 в форме "Добавить сессию" были введены данные в поле "Оплачено".
26.09.2014 21:28:      В форме "Добавить сессию" были введены данные в поле Оплачено = 100 сом. Оплаченное время = 00:54:00, на приставку mVIP6, с Карточкой 0
26.09.2014 21:36:      кнопка "Продать товар" была нажата.
26.09.2014 21:37:      В форме "Продать товар" была нажата кнопка Продать с введеными данными: Товар Вода 1 л в количестве 1шт. был успешно занесен в список проданных товаров!
26.09.2014 21:45:      кнопка "Продать товар" была нажата.
26.09.2014 21:46:      В форме "Продать товар" была нажата кнопка Продать с введеными данными: Товар Живое 0,5 л в количестве 1шт. был успешно занесен в список проданных товаров!
26.09.2014 22:02:      Кнопка "Продлить сессию" была нажата.
26.09.2014 22:02:      В форме "Продлить сессию" были введены данные в поле Оплачено = 55 сом. Оплаченное время = 0:30, на приставку mVIP8, с Карточкой Usual Client
26.09.2014 22:02:      В форме "Продлить сессию" были введены данные в поле время на продление = 0:54
26.09.2014 22:02:      В форме "Продлить сессию" были введены данные в поле Сумма на продление = 100
26.09.2014 22:11:      кнопка "Добавить сессию" была нажата.
26.09.2014 22:11:      В форме "Добавить сессию" были загружены дефолтовые значения.
26.09.2014 22:11:      В форме "Добавить сессию" были загружены дефолтовые значения.
26.09.2014 22:11:      В форме "Добавить сессию" было загружено клиент с карточкой.
26.09.2014 22:11:      В форме "Добавить сессию" были загружены дефолтовые значения.
26.09.2014 22:11:      В форме "Добавить сессию" в поле "Остаток часов" было введено 
26.09.2014 22:11:      Данные 200 в форме "Добавить сессию"  в поле "Оплачено" были введены.
26.09.2014 22:11:      Данные 200 в форме "Добавить сессию" были введены данные в поле "Оплачено".
26.09.2014 22:11:      В форме "Добавить сессию" были введены данные в поле Оплачено = 200 сом. Оплаченное время = 02:00:00, на приставку 6, с Карточкой 0
26.09.2014 22:19:      кнопка "Закрыть сессию" была нажата.
26.09.2014 22:19:      В форме "Закрыть" была нажата кнопка "Клиент ушел раньше времени" 
26.09.2014 22:19:      кнопка "Закрыть сессию" была нажата.
26.09.2014 22:19:      В форме "Закрыть" была нажата кнопка "Клиент ушел раньше времени" 
26.09.2014 22:22:      кнопка "Добавить сессию" была нажата.
26.09.2014 22:22:      В форме "Добавить сессию" были загружены дефолтовые значения.
26.09.2014 22:22:      В форме "Добавить сессию" были загружены дефолтовые значения.
26.09.2014 22:22:      В форме "Добавить сессию" было загружено клиент с карточкой.
26.09.2014 22:23:      В форме "Добавить сессию" были загружены дефолтовые значения.
26.09.2014 22:23:      Данные 100 в форме "Добавить сессию" были введены данные в поле "Оплачено".
26.09.2014 22:23:      В форме "Добавить сессию" были введены данные в поле Оплачено = 100 сом. Оплаченное время = 01:00:00, на приставку 4, с Карточкой 0
26.09.2014 22:23:      кнопка "Затраты" была нажата.
26.09.2014 22:24:      кнопка "Затраты" была нажата.
26.09.2014 22:25:      кнопка "Смена приставки" была нажата.
26.09.2014 22:25:      В форме смена приставки, была выбрана приставка 1
26.09.2014 22:26:      В форме смена приставки, была выбрана приставка 2
26.09.2014 22:26:      В форме смена приставки, была нажата кнопка добавить 2
26.09.2014 22:26:      кнопка "Добавить сессию" была нажата.
26.09.2014 22:26:      В форме "Добавить сессию" были загружены дефолтовые значения.
26.09.2014 22:26:      В форме "Добавить сессию" были загружены дефолтовые значения.
26.09.2014 22:26:      В форме "Добавить сессию" было загружено клиент с карточкой.
26.09.2014 22:26:      Данные 100 в форме "Добавить сессию" были введены данные в поле "Оплачено".
26.09.2014 22:26:      В форме "Добавить сессию" были введены данные в поле Оплачено = 100 сом. Оплаченное время = 01:00:00, на приставку 1, с Карточкой 0
26.09.2014 22:43:      кнопка "Продать товар" была нажата.
26.09.2014 22:44:      В форме "Продать товар" была нажата кнопка Продать с введеными данными: Товар Пико 1л в количестве 1шт. был успешно занесен в список проданных товаров!
26.09.2014 22:48:      кнопка "Продать товар" была нажата.
26.09.2014 22:48:      В форме "Продать товар" была нажата кнопка Продать с введеными данными: Товар Вода 1 л в количестве 1шт. был успешно занесен в список проданных товаров!
26.09.2014 22:48:      кнопка "Добавить сессию" была нажата.
26.09.2014 22:48:      В форме "Добавить сессию" были загружены дефолтовые значения.
26.09.2014 22:48:      В форме "Добавить сессию" были загружены дефолтовые значения.
26.09.2014 22:48:      В форме "Добавить сессию" было загружено клиент с карточкой.
26.09.2014 22:48:      В форме "Добавить сессию" были загружены дефолтовые значения.
26.09.2014 22:48:      Данные 190 в форме "Добавить сессию" были введены данные в поле "Оплачено".
26.09.2014 22:48:      В форме "Добавить сессию" были введены данные в поле Оплачено = 190 сом. Оплаченное время = 01:00:00, на приставку 11, с Карточкой 0
26.09.2014 22:51:      кнопка "Смена приставки" была нажата.
26.09.2014 22:51:      В форме смена приставки, была выбрана приставка 3
26.09.2014 22:51:      В форме смена приставки, была выбрана приставка 9
26.09.2014 22:51:      В форме смена приставки, была нажата кнопка добавить 9
26.09.2014 22:53:      кнопка "Добавить сессию" была нажата.
26.09.2014 22:53:      В форме "Добавить сессию" были загружены дефолтовые значения.
26.09.2014 22:53:      В форме "Добавить сессию" были загружены дефолтовые значения.
26.09.2014 22:53:      В форме "Добавить сессию" было загружено клиент с карточкой.
26.09.2014 22:53:      В форме "Добавить сессию" были загружены дефолтовые значения.
26.09.2014 22:54:      Данные 30 в форме "Добавить сессию"  в поле "Остаток минут" были введены.
26.09.2014 22:54:      Данные 150 в форме "Добавить сессию"  в поле "Оплачено" были введены.
26.09.2014 22:54:      Данные 150 в форме "Добавить сессию" были введены данные в поле "Оплачено".
26.09.2014 22:54:      В форме "Добавить сессию" были введены данные в поле Оплачено = 150 сом. Оплаченное время = 01:30:00, на приставку 7, с Карточкой 0
26.09.2014 23:02:      Кнопка "Продлить сессию" была нажата.
26.09.2014 23:02:      В форме "Продлить сессию" были введены данные в поле Оплачено = 50 сом. Оплаченное время = 0:30, на приставку 2, с Карточкой Usual Client
26.09.2014 23:02:      Кнопка "Продлить сессию" была нажата.
26.09.2014 23:02:      В форме "Продлить сессию" были введены данные в поле Оплачено = 50 сом. Оплаченное время = 0:30, на приставку 1, с Карточкой Usual Client
26.09.2014 23:27:      кнопка "Добавить сессию" была нажата.
26.09.2014 23:27:      В форме "Добавить сессию" были загружены дефолтовые значения.
26.09.2014 23:27:      В форме "Добавить сессию" были загружены дефолтовые значения.
26.09.2014 23:27:      В форме "Добавить сессию" было загружено клиент с карточкой.
26.09.2014 23:27:      В форме "Добавить сессию" были загружены дефолтовые значения.
26.09.2014 23:27:      Данные 50 в форме "Добавить сессию" были введены данные в поле "Оплачено".
26.09.2014 23:27:      Данные 50 в форме "Добавить сессию" были введены данные в поле "Оплачено".
26.09.2014 23:27:      В форме "Добавить сессию" были введены данные в поле Оплачено = 50 сом. Оплаченное время = 00:30:00, на приставку 4, с Карточкой 0
26.09.2014 23:30:      кнопка "Продать товар" была нажата.
26.09.2014 23:30:      В форме "Продать товар" была нажата кнопка Продать с введеными данными: Товар Вода 0,5л в количестве 1шт. был успешно занесен в список проданных товаров!
26.09.2014 23:30:      кнопка "Добавить сессию" была нажата.
26.09.2014 23:30:      В форме "Добавить сессию" были загружены дефолтовые значения.
26.09.2014 23:30:      В форме "Добавить сессию" были загружены дефолтовые значения.
26.09.2014 23:30:      В форме "Добавить сессию" было загружено клиент с карточкой.
26.09.2014 23:31:      В форме "Добавить сессию" были загружены дефолтовые значения.
26.09.2014 23:31:      Данные 50 в форме "Добавить сессию" были введены данные в поле "Оплачено".
26.09.2014 23:31:      Данные 50 в форме "Добавить сессию" были введены данные в поле "Оплачено".
26.09.2014 23:31:      В форме "Добавить сессию" были введены данные в поле Оплачено = 50 сом. Оплаченное время = 00:30:00, на приставку 5, с Карточкой 0
26.09.2014 23:31:      кнопка "Смена приставки" была нажата.
26.09.2014 23:31:      В форме смена приставки, была выбрана приставка 3
26.09.2014 23:31:      В форме смена приставки, была нажата кнопка добавить 3
26.09.2014 23:34:      кнопка "Добавить сессию" была нажата.
26.09.2014 23:34:      В форме "Добавить сессию" были загружены дефолтовые значения.
26.09.2014 23:34:      В форме "Добавить сессию" были загружены дефолтовые значения.
26.09.2014 23:34:      В форме "Добавить сессию" было загружено клиент с карточкой.
26.09.2014 23:35:      В форме "Добавить сессию" были загружены дефолтовые значения.
26.09.2014 23:36:      Данные 110 в форме "Добавить сессию" были введены данные в поле "Оплачено".
26.09.2014 23:36:      В форме "Добавить сессию" были введены данные в поле Оплачено = 110 сом. Оплаченное время = 01:00:00, на приставку 8, с Карточкой 0
26.09.2014 23:36:      кнопка "Продать товар" была нажата.
26.09.2014 23:36:      В форме "Продать товар" была нажата кнопка Продать с введеными данными: Товар Вода 1 л в количестве 1шт. был успешно занесен в список проданных товаров!
26.09.2014 23:37:      В форме "Продать товар" была нажата кнопка Продать с введеными данными: Товар Сникерс бол в количестве 2шт. был успешно занесен в список проданных товаров!
26.09.2014 23:37:      кнопка "Бар" была нажата.
26.09.2014 23:39:      кнопка "Продать товар" была нажата.
26.09.2014 23:39:      В форме "Продать товар" была нажата кнопка Продать с введеными данными: Товар Фанта 1л в количестве 1шт. был успешно занесен в список проданных товаров!
26.09.2014 23:40:      кнопка "Скрытая кнопка" была нажата.
26.09.2014 23:41:      кнопка "Продать товар" была нажата.
26.09.2014 23:41:      кнопка "Скрытая кнопка" была нажата.
26.09.2014 23:41:      кнопка "Продать товар" была нажата.
26.09.2014 23:42:      кнопка "Добавить сессию" была нажата.
26.09.2014 23:42:      В форме "Добавить сессию" были загружены дефолтовые значения.
26.09.2014 23:42:      В форме "Добавить сессию" были загружены дефолтовые значения.
26.09.2014 23:42:      В форме "Добавить сессию" было загружено клиент с карточкой.
26.09.2014 23:42:      В форме "Добавить сессию" были загружены дефолтовые значения.
26.09.2014 23:42:      Данные 190 в форме "Добавить сессию" были введены данные в поле "Оплачено".
26.09.2014 23:42:      В форме "Добавить сессию" были введены данные в поле Оплачено = 190 сом. Оплаченное время = 01:00:00, на приставку 11, с Карточкой 0
26.09.2014 23:44:      Кнопка "Продлить сессию" была нажата.
26.09.2014 23:44:      В форме "Продлить сессию" были введены данные в поле Оплачено = 95 сом. Оплаченное время = 0:30, на приставку 9, с Карточкой Usual Client
26.09.2014 23:45:      кнопка "Продать товар" была нажата.
26.09.2014 23:45:      В форме "Продать товар" была нажата кнопка Продать с введеными данными: Товар Чипсы Средние в количестве 1шт. был успешно занесен в список проданных товаров!
26.09.2014 23:46:      кнопка "Продать товар" была нажата.
26.09.2014 23:46:      В форме "Продать товар" была нажата кнопка Продать с введеными данными: Товар Кола 1л в количестве 1шт. был успешно занесен в список проданных товаров!
26.09.2014 23:49:      кнопка "Продать товар" была нажата.
26.09.2014 23:49:      В форме "Продать товар" была нажата кнопка Продать с введеными данными: Товар Вода 1 л в количестве 1шт. был успешно занесен в список проданных товаров!
26.09.2014 23:51:      кнопка "Закрыть сессию" была нажата.
26.09.2014 23:51:      В форме "Закрыть" была нажата кнопка "Клиент ушел раньше времени" 
26.09.2014 23:53:      кнопка "Закрыть сессию" была нажата.
26.09.2014 23:53:      кнопка "Затраты" была нажата.
26.09.2014 23:57:      Кнопка "Продлить сессию" была нажата.
26.09.2014 23:57:      В форме "Продлить сессию" были введены данные в поле Оплачено = 50 сом. Оплаченное время = 0:30, на приставку 3, с Карточкой Usual Client
26.09.2014 23:57:      В форме "Продлить сессию" были введены данные в поле время на продление = 0:57
26.09.2014 23:57:      В форме "Продлить сессию" были введены данные в поле Сумма на продление = 95
