New file created: 09.11.2014 11:50:52
Author: Kim Viacheslav

кнопка "Скрытая кнопка" была нажата.
09.11.2014 12:03:      кнопка "Скрытая кнопка" была нажата.
09.11.2014 12:10:      кнопка "Скрытая кнопка" была нажата.
09.11.2014 12:11:      кнопка "Закрыть сессию" была нажата.
09.11.2014 12:11:      кнопка "Закрыть сессию" была нажата.
09.11.2014 12:16:      Кнопка последние 10 сессий была нажата!
09.11.2014 12:16:      кнопка "Скрытая кнопка" была нажата.
09.11.2014 12:16:      кнопка "Скрытая кнопка" была нажата.
09.11.2014 12:18:      кнопка "Скрытая кнопка" была нажата.
09.11.2014 12:25:      кнопка "Закрыть сессию" была нажата.
09.11.2014 12:25:      В форме "Закрыть" была нажата кнопка "Клиент ушел раньше времени" 
09.11.2014 12:28:      кнопка "Добавить сессию" была нажата.
09.11.2014 12:28:      В форме "Добавить сессию" были загружены дефолтовые значения.
09.11.2014 12:28:      В форме "Добавить сессию" были загружены дефолтовые значения.
09.11.2014 12:28:      В форме "Добавить сессию" было загружено клиент с карточкой.
09.11.2014 12:28:      В форме "Добавить сессию" были загружены дефолтовые значения.
09.11.2014 12:28:      Данные 15 в форме "Добавить сессию"  в поле "Остаток минут" были введены.
09.11.2014 12:28:      Данные 129 в форме "Добавить сессию"  в поле "Оплачено" были введены.
09.11.2014 12:28:      В форме "Добавить сессию" в поле "Остаток часов" было введено 
09.11.2014 12:28:      Данные 20 в форме "Добавить сессию"  в поле "Оплачено" были введены.
09.11.2014 12:28:      Данные 20 в форме "Добавить сессию" были введены данные в поле "Оплачено".
09.11.2014 12:28:      В форме "Добавить сессию" были введены данные в поле Оплачено = 20 сом. Оплаченное время = 00:15:00, на приставку PS4, с Карточкой 0
09.11.2014 12:36:      кнопка "Закрыть сессию" была нажата.
09.11.2014 12:36:      В форме "Закрыть" была нажата кнопка "Клиент ушел раньше времени" 
09.11.2014 12:45:      кнопка "Добавить сессию" была нажата.
09.11.2014 12:45:      В форме "Добавить сессию" были загружены дефолтовые значения.
09.11.2014 12:45:      В форме "Добавить сессию" были загружены дефолтовые значения.
09.11.2014 12:45:      В форме "Добавить сессию" было загружено клиент с карточкой.
09.11.2014 12:45:      В форме "Добавить сессию" были загружены дефолтовые значения.
09.11.2014 12:45:      Данные 30 в форме "Добавить сессию"  в поле "Остаток минут" были введены.
09.11.2014 12:45:      Данные 112 в форме "Добавить сессию"  в поле "Оплачено" были введены.
09.11.2014 12:46:      В форме "Добавить сессию" в поле "Остаток часов" было введено 
09.11.2014 12:46:      Данные 32 в форме "Добавить сессию"  в поле "Оплачено" были введены.
09.11.2014 12:46:      Данные 32 в форме "Добавить сессию" были введены данные в поле "Оплачено".
09.11.2014 12:46:      В форме "Добавить сессию" были введены данные в поле Оплачено = 32 сом. Оплаченное время = 00:30:00, на приставку 4, с Карточкой 0
09.11.2014 12:48:      кнопка "Добавить сессию" была нажата.
09.11.2014 12:48:      В форме "Добавить сессию" были загружены дефолтовые значения.
09.11.2014 12:48:      В форме "Добавить сессию" были загружены дефолтовые значения.
09.11.2014 12:48:      В форме "Добавить сессию" было загружено клиент с карточкой.
09.11.2014 12:48:      В форме "Добавить сессию" были загружены дефолтовые значения.
09.11.2014 12:48:      В форме "Добавить сессию" в поле "Остаток часов" было введено 
09.11.2014 12:48:      Данные 15 в форме "Добавить сессию"  в поле "Остаток минут" были введены.
09.11.2014 12:48:      Данные 22 в форме "Добавить сессию"  в поле "Оплачено" были введены.
09.11.2014 12:48:      Данные 22 в форме "Добавить сессию"  в поле "Оплачено" были введены.
09.11.2014 12:49:      кнопка "Добавить сессию" была нажата.
09.11.2014 12:49:      В форме "Добавить сессию" были загружены дефолтовые значения.
09.11.2014 12:49:      В форме "Добавить сессию" были загружены дефолтовые значения.
09.11.2014 12:49:      В форме "Добавить сессию" было загружено клиент с карточкой.
09.11.2014 12:49:      В форме "Добавить сессию" были загружены дефолтовые значения.
09.11.2014 12:49:      В форме "Добавить сессию" в поле "Остаток часов" было введено 
09.11.2014 12:49:      Данные 15 в форме "Добавить сессию"  в поле "Остаток минут" были введены.
09.11.2014 12:49:      Данные 23 в форме "Добавить сессию"  в поле "Оплачено" были введены.
09.11.2014 12:49:      Данные 23 в форме "Добавить сессию"  в поле "Оплачено" были введены.
09.11.2014 12:49:      В форме "Добавить сессию" были введены данные в поле Оплачено = 23 сом. Оплаченное время = 00:15:00, на приставку PS4, с Карточкой 0
09.11.2014 12:51:      кнопка "Скрытая кнопка" была нажата.
09.11.2014 12:52:      кнопка "Закрыть сессию" была нажата.
09.11.2014 12:52:      кнопка "Добавить сессию" была нажата.
09.11.2014 12:52:      В форме "Добавить сессию" были загружены дефолтовые значения.
09.11.2014 12:52:      В форме "Добавить сессию" были загружены дефолтовые значения.
09.11.2014 12:52:      В форме "Добавить сессию" было загружено клиент с карточкой.
09.11.2014 12:52:      В форме "Добавить сессию" были загружены дефолтовые значения.
09.11.2014 12:52:      В форме "Добавить сессию" в поле "Остаток часов" было введено 
09.11.2014 12:52:      Данные 15 в форме "Добавить сессию"  в поле "Остаток минут" были введены.
09.11.2014 12:52:      Данные 25 в форме "Добавить сессию"  в поле "Оплачено" были введены.
09.11.2014 12:52:      Данные 25 в форме "Добавить сессию"  в поле "Оплачено" были введены.
09.11.2014 12:52:      Данные 25 в форме "Добавить сессию" были введены данные в поле "Оплачено".
09.11.2014 12:52:      В форме "Добавить сессию" были введены данные в поле Оплачено = 25 сом. Оплаченное время = 00:15:00, на приставку PS4, с Карточкой 0
