New file created: 26.07.2014 14:24:11
Author: Kim Viacheslav

кнопка "Скрытая кнопка" была нажата.
26.07.2014 14:26:      кнопка "Добавить сессию" была нажата.
26.07.2014 14:26:      В форме "Добавить сессию" были загружены дефолтовые значения.
26.07.2014 14:26:      В форме "Добавить сессию" были загружены дефолтовые значения.
26.07.2014 14:26:      В форме "Добавить сессию" было загружено клиент с карточкой.
26.07.2014 14:26:      Кнопка "Закрыть" в форме "Добавить сессию" была нажата.
26.07.2014 14:26:      кнопка "Скрытая кнопка" была нажата.
26.07.2014 14:30:      кнопка "Скрытая кнопка" была нажата.
26.07.2014 14:31:      кнопка "Скрытая кнопка" была нажата.
26.07.2014 14:32:      кнопка "Добавить сессию" была нажата.
26.07.2014 14:32:      В форме "Добавить сессию" были загружены дефолтовые значения.
26.07.2014 14:32:      В форме "Добавить сессию" были загружены дефолтовые значения.
26.07.2014 14:32:      В форме "Добавить сессию" было загружено клиент с карточкой.
26.07.2014 14:32:      В форме "Добавить сессию" были загружены дефолтовые значения.
26.07.2014 14:32:      В форме "Добавить сессию" были загружены дефолтовые значения.
26.07.2014 14:32:      В форме "Добавить сессию" были загружены дефолтовые значения.
26.07.2014 14:32:      В форме "Добавить сессию" были загружены дефолтовые значения.
26.07.2014 14:32:      В форме "Добавить сессию" были загружены дефолтовые значения.
26.07.2014 14:32:      Данные 100 в форме "Добавить сессию" были введены данные в поле "Оплачено".
26.07.2014 14:32:      Данные 100 в форме "Добавить сессию" были введены данные в поле "Оплачено".
26.07.2014 14:32:      В форме "Добавить сессию" были введены данные в поле Оплачено = 100 сом. Оплаченное время = 01:15:00, на приставку 5, с Карточкой 0
26.07.2014 14:33:      кнопка "Скрытая кнопка" была нажата.
26.07.2014 14:33:      сообщение "Доступ запрещен" было показано.
26.07.2014 14:33:      Кнопка "Продлить сессию" была нажата.
26.07.2014 14:33:      В форме "Продлить сессию" были введены данные в поле Оплачено = 40 сом. Оплаченное время = 0:30, на приставку 5, с Карточкой Usual Client
26.07.2014 14:33:      В форме "Продлить сессию" была нажата кнопка ОТМЕНА 
26.07.2014 14:33:      Кнопка "Продлить сессию" была нажата.
26.07.2014 14:33:      В форме "Продлить сессию" были введены данные в поле Оплачено = 80 сом. Оплаченное время = 0:30, на приставку 11, с Карточкой Usual Client
26.07.2014 14:33:      В форме "Продлить сессию" была нажата кнопка ОТМЕНА 
26.07.2014 14:33:      Кнопка "Продлить сессию" была нажата.
26.07.2014 14:33:      В форме "Продлить сессию" были введены данные в поле Оплачено = 40 сом. Оплаченное время = 0:30, на приставку 1, с Карточкой Usual Client
26.07.2014 14:33:      В форме "Продлить сессию" была нажата кнопка ОТМЕНА 
26.07.2014 14:33:      Кнопка "Продлить сессию" была нажата.
26.07.2014 14:33:      В форме "Продлить сессию" были введены данные в поле Оплачено = 40 сом. Оплаченное время = 0:30, на приставку 5, с Карточкой Usual Client
26.07.2014 14:33:      В форме "Продлить сессию" была нажата кнопка ОТМЕНА 
26.07.2014 14:33:      Кнопка "Продлить сессию" была нажата.
26.07.2014 14:33:      В форме "Продлить сессию" были введены данные в поле Оплачено = 40 сом. Оплаченное время = 0:30, на приставку 1, с Карточкой Usual Client
26.07.2014 14:33:      В форме "Продлить сессию" была нажата кнопка ОТМЕНА 
26.07.2014 14:34:      кнопка "Скрытая кнопка" была нажата.
26.07.2014 14:34:      кнопка "Скрытая кнопка" была нажата.
26.07.2014 14:35:      кнопка "Добавить сессию" была нажата.
26.07.2014 14:35:      В форме "Добавить сессию" были загружены дефолтовые значения.
26.07.2014 14:35:      В форме "Добавить сессию" были загружены дефолтовые значения.
26.07.2014 14:35:      В форме "Добавить сессию" было загружено клиент с карточкой.
26.07.2014 14:35:      В форме "Добавить сессию" в поле "Остаток часов" было введено 
26.07.2014 14:35:      Данные 30 в форме "Добавить сессию"  в поле "Остаток минут" были введены.
26.07.2014 14:35:      Данные 40 в форме "Добавить сессию"  в поле "Оплачено" были введены.
26.07.2014 14:35:      Данные 40 в форме "Добавить сессию"  в поле "Оплачено" были введены.
26.07.2014 14:35:      Данные 40 в форме "Добавить сессию" были введены данные в поле "Оплачено".
26.07.2014 14:35:      Кнопка "Закрыть" в форме "Добавить сессию" была нажата.
26.07.2014 14:36:      кнопка "Скрытая кнопка" была нажата.
26.07.2014 14:40:      кнопка "Добавить сессию" была нажата.
26.07.2014 14:40:      В форме "Добавить сессию" были загружены дефолтовые значения.
26.07.2014 14:40:      В форме "Добавить сессию" были загружены дефолтовые значения.
26.07.2014 14:40:      В форме "Добавить сессию" было загружено клиент с карточкой.
26.07.2014 14:40:      В форме "Добавить сессию" в поле "Остаток часов" было введено 
26.07.2014 14:40:      Данные 30 в форме "Добавить сессию"  в поле "Остаток минут" были введены.
26.07.2014 14:40:      Данные 40 в форме "Добавить сессию"  в поле "Оплачено" были введены.
26.07.2014 14:40:      Данные 40 в форме "Добавить сессию"  в поле "Оплачено" были введены.
26.07.2014 14:41:      кнопка "Скрытая кнопка" была нажата.
26.07.2014 14:44:      кнопка "Добавить сессию" была нажата.
26.07.2014 14:44:      В форме "Добавить сессию" были загружены дефолтовые значения.
26.07.2014 14:44:      В форме "Добавить сессию" были загружены дефолтовые значения.
26.07.2014 14:44:      В форме "Добавить сессию" было загружено клиент с карточкой.
26.07.2014 14:44:      В форме "Добавить сессию" в поле "Остаток часов" было введено 
26.07.2014 14:44:      Данные 30 в форме "Добавить сессию"  в поле "Остаток минут" были введены.
26.07.2014 14:44:      Данные 40 в форме "Добавить сессию"  в поле "Оплачено" были введены.
26.07.2014 14:44:      Данные 40 в форме "Добавить сессию"  в поле "Оплачено" были введены.
26.07.2014 14:44:      Данные 40 в форме "Добавить сессию" были введены данные в поле "Оплачено".
26.07.2014 14:44:      Кнопка "Закрыть" в форме "Добавить сессию" была нажата.
26.07.2014 14:44:      кнопка "Добавить сессию" была нажата.
26.07.2014 14:44:      В форме "Добавить сессию" были загружены дефолтовые значения.
26.07.2014 14:44:      В форме "Добавить сессию" были загружены дефолтовые значения.
26.07.2014 14:44:      В форме "Добавить сессию" было загружено клиент с карточкой.
26.07.2014 14:44:      В форме "Добавить сессию" в поле "Остаток часов" было введено 
26.07.2014 14:44:      Данные 30 в форме "Добавить сессию"  в поле "Остаток минут" были введены.
26.07.2014 14:44:      Данные 40 в форме "Добавить сессию"  в поле "Оплачено" были введены.
26.07.2014 14:44:      Данные 40 в форме "Добавить сессию"  в поле "Оплачено" были введены.
26.07.2014 14:45:      кнопка "Добавить сессию" была нажата.
26.07.2014 14:45:      В форме "Добавить сессию" были загружены дефолтовые значения.
26.07.2014 14:45:      В форме "Добавить сессию" были загружены дефолтовые значения.
26.07.2014 14:45:      В форме "Добавить сессию" было загружено клиент с карточкой.
26.07.2014 14:45:      В форме "Добавить сессию" в поле "Остаток часов" было введено 
26.07.2014 14:45:      Данные 30 в форме "Добавить сессию"  в поле "Остаток минут" были введены.
26.07.2014 14:45:      Данные 40 в форме "Добавить сессию"  в поле "Оплачено" были введены.
26.07.2014 14:45:      Данные 40 в форме "Добавить сессию"  в поле "Оплачено" были введены.
26.07.2014 14:46:      кнопка "Добавить сессию" была нажата.
26.07.2014 14:46:      В форме "Добавить сессию" были загружены дефолтовые значения.
26.07.2014 14:46:      В форме "Добавить сессию" были загружены дефолтовые значения.
26.07.2014 14:46:      В форме "Добавить сессию" было загружено клиент с карточкой.
26.07.2014 14:46:      В форме "Добавить сессию" в поле "Остаток часов" было введено 
26.07.2014 14:46:      Данные 30 в форме "Добавить сессию"  в поле "Остаток минут" были введены.
26.07.2014 14:46:      Данные 40 в форме "Добавить сессию"  в поле "Оплачено" были введены.
26.07.2014 14:46:      Данные 40 в форме "Добавить сессию"  в поле "Оплачено" были введены.
26.07.2014 14:46:      В форме "Добавить сессию" в поле "Остаток часов" было введено 
26.07.2014 14:47:      Данные 120 в форме "Добавить сессию"  в поле "Оплачено" были введены.
26.07.2014 14:47:      В форме "Добавить сессию" в поле "Остаток часов" было введено 
26.07.2014 14:47:      Данные 40 в форме "Добавить сессию"  в поле "Оплачено" были введены.
26.07.2014 14:47:      В форме "Добавить сессию" в поле "Остаток часов" было введено 
26.07.2014 14:47:      Данные 120 в форме "Добавить сессию"  в поле "Оплачено" были введены.
26.07.2014 14:47:      В форме "Добавить сессию" в поле "Остаток часов" было введено 
26.07.2014 14:47:      Данные 40 в форме "Добавить сессию"  в поле "Оплачено" были введены.
26.07.2014 14:47:      В форме "Добавить сессию" в поле "Остаток часов" было введено 
26.07.2014 14:47:      Данные 120 в форме "Добавить сессию"  в поле "Оплачено" были введены.
26.07.2014 14:47:      В форме "Добавить сессию" в поле "Остаток часов" было введено 
26.07.2014 14:47:      Данные 40 в форме "Добавить сессию"  в поле "Оплачено" были введены.
26.07.2014 14:47:      В форме "Добавить сессию" в поле "Остаток часов" было введено 
26.07.2014 14:47:      Данные 120 в форме "Добавить сессию"  в поле "Оплачено" были введены.
26.07.2014 14:47:      В форме "Добавить сессию" в поле "Остаток часов" было введено 
26.07.2014 14:47:      Данные 40 в форме "Добавить сессию"  в поле "Оплачено" были введены.
26.07.2014 14:47:      В форме "Добавить сессию" в поле "Остаток часов" было введено 
26.07.2014 14:47:      Данные 120 в форме "Добавить сессию"  в поле "Оплачено" были введены.
26.07.2014 14:47:      В форме "Добавить сессию" в поле "Остаток часов" было введено 
26.07.2014 14:47:      Данные 40 в форме "Добавить сессию"  в поле "Оплачено" были введены.
26.07.2014 14:47:      Данные 40 в форме "Добавить сессию" были введены данные в поле "Оплачено".
26.07.2014 14:47:      Кнопка "Закрыть" в форме "Добавить сессию" была нажата.
26.07.2014 14:47:      кнопка "Добавить сессию" была нажата.
26.07.2014 14:47:      В форме "Добавить сессию" были загружены дефолтовые значения.
26.07.2014 14:47:      В форме "Добавить сессию" были загружены дефолтовые значения.
26.07.2014 14:47:      В форме "Добавить сессию" было загружено клиент с карточкой.
26.07.2014 14:47:      В форме "Добавить сессию" в поле "Остаток часов" было введено 
26.07.2014 14:47:      Данные 30 в форме "Добавить сессию"  в поле "Остаток минут" были введены.
26.07.2014 14:47:      Данные 40 в форме "Добавить сессию"  в поле "Оплачено" были введены.
26.07.2014 14:47:      Данные 40 в форме "Добавить сессию"  в поле "Оплачено" были введены.
26.07.2014 14:49:      кнопка "Добавить сессию" была нажата.
26.07.2014 14:49:      В форме "Добавить сессию" были загружены дефолтовые значения.
26.07.2014 14:49:      В форме "Добавить сессию" были загружены дефолтовые значения.
26.07.2014 14:49:      В форме "Добавить сессию" было загружено клиент с карточкой.
26.07.2014 14:49:      В форме "Добавить сессию" в поле "Остаток часов" было введено 
26.07.2014 14:49:      Данные 30 в форме "Добавить сессию"  в поле "Остаток минут" были введены.
26.07.2014 14:49:      Данные 40 в форме "Добавить сессию"  в поле "Оплачено" были введены.
26.07.2014 14:49:      Данные 40 в форме "Добавить сессию"  в поле "Оплачено" были введены.
26.07.2014 14:51:      кнопка "Добавить сессию" была нажата.
26.07.2014 14:51:      В форме "Добавить сессию" были загружены дефолтовые значения.
26.07.2014 14:51:      В форме "Добавить сессию" были загружены дефолтовые значения.
26.07.2014 14:51:      В форме "Добавить сессию" было загружено клиент с карточкой.
26.07.2014 14:51:      В форме "Добавить сессию" в поле "Остаток часов" было введено 
26.07.2014 14:51:      Данные 30 в форме "Добавить сессию"  в поле "Остаток минут" были введены.
26.07.2014 14:51:      Данные 40 в форме "Добавить сессию"  в поле "Оплачено" были введены.
26.07.2014 14:51:      Данные 40 в форме "Добавить сессию"  в поле "Оплачено" были введены.
26.07.2014 14:51:      Данные 40 в форме "Добавить сессию" были введены данные в поле "Оплачено".
26.07.2014 14:51:      В форме "Добавить сессию" в поле "Остаток часов" было введено 
26.07.2014 14:51:      Данные 120 в форме "Добавить сессию"  в поле "Оплачено" были введены.
26.07.2014 14:51:      В форме "Добавить сессию" в поле "Остаток часов" было введено 
26.07.2014 14:51:      Данные 40 в форме "Добавить сессию"  в поле "Оплачено" были введены.
26.07.2014 14:51:      Данные 40 в форме "Добавить сессию" были введены данные в поле "Оплачено".
26.07.2014 14:51:      Кнопка "Закрыть" в форме "Добавить сессию" была нажата.
26.07.2014 14:52:      кнопка "Добавить сессию" была нажата.
26.07.2014 14:52:      В форме "Добавить сессию" были загружены дефолтовые значения.
26.07.2014 14:52:      В форме "Добавить сессию" были загружены дефолтовые значения.
26.07.2014 14:52:      В форме "Добавить сессию" было загружено клиент с карточкой.
26.07.2014 14:52:      В форме "Добавить сессию" в поле "Остаток часов" было введено 
26.07.2014 14:52:      Данные 30 в форме "Добавить сессию"  в поле "Остаток минут" были введены.
26.07.2014 14:52:      Данные 40 в форме "Добавить сессию"  в поле "Оплачено" были введены.
26.07.2014 14:52:      Данные 40 в форме "Добавить сессию"  в поле "Оплачено" были введены.
26.07.2014 14:54:      кнопка "Добавить сессию" была нажата.
26.07.2014 14:54:      В форме "Добавить сессию" были загружены дефолтовые значения.
26.07.2014 14:54:      В форме "Добавить сессию" были загружены дефолтовые значения.
26.07.2014 14:54:      В форме "Добавить сессию" было загружено клиент с карточкой.
26.07.2014 14:54:      В форме "Добавить сессию" в поле "Остаток часов" было введено 
26.07.2014 14:54:      Данные 30 в форме "Добавить сессию"  в поле "Остаток минут" были введены.
26.07.2014 14:54:      Данные 40 в форме "Добавить сессию"  в поле "Оплачено" были введены.
26.07.2014 14:54:      Данные 40 в форме "Добавить сессию"  в поле "Оплачено" были введены.
26.07.2014 14:55:      Данные 40 в форме "Добавить сессию" были введены данные в поле "Оплачено".
26.07.2014 14:55:      Кнопка "Закрыть" в форме "Добавить сессию" была нажата.
26.07.2014 14:55:      кнопка "Скрытая кнопка" была нажата.
26.07.2014 14:56:      кнопка "Добавить сессию" была нажата.
26.07.2014 14:56:      В форме "Добавить сессию" были загружены дефолтовые значения.
26.07.2014 14:56:      В форме "Добавить сессию" были загружены дефолтовые значения.
26.07.2014 14:56:      В форме "Добавить сессию" было загружено клиент с карточкой.
26.07.2014 14:56:      В форме "Добавить сессию" в поле "Остаток часов" было введено 
26.07.2014 14:56:      Данные 30 в форме "Добавить сессию"  в поле "Остаток минут" были введены.
26.07.2014 14:56:      Данные 40 в форме "Добавить сессию"  в поле "Оплачено" были введены.
26.07.2014 14:56:      Данные 40 в форме "Добавить сессию"  в поле "Оплачено" были введены.
26.07.2014 15:34:      кнопка "Добавить сессию" была нажата.
26.07.2014 15:34:      В форме "Добавить сессию" были загружены дефолтовые значения.
26.07.2014 15:34:      В форме "Добавить сессию" были загружены дефолтовые значения.
26.07.2014 15:34:      В форме "Добавить сессию" было загружено клиент с карточкой.
26.07.2014 15:34:      В форме "Добавить сессию" в поле "Остаток часов" было введено 
26.07.2014 15:34:      Данные 30 в форме "Добавить сессию"  в поле "Остаток минут" были введены.
26.07.2014 15:34:      Данные 40 в форме "Добавить сессию"  в поле "Оплачено" были введены.
26.07.2014 15:34:      Данные 40 в форме "Добавить сессию"  в поле "Оплачено" были введены.
26.07.2014 15:34:      кнопка "Добавить сессию" была нажата.
26.07.2014 15:34:      В форме "Добавить сессию" были загружены дефолтовые значения.
26.07.2014 15:34:      В форме "Добавить сессию" были загружены дефолтовые значения.
26.07.2014 15:34:      В форме "Добавить сессию" было загружено клиент с карточкой.
26.07.2014 15:34:      В форме "Добавить сессию" в поле "Остаток часов" было введено 
26.07.2014 15:34:      Данные 30 в форме "Добавить сессию"  в поле "Остаток минут" были введены.
26.07.2014 15:34:      Данные 40 в форме "Добавить сессию"  в поле "Оплачено" были введены.
26.07.2014 15:34:      Данные 40 в форме "Добавить сессию"  в поле "Оплачено" были введены.
26.07.2014 15:35:      кнопка "Добавить сессию" была нажата.
26.07.2014 15:35:      В форме "Добавить сессию" были загружены дефолтовые значения.
26.07.2014 15:35:      В форме "Добавить сессию" были загружены дефолтовые значения.
26.07.2014 15:35:      В форме "Добавить сессию" было загружено клиент с карточкой.
26.07.2014 15:35:      В форме "Добавить сессию" в поле "Остаток часов" было введено 
26.07.2014 15:35:      Данные 30 в форме "Добавить сессию"  в поле "Остаток минут" были введены.
26.07.2014 15:35:      Данные 40 в форме "Добавить сессию"  в поле "Оплачено" были введены.
26.07.2014 15:35:      Данные 40 в форме "Добавить сессию"  в поле "Оплачено" были введены.
26.07.2014 15:35:      Данные 40 в форме "Добавить сессию" были введены данные в поле "Оплачено".
26.07.2014 15:35:      Кнопка "Закрыть" в форме "Добавить сессию" была нажата.
26.07.2014 15:35:      кнопка "Добавить сессию" была нажата.
26.07.2014 15:35:      В форме "Добавить сессию" были загружены дефолтовые значения.
26.07.2014 15:35:      В форме "Добавить сессию" были загружены дефолтовые значения.
26.07.2014 15:35:      В форме "Добавить сессию" было загружено клиент с карточкой.
26.07.2014 15:35:      В форме "Добавить сессию" в поле "Остаток часов" было введено 
26.07.2014 15:35:      Данные 30 в форме "Добавить сессию"  в поле "Остаток минут" были введены.
26.07.2014 15:35:      Данные 40 в форме "Добавить сессию"  в поле "Оплачено" были введены.
26.07.2014 15:35:      Данные 40 в форме "Добавить сессию"  в поле "Оплачено" были введены.
26.07.2014 15:36:      кнопка "Добавить сессию" была нажата.
26.07.2014 15:36:      В форме "Добавить сессию" были загружены дефолтовые значения.
26.07.2014 15:36:      В форме "Добавить сессию" были загружены дефолтовые значения.
26.07.2014 15:36:      В форме "Добавить сессию" было загружено клиент с карточкой.
26.07.2014 15:36:      В форме "Добавить сессию" в поле "Остаток часов" было введено 
26.07.2014 15:36:      Данные 30 в форме "Добавить сессию"  в поле "Остаток минут" были введены.
26.07.2014 15:36:      Данные 40 в форме "Добавить сессию"  в поле "Оплачено" были введены.
26.07.2014 15:36:      Данные 40 в форме "Добавить сессию"  в поле "Оплачено" были введены.
26.07.2014 15:38:      кнопка "Добавить сессию" была нажата.
26.07.2014 15:38:      В форме "Добавить сессию" были загружены дефолтовые значения.
26.07.2014 15:38:      В форме "Добавить сессию" были загружены дефолтовые значения.
26.07.2014 15:38:      В форме "Добавить сессию" было загружено клиент с карточкой.
26.07.2014 15:38:      В форме "Добавить сессию" в поле "Остаток часов" было введено 
26.07.2014 15:38:      Данные 30 в форме "Добавить сессию"  в поле "Остаток минут" были введены.
26.07.2014 15:38:      Данные 40 в форме "Добавить сессию"  в поле "Оплачено" были введены.
26.07.2014 15:38:      Данные 40 в форме "Добавить сессию"  в поле "Оплачено" были введены.
26.07.2014 15:39:      кнопка "Добавить сессию" была нажата.
26.07.2014 15:39:      В форме "Добавить сессию" были загружены дефолтовые значения.
26.07.2014 15:39:      В форме "Добавить сессию" были загружены дефолтовые значения.
26.07.2014 15:39:      В форме "Добавить сессию" было загружено клиент с карточкой.
26.07.2014 15:39:      В форме "Добавить сессию" в поле "Остаток часов" было введено 
26.07.2014 15:39:      Данные 30 в форме "Добавить сессию"  в поле "Остаток минут" были введены.
26.07.2014 15:39:      Данные 40 в форме "Добавить сессию"  в поле "Оплачено" были введены.
26.07.2014 15:39:      Данные 40 в форме "Добавить сессию"  в поле "Оплачено" были введены.
26.07.2014 15:40:      Данные 40 в форме "Добавить сессию" были введены данные в поле "Оплачено".
26.07.2014 15:40:      Кнопка "Закрыть" в форме "Добавить сессию" была нажата.
26.07.2014 15:40:      кнопка "Добавить сессию" была нажата.
26.07.2014 15:40:      В форме "Добавить сессию" были загружены дефолтовые значения.
26.07.2014 15:40:      В форме "Добавить сессию" были загружены дефолтовые значения.
26.07.2014 15:40:      В форме "Добавить сессию" было загружено клиент с карточкой.
26.07.2014 15:40:      В форме "Добавить сессию" в поле "Остаток часов" было введено 
26.07.2014 15:40:      Данные 30 в форме "Добавить сессию"  в поле "Остаток минут" были введены.
26.07.2014 15:40:      Данные 40 в форме "Добавить сессию"  в поле "Оплачено" были введены.
26.07.2014 15:40:      Данные 40 в форме "Добавить сессию"  в поле "Оплачено" были введены.
26.07.2014 15:40:      Данные 40 в форме "Добавить сессию" были введены данные в поле "Оплачено".
26.07.2014 15:40:      Кнопка "Закрыть" в форме "Добавить сессию" была нажата.
26.07.2014 15:40:      кнопка "Добавить сессию" была нажата.
26.07.2014 15:40:      В форме "Добавить сессию" были загружены дефолтовые значения.
26.07.2014 15:40:      В форме "Добавить сессию" были загружены дефолтовые значения.
26.07.2014 15:40:      В форме "Добавить сессию" было загружено клиент с карточкой.
26.07.2014 15:40:      В форме "Добавить сессию" в поле "Остаток часов" было введено 
26.07.2014 15:40:      Данные 30 в форме "Добавить сессию"  в поле "Остаток минут" были введены.
26.07.2014 15:40:      Данные 40 в форме "Добавить сессию"  в поле "Оплачено" были введены.
26.07.2014 15:40:      Данные 40 в форме "Добавить сессию"  в поле "Оплачено" были введены.
26.07.2014 15:40:      В форме "Добавить сессию" в поле "Остаток часов" было введено 
26.07.2014 15:40:      Данные 120 в форме "Добавить сессию"  в поле "Оплачено" были введены.
26.07.2014 15:40:      В форме "Добавить сессию" в поле "Остаток часов" было введено 
26.07.2014 15:40:      Данные 40 в форме "Добавить сессию"  в поле "Оплачено" были введены.
26.07.2014 15:40:      Данные 40 в форме "Добавить сессию" были введены данные в поле "Оплачено".
26.07.2014 15:40:      В форме "Добавить сессию" в поле "Остаток часов" было введено 
26.07.2014 15:40:      Данные 120 в форме "Добавить сессию"  в поле "Оплачено" были введены.
26.07.2014 15:40:      Данные 120 в форме "Добавить сессию" были введены данные в поле "Оплачено".
26.07.2014 15:40:      В форме "Добавить сессию" в поле "Остаток часов" было введено 
26.07.2014 15:40:      Данные 40 в форме "Добавить сессию"  в поле "Оплачено" были введены.
26.07.2014 15:40:      Данные 40 в форме "Добавить сессию" были введены данные в поле "Оплачено".
26.07.2014 15:40:      В форме "Добавить сессию" в поле "Остаток часов" было введено 
26.07.2014 15:40:      Данные 120 в форме "Добавить сессию"  в поле "Оплачено" были введены.
26.07.2014 15:40:      Данные 120 в форме "Добавить сессию" были введены данные в поле "Оплачено".
26.07.2014 15:40:      В форме "Добавить сессию" в поле "Остаток часов" было введено 
26.07.2014 15:40:      Данные 40 в форме "Добавить сессию"  в поле "Оплачено" были введены.
26.07.2014 15:40:      Данные 40 в форме "Добавить сессию" были введены данные в поле "Оплачено".
26.07.2014 15:40:      В форме "Добавить сессию" в поле "Остаток часов" было введено 
26.07.2014 15:40:      Данные 120 в форме "Добавить сессию"  в поле "Оплачено" были введены.
26.07.2014 15:40:      В форме "Добавить сессию" в поле "Остаток часов" было введено 
26.07.2014 15:40:      Данные 40 в форме "Добавить сессию"  в поле "Оплачено" были введены.
26.07.2014 15:40:      Данные 40 в форме "Добавить сессию" были введены данные в поле "Оплачено".
26.07.2014 15:40:      В форме "Добавить сессию" в поле "Остаток часов" было введено 
26.07.2014 15:40:      Данные 120 в форме "Добавить сессию"  в поле "Оплачено" были введены.
26.07.2014 15:40:      В форме "Добавить сессию" в поле "Остаток часов" было введено 
26.07.2014 15:40:      Данные 40 в форме "Добавить сессию"  в поле "Оплачено" были введены.
26.07.2014 15:40:      Данные 40 в форме "Добавить сессию" были введены данные в поле "Оплачено".
26.07.2014 15:41:      В форме "Добавить сессию" в поле "Остаток часов" было введено 
26.07.2014 15:41:      Данные 120 в форме "Добавить сессию"  в поле "Оплачено" были введены.
26.07.2014 15:41:      В форме "Добавить сессию" в поле "Остаток часов" было введено 
26.07.2014 15:41:      Данные 40 в форме "Добавить сессию"  в поле "Оплачено" были введены.
26.07.2014 15:41:      Данные 40 в форме "Добавить сессию" были введены данные в поле "Оплачено".
26.07.2014 15:41:      Кнопка "Закрыть" в форме "Добавить сессию" была нажата.
26.07.2014 15:42:      кнопка "Добавить сессию" была нажата.
26.07.2014 15:42:      В форме "Добавить сессию" были загружены дефолтовые значения.
26.07.2014 15:42:      В форме "Добавить сессию" были загружены дефолтовые значения.
26.07.2014 15:42:      В форме "Добавить сессию" было загружено клиент с карточкой.
26.07.2014 15:42:      В форме "Добавить сессию" в поле "Остаток часов" было введено 
26.07.2014 15:42:      Данные 30 в форме "Добавить сессию"  в поле "Остаток минут" были введены.
26.07.2014 15:42:      Данные 40 в форме "Добавить сессию"  в поле "Оплачено" были введены.
26.07.2014 15:42:      Данные 40 в форме "Добавить сессию"  в поле "Оплачено" были введены.
26.07.2014 15:42:      Данные 40 в форме "Добавить сессию" были введены данные в поле "Оплачено".
26.07.2014 15:42:      Кнопка "Закрыть" в форме "Добавить сессию" была нажата.
26.07.2014 15:43:      кнопка "Добавить сессию" была нажата.
26.07.2014 15:43:      В форме "Добавить сессию" были загружены дефолтовые значения.
26.07.2014 15:43:      В форме "Добавить сессию" были загружены дефолтовые значения.
26.07.2014 15:43:      В форме "Добавить сессию" было загружено клиент с карточкой.
26.07.2014 15:43:      В форме "Добавить сессию" в поле "Остаток часов" было введено 
26.07.2014 15:43:      Данные 30 в форме "Добавить сессию"  в поле "Остаток минут" были введены.
26.07.2014 15:43:      Данные 40 в форме "Добавить сессию"  в поле "Оплачено" были введены.
26.07.2014 15:43:      Данные 40 в форме "Добавить сессию"  в поле "Оплачено" были введены.
26.07.2014 15:43:      Данные 40 в форме "Добавить сессию" были введены данные в поле "Оплачено".
26.07.2014 15:43:      Кнопка "Закрыть" в форме "Добавить сессию" была нажата.
26.07.2014 16:51:      кнопка "Скрытая кнопка" была нажата.
26.07.2014 16:52:      кнопка "Скрытая кнопка" была нажата.
