New file created: 13.11.2014 22:38:35
Author: Kim Viacheslav

кнопка "Добавить сессию" была нажата.
13.11.2014 22:38:      В форме "Добавить сессию" были загружены дефолтовые значения.
13.11.2014 22:38:      В форме "Добавить сессию" были загружены дефолтовые значения.
13.11.2014 22:38:      В форме "Добавить сессию" было загружено клиент с карточкой.
13.11.2014 22:38:      В форме "Добавить сессию" были загружены дефолтовые значения.
13.11.2014 22:38:      В форме "Добавить сессию" в поле "Остаток часов" было введено 
13.11.2014 22:38:      Данные 320 в форме "Добавить сессию"  в поле "Оплачено" были введены.
13.11.2014 22:38:      Данные 320 в форме "Добавить сессию" были введены данные в поле "Оплачено".
13.11.2014 22:38:      В форме "Добавить сессию" в поле "Остаток часов" было введено 
13.11.2014 22:38:      Данные 160 в форме "Добавить сессию"  в поле "Оплачено" были введены.
13.11.2014 22:38:      В форме "Добавить сессию" в поле "Остаток часов" было введено 
13.11.2014 22:38:      Данные 15 в форме "Добавить сессию"  в поле "Остаток минут" были введены.
13.11.2014 22:38:      Данные 40 в форме "Добавить сессию"  в поле "Оплачено" были введены.
13.11.2014 22:38:      Данные 40 в форме "Добавить сессию"  в поле "Оплачено" были введены.
13.11.2014 22:38:      Данные 40 в форме "Добавить сессию" были введены данные в поле "Оплачено".
13.11.2014 22:38:      В форме "Добавить сессию" были введены данные в поле Оплачено = 40 сом. Оплаченное время = 00:15:00, на приставку 9, с Карточкой 0
13.11.2014 22:38:      кнопка "Затраты" была нажата.
13.11.2014 22:39:      кнопка "Смена приставки" была нажата.
13.11.2014 22:39:      В форме смена приставки, была выбрана приставка 1
13.11.2014 22:39:      В форме смена приставки, была нажата кнопка добавить 1
13.11.2014 22:40:      кнопка "Смена приставки" была нажата.
13.11.2014 22:40:      В форме смена приставки, была выбрана приставка 8
13.11.2014 22:40:      В форме смена приставки, была выбрана приставка 9
13.11.2014 22:40:      В форме смена приставки, была нажата кнопка добавить 9
13.11.2014 22:41:      кнопка "Смена приставки" была нажата.
13.11.2014 22:41:      В форме смена приставки, была выбрана приставка 1
13.11.2014 22:41:      В форме смена приставки, была нажата кнопка добавить 1
13.11.2014 22:42:      кнопка "Смена приставки" была нажата.
13.11.2014 22:42:      В форме смена приставки, была выбрана приставка 1
13.11.2014 22:42:      В форме смена приставки, была нажата кнопка добавить 1
13.11.2014 22:42:      кнопка "Смена приставки" была нажата.
13.11.2014 22:42:      В форме смена приставки, была выбрана приставка 8
13.11.2014 22:42:      В форме смена приставки, была выбрана приставка 9
13.11.2014 22:42:      В форме смена приставки, была нажата кнопка добавить 9
13.11.2014 23:06:      кнопка "Добавить сессию" была нажата.
13.11.2014 23:06:      В форме "Добавить сессию" были загружены дефолтовые значения.
13.11.2014 23:06:      В форме "Добавить сессию" были загружены дефолтовые значения.
13.11.2014 23:06:      В форме "Добавить сессию" было загружено клиент с карточкой.
13.11.2014 23:06:      В форме "Добавить сессию" были загружены дефолтовые значения.
13.11.2014 23:06:      В форме "Добавить сессию" в поле "Остаток часов" было введено 
13.11.2014 23:06:      Данные 15 в форме "Добавить сессию"  в поле "Остаток минут" были введены.
13.11.2014 23:06:      Данные 40 в форме "Добавить сессию"  в поле "Оплачено" были введены.
13.11.2014 23:06:      Данные 40 в форме "Добавить сессию"  в поле "Оплачено" были введены.
13.11.2014 23:06:      Данные 40 в форме "Добавить сессию" были введены данные в поле "Оплачено".
13.11.2014 23:06:      В форме "Добавить сессию" были введены данные в поле Оплачено = 40 сом. Оплаченное время = 00:15:00, на приставку 9, с Карточкой 0
13.11.2014 23:07:      кнопка "Смена приставки" была нажата.
13.11.2014 23:07:      В форме смена приставки, была выбрана приставка 1
13.11.2014 23:07:      В форме смена приставки, была нажата кнопка отмена 1
13.11.2014 23:07:      кнопка "Затраты" была нажата.
13.11.2014 23:08:      кнопка "Смена приставки" была нажата.
13.11.2014 23:08:      В форме смена приставки, была выбрана приставка 1
13.11.2014 23:08:      В форме смена приставки, была нажата кнопка добавить 1
13.11.2014 23:10:      кнопка "Смена приставки" была нажата.
13.11.2014 23:10:      В форме смена приставки, была выбрана приставка 7
13.11.2014 23:10:      В форме смена приставки, была выбрана приставка 9
13.11.2014 23:10:      В форме смена приставки, была нажата кнопка добавить 9
