New file created: 24.07.2014 22:17:00
Author: Kim Viacheslav

кнопка "Добавить сессию" была нажата.
24.07.2014 22:17:      В форме "Добавить сессию" были загружены дефолтовые значения.
24.07.2014 22:17:      В форме "Добавить сессию" были загружены дефолтовые значения.
24.07.2014 22:17:      В форме "Добавить сессию" было загружено клиент с карточкой.
24.07.2014 22:17:      В форме "Добавить сессию" были загружены дефолтовые значения.
24.07.2014 22:17:      Данные 300 в форме "Добавить сессию" были введены данные в поле "Оплачено".
24.07.2014 22:18:      Кнопка "Закрыть" в форме "Добавить сессию" была нажата.
24.07.2014 22:18:      кнопка "Добавить сессию" была нажата.
24.07.2014 22:18:      В форме "Добавить сессию" были загружены дефолтовые значения.
24.07.2014 22:18:      В форме "Добавить сессию" были загружены дефолтовые значения.
24.07.2014 22:18:      В форме "Добавить сессию" было загружено клиент с карточкой.
24.07.2014 22:18:      В форме "Добавить сессию" были загружены дефолтовые значения.
24.07.2014 23:14:      кнопка "Скрытая кнопка" была нажата.
24.07.2014 23:14:      В форме "Добавить сессию" были загружены дефолтовые значения.
24.07.2014 23:30:      кнопка "Скрытая кнопка" была нажата.
24.07.2014 23:33:      кнопка "Скрытая кнопка" была нажата.
24.07.2014 23:34:      кнопка "Скрытая кнопка" была нажата.
24.07.2014 23:36:      кнопка "Скрытая кнопка" была нажата.
24.07.2014 23:42:      кнопка "Скрытая кнопка" была нажата.
24.07.2014 23:43:      кнопка "Скрытая кнопка" была нажата.
24.07.2014 23:44:      кнопка "Добавить сессию" была нажата.
24.07.2014 23:44:      В форме "Добавить сессию" были загружены дефолтовые значения.
24.07.2014 23:44:      В форме "Добавить сессию" были загружены дефолтовые значения.
24.07.2014 23:44:      В форме "Добавить сессию" было загружено клиент с карточкой.
24.07.2014 23:44:      Данные 120 в форме "Добавить сессию" были введены данные в поле "Оплачено".
24.07.2014 23:44:      Данные 120 в форме "Добавить сессию" были введены данные в поле "Оплачено".
24.07.2014 23:44:      Данные 120 в форме "Добавить сессию" были введены данные в поле "Оплачено".
24.07.2014 23:44:      В форме "Добавить сессию" были введены данные в поле Оплачено = 120 сом. Оплаченное время = 01:19:00, на приставку 1, с Карточкой 0
24.07.2014 23:50:      кнопка "Добавить сессию" была нажата.
24.07.2014 23:50:      В форме "Добавить сессию" были загружены дефолтовые значения.
24.07.2014 23:50:      В форме "Добавить сессию" были загружены дефолтовые значения.
24.07.2014 23:50:      В форме "Добавить сессию" было загружено клиент с карточкой.
24.07.2014 23:50:      В форме "Добавить сессию" были загружены дефолтовые значения.
24.07.2014 23:50:      Данные 50 в форме "Добавить сессию" были введены данные в поле "Оплачено".
24.07.2014 23:50:      Данные 50 в форме "Добавить сессию" были введены данные в поле "Оплачено".
24.07.2014 23:50:      В форме "Добавить сессию" были введены данные в поле Оплачено = 50 сом. Оплаченное время = 00:33:00, на приставку 6, с Карточкой 0
24.07.2014 23:50:      кнопка "Добавить сессию" была нажата.
24.07.2014 23:50:      В форме "Добавить сессию" были загружены дефолтовые значения.
24.07.2014 23:50:      В форме "Добавить сессию" были загружены дефолтовые значения.
24.07.2014 23:50:      В форме "Добавить сессию" было загружено клиент с карточкой.
24.07.2014 23:50:      Кнопка "Закрыть" в форме "Добавить сессию" была нажата.
24.07.2014 23:50:      кнопка "Скрытая кнопка" была нажата.
24.07.2014 23:55:      кнопка "Скрытая кнопка" была нажата.
