New file created: 06.08.2014 11:25:38
Author: Kim Viacheslav

кнопка "Добавить сессию" была нажата.
06.08.2014 11:25:      В форме "Добавить сессию" были загружены дефолтовые значения.
06.08.2014 11:25:      В форме "Добавить сессию" были загружены дефолтовые значения.
06.08.2014 11:25:      В форме "Добавить сессию" было загружено клиент с карточкой.
06.08.2014 11:25:      Данные 63 в форме "Добавить сессию" были введены данные в поле "Оплачено".
06.08.2014 11:25:      Данные 63 в форме "Добавить сессию" были введены данные в поле "Оплачено".
06.08.2014 11:25:      В форме "Добавить сессию" были введены данные в поле Оплачено = 63 сом. Оплаченное время = 01:15:00, на приставку 2, с Карточкой 0
06.08.2014 11:25:      кнопка "Добавить сессию" была нажата.
06.08.2014 11:25:      В форме "Добавить сессию" были загружены дефолтовые значения.
06.08.2014 11:25:      В форме "Добавить сессию" были загружены дефолтовые значения.
06.08.2014 11:25:      В форме "Добавить сессию" было загружено клиент с карточкой.
06.08.2014 11:25:      Кнопка "Закрыть" в форме "Добавить сессию" была нажата.
06.08.2014 11:25:      кнопка "Смена приставки" была нажата.
06.08.2014 11:25:      В форме смена приставки, была выбрана приставка 3
06.08.2014 11:25:      В форме смена приставки, была нажата кнопка добавить 3
06.08.2014 11:26:      кнопка "Смена приставки" была нажата.
06.08.2014 11:26:      В форме смена приставки, была выбрана приставка 2
06.08.2014 11:26:      В форме смена приставки, была выбрана приставка 7
06.08.2014 11:26:      В форме смена приставки, была нажата кнопка добавить 7
06.08.2014 11:26:      кнопка "Смена приставки" была нажата.
06.08.2014 11:26:      В форме смена приставки, была выбрана приставка 2
06.08.2014 11:26:      В форме смена приставки, была выбрана приставка mVIP8
06.08.2014 11:26:      В форме смена приставки, была нажата кнопка добавить mVIP8
06.08.2014 11:26:      кнопка "Закрыть сессию" была нажата.
06.08.2014 11:26:      кнопка "Затраты" была нажата.
06.08.2014 11:42:      Кнопка "Продлить сессию" была нажата.
06.08.2014 11:42:      В форме "Продлить сессию" были введены данные в поле Оплачено = 32 сом. Оплаченное время = 0:30, на приставку 1, с Карточкой Usual Client
06.08.2014 11:42:      В форме "Продлить сессию" были введены данные в поле время на продление = 0:38
06.08.2014 11:42:      В форме "Продлить сессию" были введены данные в поле Сумма на продление = 43
06.08.2014 11:42:      В форме "Продлить сессию" были введены данные в поле время на продление = 0:51
06.08.2014 11:42:      В форме "Продлить сессию" были введены данные в поле Сумма на продление = 60
06.08.2014 11:42:      В форме "Продлить сессию" была нажата кнопка ОТМЕНА 
06.08.2014 11:43:      кнопка "Закрыть сессию" была нажата.
06.08.2014 11:43:      В форме "Закрыть" была нажата кнопка "Клиент ушел раньше времени" 
06.08.2014 11:43:      кнопка "Добавить сессию" была нажата.
06.08.2014 11:43:      В форме "Добавить сессию" были загружены дефолтовые значения.
06.08.2014 11:43:      В форме "Добавить сессию" были загружены дефолтовые значения.
06.08.2014 11:43:      В форме "Добавить сессию" было загружено клиент с карточкой.
06.08.2014 11:43:      В форме "Добавить сессию" в поле "Остаток часов" было введено 
06.08.2014 11:43:      Данные 30 в форме "Добавить сессию"  в поле "Остаток минут" были введены.
06.08.2014 11:43:      Данные 32 в форме "Добавить сессию"  в поле "Оплачено" были введены.
06.08.2014 11:43:      Данные 32 в форме "Добавить сессию"  в поле "Оплачено" были введены.
06.08.2014 11:43:      Данные 32 в форме "Добавить сессию" были введены данные в поле "Оплачено".
06.08.2014 11:43:      Данные 32 в форме "Добавить сессию" были введены данные в поле "Оплачено".
06.08.2014 11:43:      В форме "Добавить сессию" были введены данные в поле Оплачено = 32 сом. Оплаченное время = 00:38:00, на приставку 1, с Карточкой 0
06.08.2014 11:43:      Кнопка "Продлить сессию" была нажата.
06.08.2014 11:43:      В форме "Продлить сессию" были введены данные в поле Оплачено = 40 сом. Оплаченное время = 0:30, на приставку 1, с Карточкой Usual Client
06.08.2014 11:44:      кнопка "Скрытая кнопка" была нажата.
06.08.2014 11:50:      Кнопка "Продлить сессию" была нажата.
06.08.2014 11:50:      В форме "Продлить сессию" были введены данные в поле Оплачено = 40 сом. Оплаченное время = 0:30, на приставку 1, с Карточкой Usual Client
06.08.2014 11:50:      В форме "Продлить сессию" была нажата кнопка ОТМЕНА 
06.08.2014 11:58:      кнопка "Скрытая кнопка" была нажата.
06.08.2014 12:03:      Кнопка "Продлить сессию" была нажата.
06.08.2014 12:03:      В форме "Продлить сессию" были введены данные в поле Оплачено = 40 сом. Оплаченное время = 0:30, на приставку 1, с Карточкой Usual Client
06.08.2014 12:03:      В форме "Продлить сессию" была нажата кнопка ОТМЕНА 
06.08.2014 12:03:      кнопка "Скрытая кнопка" была нажата.
