New file created: 28.09.2014 10:09:57
Author: Kim Viacheslav

кнопка "Добавить сессию" была нажата.
28.09.2014 10:09:      В форме "Добавить сессию" были загружены дефолтовые значения.
28.09.2014 10:09:      В форме "Добавить сессию" были загружены дефолтовые значения.
28.09.2014 10:09:      В форме "Добавить сессию" было загружено клиент с карточкой.
28.09.2014 10:10:      Данные 71 в форме "Добавить сессию" были введены данные в поле "Оплачено".
28.09.2014 10:10:      Данные 70 в форме "Добавить сессию" были введены данные в поле "Оплачено".
28.09.2014 10:10:      Кнопка "Закрыть" в форме "Добавить сессию" была нажата.
28.09.2014 10:12:      кнопка "Добавить сессию" была нажата.
28.09.2014 10:12:      В форме "Добавить сессию" были загружены дефолтовые значения.
28.09.2014 10:12:      В форме "Добавить сессию" были загружены дефолтовые значения.
28.09.2014 10:12:      В форме "Добавить сессию" было загружено клиент с карточкой.
28.09.2014 10:12:      Данные 71 в форме "Добавить сессию" были введены данные в поле "Оплачено".
28.09.2014 10:12:      Данные 150 в форме "Добавить сессию" были введены данные в поле "Оплачено".
28.09.2014 10:12:      Данные 160 в форме "Добавить сессию" были введены данные в поле "Оплачено".
28.09.2014 10:12:      Данные 250 в форме "Добавить сессию" были введены данные в поле "Оплачено".
28.09.2014 10:12:      Кнопка "Закрыть" в форме "Добавить сессию" была нажата.
28.09.2014 10:12:      кнопка "Добавить сессию" была нажата.
28.09.2014 10:15:      кнопка "Добавить сессию" была нажата.
28.09.2014 10:15:      В форме "Добавить сессию" были загружены дефолтовые значения.
28.09.2014 10:15:      В форме "Добавить сессию" были загружены дефолтовые значения.
28.09.2014 10:15:      В форме "Добавить сессию" было загружено клиент с карточкой.
28.09.2014 10:15:      Кнопка "Закрыть" в форме "Добавить сессию" была нажата.
28.09.2014 10:48:      кнопка "Продать товар" была нажата.
28.09.2014 10:48:      В форме "Продать товар" была нажата кнопка Продать с введеными данными: Товар Кола 0,5 в количестве 1шт. был успешно занесен в список проданных товаров!
28.09.2014 10:50:      кнопка "Добавить сессию" была нажата.
28.09.2014 10:50:      В форме "Добавить сессию" были загружены дефолтовые значения.
28.09.2014 10:50:      В форме "Добавить сессию" были загружены дефолтовые значения.
28.09.2014 10:50:      В форме "Добавить сессию" было загружено клиент с карточкой.
28.09.2014 13:41:      кнопка "Добавить сессию" была нажата.
28.09.2014 13:44:      кнопка "Добавить сессию" была нажата.
28.09.2014 13:45:      кнопка "Добавить сессию" была нажата.
28.09.2014 13:45:      В форме "Добавить сессию" были загружены дефолтовые значения.
28.09.2014 13:45:      В форме "Добавить сессию" были загружены дефолтовые значения.
28.09.2014 13:45:      В форме "Добавить сессию" было загружено клиент с карточкой.
28.09.2014 13:45:      Кнопка "Закрыть" в форме "Добавить сессию" была нажата.
28.09.2014 13:46:      кнопка "Добавить сессию" была нажата.
28.09.2014 13:49:      кнопка "Добавить сессию" была нажата.
28.09.2014 13:49:      В форме "Добавить сессию" были загружены дефолтовые значения.
28.09.2014 13:49:      В форме "Добавить сессию" были загружены дефолтовые значения.
28.09.2014 13:49:      В форме "Добавить сессию" было загружено клиент с карточкой.
28.09.2014 13:49:      Данные 90 в форме "Добавить сессию" были введены данные в поле "Оплачено".
28.09.2014 13:50:      кнопка "Добавить сессию" была нажата.
28.09.2014 13:50:      В форме "Добавить сессию" были загружены дефолтовые значения.
28.09.2014 13:50:      В форме "Добавить сессию" были загружены дефолтовые значения.
28.09.2014 13:50:      В форме "Добавить сессию" было загружено клиент с карточкой.
28.09.2014 13:50:      Данные 150 в форме "Добавить сессию" были введены данные в поле "Оплачено".
28.09.2014 13:50:      Данные 200 в форме "Добавить сессию" были введены данные в поле "Оплачено".
28.09.2014 13:50:      Кнопка "Закрыть" в форме "Добавить сессию" была нажата.
28.09.2014 13:52:      кнопка "Добавить сессию" была нажата.
28.09.2014 13:53:      кнопка "Добавить сессию" была нажата.
28.09.2014 13:53:      В форме "Добавить сессию" были загружены дефолтовые значения.
28.09.2014 13:53:      В форме "Добавить сессию" были загружены дефолтовые значения.
28.09.2014 13:53:      В форме "Добавить сессию" было загружено клиент с карточкой.
28.09.2014 13:53:      Данные 150 в форме "Добавить сессию" были введены данные в поле "Оплачено".
28.09.2014 13:53:      Данные 40 в форме "Добавить сессию"  в поле "Остаток минут" были введены.
28.09.2014 13:53:      Данные 150 в форме "Добавить сессию"  в поле "Оплачено" были введены.
28.09.2014 13:53:      Данные 149 в форме "Добавить сессию" были введены данные в поле "Оплачено".
28.09.2014 13:53:      Данные 150 в форме "Добавить сессию" были введены данные в поле "Оплачено".
28.09.2014 13:53:      Данные 149 в форме "Добавить сессию" были введены данные в поле "Оплачено".
28.09.2014 13:53:      Данные 150 в форме "Добавить сессию" были введены данные в поле "Оплачено".
28.09.2014 15:20:      кнопка "Добавить сессию" была нажата.
28.09.2014 15:20:      В форме "Добавить сессию" были загружены дефолтовые значения.
28.09.2014 15:20:      В форме "Добавить сессию" были загружены дефолтовые значения.
28.09.2014 15:20:      В форме "Добавить сессию" было загружено клиент с карточкой.
28.09.2014 15:20:      Данные 91 в форме "Добавить сессию" были введены данные в поле "Оплачено".
28.09.2014 15:20:      Данные 90 в форме "Добавить сессию" были введены данные в поле "Оплачено".
28.09.2014 15:20:      Кнопка "Закрыть" в форме "Добавить сессию" была нажата.
28.09.2014 15:20:      кнопка "Добавить сессию" была нажата.
28.09.2014 15:20:      В форме "Добавить сессию" были загружены дефолтовые значения.
28.09.2014 15:20:      В форме "Добавить сессию" были загружены дефолтовые значения.
28.09.2014 15:20:      В форме "Добавить сессию" было загружено клиент с карточкой.
28.09.2014 15:20:      Данные 160 в форме "Добавить сессию" были введены данные в поле "Оплачено".
28.09.2014 15:21:      кнопка "Добавить сессию" была нажата.
28.09.2014 15:21:      В форме "Добавить сессию" были загружены дефолтовые значения.
28.09.2014 15:21:      В форме "Добавить сессию" были загружены дефолтовые значения.
28.09.2014 15:21:      В форме "Добавить сессию" было загружено клиент с карточкой.
28.09.2014 15:21:      Данные 150 в форме "Добавить сессию" были введены данные в поле "Оплачено".
28.09.2014 15:36:      кнопка "Добавить сессию" была нажата.
28.09.2014 15:36:      В форме "Добавить сессию" были загружены дефолтовые значения.
28.09.2014 15:36:      В форме "Добавить сессию" были загружены дефолтовые значения.
28.09.2014 15:36:      В форме "Добавить сессию" было загружено клиент с карточкой.
28.09.2014 15:36:      Данные 150 в форме "Добавить сессию" были введены данные в поле "Оплачено".
28.09.2014 15:36:      Данные 40 в форме "Добавить сессию"  в поле "Остаток минут" были введены.
28.09.2014 15:36:      Данные 150 в форме "Добавить сессию"  в поле "Оплачено" были введены.
28.09.2014 15:36:      Данные 90 в форме "Добавить сессию" были введены данные в поле "Оплачено".
28.09.2014 15:36:      Кнопка "Закрыть" в форме "Добавить сессию" была нажата.
28.09.2014 16:00:      кнопка "Добавить сессию" была нажата.
28.09.2014 16:00:      В форме "Добавить сессию" были загружены дефолтовые значения.
28.09.2014 16:00:      В форме "Добавить сессию" были загружены дефолтовые значения.
28.09.2014 16:00:      В форме "Добавить сессию" было загружено клиент с карточкой.
28.09.2014 16:00:      Данные 150 в форме "Добавить сессию" были введены данные в поле "Оплачено".
28.09.2014 16:00:      Данные 40 в форме "Добавить сессию"  в поле "Остаток минут" были введены.
28.09.2014 16:00:      Данные 150 в форме "Добавить сессию"  в поле "Оплачено" были введены.
28.09.2014 16:00:      Данные 90 в форме "Добавить сессию" были введены данные в поле "Оплачено".
28.09.2014 16:00:      Данные 0 в форме "Добавить сессию"  в поле "Остаток минут" были введены.
28.09.2014 16:00:      Данные 90 в форме "Добавить сессию"  в поле "Оплачено" были введены.
28.09.2014 16:00:      Данные 150 в форме "Добавить сессию" были введены данные в поле "Оплачено".
28.09.2014 16:00:      Данные 40 в форме "Добавить сессию"  в поле "Остаток минут" были введены.
28.09.2014 16:00:      Данные 150 в форме "Добавить сессию"  в поле "Оплачено" были введены.
28.09.2014 16:00:      Данные 149 в форме "Добавить сессию" были введены данные в поле "Оплачено".
28.09.2014 16:00:      Данные 39 в форме "Добавить сессию"  в поле "Остаток минут" были введены.
28.09.2014 16:00:      Данные 149 в форме "Добавить сессию"  в поле "Оплачено" были введены.
28.09.2014 16:00:      Данные 150 в форме "Добавить сессию" были введены данные в поле "Оплачено".
28.09.2014 16:00:      Данные 40 в форме "Добавить сессию"  в поле "Остаток минут" были введены.
28.09.2014 16:00:      Данные 150 в форме "Добавить сессию"  в поле "Оплачено" были введены.
28.09.2014 16:01:      Кнопка "Закрыть" в форме "Добавить сессию" была нажата.
28.09.2014 16:01:      кнопка "Добавить сессию" была нажата.
28.09.2014 16:01:      В форме "Добавить сессию" были загружены дефолтовые значения.
28.09.2014 16:01:      В форме "Добавить сессию" были загружены дефолтовые значения.
28.09.2014 16:01:      В форме "Добавить сессию" было загружено клиент с карточкой.
28.09.2014 16:01:      В форме "Добавить сессию" были загружены дефолтовые значения.
28.09.2014 16:01:      Данные 100 в форме "Добавить сессию" были введены данные в поле "Оплачено".
28.09.2014 16:01:      Данные 100 в форме "Добавить сессию" были введены данные в поле "Оплачено".
28.09.2014 16:01:      В форме "Добавить сессию" были введены данные в поле Оплачено = 100 сом. Оплаченное время = 00:42:00, на приставку PS4, с Карточкой 0
28.09.2014 16:02:      кнопка "Добавить сессию" была нажата.
28.09.2014 16:02:      В форме "Добавить сессию" были загружены дефолтовые значения.
28.09.2014 16:02:      В форме "Добавить сессию" были загружены дефолтовые значения.
28.09.2014 16:02:      В форме "Добавить сессию" было загружено клиент с карточкой.
28.09.2014 16:03:      В форме "Добавить сессию" были загружены дефолтовые значения.
28.09.2014 16:03:      В форме "Добавить сессию" в поле "Остаток часов" было введено 
28.09.2014 16:03:      Данные 30 в форме "Добавить сессию"  в поле "Остаток минут" были введены.
28.09.2014 16:03:      Данные 45 в форме "Добавить сессию"  в поле "Оплачено" были введены.
28.09.2014 16:03:      Данные 45 в форме "Добавить сессию"  в поле "Оплачено" были введены.
28.09.2014 16:03:      Данные 45 в форме "Добавить сессию" были введены данные в поле "Оплачено".
28.09.2014 16:03:      В форме "Добавить сессию" были введены данные в поле Оплачено = 45 сом. Оплаченное время = 00:30:00, на приставку 5, с Карточкой 0
28.09.2014 16:35:      кнопка "Добавить сессию" была нажата.
28.09.2014 16:35:      В форме "Добавить сессию" были загружены дефолтовые значения.
28.09.2014 16:35:      В форме "Добавить сессию" были загружены дефолтовые значения.
28.09.2014 16:35:      В форме "Добавить сессию" было загружено клиент с карточкой.
28.09.2014 16:35:      Данные 150 в форме "Добавить сессию" были введены данные в поле "Оплачено".
28.09.2014 16:36:      Кнопка "Закрыть" в форме "Добавить сессию" была нажата.
28.09.2014 17:24:      кнопка "Добавить сессию" была нажата.
28.09.2014 17:24:      В форме "Добавить сессию" были загружены дефолтовые значения.
28.09.2014 17:24:      В форме "Добавить сессию" были загружены дефолтовые значения.
28.09.2014 17:24:      В форме "Добавить сессию" было загружено клиент с карточкой.
28.09.2014 17:24:      В форме "Добавить сессию" были загружены дефолтовые значения.
28.09.2014 17:24:      В форме "Добавить сессию" были загружены дефолтовые значения.
28.09.2014 17:24:      В форме "Добавить сессию" были загружены дефолтовые значения.
28.09.2014 17:25:      В форме "Добавить сессию" были загружены дефолтовые значения.
28.09.2014 17:25:      Данные 80 в форме "Добавить сессию" были введены данные в поле "Оплачено".
28.09.2014 17:25:      Данные 80 в форме "Добавить сессию" были введены данные в поле "Оплачено".
28.09.2014 17:25:      В форме "Добавить сессию" были введены данные в поле Оплачено = 80 сом. Оплаченное время = 00:53:00, на приставку 5, с Карточкой 0
28.09.2014 17:46:      кнопка "Добавить сессию" была нажата.
28.09.2014 17:46:      В форме "Добавить сессию" были загружены дефолтовые значения.
28.09.2014 17:46:      В форме "Добавить сессию" были загружены дефолтовые значения.
28.09.2014 17:46:      В форме "Добавить сессию" было загружено клиент с карточкой.
28.09.2014 17:46:      Кнопка "Закрыть" в форме "Добавить сессию" была нажата.
28.09.2014 17:54:      кнопка "Добавить сессию" была нажата.
28.09.2014 17:54:      В форме "Добавить сессию" были загружены дефолтовые значения.
28.09.2014 17:54:      В форме "Добавить сессию" были загружены дефолтовые значения.
28.09.2014 17:54:      В форме "Добавить сессию" было загружено клиент с карточкой.
28.09.2014 17:54:      Данные 150 в форме "Добавить сессию" были введены данные в поле "Оплачено".
28.09.2014 17:54:      Данные 250 в форме "Добавить сессию" были введены данные в поле "Оплачено".
28.09.2014 17:54:      Данные 260 в форме "Добавить сессию" были введены данные в поле "Оплачено".
28.09.2014 17:54:      кнопка "Добавить сессию" была нажата.
28.09.2014 17:54:      В форме "Добавить сессию" были загружены дефолтовые значения.
28.09.2014 17:54:      В форме "Добавить сессию" были загружены дефолтовые значения.
28.09.2014 17:54:      В форме "Добавить сессию" было загружено клиент с карточкой.
28.09.2014 17:54:      Данные 250 в форме "Добавить сессию" были введены данные в поле "Оплачено".
28.09.2014 17:55:      кнопка "Добавить сессию" была нажата.
28.09.2014 17:56:      В форме "Добавить сессию" были загружены дефолтовые значения.
28.09.2014 17:56:      В форме "Добавить сессию" были загружены дефолтовые значения.
28.09.2014 17:56:      В форме "Добавить сессию" было загружено клиент с карточкой.
28.09.2014 17:56:      В форме "Добавить сессию" были загружены дефолтовые значения.
28.09.2014 17:56:      Данные 90 в форме "Добавить сессию" были введены данные в поле "Оплачено".
28.09.2014 17:56:      В форме "Добавить сессию" были введены данные в поле Оплачено = 90 сом. Оплаченное время = 01:00:00, на приставку 6, с Карточкой 0
28.09.2014 18:00:      кнопка "Добавить сессию" была нажата.
28.09.2014 18:00:      В форме "Добавить сессию" были загружены дефолтовые значения.
28.09.2014 18:00:      В форме "Добавить сессию" были загружены дефолтовые значения.
28.09.2014 18:00:      В форме "Добавить сессию" было загружено клиент с карточкой.
28.09.2014 18:00:      Данные 150 в форме "Добавить сессию" были введены данные в поле "Оплачено".
28.09.2014 18:01:      Данные 250 в форме "Добавить сессию" были введены данные в поле "Оплачено".
28.09.2014 18:01:      В форме "Добавить сессию" были загружены дефолтовые значения.
28.09.2014 18:01:      В форме "Добавить сессию" были загружены дефолтовые значения.
28.09.2014 18:01:      Кнопка "Закрыть" в форме "Добавить сессию" была нажата.
28.09.2014 18:01:      кнопка "Добавить сессию" была нажата.
28.09.2014 18:01:      В форме "Добавить сессию" были загружены дефолтовые значения.
28.09.2014 18:01:      В форме "Добавить сессию" были загружены дефолтовые значения.
28.09.2014 18:01:      В форме "Добавить сессию" было загружено клиент с карточкой.
28.09.2014 18:01:      Данные 150 в форме "Добавить сессию" были введены данные в поле "Оплачено".
28.09.2014 18:01:      Данные 250 в форме "Добавить сессию" были введены данные в поле "Оплачено".
28.09.2014 18:01:      Данные 300 в форме "Добавить сессию" были введены данные в поле "Оплачено".
28.09.2014 18:02:      Данные 350 в форме "Добавить сессию" были введены данные в поле "Оплачено".
28.09.2014 18:02:      Кнопка "Закрыть" в форме "Добавить сессию" была нажата.
28.09.2014 18:02:      кнопка "Добавить сессию" была нажата.
28.09.2014 18:02:      В форме "Добавить сессию" были загружены дефолтовые значения.
28.09.2014 18:02:      В форме "Добавить сессию" были загружены дефолтовые значения.
28.09.2014 18:02:      В форме "Добавить сессию" было загружено клиент с карточкой.
28.09.2014 18:02:      Данные 350 в форме "Добавить сессию" были введены данные в поле "Оплачено".
28.09.2014 18:03:      Данные 450 в форме "Добавить сессию" были введены данные в поле "Оплачено".
28.09.2014 18:03:      Кнопка "Закрыть" в форме "Добавить сессию" была нажата.
28.09.2014 18:07:      кнопка "Добавить сессию" была нажата.
28.09.2014 18:07:      В форме "Добавить сессию" были загружены дефолтовые значения.
28.09.2014 18:07:      В форме "Добавить сессию" были загружены дефолтовые значения.
28.09.2014 18:07:      В форме "Добавить сессию" было загружено клиент с карточкой.
28.09.2014 18:07:      Данные 160 в форме "Добавить сессию" были введены данные в поле "Оплачено".
28.09.2014 18:07:      Данные 250 в форме "Добавить сессию" были введены данные в поле "Оплачено".
28.09.2014 18:07:      Данные 450 в форме "Добавить сессию" были введены данные в поле "Оплачено".
28.09.2014 18:08:      Данные 150 в форме "Добавить сессию" были введены данные в поле "Оплачено".
28.09.2014 18:08:      Данные 90 в форме "Добавить сессию" были введены данные в поле "Оплачено".
28.09.2014 18:08:      Данные 91 в форме "Добавить сессию" были введены данные в поле "Оплачено".
28.09.2014 18:08:      Данные 92 в форме "Добавить сессию" были введены данные в поле "Оплачено".
28.09.2014 18:08:      Данные 150 в форме "Добавить сессию" были введены данные в поле "Оплачено".
28.09.2014 18:09:      кнопка "Добавить сессию" была нажата.
28.09.2014 18:09:      В форме "Добавить сессию" были загружены дефолтовые значения.
28.09.2014 18:09:      В форме "Добавить сессию" были загружены дефолтовые значения.
28.09.2014 18:09:      В форме "Добавить сессию" было загружено клиент с карточкой.
28.09.2014 18:09:      Данные 150 в форме "Добавить сессию" были введены данные в поле "Оплачено".
28.09.2014 18:09:      Кнопка "Закрыть" в форме "Добавить сессию" была нажата.
28.09.2014 18:22:      кнопка "Добавить сессию" была нажата.
28.09.2014 18:22:      В форме "Добавить сессию" были загружены дефолтовые значения.
28.09.2014 18:22:      В форме "Добавить сессию" были загружены дефолтовые значения.
28.09.2014 18:22:      В форме "Добавить сессию" было загружено клиент с карточкой.
28.09.2014 18:22:      Данные 150 в форме "Добавить сессию" были введены данные в поле "Оплачено".
28.09.2014 18:22:      Данные 250 в форме "Добавить сессию" были введены данные в поле "Оплачено".
28.09.2014 18:22:      Данные 251 в форме "Добавить сессию" были введены данные в поле "Оплачено".
28.09.2014 18:22:      Данные 250 в форме "Добавить сессию" были введены данные в поле "Оплачено".
28.09.2014 18:22:      Кнопка "Закрыть" в форме "Добавить сессию" была нажата.
28.09.2014 18:23:      кнопка "Добавить сессию" была нажата.
28.09.2014 18:23:      В форме "Добавить сессию" были загружены дефолтовые значения.
28.09.2014 18:23:      В форме "Добавить сессию" были загружены дефолтовые значения.
28.09.2014 18:23:      В форме "Добавить сессию" было загружено клиент с карточкой.
28.09.2014 18:23:      Данные 150 в форме "Добавить сессию" были введены данные в поле "Оплачено".
28.09.2014 18:23:      Данные 250 в форме "Добавить сессию" были введены данные в поле "Оплачено".
28.09.2014 18:23:      Данные 350 в форме "Добавить сессию" были введены данные в поле "Оплачено".
28.09.2014 18:24:      кнопка "Добавить сессию" была нажата.
28.09.2014 18:24:      В форме "Добавить сессию" были загружены дефолтовые значения.
28.09.2014 18:24:      В форме "Добавить сессию" были загружены дефолтовые значения.
28.09.2014 18:24:      В форме "Добавить сессию" было загружено клиент с карточкой.
28.09.2014 18:24:      Данные 150 в форме "Добавить сессию" были введены данные в поле "Оплачено".
28.09.2014 18:25:      Данные 250 в форме "Добавить сессию" были введены данные в поле "Оплачено".
28.09.2014 18:25:      Данные 350 в форме "Добавить сессию" были введены данные в поле "Оплачено".
28.09.2014 18:25:      кнопка "Добавить сессию" была нажата.
28.09.2014 18:25:      В форме "Добавить сессию" были загружены дефолтовые значения.
28.09.2014 18:25:      В форме "Добавить сессию" были загружены дефолтовые значения.
28.09.2014 18:25:      В форме "Добавить сессию" было загружено клиент с карточкой.
28.09.2014 18:25:      Данные 150 в форме "Добавить сессию" были введены данные в поле "Оплачено".
28.09.2014 18:25:      Данные 350 в форме "Добавить сессию" были введены данные в поле "Оплачено".
28.09.2014 18:25:      Данные 250 в форме "Добавить сессию" были введены данные в поле "Оплачено".
28.09.2014 18:26:      Кнопка "Закрыть" в форме "Добавить сессию" была нажата.
28.09.2014 18:26:      кнопка "Добавить сессию" была нажата.
28.09.2014 18:26:      В форме "Добавить сессию" были загружены дефолтовые значения.
28.09.2014 18:26:      В форме "Добавить сессию" были загружены дефолтовые значения.
28.09.2014 18:26:      В форме "Добавить сессию" было загружено клиент с карточкой.
28.09.2014 18:26:      Кнопка "Закрыть" в форме "Добавить сессию" была нажата.
28.09.2014 18:40:      кнопка "Добавить сессию" была нажата.
28.09.2014 18:40:      В форме "Добавить сессию" были загружены дефолтовые значения.
28.09.2014 18:40:      В форме "Добавить сессию" были загружены дефолтовые значения.
28.09.2014 18:40:      В форме "Добавить сессию" было загружено клиент с карточкой.
28.09.2014 18:40:      Данные 150 в форме "Добавить сессию" были введены данные в поле "Оплачено".
28.09.2014 18:40:      кнопка "Добавить сессию" была нажата.
28.09.2014 18:40:      В форме "Добавить сессию" были загружены дефолтовые значения.
28.09.2014 18:40:      В форме "Добавить сессию" были загружены дефолтовые значения.
28.09.2014 18:40:      В форме "Добавить сессию" было загружено клиент с карточкой.
28.09.2014 18:40:      Данные 150 в форме "Добавить сессию" были введены данные в поле "Оплачено".
28.09.2014 18:41:      кнопка "Закрыть сессию" была нажата.
28.09.2014 18:42:      В форме "Закрыть" была нажата кнопка "Клиент ушел раньше времени" 
28.09.2014 18:42:      кнопка "Добавить сессию" была нажата.
28.09.2014 18:42:      В форме "Добавить сессию" были загружены дефолтовые значения.
28.09.2014 18:42:      В форме "Добавить сессию" были загружены дефолтовые значения.
28.09.2014 18:42:      В форме "Добавить сессию" было загружено клиент с карточкой.
28.09.2014 18:42:      Данные 150 в форме "Добавить сессию" были введены данные в поле "Оплачено".
28.09.2014 18:42:      Данные 250 в форме "Добавить сессию" были введены данные в поле "Оплачено".
28.09.2014 18:43:      кнопка "Добавить сессию" была нажата.
28.09.2014 18:43:      В форме "Добавить сессию" были загружены дефолтовые значения.
28.09.2014 18:43:      В форме "Добавить сессию" были загружены дефолтовые значения.
28.09.2014 18:43:      В форме "Добавить сессию" было загружено клиент с карточкой.
28.09.2014 18:43:      Данные 250 в форме "Добавить сессию" были введены данные в поле "Оплачено".
28.09.2014 18:43:      Данные 150 в форме "Добавить сессию" были введены данные в поле "Оплачено".
28.09.2014 18:43:      Кнопка "Закрыть" в форме "Добавить сессию" была нажата.
28.09.2014 18:59:      кнопка "Добавить сессию" была нажата.
28.09.2014 18:59:      В форме "Добавить сессию" были загружены дефолтовые значения.
28.09.2014 18:59:      В форме "Добавить сессию" были загружены дефолтовые значения.
28.09.2014 18:59:      В форме "Добавить сессию" было загружено клиент с карточкой.
28.09.2014 18:59:      Данные 150 в форме "Добавить сессию" были введены данные в поле "Оплачено".
28.09.2014 18:59:      Данные 250 в форме "Добавить сессию" были введены данные в поле "Оплачено".
28.09.2014 18:59:      Данные 350 в форме "Добавить сессию" были введены данные в поле "Оплачено".
28.09.2014 18:59:      Данные 450 в форме "Добавить сессию" были введены данные в поле "Оплачено".
28.09.2014 18:59:      Данные 451 в форме "Добавить сессию" были введены данные в поле "Оплачено".
28.09.2014 18:59:      Данные 450 в форме "Добавить сессию" были введены данные в поле "Оплачено".
28.09.2014 18:59:      Данные 460 в форме "Добавить сессию" были введены данные в поле "Оплачено".
28.09.2014 19:00:      Данные 150 в форме "Добавить сессию" были введены данные в поле "Оплачено".
28.09.2014 19:00:      кнопка "Добавить сессию" была нажата.
28.09.2014 19:00:      В форме "Добавить сессию" были загружены дефолтовые значения.
28.09.2014 19:00:      В форме "Добавить сессию" были загружены дефолтовые значения.
28.09.2014 19:00:      В форме "Добавить сессию" было загружено клиент с карточкой.
28.09.2014 19:00:      Данные 150 в форме "Добавить сессию" были введены данные в поле "Оплачено".
28.09.2014 19:00:      Данные 250 в форме "Добавить сессию" были введены данные в поле "Оплачено".
28.09.2014 19:00:      Данные 350 в форме "Добавить сессию" были введены данные в поле "Оплачено".
28.09.2014 19:00:      Данные 400 в форме "Добавить сессию" были введены данные в поле "Оплачено".
28.09.2014 19:00:      Данные 150 в форме "Добавить сессию" были введены данные в поле "Оплачено".
28.09.2014 19:00:      Данные 450 в форме "Добавить сессию" были введены данные в поле "Оплачено".
28.09.2014 19:01:      Данные 460 в форме "Добавить сессию" были введены данные в поле "Оплачено".
28.09.2014 19:07:      кнопка "Добавить сессию" была нажата.
28.09.2014 19:07:      В форме "Добавить сессию" были загружены дефолтовые значения.
28.09.2014 19:07:      В форме "Добавить сессию" были загружены дефолтовые значения.
28.09.2014 19:07:      В форме "Добавить сессию" было загружено клиент с карточкой.
28.09.2014 19:07:      В форме "Добавить сессию" было нажато поле "Скидка" 
28.09.2014 19:08:      В форме "Добавить сессию" было загружено клиент с карточкой.
28.09.2014 19:08:      В форме "Добавить сессию" было загружено обычный клиент.
28.09.2014 19:08:      В форме "Добавить сессию" было загружено обычный клиент.
28.09.2014 19:08:      В форме "Добавить сессию" было загружено обычный клиент.
28.09.2014 19:08:      В форме "Добавить сессию" было загружено обычный клиент.
28.09.2014 19:08:      В форме "Добавить сессию" было загружено обычный клиент.
28.09.2014 19:08:      В форме "Добавить сессию" было загружено обычный клиент.
28.09.2014 19:08:      В форме "Добавить сессию" было загружено обычный клиент.
28.09.2014 19:08:      В форме "Добавить сессию" было загружено обычный клиент.
28.09.2014 19:08:      В форме "Добавить сессию" было загружено обычный клиент.
28.09.2014 19:08:      В форме "Добавить сессию" было заполнено поле "Скидка" 0006084594, и выбита скидка в размере 0%
28.09.2014 19:08:      В форме "Добавить сессию" было загружено обычный клиент.
28.09.2014 19:08:      Данные 150 в форме "Добавить сессию" были введены данные в поле "Оплачено".
28.09.2014 19:08:      Данные 500 в форме "Добавить сессию" были введены данные в поле "Оплачено".
28.09.2014 19:08:      Кнопка "Закрыть" в форме "Добавить сессию" была нажата.
28.09.2014 19:08:      кнопка "Добавить сессию" была нажата.
28.09.2014 19:08:      В форме "Добавить сессию" были загружены дефолтовые значения.
28.09.2014 19:08:      В форме "Добавить сессию" были загружены дефолтовые значения.
28.09.2014 19:08:      В форме "Добавить сессию" было загружено клиент с карточкой.
28.09.2014 19:08:      В форме "Добавить сессию" были загружены дефолтовые значения.
28.09.2014 19:08:      Данные 300 в форме "Добавить сессию" были введены данные в поле "Оплачено".
28.09.2014 19:08:      Данные 400 в форме "Добавить сессию" были введены данные в поле "Оплачено".
28.09.2014 19:08:      Данные 600 в форме "Добавить сессию" были введены данные в поле "Оплачено".
28.09.2014 19:09:      Данные 150 в форме "Добавить сессию" были введены данные в поле "Оплачено".
28.09.2014 19:09:      В форме "Добавить сессию" были загружены дефолтовые значения.
28.09.2014 19:09:      Данные 150 в форме "Добавить сессию" были введены данные в поле "Оплачено".
28.09.2014 19:09:      Данные 250 в форме "Добавить сессию" были введены данные в поле "Оплачено".
28.09.2014 19:09:      Данные 450 в форме "Добавить сессию" были введены данные в поле "Оплачено".
28.09.2014 19:14:      кнопка "Добавить сессию" была нажата.
28.09.2014 19:14:      В форме "Добавить сессию" были загружены дефолтовые значения.
28.09.2014 19:14:      В форме "Добавить сессию" были загружены дефолтовые значения.
28.09.2014 19:14:      В форме "Добавить сессию" было загружено клиент с карточкой.
28.09.2014 19:14:      В форме "Добавить сессию" были загружены дефолтовые значения.
28.09.2014 19:14:      Данные 109 в форме "Добавить сессию" были введены данные в поле "Оплачено".
28.09.2014 19:15:      Данные 109 в форме "Добавить сессию" были введены данные в поле "Оплачено".
28.09.2014 19:15:      В форме "Добавить сессию" были введены данные в поле Оплачено = 109 сом. Оплаченное время = 00:59:00, на приставку mVIP8, с Карточкой 0
28.09.2014 19:15:      кнопка "Продать товар" была нажата.
28.09.2014 19:15:      В форме "Продать товар" была нажата кнопка Продать с введеными данными: Товар Фьюс 0,5л в количестве 1шт. был успешно занесен в список проданных товаров!
28.09.2014 19:15:      кнопка "Добавить сессию" была нажата.
28.09.2014 19:15:      В форме "Добавить сессию" были загружены дефолтовые значения.
28.09.2014 19:15:      В форме "Добавить сессию" были загружены дефолтовые значения.
28.09.2014 19:15:      В форме "Добавить сессию" было загружено клиент с карточкой.
28.09.2014 19:15:      Данные 150 в форме "Добавить сессию" были введены данные в поле "Оплачено".
28.09.2014 19:17:      Кнопка "Закрыть" в форме "Добавить сессию" была нажата.
28.09.2014 19:22:      кнопка "Добавить сессию" была нажата.
28.09.2014 19:22:      В форме "Добавить сессию" были загружены дефолтовые значения.
28.09.2014 19:22:      В форме "Добавить сессию" были загружены дефолтовые значения.
28.09.2014 19:22:      В форме "Добавить сессию" было загружено клиент с карточкой.
28.09.2014 19:22:      Данные 150 в форме "Добавить сессию" были введены данные в поле "Оплачено".
28.09.2014 19:22:      Кнопка "Закрыть" в форме "Добавить сессию" была нажата.
28.09.2014 19:22:      кнопка "Добавить сессию" была нажата.
28.09.2014 19:22:      В форме "Добавить сессию" были загружены дефолтовые значения.
28.09.2014 19:22:      В форме "Добавить сессию" были загружены дефолтовые значения.
28.09.2014 19:22:      В форме "Добавить сессию" было загружено клиент с карточкой.
28.09.2014 19:22:      Данные 300 в форме "Добавить сессию" были введены данные в поле "Оплачено".
28.09.2014 19:22:      Кнопка "Закрыть" в форме "Добавить сессию" была нажата.
28.09.2014 19:40:      кнопка "Добавить сессию" была нажата.
28.09.2014 19:40:      В форме "Добавить сессию" были загружены дефолтовые значения.
28.09.2014 19:40:      В форме "Добавить сессию" были загружены дефолтовые значения.
28.09.2014 19:40:      В форме "Добавить сессию" было загружено клиент с карточкой.
28.09.2014 19:40:      Кнопка "Закрыть" в форме "Добавить сессию" была нажата.
28.09.2014 19:40:      кнопка "Добавить сессию" была нажата.
28.09.2014 19:40:      В форме "Добавить сессию" были загружены дефолтовые значения.
28.09.2014 19:41:      В форме "Добавить сессию" были загружены дефолтовые значения.
28.09.2014 19:41:      В форме "Добавить сессию" было загружено клиент с карточкой.
28.09.2014 19:41:      В форме "Добавить сессию" были загружены дефолтовые значения.
28.09.2014 19:41:      Данные 100 в форме "Добавить сессию" были введены данные в поле "Оплачено".
28.09.2014 19:41:      В форме "Добавить сессию" были введены данные в поле Оплачено = 100 сом. Оплаченное время = 01:00:00, на приставку 6, с Карточкой 0
28.09.2014 20:07:      кнопка "Добавить сессию" была нажата.
28.09.2014 20:07:      В форме "Добавить сессию" были загружены дефолтовые значения.
28.09.2014 20:07:      В форме "Добавить сессию" были загружены дефолтовые значения.
28.09.2014 20:07:      В форме "Добавить сессию" было загружено клиент с карточкой.
28.09.2014 20:07:      Данные 150 в форме "Добавить сессию" были введены данные в поле "Оплачено".
28.09.2014 20:07:      Данные 150 в форме "Добавить сессию" были введены данные в поле "Оплачено".
28.09.2014 20:07:      В форме "Добавить сессию" были введены данные в поле Оплачено = 150 сом. Оплаченное время = 01:30:30, на приставку 2, с Карточкой 0
28.09.2014 20:07:      кнопка "Закрыть сессию" была нажата.
28.09.2014 20:07:      кнопка "Затраты" была нажата.
28.09.2014 20:08:      кнопка "Добавить сессию" была нажата.
28.09.2014 20:08:      В форме "Добавить сессию" были загружены дефолтовые значения.
28.09.2014 20:08:      В форме "Добавить сессию" были загружены дефолтовые значения.
28.09.2014 20:08:      В форме "Добавить сессию" было загружено клиент с карточкой.
28.09.2014 20:08:      Данные 150 в форме "Добавить сессию" были введены данные в поле "Оплачено".
28.09.2014 20:08:      Данные 150 в форме "Добавить сессию" были введены данные в поле "Оплачено".
28.09.2014 20:08:      В форме "Добавить сессию" были введены данные в поле Оплачено = 150 сом. Оплаченное время = 01:30:30, на приставку 2, с Карточкой 0
28.09.2014 20:08:      кнопка "Закрыть сессию" была нажата.
28.09.2014 20:09:      кнопка "Добавить сессию" была нажата.
28.09.2014 20:09:      В форме "Добавить сессию" были загружены дефолтовые значения.
28.09.2014 20:09:      В форме "Добавить сессию" были загружены дефолтовые значения.
28.09.2014 20:09:      В форме "Добавить сессию" было загружено клиент с карточкой.
28.09.2014 20:09:      Данные 150 в форме "Добавить сессию" были введены данные в поле "Оплачено".
28.09.2014 20:09:      Данные 150 в форме "Добавить сессию" были введены данные в поле "Оплачено".
28.09.2014 20:10:      кнопка "Добавить сессию" была нажата.
28.09.2014 20:10:      В форме "Добавить сессию" были загружены дефолтовые значения.
28.09.2014 20:10:      В форме "Добавить сессию" были загружены дефолтовые значения.
28.09.2014 20:10:      В форме "Добавить сессию" было загружено клиент с карточкой.
28.09.2014 20:10:      В форме "Добавить сессию" в поле "Остаток часов" было введено 
28.09.2014 20:10:      Данные 30 в форме "Добавить сессию"  в поле "Остаток минут" были введены.
28.09.2014 20:10:      Данные 50 в форме "Добавить сессию"  в поле "Оплачено" были введены.
28.09.2014 20:10:      Данные 50 в форме "Добавить сессию"  в поле "Оплачено" были введены.
28.09.2014 20:10:      Данные 50 в форме "Добавить сессию" были введены данные в поле "Оплачено".
28.09.2014 20:10:      В форме "Добавить сессию" были введены данные в поле Оплачено = 50 сом. Оплаченное время = 00:30:00, на приставку 2, с Карточкой 0
28.09.2014 20:10:      кнопка "Добавить сессию" была нажата.
28.09.2014 20:10:      В форме "Добавить сессию" были загружены дефолтовые значения.
28.09.2014 20:10:      В форме "Добавить сессию" были загружены дефолтовые значения.
28.09.2014 20:10:      В форме "Добавить сессию" было загружено клиент с карточкой.
28.09.2014 20:10:      Данные 150 в форме "Добавить сессию" были введены данные в поле "Оплачено".
28.09.2014 20:11:      Данные 150 в форме "Добавить сессию" были введены данные в поле "Оплачено".
28.09.2014 20:11:      В форме "Добавить сессию" были введены данные в поле Оплачено = 150 сом. Оплаченное время = 02:00:00, на приставку 3, с Карточкой 0
28.09.2014 20:11:      кнопка "Добавить сессию" была нажата.
28.09.2014 20:11:      В форме "Добавить сессию" были загружены дефолтовые значения.
28.09.2014 20:11:      В форме "Добавить сессию" были загружены дефолтовые значения.
28.09.2014 20:11:      В форме "Добавить сессию" было загружено клиент с карточкой.
28.09.2014 20:11:      Кнопка "Закрыть" в форме "Добавить сессию" была нажата.
28.09.2014 20:11:      кнопка "Закрыть сессию" была нажата.
28.09.2014 20:11:      В форме "Закрыть" была нажата кнопка "Клиент ушел раньше времени" 
28.09.2014 20:12:      Кнопка последние 10 сессий была нажата!
28.09.2014 20:16:      кнопка "Добавить сессию" была нажата.
28.09.2014 20:16:      В форме "Добавить сессию" были загружены дефолтовые значения.
28.09.2014 20:16:      В форме "Добавить сессию" были загружены дефолтовые значения.
28.09.2014 20:16:      В форме "Добавить сессию" было загружено клиент с карточкой.
28.09.2014 20:16:      В форме "Добавить сессию" были загружены дефолтовые значения.
28.09.2014 20:16:      Данные 100 в форме "Добавить сессию" были введены данные в поле "Оплачено".
28.09.2014 20:16:      В форме "Добавить сессию" были введены данные в поле Оплачено = 100 сом. Оплаченное время = 01:00:00, на приставку 7, с Карточкой 0
28.09.2014 20:17:      кнопка "Добавить сессию" была нажата.
28.09.2014 20:17:      В форме "Добавить сессию" были загружены дефолтовые значения.
28.09.2014 20:17:      В форме "Добавить сессию" были загружены дефолтовые значения.
28.09.2014 20:17:      В форме "Добавить сессию" было загружено клиент с карточкой.
28.09.2014 20:17:      В форме "Добавить сессию" были загружены дефолтовые значения.
28.09.2014 20:18:      В форме "Добавить сессию" были загружены дефолтовые значения.
28.09.2014 20:18:      Данные 110 в форме "Добавить сессию" были введены данные в поле "Оплачено".
28.09.2014 20:18:      В форме "Добавить сессию" были введены данные в поле Оплачено = 110 сом. Оплаченное время = 01:00:00, на приставку mVIP8, с Карточкой 0
28.09.2014 20:18:      кнопка "Продать товар" была нажата.
28.09.2014 20:18:      В форме "Продать товар" была нажата кнопка Продать с введеными данными: Товар Фьюс 0,5л в количестве 1шт. был успешно занесен в список проданных товаров!
28.09.2014 20:18:      В форме "Продать товар" была нажата кнопка Продать с введеными данными: Товар Сникерс мал в количестве 1шт. был успешно занесен в список проданных товаров!
28.09.2014 20:18:      В форме "Продать товар" была нажата кнопка Продать с введеными данными: Товар Живое 1 л в количестве 1шт. был успешно занесен в список проданных товаров!
28.09.2014 20:18:      кнопка "Бар" была нажата.
28.09.2014 20:19:      кнопка "Добавить сессию" была нажата.
28.09.2014 20:19:      В форме "Добавить сессию" были загружены дефолтовые значения.
28.09.2014 20:19:      В форме "Добавить сессию" были загружены дефолтовые значения.
28.09.2014 20:19:      В форме "Добавить сессию" было загружено клиент с карточкой.
28.09.2014 20:19:      Данные 450 в форме "Добавить сессию" были введены данные в поле "Оплачено".
28.09.2014 20:20:      Кнопка "Закрыть" в форме "Добавить сессию" была нажата.
28.09.2014 20:41:      кнопка "Добавить сессию" была нажата.
28.09.2014 20:41:      В форме "Добавить сессию" были загружены дефолтовые значения.
28.09.2014 20:41:      В форме "Добавить сессию" были загружены дефолтовые значения.
28.09.2014 20:41:      В форме "Добавить сессию" было загружено клиент с карточкой.
28.09.2014 20:41:      В форме "Добавить сессию" были загружены дефолтовые значения.
28.09.2014 20:41:      Данные 200 в форме "Добавить сессию" были введены данные в поле "Оплачено".
28.09.2014 20:43:      Данные 200 в форме "Добавить сессию" были введены данные в поле "Оплачено".
28.09.2014 20:43:      Данные 200 в форме "Добавить сессию" были введены данные в поле "Оплачено".
28.09.2014 20:43:      В форме "Добавить сессию" были введены данные в поле Оплачено = 200 сом. Оплаченное время = 02:20:00, на приставку 8, с Карточкой 0
28.09.2014 20:49:      кнопка "Добавить сессию" была нажата.
28.09.2014 20:49:      В форме "Добавить сессию" были загружены дефолтовые значения.
28.09.2014 20:49:      В форме "Добавить сессию" были загружены дефолтовые значения.
28.09.2014 20:49:      В форме "Добавить сессию" было загружено клиент с карточкой.
28.09.2014 20:49:      В форме "Добавить сессию" были загружены дефолтовые значения.
28.09.2014 20:49:      Данные 200 в форме "Добавить сессию" были введены данные в поле "Оплачено".
28.09.2014 20:49:      Данные 200 в форме "Добавить сессию" были введены данные в поле "Оплачено".
28.09.2014 20:49:      В форме "Добавить сессию" были введены данные в поле Оплачено = 200 сом. Оплаченное время = 02:30:00, на приставку 3, с Карточкой 0
28.09.2014 20:50:      кнопка "Закрыть сессию" была нажата.
28.09.2014 20:50:      кнопка "Добавить сессию" была нажата.
28.09.2014 20:50:      В форме "Добавить сессию" были загружены дефолтовые значения.
28.09.2014 20:50:      В форме "Добавить сессию" были загружены дефолтовые значения.
28.09.2014 20:50:      В форме "Добавить сессию" было загружено клиент с карточкой.
28.09.2014 20:50:      В форме "Добавить сессию" были загружены дефолтовые значения.
28.09.2014 20:50:      Данные 200 в форме "Добавить сессию" были введены данные в поле "Оплачено".
28.09.2014 20:51:      Данные 200 в форме "Добавить сессию" были введены данные в поле "Оплачено".
28.09.2014 20:51:      Данные 200 в форме "Добавить сессию" были введены данные в поле "Оплачено".
28.09.2014 20:51:      Данные 200 в форме "Добавить сессию" были введены данные в поле "Оплачено".
28.09.2014 20:51:      В форме "Добавить сессию" были введены данные в поле Оплачено = 200 сом. Оплаченное время = 02:30:00, на приставку 3, с Карточкой 0
28.09.2014 20:57:      кнопка "Добавить сессию" была нажата.
28.09.2014 20:57:      В форме "Добавить сессию" были загружены дефолтовые значения.
28.09.2014 20:57:      В форме "Добавить сессию" были загружены дефолтовые значения.
28.09.2014 20:57:      В форме "Добавить сессию" было загружено клиент с карточкой.
28.09.2014 20:57:      Данные 50 в форме "Добавить сессию" были введены данные в поле "Оплачено".
28.09.2014 20:57:      Данные 150 в форме "Добавить сессию" были введены данные в поле "Оплачено".
28.09.2014 20:57:      Кнопка "Закрыть" в форме "Добавить сессию" была нажата.
28.09.2014 20:58:      кнопка "Добавить сессию" была нажата.
28.09.2014 20:58:      В форме "Добавить сессию" были загружены дефолтовые значения.
28.09.2014 20:58:      В форме "Добавить сессию" были загружены дефолтовые значения.
28.09.2014 20:58:      В форме "Добавить сессию" было загружено клиент с карточкой.
28.09.2014 20:58:      Данные 150 в форме "Добавить сессию" были введены данные в поле "Оплачено".
28.09.2014 20:58:      кнопка "Смена приставки" была нажата.
28.09.2014 20:58:      В форме смена приставки, была выбрана приставка 1
28.09.2014 20:58:      В форме смена приставки, была нажата кнопка добавить 1
28.09.2014 21:00:      кнопка "Добавить сессию" была нажата.
28.09.2014 21:00:      В форме "Добавить сессию" были загружены дефолтовые значения.
28.09.2014 21:00:      В форме "Добавить сессию" были загружены дефолтовые значения.
28.09.2014 21:00:      В форме "Добавить сессию" было загружено клиент с карточкой.
28.09.2014 21:00:      Данные 150 в форме "Добавить сессию" были введены данные в поле "Оплачено".
28.09.2014 21:00:      Кнопка "Закрыть" в форме "Добавить сессию" была нажата.
28.09.2014 21:01:      кнопка "Добавить сессию" была нажата.
28.09.2014 21:01:      В форме "Добавить сессию" были загружены дефолтовые значения.
28.09.2014 21:01:      В форме "Добавить сессию" были загружены дефолтовые значения.
28.09.2014 21:01:      В форме "Добавить сессию" было загружено клиент с карточкой.
28.09.2014 21:01:      Данные 150 в форме "Добавить сессию" были введены данные в поле "Оплачено".
28.09.2014 21:01:      Кнопка "Закрыть" в форме "Добавить сессию" была нажата.
28.09.2014 21:01:      кнопка "Добавить сессию" была нажата.
28.09.2014 21:01:      В форме "Добавить сессию" были загружены дефолтовые значения.
28.09.2014 21:01:      В форме "Добавить сессию" были загружены дефолтовые значения.
28.09.2014 21:01:      В форме "Добавить сессию" было загружено клиент с карточкой.
28.09.2014 21:01:      Данные 250 в форме "Добавить сессию" были введены данные в поле "Оплачено".
28.09.2014 21:01:      Кнопка "Закрыть" в форме "Добавить сессию" была нажата.
28.09.2014 21:01:      кнопка "Затраты" была нажата.
28.09.2014 21:02:      кнопка "Добавить сессию" была нажата.
28.09.2014 21:02:      В форме "Добавить сессию" были загружены дефолтовые значения.
28.09.2014 21:02:      В форме "Добавить сессию" были загружены дефолтовые значения.
28.09.2014 21:02:      В форме "Добавить сессию" было загружено клиент с карточкой.
28.09.2014 21:02:      Данные 150 в форме "Добавить сессию" были введены данные в поле "Оплачено".
28.09.2014 21:02:      Данные 150 в форме "Добавить сессию" были введены данные в поле "Оплачено".
28.09.2014 21:02:      В форме "Добавить сессию" были введены данные в поле Оплачено = 150 сом. Оплаченное время = 02:00:00, на приставку 2, с Карточкой 0
28.09.2014 21:04:      кнопка "Добавить сессию" была нажата.
28.09.2014 21:04:      В форме "Добавить сессию" были загружены дефолтовые значения.
28.09.2014 21:04:      В форме "Добавить сессию" были загружены дефолтовые значения.
28.09.2014 21:04:      В форме "Добавить сессию" было загружено клиент с карточкой.
28.09.2014 21:04:      Данные 150 в форме "Добавить сессию" были введены данные в поле "Оплачено".
28.09.2014 21:04:      Данные 150 в форме "Добавить сессию" были введены данные в поле "Оплачено".
28.09.2014 21:04:      В форме "Добавить сессию" были введены данные в поле Оплачено = 150 сом. Оплаченное время = 02:00:00, на приставку 3, с Карточкой 0
28.09.2014 21:04:      кнопка "Добавить сессию" была нажата.
28.09.2014 21:04:      В форме "Добавить сессию" были загружены дефолтовые значения.
28.09.2014 21:04:      В форме "Добавить сессию" были загружены дефолтовые значения.
28.09.2014 21:04:      В форме "Добавить сессию" было загружено клиент с карточкой.
28.09.2014 21:04:      Данные 150 в форме "Добавить сессию" были введены данные в поле "Оплачено".
28.09.2014 21:05:      Кнопка "Закрыть" в форме "Добавить сессию" была нажата.
28.09.2014 21:05:      кнопка "Закрыть сессию" была нажата.
28.09.2014 21:05:      кнопка "Закрыть сессию" была нажата.
28.09.2014 21:05:      кнопка "Добавить сессию" была нажата.
28.09.2014 21:05:      В форме "Добавить сессию" были загружены дефолтовые значения.
28.09.2014 21:05:      В форме "Добавить сессию" были загружены дефолтовые значения.
28.09.2014 21:05:      В форме "Добавить сессию" было загружено клиент с карточкой.
28.09.2014 21:05:      Кнопка "Закрыть" в форме "Добавить сессию" была нажата.
28.09.2014 21:05:      кнопка "Добавить сессию" была нажата.
28.09.2014 21:05:      В форме "Добавить сессию" были загружены дефолтовые значения.
28.09.2014 21:05:      В форме "Добавить сессию" были загружены дефолтовые значения.
28.09.2014 21:05:      В форме "Добавить сессию" было загружено клиент с карточкой.
28.09.2014 21:05:      В форме "Добавить сессию" были загружены дефолтовые значения.
28.09.2014 21:05:      Кнопка "Закрыть" в форме "Добавить сессию" была нажата.
28.09.2014 21:05:      кнопка "Добавить сессию" была нажата.
28.09.2014 21:05:      В форме "Добавить сессию" были загружены дефолтовые значения.
28.09.2014 21:05:      В форме "Добавить сессию" были загружены дефолтовые значения.
28.09.2014 21:05:      В форме "Добавить сессию" было загружено клиент с карточкой.
28.09.2014 21:05:      Данные 250 в форме "Добавить сессию" были введены данные в поле "Оплачено".
28.09.2014 21:06:      Данные 250 в форме "Добавить сессию" были введены данные в поле "Оплачено".
28.09.2014 21:06:      В форме "Добавить сессию" были введены данные в поле Оплачено = 250 сом. Оплаченное время = 03:00:00, на приставку 2, с Карточкой 0
28.09.2014 21:06:      кнопка "Бар" была нажата.
28.09.2014 21:06:      кнопка "Закрыть сессию" была нажата.
28.09.2014 21:06:      кнопка "Добавить сессию" была нажата.
28.09.2014 21:06:      В форме "Добавить сессию" были загружены дефолтовые значения.
28.09.2014 21:06:      В форме "Добавить сессию" были загружены дефолтовые значения.
28.09.2014 21:06:      В форме "Добавить сессию" было загружено клиент с карточкой.
28.09.2014 21:06:      В форме "Добавить сессию" были загружены дефолтовые значения.
28.09.2014 21:06:      Данные 250 в форме "Добавить сессию" были введены данные в поле "Оплачено".
28.09.2014 21:06:      Данные 250 в форме "Добавить сессию" были введены данные в поле "Оплачено".
28.09.2014 21:07:      Кнопка "Закрыть" в форме "Добавить сессию" была нажата.
28.09.2014 21:09:      кнопка "Закрыть сессию" была нажата.
28.09.2014 21:09:      В форме "Закрыть" была нажата кнопка "Клиент ушел раньше времени" 
28.09.2014 21:10:      кнопка "Добавить сессию" была нажата.
28.09.2014 21:10:      В форме "Добавить сессию" были загружены дефолтовые значения.
28.09.2014 21:10:      В форме "Добавить сессию" были загружены дефолтовые значения.
28.09.2014 21:10:      В форме "Добавить сессию" было загружено клиент с карточкой.
28.09.2014 21:10:      Данные 250 в форме "Добавить сессию" были введены данные в поле "Оплачено".
28.09.2014 21:11:      кнопка "Добавить сессию" была нажата.
28.09.2014 21:11:      В форме "Добавить сессию" были загружены дефолтовые значения.
28.09.2014 21:11:      В форме "Добавить сессию" были загружены дефолтовые значения.
28.09.2014 21:11:      В форме "Добавить сессию" было загружено клиент с карточкой.
28.09.2014 21:11:      В форме "Добавить сессию" были загружены дефолтовые значения.
28.09.2014 21:11:      Данные 150 в форме "Добавить сессию" были введены данные в поле "Оплачено".
28.09.2014 21:11:      Данные 150 в форме "Добавить сессию" были введены данные в поле "Оплачено".
28.09.2014 21:11:      В форме "Добавить сессию" были введены данные в поле Оплачено = 150 сом. Оплаченное время = 02:00:00, на приставку 3, с Карточкой 0
28.09.2014 21:12:      кнопка "Закрыть сессию" была нажата.
28.09.2014 21:12:      кнопка "Добавить сессию" была нажата.
28.09.2014 21:12:      В форме "Добавить сессию" были загружены дефолтовые значения.
28.09.2014 21:12:      В форме "Добавить сессию" были загружены дефолтовые значения.
28.09.2014 21:12:      В форме "Добавить сессию" было загружено клиент с карточкой.
28.09.2014 21:12:      Данные 150 в форме "Добавить сессию" были введены данные в поле "Оплачено".
28.09.2014 21:12:      Данные 150 в форме "Добавить сессию" были введены данные в поле "Оплачено".
28.09.2014 21:12:      В форме "Добавить сессию" были введены данные в поле Оплачено = 150 сом. Оплаченное время = 02:00:00, на приставку 2, с Карточкой 0
28.09.2014 21:14:      кнопка "Закрыть сессию" была нажата.
28.09.2014 21:14:      кнопка "Добавить сессию" была нажата.
28.09.2014 21:14:      В форме "Добавить сессию" были загружены дефолтовые значения.
28.09.2014 21:14:      В форме "Добавить сессию" были загружены дефолтовые значения.
28.09.2014 21:14:      В форме "Добавить сессию" было загружено клиент с карточкой.
28.09.2014 21:14:      Данные 150 в форме "Добавить сессию" были введены данные в поле "Оплачено".
28.09.2014 21:14:      Данные 150 в форме "Добавить сессию" были введены данные в поле "Оплачено".
28.09.2014 21:14:      В форме "Добавить сессию" были введены данные в поле Оплачено = 150 сом. Оплаченное время = 02:00:00, на приставку 2, с Карточкой 0
28.09.2014 21:14:      кнопка "Закрыть сессию" была нажата.
28.09.2014 21:14:      кнопка "Добавить сессию" была нажата.
28.09.2014 21:14:      В форме "Добавить сессию" были загружены дефолтовые значения.
28.09.2014 21:14:      В форме "Добавить сессию" были загружены дефолтовые значения.
28.09.2014 21:14:      В форме "Добавить сессию" было загружено клиент с карточкой.
28.09.2014 21:15:      В форме "Добавить сессию" были загружены дефолтовые значения.
28.09.2014 21:15:      Данные 250 в форме "Добавить сессию" были введены данные в поле "Оплачено".
28.09.2014 21:15:      Данные 250 в форме "Добавить сессию" были введены данные в поле "Оплачено".
28.09.2014 21:15:      Кнопка "Закрыть" в форме "Добавить сессию" была нажата.
28.09.2014 21:17:      кнопка "Смена приставки" была нажата.
28.09.2014 21:17:      В форме смена приставки, была выбрана приставка 2
28.09.2014 21:17:      В форме смена приставки, была выбрана приставка mVIP8
28.09.2014 21:17:      В форме смена приставки, была нажата кнопка добавить mVIP8
28.09.2014 21:17:      кнопка "Добавить сессию" была нажата.
28.09.2014 21:17:      В форме "Добавить сессию" были загружены дефолтовые значения.
28.09.2014 21:17:      В форме "Добавить сессию" были загружены дефолтовые значения.
28.09.2014 21:17:      В форме "Добавить сессию" было загружено клиент с карточкой.
28.09.2014 21:17:      Кнопка "Закрыть" в форме "Добавить сессию" была нажата.
28.09.2014 21:19:      кнопка "Добавить сессию" была нажата.
28.09.2014 21:19:      В форме "Добавить сессию" были загружены дефолтовые значения.
28.09.2014 21:19:      В форме "Добавить сессию" были загружены дефолтовые значения.
28.09.2014 21:19:      В форме "Добавить сессию" было загружено клиент с карточкой.
28.09.2014 21:19:      В форме "Добавить сессию" были загружены дефолтовые значения.
28.09.2014 21:20:      Кнопка "Закрыть" в форме "Добавить сессию" была нажата.
28.09.2014 21:20:      кнопка "Добавить сессию" была нажата.
28.09.2014 21:20:      В форме "Добавить сессию" были загружены дефолтовые значения.
28.09.2014 21:20:      В форме "Добавить сессию" были загружены дефолтовые значения.
28.09.2014 21:20:      В форме "Добавить сессию" было загружено клиент с карточкой.
28.09.2014 21:20:      В форме "Добавить сессию" были загружены дефолтовые значения.
28.09.2014 21:20:      Данные 160 в форме "Добавить сессию" были введены данные в поле "Оплачено".
28.09.2014 21:20:      В форме "Добавить сессию" были введены данные в поле Оплачено = 160 сом. Оплаченное время = 01:00:00, на приставку PS4, с Карточкой 0
28.09.2014 21:21:      кнопка "Добавить сессию" была нажата.
28.09.2014 21:21:      В форме "Добавить сессию" были загружены дефолтовые значения.
28.09.2014 21:21:      В форме "Добавить сессию" были загружены дефолтовые значения.
28.09.2014 21:21:      В форме "Добавить сессию" было загружено клиент с карточкой.
28.09.2014 21:21:      В форме "Добавить сессию" в поле "Остаток часов" было введено 
28.09.2014 21:21:      Данные 30 в форме "Добавить сессию"  в поле "Остаток минут" были введены.
28.09.2014 21:21:      Данные 50 в форме "Добавить сессию"  в поле "Оплачено" были введены.
28.09.2014 21:21:      Данные 50 в форме "Добавить сессию"  в поле "Оплачено" были введены.
28.09.2014 21:21:      Данные 40 в форме "Добавить сессию"  в поле "Остаток минут" были введены.
28.09.2014 21:21:      Данные 67 в форме "Добавить сессию"  в поле "Оплачено" были введены.
28.09.2014 21:21:      Данные 70 в форме "Добавить сессию" были введены данные в поле "Оплачено".
28.09.2014 21:21:      Данные 70 в форме "Добавить сессию" были введены данные в поле "Оплачено".
28.09.2014 21:21:      В форме "Добавить сессию" были введены данные в поле Оплачено = 70 сом. Оплаченное время = 00:42:00, на приставку 2, с Карточкой 0
28.09.2014 21:23:      кнопка "Добавить сессию" была нажата.
28.09.2014 21:23:      В форме "Добавить сессию" были загружены дефолтовые значения.
28.09.2014 21:23:      В форме "Добавить сессию" были загружены дефолтовые значения.
28.09.2014 21:23:      В форме "Добавить сессию" было загружено клиент с карточкой.
28.09.2014 21:23:      Данные 250 в форме "Добавить сессию" были введены данные в поле "Оплачено".
28.09.2014 21:23:      Данные 250 в форме "Добавить сессию" были введены данные в поле "Оплачено".
28.09.2014 21:23:      Кнопка "Закрыть" в форме "Добавить сессию" была нажата.
28.09.2014 21:24:      кнопка "Добавить сессию" была нажата.
28.09.2014 21:24:      В форме "Добавить сессию" были загружены дефолтовые значения.
28.09.2014 21:24:      В форме "Добавить сессию" были загружены дефолтовые значения.
28.09.2014 21:24:      В форме "Добавить сессию" было загружено клиент с карточкой.
28.09.2014 21:24:      Данные 150 в форме "Добавить сессию" были введены данные в поле "Оплачено".
28.09.2014 21:27:      Кнопка "Закрыть" в форме "Добавить сессию" была нажата.
28.09.2014 21:27:      кнопка "Добавить сессию" была нажата.
28.09.2014 21:27:      В форме "Добавить сессию" были загружены дефолтовые значения.
28.09.2014 21:27:      В форме "Добавить сессию" были загружены дефолтовые значения.
28.09.2014 21:27:      В форме "Добавить сессию" было загружено клиент с карточкой.
28.09.2014 21:27:      Данные 150 в форме "Добавить сессию" были введены данные в поле "Оплачено".
28.09.2014 21:27:      Данные 250 в форме "Добавить сессию" были введены данные в поле "Оплачено".
28.09.2014 21:27:      Данные 250 в форме "Добавить сессию" были введены данные в поле "Оплачено".
28.09.2014 21:27:      кнопка "Добавить сессию" была нажата.
28.09.2014 21:27:      В форме "Добавить сессию" были загружены дефолтовые значения.
28.09.2014 21:27:      В форме "Добавить сессию" были загружены дефолтовые значения.
28.09.2014 21:27:      В форме "Добавить сессию" было загружено клиент с карточкой.
28.09.2014 21:27:      Данные 250 в форме "Добавить сессию" были введены данные в поле "Оплачено".
28.09.2014 21:27:      Данные 250 в форме "Добавить сессию" были введены данные в поле "Оплачено".
28.09.2014 21:28:      кнопка "Добавить сессию" была нажата.
28.09.2014 21:28:      В форме "Добавить сессию" были загружены дефолтовые значения.
28.09.2014 21:28:      В форме "Добавить сессию" были загружены дефолтовые значения.
28.09.2014 21:28:      В форме "Добавить сессию" было загружено клиент с карточкой.
28.09.2014 21:29:      Данные 250 в форме "Добавить сессию" были введены данные в поле "Оплачено".
28.09.2014 21:29:      Данные 250 в форме "Добавить сессию" были введены данные в поле "Оплачено".
28.09.2014 21:30:      кнопка "Добавить сессию" была нажата.
28.09.2014 21:30:      В форме "Добавить сессию" были загружены дефолтовые значения.
28.09.2014 21:30:      В форме "Добавить сессию" были загружены дефолтовые значения.
28.09.2014 21:30:      В форме "Добавить сессию" было загружено клиент с карточкой.
28.09.2014 21:30:      Данные 250 в форме "Добавить сессию" были введены данные в поле "Оплачено".
28.09.2014 21:30:      Данные 250 в форме "Добавить сессию" были введены данные в поле "Оплачено".
28.09.2014 21:30:      Данные 350 в форме "Добавить сессию" были введены данные в поле "Оплачено".
28.09.2014 21:30:      Кнопка "Закрыть" в форме "Добавить сессию" была нажата.
28.09.2014 21:30:      кнопка "Добавить сессию" была нажата.
28.09.2014 21:31:      В форме "Добавить сессию" были загружены дефолтовые значения.
28.09.2014 21:31:      В форме "Добавить сессию" были загружены дефолтовые значения.
28.09.2014 21:31:      В форме "Добавить сессию" было загружено клиент с карточкой.
28.09.2014 21:31:      Данные 250 в форме "Добавить сессию" были введены данные в поле "Оплачено".
28.09.2014 21:31:      Данные 250 в форме "Добавить сессию" были введены данные в поле "Оплачено".
28.09.2014 21:31:      В форме "Добавить сессию" были введены данные в поле Оплачено = 250 сом. Оплаченное время = 02:30:00, на приставку 3, с Карточкой 0
28.09.2014 21:39:      кнопка "Добавить сессию" была нажата.
28.09.2014 21:39:      В форме "Добавить сессию" были загружены дефолтовые значения.
28.09.2014 21:39:      В форме "Добавить сессию" были загружены дефолтовые значения.
28.09.2014 21:39:      В форме "Добавить сессию" было загружено клиент с карточкой.
28.09.2014 21:39:      В форме "Добавить сессию" были загружены дефолтовые значения.
28.09.2014 21:39:      Данные 250 в форме "Добавить сессию" были введены данные в поле "Оплачено".
28.09.2014 21:39:      Данные 250 в форме "Добавить сессию" были введены данные в поле "Оплачено".
28.09.2014 21:39:      В форме "Добавить сессию" были введены данные в поле Оплачено = 250 сом. Оплаченное время = 02:30:00, на приставку 4, с Карточкой 0
28.09.2014 21:41:      кнопка "Добавить сессию" была нажата.
28.09.2014 21:41:      В форме "Добавить сессию" были загружены дефолтовые значения.
28.09.2014 21:41:      В форме "Добавить сессию" были загружены дефолтовые значения.
28.09.2014 21:41:      В форме "Добавить сессию" было загружено клиент с карточкой.
28.09.2014 21:41:      Кнопка "Закрыть" в форме "Добавить сессию" была нажата.
28.09.2014 21:41:      кнопка "Закрыть сессию" была нажата.
28.09.2014 21:41:      кнопка "Добавить сессию" была нажата.
28.09.2014 21:41:      В форме "Добавить сессию" были загружены дефолтовые значения.
28.09.2014 21:41:      В форме "Добавить сессию" были загружены дефолтовые значения.
28.09.2014 21:41:      В форме "Добавить сессию" было загружено клиент с карточкой.
28.09.2014 21:41:      Данные 250 в форме "Добавить сессию" были введены данные в поле "Оплачено".
28.09.2014 21:41:      Данные 250 в форме "Добавить сессию" были введены данные в поле "Оплачено".
28.09.2014 21:41:      В форме "Добавить сессию" были введены данные в поле Оплачено = 250 сом. Оплаченное время = 02:30:00, на приставку 3, с Карточкой 0
28.09.2014 21:42:      кнопка "Добавить сессию" была нажата.
28.09.2014 21:42:      В форме "Добавить сессию" были загружены дефолтовые значения.
28.09.2014 21:42:      В форме "Добавить сессию" были загружены дефолтовые значения.
28.09.2014 21:42:      В форме "Добавить сессию" было загружено клиент с карточкой.
28.09.2014 21:42:      Кнопка "Закрыть" в форме "Добавить сессию" была нажата.
28.09.2014 21:42:      кнопка "Закрыть сессию" была нажата.
28.09.2014 21:42:      кнопка "Добавить сессию" была нажата.
28.09.2014 21:42:      В форме "Добавить сессию" были загружены дефолтовые значения.
28.09.2014 21:42:      В форме "Добавить сессию" были загружены дефолтовые значения.
28.09.2014 21:42:      В форме "Добавить сессию" было загружено клиент с карточкой.
28.09.2014 21:42:      Данные 250 в форме "Добавить сессию" были введены данные в поле "Оплачено".
28.09.2014 21:42:      Данные 250 в форме "Добавить сессию" были введены данные в поле "Оплачено".
28.09.2014 21:42:      В форме "Добавить сессию" были введены данные в поле Оплачено = 250 сом. Оплаченное время = 02:30:00, на приставку 3, с Карточкой 0
28.09.2014 21:42:      кнопка "Продать товар" была нажата.
28.09.2014 21:42:      кнопка "Бар" была нажата.
28.09.2014 21:42:      кнопка "Бар" была нажата.
28.09.2014 21:42:      кнопка "Затраты" была нажата.
28.09.2014 21:43:      кнопка "Добавить сессию" была нажата.
28.09.2014 21:43:      В форме "Добавить сессию" были загружены дефолтовые значения.
28.09.2014 21:43:      В форме "Добавить сессию" были загружены дефолтовые значения.
28.09.2014 21:43:      В форме "Добавить сессию" было загружено клиент с карточкой.
28.09.2014 21:43:      Кнопка "Закрыть" в форме "Добавить сессию" была нажата.
28.09.2014 21:43:      кнопка "Закрыть сессию" была нажата.
28.09.2014 21:43:      кнопка "Добавить сессию" была нажата.
28.09.2014 21:43:      В форме "Добавить сессию" были загружены дефолтовые значения.
28.09.2014 21:43:      В форме "Добавить сессию" были загружены дефолтовые значения.
28.09.2014 21:43:      В форме "Добавить сессию" было загружено клиент с карточкой.
28.09.2014 21:43:      В форме "Добавить сессию" были загружены дефолтовые значения.
28.09.2014 21:43:      Данные 100 в форме "Добавить сессию" были введены данные в поле "Оплачено".
28.09.2014 21:43:      В форме "Добавить сессию" были введены данные в поле Оплачено = 100 сом. Оплаченное время = 01:00:00, на приставку 4, с Карточкой 0
28.09.2014 21:43:      кнопка "Добавить сессию" была нажата.
28.09.2014 21:43:      В форме "Добавить сессию" были загружены дефолтовые значения.
28.09.2014 21:43:      В форме "Добавить сессию" были загружены дефолтовые значения.
28.09.2014 21:43:      В форме "Добавить сессию" было загружено клиент с карточкой.
28.09.2014 21:43:      Данные 350 в форме "Добавить сессию" были введены данные в поле "Оплачено".
28.09.2014 21:43:      Данные 350 в форме "Добавить сессию" были введены данные в поле "Оплачено".
28.09.2014 21:43:      В форме "Добавить сессию" были введены данные в поле Оплачено = 350 сом. Оплаченное время = 03:30:00, на приставку 3, с Карточкой 0
28.09.2014 21:43:      кнопка "Продать товар" была нажата.
28.09.2014 21:43:      кнопка "Бар" была нажата.
28.09.2014 21:45:      кнопка "Добавить сессию" была нажата.
28.09.2014 21:45:      В форме "Добавить сессию" были загружены дефолтовые значения.
28.09.2014 21:45:      В форме "Добавить сессию" были загружены дефолтовые значения.
28.09.2014 21:45:      В форме "Добавить сессию" было загружено клиент с карточкой.
28.09.2014 21:45:      Кнопка "Закрыть" в форме "Добавить сессию" была нажата.
28.09.2014 21:46:      кнопка "Добавить сессию" была нажата.
28.09.2014 21:46:      В форме "Добавить сессию" были загружены дефолтовые значения.
28.09.2014 21:46:      В форме "Добавить сессию" были загружены дефолтовые значения.
28.09.2014 21:46:      В форме "Добавить сессию" было загружено клиент с карточкой.
28.09.2014 21:46:      Данные 400 в форме "Добавить сессию" были введены данные в поле "Оплачено".
28.09.2014 21:46:      Данные 400 в форме "Добавить сессию" были введены данные в поле "Оплачено".
28.09.2014 21:46:      В форме "Добавить сессию" были введены данные в поле Оплачено = 400 сом. Оплаченное время = 04:00:00, на приставку 5, с Карточкой 0
28.09.2014 21:47:      кнопка "Бар" была нажата.
28.09.2014 21:47:      кнопка "Закрыть сессию" была нажата.
28.09.2014 21:47:      кнопка "Добавить сессию" была нажата.
28.09.2014 21:47:      В форме "Добавить сессию" были загружены дефолтовые значения.
28.09.2014 21:47:      В форме "Добавить сессию" были загружены дефолтовые значения.
28.09.2014 21:47:      В форме "Добавить сессию" было загружено клиент с карточкой.
28.09.2014 21:47:      Кнопка "Закрыть" в форме "Добавить сессию" была нажата.
