New file created: 15.11.2014 14:19:48
Author: Kim Viacheslav

Кнопка "Продлить сессию" была нажата.
15.11.2014 14:19:      В форме "Продлить сессию" были введены данные в поле время на продление = 0:30
15.11.2014 14:19:      В форме "Продлить сессию" были введены данные в поле Сумма на продление = 75
15.11.2014 14:19:      В форме "Продлить сессию" были введены данные в поле Оплачено = 75 сом. Оплаченное время = 0:30, на приставку 11, с Карточкой Usual Client
15.11.2014 14:19:      В форме "Продлить сессию" была нажата кнопка ОТМЕНА 
15.11.2014 14:19:      кнопка "Смена приставки" была нажата.
15.11.2014 14:19:      В форме смена приставки, была выбрана приставка 2
15.11.2014 14:19:      В форме смена приставки, была нажата кнопка добавить 2
15.11.2014 14:21:      кнопка "Добавить сессию" была нажата.
15.11.2014 14:21:      В форме "Добавить сессию" были загружены дефолтовые значения.
15.11.2014 14:21:      В форме "Добавить сессию" были загружены дефолтовые значения.
15.11.2014 14:21:      В форме "Добавить сессию" было загружено клиент с карточкой.
15.11.2014 14:21:      В форме "Добавить сессию" были загружены дефолтовые значения.
15.11.2014 14:21:      Данные 150 в форме "Добавить сессию" были введены данные в поле "Оплачено".
15.11.2014 14:21:      В форме "Добавить сессию" были введены данные в поле Оплачено = 150 сом. Оплаченное время = 01:00:00, на приставку 11, с Карточкой 0
15.11.2014 14:21:      кнопка "Добавить сессию" была нажата.
15.11.2014 14:21:      В форме "Добавить сессию" были загружены дефолтовые значения.
15.11.2014 14:21:      В форме "Добавить сессию" были загружены дефолтовые значения.
15.11.2014 14:21:      В форме "Добавить сессию" было загружено клиент с карточкой.
15.11.2014 14:21:      В форме "Добавить сессию" были загружены дефолтовые значения.
15.11.2014 14:21:      Данные 150 в форме "Добавить сессию" были введены данные в поле "Оплачено".
15.11.2014 14:21:      В форме "Добавить сессию" были введены данные в поле Оплачено = 150 сом. Оплаченное время = 01:00:00, на приставку 9, с Карточкой 0
15.11.2014 14:21:      кнопка "Затраты" была нажата.
15.11.2014 14:26:      кнопка "Смена приставки" была нажата.
15.11.2014 14:26:      В форме смена приставки, была выбрана приставка 3
15.11.2014 14:26:      В форме смена приставки, была нажата кнопка добавить 3
15.11.2014 14:59:      кнопка "Смена приставки" была нажата.
15.11.2014 14:59:      В форме смена приставки, была выбрана приставка 1
15.11.2014 14:59:      В форме смена приставки, была нажата кнопка отмена 1
15.11.2014 14:59:      кнопка "Смена" была нажата.
15.11.2014 15:00:      кнопка "Добавить сессию" была нажата.
15.11.2014 15:00:      В форме "Добавить сессию" были загружены дефолтовые значения.
15.11.2014 15:00:      В форме "Добавить сессию" были загружены дефолтовые значения.
15.11.2014 15:00:      В форме "Добавить сессию" было загружено клиент с карточкой.
15.11.2014 15:00:      В форме "Добавить сессию" были загружены дефолтовые значения.
15.11.2014 15:00:      Данные 120 в форме "Добавить сессию" были введены данные в поле "Оплачено".
15.11.2014 15:00:      Данные 120 в форме "Добавить сессию" были введены данные в поле "Оплачено".
15.11.2014 15:00:      В форме "Добавить сессию" были введены данные в поле Оплачено = 120 сом. Оплаченное время = 00:55:00, на приставку PS4, с Карточкой 0
15.11.2014 15:00:      кнопка "Продать товар" была нажата.
15.11.2014 15:00:      В форме "Продать товар" была нажата кнопка Продать с введеными данными: Товар Пико 0,5 л в количестве 1шт. был успешно занесен в список проданных товаров!
15.11.2014 15:00:      кнопка "Смена" была нажата.
15.11.2014 15:14:      кнопка "Добавить сессию" была нажата.
15.11.2014 15:14:      В форме "Добавить сессию" были загружены дефолтовые значения.
15.11.2014 15:14:      В форме "Добавить сессию" были загружены дефолтовые значения.
15.11.2014 15:14:      В форме "Добавить сессию" было загружено клиент с карточкой.
15.11.2014 15:14:      В форме "Добавить сессию" были загружены дефолтовые значения.
15.11.2014 15:14:      В форме "Добавить сессию" были загружены дефолтовые значения.
15.11.2014 15:14:      Данные 150 в форме "Добавить сессию" были введены данные в поле "Оплачено".
15.11.2014 15:14:      В форме "Добавить сессию" были введены данные в поле Оплачено = 150 сом. Оплаченное время = 01:00:00, на приставку 9, с Карточкой 0
15.11.2014 15:17:      кнопка "Добавить сессию" была нажата.
15.11.2014 15:17:      В форме "Добавить сессию" были загружены дефолтовые значения.
15.11.2014 15:17:      В форме "Добавить сессию" были загружены дефолтовые значения.
15.11.2014 15:17:      В форме "Добавить сессию" было загружено клиент с карточкой.
15.11.2014 15:18:      В форме "Добавить сессию" были загружены дефолтовые значения.
15.11.2014 15:18:      Данные 100 в форме "Добавить сессию" были введены данные в поле "Оплачено".
15.11.2014 15:18:      Данные 100 в форме "Добавить сессию" были введены данные в поле "Оплачено".
15.11.2014 15:18:      В форме "Добавить сессию" были введены данные в поле Оплачено = 100 сом. Оплаченное время = 01:07:00, на приставку mVIP3, с Карточкой 0
15.11.2014 15:18:      кнопка "Продать товар" была нажата.
15.11.2014 15:18:      В форме "Продать товар" была нажата кнопка Продать с введеными данными: Товар Кола 1л в количестве 1шт. был успешно занесен в список проданных товаров!
15.11.2014 15:18:      кнопка "Затраты" была нажата.
15.11.2014 15:21:      кнопка "Смена приставки" была нажата.
15.11.2014 15:21:      В форме смена приставки, была выбрана приставка 6
15.11.2014 15:21:      В форме смена приставки, была выбрана приставка mVIP1
15.11.2014 15:21:      В форме смена приставки, была нажата кнопка добавить mVIP1
15.11.2014 15:23:      кнопка "Смена приставки" была нажата.
15.11.2014 15:23:      В форме смена приставки, была выбрана приставка 6
15.11.2014 15:23:      В форме смена приставки, была выбрана приставка 9
15.11.2014 15:23:      В форме смена приставки, была нажата кнопка добавить 9
15.11.2014 15:24:      кнопка "Смена приставки" была нажата.
15.11.2014 15:24:      В форме смена приставки, была выбрана приставка 6
15.11.2014 15:24:      В форме смена приставки, была нажата кнопка добавить 6
15.11.2014 15:25:      кнопка "Смена приставки" была нажата.
15.11.2014 15:25:      В форме смена приставки, была выбрана приставка 9
15.11.2014 15:25:      В форме смена приставки, была нажата кнопка добавить 9
15.11.2014 15:26:      кнопка "Смена приставки" была нажата.
15.11.2014 15:26:      В форме смена приставки, была выбрана приставка 6
15.11.2014 15:26:      В форме смена приставки, была нажата кнопка добавить 6
15.11.2014 15:26:      кнопка "Смена приставки" была нажата.
15.11.2014 15:26:      В форме смена приставки, была выбрана приставка 9
15.11.2014 15:26:      В форме смена приставки, была нажата кнопка добавить 9
15.11.2014 15:33:      кнопка "Добавить сессию" была нажата.
15.11.2014 15:33:      В форме "Добавить сессию" были загружены дефолтовые значения.
15.11.2014 15:33:      В форме "Добавить сессию" были загружены дефолтовые значения.
15.11.2014 15:33:      В форме "Добавить сессию" было загружено клиент с карточкой.
15.11.2014 15:33:      В форме "Добавить сессию" были загружены дефолтовые значения.
15.11.2014 15:33:      Данные 90 в форме "Добавить сессию" были введены данные в поле "Оплачено".
15.11.2014 15:33:      В форме "Добавить сессию" были введены данные в поле Оплачено = 90 сом. Оплаченное время = 01:00:00, на приставку mVIP5, с Карточкой 0
15.11.2014 15:34:      кнопка "Закрыть сессию" была нажата.
15.11.2014 15:34:      кнопка "Закрыть сессию" была нажата.
15.11.2014 15:34:      кнопка "Смена приставки" была нажата.
15.11.2014 15:35:      В форме смена приставки, была выбрана приставка 6
15.11.2014 15:35:      В форме смена приставки, была выбрана приставка mVIP1
15.11.2014 15:35:      В форме смена приставки, была нажата кнопка добавить mVIP1
15.11.2014 15:36:      Кнопка "Продлить сессию" была нажата.
15.11.2014 15:36:      В форме "Продлить сессию" были введены данные в поле время на продление = 0:30
15.11.2014 15:36:      В форме "Продлить сессию" были введены данные в поле Сумма на продление = 45
15.11.2014 15:36:      В форме "Продлить сессию" были введены данные в поле Оплачено = 45 сом. Оплаченное время = 0:30, на приставку mVIP8, с Карточкой Usual Client
15.11.2014 15:36:      В форме "Продлить сессию" были введены данные в поле время на продление = 1:7
15.11.2014 15:36:      В форме "Продлить сессию" были введены данные в поле Сумма на продление = 100
15.11.2014 15:40:      кнопка "Добавить сессию" была нажата.
15.11.2014 15:40:      В форме "Добавить сессию" были загружены дефолтовые значения.
15.11.2014 15:40:      В форме "Добавить сессию" были загружены дефолтовые значения.
15.11.2014 15:40:      В форме "Добавить сессию" было загружено клиент с карточкой.
15.11.2014 15:40:      В форме "Добавить сессию" были загружены дефолтовые значения.
15.11.2014 15:40:      Данные 90 в форме "Добавить сессию" были введены данные в поле "Оплачено".
15.11.2014 15:40:      В форме "Добавить сессию" были введены данные в поле Оплачено = 90 сом. Оплаченное время = 01:00:00, на приставку mVIP4, с Карточкой 0
15.11.2014 15:43:      кнопка "Добавить сессию" была нажата.
15.11.2014 15:43:      В форме "Добавить сессию" были загружены дефолтовые значения.
15.11.2014 15:43:      В форме "Добавить сессию" были загружены дефолтовые значения.
15.11.2014 15:43:      В форме "Добавить сессию" было загружено клиент с карточкой.
15.11.2014 15:43:      В форме "Добавить сессию" в поле "Остаток часов" было введено 
15.11.2014 15:43:      Данные 15 в форме "Добавить сессию"  в поле "Остаток минут" были введены.
15.11.2014 15:43:      Данные 20 в форме "Добавить сессию"  в поле "Оплачено" были введены.
15.11.2014 15:43:      Данные 20 в форме "Добавить сессию"  в поле "Оплачено" были введены.
15.11.2014 15:43:      Кнопка "Закрыть" в форме "Добавить сессию" была нажата.
15.11.2014 15:43:      Кнопка "Продлить сессию" была нажата.
15.11.2014 15:43:      В форме "Продлить сессию" были введены данные в поле время на продление = 0:30
15.11.2014 15:43:      В форме "Продлить сессию" были введены данные в поле Сумма на продление = 40
15.11.2014 15:43:      В форме "Продлить сессию" были введены данные в поле Оплачено = 40 сом. Оплаченное время = 0:30, на приставку 2, с Карточкой Usual Client
15.11.2014 15:43:      В форме "Продлить сессию" были введены данные в поле время на продление = 0:40
15.11.2014 15:43:      В форме "Продлить сессию" были введены данные в поле Сумма на продление = 54
15.11.2014 15:43:      В форме "Продлить сессию" были введены данные в поле время на продление = 0:30
15.11.2014 15:43:      В форме "Продлить сессию" были введены данные в поле Сумма на продление = 40
15.11.2014 15:48:      кнопка "Добавить сессию" была нажата.
15.11.2014 15:48:      В форме "Добавить сессию" были загружены дефолтовые значения.
15.11.2014 15:48:      В форме "Добавить сессию" были загружены дефолтовые значения.
15.11.2014 15:48:      В форме "Добавить сессию" было загружено клиент с карточкой.
15.11.2014 15:48:      Кнопка "Закрыть" в форме "Добавить сессию" была нажата.
15.11.2014 15:48:      кнопка "Закрыть сессию" была нажата.
15.11.2014 15:49:      кнопка "Добавить сессию" была нажата.
15.11.2014 15:49:      В форме "Добавить сессию" были загружены дефолтовые значения.
15.11.2014 15:49:      В форме "Добавить сессию" были загружены дефолтовые значения.
15.11.2014 15:49:      В форме "Добавить сессию" было загружено клиент с карточкой.
15.11.2014 15:49:      В форме "Добавить сессию" были загружены дефолтовые значения.
15.11.2014 15:49:      Данные 150 в форме "Добавить сессию" были введены данные в поле "Оплачено".
15.11.2014 15:49:      В форме "Добавить сессию" были введены данные в поле Оплачено = 150 сом. Оплаченное время = 01:00:00, на приставку 9, с Карточкой 0
15.11.2014 15:49:      кнопка "Затраты" была нажата.
15.11.2014 15:50:      кнопка "Смена приставки" была нажата.
15.11.2014 15:50:      В форме смена приставки, была выбрана приставка 6
15.11.2014 15:50:      В форме смена приставки, была нажата кнопка добавить 6
15.11.2014 15:51:      Кнопка "Продлить сессию" была нажата.
15.11.2014 15:51:      В форме "Продлить сессию" были введены данные в поле время на продление = 0:30
15.11.2014 15:51:      В форме "Продлить сессию" были введены данные в поле Сумма на продление = 45
15.11.2014 15:51:      В форме "Продлить сессию" были введены данные в поле Оплачено = 45 сом. Оплаченное время = 0:30, на приставку 8, с Карточкой Ибрагим
15.11.2014 15:51:      В форме "Продлить сессию" были введены данные в поле время на продление = 1:30
15.11.2014 15:51:      В форме "Продлить сессию" были введены данные в поле Сумма на продление = 135
15.11.2014 15:51:      В форме "Продлить сессию" были введены данные в поле время на продление = 1:0
15.11.2014 15:51:      В форме "Продлить сессию" были введены данные в поле Сумма на продление = 90
15.11.2014 15:51:      В форме "Продлить сессию" были введены данные в поле время на продление = 1:7
15.11.2014 15:51:      В форме "Продлить сессию" были введены данные в поле Сумма на продление = 100
15.11.2014 15:51:      В форме "Продлить сессию" была нажата кнопка "Продлить" с введеными данными Время на продление = 1:7Сумма на продление = 100,на приставку 8
15.11.2014 15:56:      кнопка "Смена приставки" была нажата.
15.11.2014 15:56:      В форме смена приставки, была выбрана приставка 9
15.11.2014 15:56:      В форме смена приставки, была нажата кнопка добавить 9
15.11.2014 15:58:      кнопка "Смена приставки" была нажата.
15.11.2014 15:58:      В форме смена приставки, была выбрана приставка 6
15.11.2014 15:58:      В форме смена приставки, была нажата кнопка добавить 6
15.11.2014 17:35:      кнопка "Добавить сессию" была нажата.
15.11.2014 17:35:      В форме "Добавить сессию" были загружены дефолтовые значения.
15.11.2014 17:35:      В форме "Добавить сессию" были загружены дефолтовые значения.
15.11.2014 17:35:      В форме "Добавить сессию" было загружено клиент с карточкой.
15.11.2014 17:35:      В форме "Добавить сессию" были загружены дефолтовые значения.
15.11.2014 17:35:      В форме "Добавить сессию" были загружены дефолтовые значения.
15.11.2014 17:35:      Данные 150 в форме "Добавить сессию" были введены данные в поле "Оплачено".
15.11.2014 17:35:      В форме "Добавить сессию" были введены данные в поле Оплачено = 150 сом. Оплаченное время = 01:00:00, на приставку 9, с Карточкой 0
15.11.2014 17:35:      кнопка "Затраты" была нажата.
15.11.2014 17:36:      кнопка "Смена приставки" была нажата.
15.11.2014 17:36:      В форме смена приставки, была выбрана приставка 3
15.11.2014 17:36:      В форме смена приставки, была нажата кнопка добавить 3
15.11.2014 17:39:      кнопка "Смена приставки" была нажата.
15.11.2014 17:39:      В форме смена приставки, была выбрана приставка 4
15.11.2014 17:39:      В форме смена приставки, была выбрана приставка 9
15.11.2014 17:40:      В форме смена приставки, была нажата кнопка добавить 9
15.11.2014 17:44:      кнопка "Добавить сессию" была нажата.
15.11.2014 17:44:      В форме "Добавить сессию" были загружены дефолтовые значения.
15.11.2014 17:44:      В форме "Добавить сессию" были загружены дефолтовые значения.
15.11.2014 17:44:      В форме "Добавить сессию" было загружено клиент с карточкой.
15.11.2014 17:44:      В форме "Добавить сессию" были загружены дефолтовые значения.
15.11.2014 17:44:      Данные 23 в форме "Добавить сессию" были введены данные в поле "Оплачено".
15.11.2014 17:45:      Данные 200 в форме "Добавить сессию" были введены данные в поле "Оплачено".
15.11.2014 17:45:      Данные 200 в форме "Добавить сессию" были введены данные в поле "Оплачено".
15.11.2014 17:45:      В форме "Добавить сессию" были введены данные в поле Оплачено = 200 сом. Оплаченное время = 02:08:00, на приставку mVIP8, с Карточкой 0
15.11.2014 17:46:      кнопка "Добавить сессию" была нажата.
15.11.2014 17:46:      В форме "Добавить сессию" были загружены дефолтовые значения.
15.11.2014 17:46:      В форме "Добавить сессию" были загружены дефолтовые значения.
15.11.2014 17:46:      В форме "Добавить сессию" было загружено клиент с карточкой.
15.11.2014 17:46:      В форме "Добавить сессию" были загружены дефолтовые значения.
15.11.2014 17:46:      Кнопка "Закрыть" в форме "Добавить сессию" была нажата.
15.11.2014 17:46:      кнопка "Скрытая кнопка" была нажата.
15.11.2014 17:46:      Кнопка "Продлить сессию" была нажата.
15.11.2014 17:46:      В форме "Продлить сессию" были введены данные в поле время на продление = 0:30
15.11.2014 17:46:      В форме "Продлить сессию" были введены данные в поле Сумма на продление = 40
15.11.2014 17:46:      В форме "Продлить сессию" были введены данные в поле Оплачено = 40 сом. Оплаченное время = 0:30, на приставку 2, с Карточкой Zaalavhan
15.11.2014 17:46:      В форме "Продлить сессию" были введены данные в поле время на продление = 0:37
15.11.2014 17:46:      В форме "Продлить сессию" были введены данные в поле Сумма на продление = 50
15.11.2014 17:46:      В форме "Продлить сессию" была нажата кнопка "Продлить" с введеными данными Время на продление = 0:37Сумма на продление = 50,на приставку 2
15.11.2014 17:48:      кнопка "Добавить сессию" была нажата.
15.11.2014 17:48:      В форме "Добавить сессию" были загружены дефолтовые значения.
15.11.2014 17:48:      В форме "Добавить сессию" были загружены дефолтовые значения.
15.11.2014 17:48:      В форме "Добавить сессию" было загружено клиент с карточкой.
15.11.2014 17:48:      В форме "Добавить сессию" были загружены дефолтовые значения.
15.11.2014 17:48:      Данные 80 в форме "Добавить сессию" были введены данные в поле "Оплачено".
15.11.2014 17:48:      В форме "Добавить сессию" были введены данные в поле Оплачено = 80 сом. Оплаченное время = 01:00:00, на приставку 7, с Карточкой 0
15.11.2014 17:52:      Кнопка "Продлить сессию" была нажата.
15.11.2014 17:52:      В форме "Продлить сессию" были введены данные в поле время на продление = 0:30
15.11.2014 17:52:      В форме "Продлить сессию" были введены данные в поле Сумма на продление = 45
15.11.2014 17:52:      В форме "Продлить сессию" были введены данные в поле Оплачено = 45 сом. Оплаченное время = 0:30, на приставку 8, с Карточкой Usual Client
15.11.2014 17:53:      кнопка "Добавить сессию" была нажата.
15.11.2014 17:53:      В форме "Добавить сессию" были загружены дефолтовые значения.
15.11.2014 17:53:      В форме "Добавить сессию" были загружены дефолтовые значения.
15.11.2014 17:53:      В форме "Добавить сессию" было загружено клиент с карточкой.
15.11.2014 17:54:      Кнопка "Закрыть" в форме "Добавить сессию" была нажата.
15.11.2014 17:54:      кнопка "Затраты" была нажата.
15.11.2014 17:57:      Кнопка "Продлить сессию" была нажата.
15.11.2014 17:57:      В форме "Продлить сессию" были введены данные в поле время на продление = 0:30
15.11.2014 17:57:      В форме "Продлить сессию" были введены данные в поле Сумма на продление = 45
15.11.2014 17:57:      В форме "Продлить сессию" были введены данные в поле Оплачено = 45 сом. Оплаченное время = 0:30, на приставку mVIP3, с Карточкой Usual Client
15.11.2014 18:09:      кнопка "Закрыть сессию" была нажата.
15.11.2014 18:09:      кнопка "Добавить сессию" была нажата.
15.11.2014 18:09:      В форме "Добавить сессию" были загружены дефолтовые значения.
15.11.2014 18:09:      В форме "Добавить сессию" были загружены дефолтовые значения.
15.11.2014 18:09:      В форме "Добавить сессию" было загружено клиент с карточкой.
15.11.2014 18:09:      В форме "Добавить сессию" были загружены дефолтовые значения.
15.11.2014 18:09:      Данные 153 в форме "Добавить сессию" были введены данные в поле "Оплачено".
15.11.2014 18:09:      Данные 153 в форме "Добавить сессию" были введены данные в поле "Оплачено".
15.11.2014 18:09:      В форме "Добавить сессию" были введены данные в поле Оплачено = 153 сом. Оплаченное время = 00:59:00, на приставку 11, с Карточкой 0
15.11.2014 18:09:      кнопка "Затраты" была нажата.
15.11.2014 18:12:      кнопка "Скрытая кнопка" была нажата.
15.11.2014 18:12:      кнопка "Смена приставки" была нажата.
15.11.2014 18:12:      В форме смена приставки, была выбрана приставка 3
15.11.2014 18:12:      В форме смена приставки, была нажата кнопка добавить 3
15.11.2014 18:13:      кнопка "Скрытая кнопка" была нажата.
15.11.2014 18:13:      кнопка "Закрыть сессию" была нажата.
15.11.2014 18:16:      кнопка "Добавить сессию" была нажата.
15.11.2014 18:16:      В форме "Добавить сессию" были загружены дефолтовые значения.
15.11.2014 18:16:      В форме "Добавить сессию" были загружены дефолтовые значения.
15.11.2014 18:16:      В форме "Добавить сессию" было загружено клиент с карточкой.
15.11.2014 18:16:      В форме "Добавить сессию" были загружены дефолтовые значения.
15.11.2014 18:17:      Данные 80 в форме "Добавить сессию" были введены данные в поле "Оплачено".
15.11.2014 18:17:      Данные 80 в форме "Добавить сессию" были введены данные в поле "Оплачено".
15.11.2014 18:17:      В форме "Добавить сессию" были введены данные в поле Оплачено = 80 сом. Оплаченное время = 00:58:00, на приставку 5, с Карточкой 0
15.11.2014 18:17:      кнопка "Смена приставки" была нажата.
15.11.2014 18:17:      В форме смена приставки, была выбрана приставка 3
15.11.2014 18:17:      В форме смена приставки, была нажата кнопка отмена 3
15.11.2014 18:17:      кнопка "Скрытая кнопка" была нажата.
15.11.2014 18:17:      кнопка "Добавить сессию" была нажата.
15.11.2014 18:17:      В форме "Добавить сессию" были загружены дефолтовые значения.
15.11.2014 18:17:      В форме "Добавить сессию" были загружены дефолтовые значения.
15.11.2014 18:17:      В форме "Добавить сессию" было загружено клиент с карточкой.
15.11.2014 18:17:      В форме "Добавить сессию" были загружены дефолтовые значения.
15.11.2014 18:18:      Данные 156 в форме "Добавить сессию" были введены данные в поле "Оплачено".
15.11.2014 18:18:      Данные 156 в форме "Добавить сессию" были введены данные в поле "Оплачено".
15.11.2014 18:18:      В форме "Добавить сессию" были введены данные в поле Оплачено = 156 сом. Оплаченное время = 00:59:00, на приставку 9, с Карточкой 0
15.11.2014 18:18:      кнопка "Смена приставки" была нажата.
15.11.2014 18:18:      В форме смена приставки, была выбрана приставка 3
15.11.2014 18:18:      В форме смена приставки, была нажата кнопка отмена 3
15.11.2014 18:21:      кнопка "Закрыть сессию" была нажата.
15.11.2014 18:21:      кнопка "Закрыть сессию" была нажата.
15.11.2014 18:21:      В форме "Закрыть" была нажата кнопка "Клиент ушел раньше времени" 
15.11.2014 18:21:      кнопка "Добавить сессию" была нажата.
15.11.2014 18:21:      В форме "Добавить сессию" были загружены дефолтовые значения.
15.11.2014 18:21:      В форме "Добавить сессию" были загружены дефолтовые значения.
15.11.2014 18:21:      В форме "Добавить сессию" было загружено клиент с карточкой.
15.11.2014 18:21:      В форме "Добавить сессию" были загружены дефолтовые значения.
15.11.2014 18:21:      Данные 340 в форме "Добавить сессию" были введены данные в поле "Оплачено".
15.11.2014 18:21:      В форме "Добавить сессию" было нажато поле "Скидка" 
15.11.2014 18:21:      В форме "Добавить сессию" было загружено клиент с карточкой.
15.11.2014 18:21:      В форме "Добавить сессию" было загружено обычный клиент.
15.11.2014 18:21:      В форме "Добавить сессию" было загружено обычный клиент.
15.11.2014 18:21:      В форме "Добавить сессию" было загружено обычный клиент.
15.11.2014 18:21:      В форме "Добавить сессию" было загружено обычный клиент.
15.11.2014 18:21:      В форме "Добавить сессию" было загружено обычный клиент.
15.11.2014 18:21:      В форме "Добавить сессию" было загружено обычный клиент.
15.11.2014 18:21:      В форме "Добавить сессию" было загружено обычный клиент.
15.11.2014 18:21:      В форме "Добавить сессию" было загружено обычный клиент.
15.11.2014 18:21:      В форме "Добавить сессию" было загружено обычный клиент.
15.11.2014 18:21:      В форме "Добавить сессию" было заполнено поле "Скидка" 0004803916, и выбита скидка в размере 0%
15.11.2014 18:21:      В форме "Добавить сессию" было загружено обычный клиент.
15.11.2014 18:21:      Данные 340 в форме "Добавить сессию" были введены данные в поле "Оплачено".
15.11.2014 18:21:      В форме "Добавить сессию" были введены данные в поле Оплачено = 340 сом. Оплаченное время = 03:56:00, на приставку 8, с Карточкой Mirlan
15.11.2014 18:21:      кнопка "Скрытая кнопка" была нажата.
15.11.2014 18:22:      кнопка "Добавить сессию" была нажата.
15.11.2014 18:22:      В форме "Добавить сессию" были загружены дефолтовые значения.
15.11.2014 18:22:      В форме "Добавить сессию" были загружены дефолтовые значения.
15.11.2014 18:22:      В форме "Добавить сессию" было загружено клиент с карточкой.
15.11.2014 18:22:      В форме "Добавить сессию" были загружены дефолтовые значения.
15.11.2014 18:22:      Данные 140 в форме "Добавить сессию" были введены данные в поле "Оплачено".
15.11.2014 18:22:      Данные 140 в форме "Добавить сессию" были введены данные в поле "Оплачено".
15.11.2014 18:22:      В форме "Добавить сессию" были введены данные в поле Оплачено = 140 сом. Оплаченное время = 01:01:00, на приставку PS4, с Карточкой 0
15.11.2014 18:24:      Кнопка "Продлить сессию" была нажата.
15.11.2014 18:24:      В форме "Продлить сессию" были введены данные в поле время на продление = 0:30
15.11.2014 18:24:      В форме "Продлить сессию" были введены данные в поле Сумма на продление = 46
15.11.2014 18:24:      В форме "Продлить сессию" были введены данные в поле Оплачено = 46 сом. Оплаченное время = 0:30, на приставку mVIP3, с Карточкой Usual Client
15.11.2014 18:24:      В форме "Продлить сессию" были введены данные в поле время на продление = 0:41
15.11.2014 18:24:      В форме "Продлить сессию" были введены данные в поле Сумма на продление = 65
15.11.2014 18:26:      Кнопка "Продлить сессию" была нажата.
15.11.2014 18:26:      В форме "Продлить сессию" были введены данные в поле время на продление = 0:30
15.11.2014 18:26:      В форме "Продлить сессию" были введены данные в поле Сумма на продление = 41
15.11.2014 18:26:      В форме "Продлить сессию" были введены данные в поле Оплачено = 41 сом. Оплаченное время = 0:30, на приставку 1, с Карточкой Искандер
15.11.2014 18:26:      В форме "Продлить сессию" были введены данные в поле время на продление = 0:15
15.11.2014 18:26:      В форме "Продлить сессию" были введены данные в поле Сумма на продление = 20
15.11.2014 18:26:      В форме "Продлить сессию" была нажата кнопка "Продлить" с введеными данными Время на продление = 0:15Сумма на продление = 20,на приставку 1
15.11.2014 18:29:      кнопка "Смена приставки" была нажата.
15.11.2014 18:29:      В форме смена приставки, была выбрана приставка 3
15.11.2014 18:29:      В форме смена приставки, была нажата кнопка добавить 3
15.11.2014 18:36:      кнопка "Смена приставки" была нажата.
15.11.2014 18:36:      В форме смена приставки, была выбрана приставка 4
15.11.2014 18:36:      В форме смена приставки, была выбрана приставка 9
15.11.2014 18:36:      В форме смена приставки, была нажата кнопка добавить 9
15.11.2014 18:38:      кнопка "Добавить сессию" была нажата.
15.11.2014 18:38:      В форме "Добавить сессию" были загружены дефолтовые значения.
15.11.2014 18:38:      В форме "Добавить сессию" были загружены дефолтовые значения.
15.11.2014 18:38:      В форме "Добавить сессию" было загружено клиент с карточкой.
15.11.2014 18:38:      В форме "Добавить сессию" были загружены дефолтовые значения.
15.11.2014 18:38:      В форме "Добавить сессию" были загружены дефолтовые значения.
15.11.2014 18:38:      Данные 100 в форме "Добавить сессию" были введены данные в поле "Оплачено".
15.11.2014 18:38:      Данные 100 в форме "Добавить сессию" были введены данные в поле "Оплачено".
15.11.2014 18:38:      В форме "Добавить сессию" были введены данные в поле Оплачено = 100 сом. Оплаченное время = 01:02:00, на приставку mVIP4, с Карточкой 0
15.11.2014 18:40:      кнопка "Продать товар" была нажата.
15.11.2014 18:40:      В форме "Продать товар" была нажата кнопка Продать с введеными данными: Товар Фанта 1,5л в количестве 1шт. был успешно занесен в список проданных товаров!
15.11.2014 18:40:      кнопка "Продать товар" была нажата.
15.11.2014 18:40:      В форме "Продать товар" была нажата кнопка Продать с введеными данными: Товар Фанта 0,5л в количестве 1шт. был успешно занесен в список проданных товаров!
15.11.2014 18:40:      кнопка "Затраты" была нажата.
15.11.2014 18:41:      кнопка "Смена приставки" была нажата.
15.11.2014 18:41:      В форме смена приставки, была выбрана приставка 2
15.11.2014 18:41:      В форме смена приставки, была нажата кнопка добавить 2
15.11.2014 18:42:      кнопка "Закрыть сессию" была нажата.
15.11.2014 18:42:      В форме "Закрыть" была нажата кнопка "Клиент ушел раньше времени" 
15.11.2014 18:43:      Кнопка "Продлить сессию" была нажата.
15.11.2014 18:43:      В форме "Продлить сессию" были введены данные в поле время на продление = 0:30
15.11.2014 18:43:      В форме "Продлить сессию" были введены данные в поле Сумма на продление = 43
15.11.2014 18:43:      В форме "Продлить сессию" были введены данные в поле Оплачено = 43 сом. Оплаченное время = 0:30, на приставку 7, с Карточкой Usual Client
15.11.2014 18:43:      В форме "Продлить сессию" были введены данные в поле время на продление = 0:27
15.11.2014 18:43:      В форме "Продлить сессию" были введены данные в поле Сумма на продление = 40
15.11.2014 18:57:      кнопка "Скрытая кнопка" была нажата.
