New file created: 13.07.2014 11:50:11
Author: Kim Viacheslav

Кнопка последние 10 сессий была нажата!
13.07.2014 11:50:      Кнопка последние 10 сессий была нажата!
13.07.2014 11:51:      Кнопка последние 10 сессий была нажата!
13.07.2014 11:53:      Кнопка последние 10 сессий была нажата!
13.07.2014 11:56:      Кнопка последние 10 сессий была нажата!
13.07.2014 11:58:      кнопка "Добавить сессию" была нажата.
13.07.2014 11:58:      В форме "Добавить сессию" были загружены дефолтовые значения.
13.07.2014 11:58:      В форме "Добавить сессию" были загружены дефолтовые значения.
13.07.2014 11:58:      В форме "Добавить сессию" было загружено клиент с карточкой.
13.07.2014 11:58:      В форме "Добавить сессию" в поле "Остаток часов" было введено 
13.07.2014 11:58:      Данные 30 в форме "Добавить сессию"  в поле "Остаток минут" были введены.
13.07.2014 11:58:      Данные 39 в форме "Добавить сессию"  в поле "Оплачено" были введены.
13.07.2014 11:58:      Данные 39 в форме "Добавить сессию"  в поле "Оплачено" были введены.
13.07.2014 11:59:      кнопка "Добавить сессию" была нажата.
13.07.2014 11:59:      В форме "Добавить сессию" были загружены дефолтовые значения.
13.07.2014 11:59:      В форме "Добавить сессию" были загружены дефолтовые значения.
13.07.2014 11:59:      В форме "Добавить сессию" было загружено клиент с карточкой.
13.07.2014 11:59:      В форме "Добавить сессию" были загружены дефолтовые значения.
13.07.2014 11:59:      В форме "Добавить сессию" в поле "Остаток часов" было введено 
13.07.2014 11:59:      Данные 30 в форме "Добавить сессию"  в поле "Остаток минут" были введены.
13.07.2014 11:59:      Данные 40 в форме "Добавить сессию"  в поле "Оплачено" были введены.
13.07.2014 11:59:      Данные 40 в форме "Добавить сессию"  в поле "Оплачено" были введены.
13.07.2014 11:59:      Кнопка "Закрыть" в форме "Добавить сессию" была нажата.
13.07.2014 11:59:      кнопка "Добавить сессию" была нажата.
13.07.2014 11:59:      В форме "Добавить сессию" были загружены дефолтовые значения.
13.07.2014 11:59:      В форме "Добавить сессию" были загружены дефолтовые значения.
13.07.2014 11:59:      В форме "Добавить сессию" было загружено клиент с карточкой.
13.07.2014 11:59:      В форме "Добавить сессию" были загружены дефолтовые значения.
13.07.2014 11:59:      Данные 40 в форме "Добавить сессию" были введены данные в поле "Оплачено".
13.07.2014 11:59:      Данные 40 в форме "Добавить сессию" были введены данные в поле "Оплачено".
13.07.2014 11:59:      В форме "Добавить сессию" были введены данные в поле Оплачено = 40 сом. Оплаченное время = 00:48:00, на приставку 6, с Карточкой 0
13.07.2014 12:01:      Кнопка последние 10 сессий была нажата!
13.07.2014 12:01:      Кнопка последние 10 сессий была нажата!
13.07.2014 12:02:      Кнопка последние 10 сессий была нажата!
13.07.2014 12:03:      Кнопка последние 10 сессий была нажата!
13.07.2014 12:04:      кнопка "Добавить сессию" была нажата.
13.07.2014 12:04:      В форме "Добавить сессию" были загружены дефолтовые значения.
13.07.2014 12:04:      В форме "Добавить сессию" были загружены дефолтовые значения.
13.07.2014 12:04:      В форме "Добавить сессию" было загружено клиент с карточкой.
13.07.2014 12:04:      В форме "Добавить сессию" в поле "Остаток часов" было введено 
13.07.2014 12:04:      Данные 30 в форме "Добавить сессию"  в поле "Остаток минут" были введены.
13.07.2014 12:04:      Данные 40 в форме "Добавить сессию"  в поле "Оплачено" были введены.
13.07.2014 12:04:      Данные 40 в форме "Добавить сессию"  в поле "Оплачено" были введены.
13.07.2014 12:06:      кнопка "Добавить сессию" была нажата.
13.07.2014 12:06:      В форме "Добавить сессию" были загружены дефолтовые значения.
13.07.2014 12:06:      В форме "Добавить сессию" были загружены дефолтовые значения.
13.07.2014 12:06:      В форме "Добавить сессию" было загружено клиент с карточкой.
13.07.2014 12:06:      В форме "Добавить сессию" в поле "Остаток часов" было введено 
13.07.2014 12:06:      Данные 160 в форме "Добавить сессию"  в поле "Оплачено" были введены.
13.07.2014 12:06:      В форме "Добавить сессию" в поле "Остаток часов" было введено 
13.07.2014 12:06:      Данные 80 в форме "Добавить сессию"  в поле "Оплачено" были введены.
13.07.2014 12:06:      Кнопка "Закрыть" в форме "Добавить сессию" была нажата.
13.07.2014 12:07:      кнопка "Добавить сессию" была нажата.
13.07.2014 12:07:      В форме "Добавить сессию" были загружены дефолтовые значения.
13.07.2014 12:07:      В форме "Добавить сессию" были загружены дефолтовые значения.
13.07.2014 12:07:      В форме "Добавить сессию" было загружено клиент с карточкой.
13.07.2014 12:07:      В форме "Добавить сессию" в поле "Остаток часов" было введено 
13.07.2014 12:07:      Данные 30 в форме "Добавить сессию"  в поле "Остаток минут" были введены.
13.07.2014 12:07:      Данные 40 в форме "Добавить сессию"  в поле "Оплачено" были введены.
13.07.2014 12:07:      Данные 40 в форме "Добавить сессию"  в поле "Оплачено" были введены.
13.07.2014 12:07:      В форме "Добавить сессию" в поле "Остаток часов" было введено 
13.07.2014 12:07:      Данные 120 в форме "Добавить сессию"  в поле "Оплачено" были введены.
13.07.2014 12:07:      В форме "Добавить сессию" в поле "Остаток часов" было введено 
13.07.2014 12:07:      Данные 40 в форме "Добавить сессию"  в поле "Оплачено" были введены.
13.07.2014 12:07:      Данные 31 в форме "Добавить сессию"  в поле "Остаток минут" были введены.
13.07.2014 12:07:      Данные 42 в форме "Добавить сессию"  в поле "Оплачено" были введены.
13.07.2014 12:07:      В форме "Добавить сессию" в поле "Остаток часов" было введено 
13.07.2014 12:07:      Данные 122 в форме "Добавить сессию"  в поле "Оплачено" были введены.
13.07.2014 12:07:      Данные 30 в форме "Добавить сессию"  в поле "Остаток минут" были введены.
13.07.2014 12:07:      Данные 120 в форме "Добавить сессию"  в поле "Оплачено" были введены.
13.07.2014 12:07:      Данные 29 в форме "Добавить сессию"  в поле "Остаток минут" были введены.
13.07.2014 12:07:      Данные 119 в форме "Добавить сессию"  в поле "Оплачено" были введены.
13.07.2014 12:07:      Данные 28 в форме "Добавить сессию"  в поле "Остаток минут" были введены.
13.07.2014 12:07:      Данные 118 в форме "Добавить сессию"  в поле "Оплачено" были введены.
13.07.2014 12:07:      Данные 27 в форме "Добавить сессию"  в поле "Остаток минут" были введены.
13.07.2014 12:07:      Данные 116 в форме "Добавить сессию"  в поле "Оплачено" были введены.
13.07.2014 12:07:      Данные 26 в форме "Добавить сессию"  в поле "Остаток минут" были введены.
13.07.2014 12:07:      Данные 115 в форме "Добавить сессию"  в поле "Оплачено" были введены.
13.07.2014 12:07:      Данные 0 в форме "Добавить сессию"  в поле "Остаток минут" были введены.
13.07.2014 12:07:      Данные 80 в форме "Добавить сессию"  в поле "Оплачено" были введены.
13.07.2014 12:07:      В форме "Добавить сессию" в поле "Остаток часов" было введено 
13.07.2014 12:07:      Данные 30 в форме "Добавить сессию"  в поле "Остаток минут" были введены.
13.07.2014 12:07:      Данные 40 в форме "Добавить сессию"  в поле "Оплачено" были введены.
13.07.2014 12:07:      Данные 40 в форме "Добавить сессию"  в поле "Оплачено" были введены.
13.07.2014 12:07:      В форме "Добавить сессию" были загружены дефолтовые значения.
13.07.2014 12:07:      В форме "Добавить сессию" были загружены дефолтовые значения.
13.07.2014 12:07:      В форме "Добавить сессию" были загружены дефолтовые значения.
13.07.2014 12:07:      В форме "Добавить сессию" были загружены дефолтовые значения.
13.07.2014 12:07:      В форме "Добавить сессию" были загружены дефолтовые значения.
13.07.2014 12:07:      В форме "Добавить сессию" были загружены дефолтовые значения.
13.07.2014 12:07:      В форме "Добавить сессию" были загружены дефолтовые значения.
13.07.2014 12:07:      В форме "Добавить сессию" были загружены дефолтовые значения.
13.07.2014 12:07:      В форме "Добавить сессию" были загружены дефолтовые значения.
13.07.2014 12:07:      В форме "Добавить сессию" были загружены дефолтовые значения.
13.07.2014 12:07:      В форме "Добавить сессию" были загружены дефолтовые значения.
13.07.2014 12:07:      В форме "Добавить сессию" были загружены дефолтовые значения.
13.07.2014 12:07:      В форме "Добавить сессию" были загружены дефолтовые значения.
13.07.2014 12:07:      В форме "Добавить сессию" были загружены дефолтовые значения.
13.07.2014 12:07:      В форме "Добавить сессию" были загружены дефолтовые значения.
13.07.2014 12:07:      В форме "Добавить сессию" были загружены дефолтовые значения.
13.07.2014 12:07:      В форме "Добавить сессию" были загружены дефолтовые значения.
13.07.2014 12:07:      В форме "Добавить сессию" были загружены дефолтовые значения.
13.07.2014 12:07:      В форме "Добавить сессию" были загружены дефолтовые значения.
13.07.2014 12:07:      В форме "Добавить сессию" были загружены дефолтовые значения.
13.07.2014 12:07:      В форме "Добавить сессию" были загружены дефолтовые значения.
13.07.2014 12:07:      В форме "Добавить сессию" были загружены дефолтовые значения.
13.07.2014 12:07:      В форме "Добавить сессию" в поле "Остаток часов" было введено 
13.07.2014 12:07:      Данные 30 в форме "Добавить сессию"  в поле "Остаток минут" были введены.
13.07.2014 12:07:      Данные 40 в форме "Добавить сессию"  в поле "Оплачено" были введены.
13.07.2014 12:07:      Данные 40 в форме "Добавить сессию"  в поле "Оплачено" были введены.
13.07.2014 12:07:      В форме "Добавить сессию" были загружены дефолтовые значения.
13.07.2014 12:07:      В форме "Добавить сессию" были загружены дефолтовые значения.
13.07.2014 12:07:      В форме "Добавить сессию" были загружены дефолтовые значения.
13.07.2014 12:07:      Кнопка "Закрыть" в форме "Добавить сессию" была нажата.
13.07.2014 12:09:      кнопка "Добавить сессию" была нажата.
13.07.2014 12:09:      В форме "Добавить сессию" были загружены дефолтовые значения.
13.07.2014 12:09:      В форме "Добавить сессию" были загружены дефолтовые значения.
13.07.2014 12:09:      В форме "Добавить сессию" было загружено клиент с карточкой.
13.07.2014 12:09:      В форме "Добавить сессию" были загружены дефолтовые значения.
13.07.2014 12:09:      Данные 160 в форме "Добавить сессию" были введены данные в поле "Оплачено".
13.07.2014 12:09:      В форме "Добавить сессию" были введены данные в поле Оплачено = 160 сом. Оплаченное время = 01:00:00, на приставку 9, с Карточкой 0
13.07.2014 12:20:      кнопка "Добавить сессию" была нажата.
13.07.2014 12:20:      В форме "Добавить сессию" были загружены дефолтовые значения.
13.07.2014 12:20:      В форме "Добавить сессию" были загружены дефолтовые значения.
13.07.2014 12:20:      В форме "Добавить сессию" было загружено клиент с карточкой.
13.07.2014 12:20:      В форме "Добавить сессию" были загружены дефолтовые значения.
13.07.2014 12:20:      Данные 80 в форме "Добавить сессию" были введены данные в поле "Оплачено".
13.07.2014 12:20:      В форме "Добавить сессию" были введены данные в поле Оплачено = 80 сом. Оплаченное время = 01:00:00, на приставку 5, с Карточкой 0
13.07.2014 12:20:      кнопка "Продать товар" была нажата.
13.07.2014 12:20:      В форме "Продать товар" была нажата кнопка Продать с введеными данными: Товар Фанта 1л в количестве 1шт. был успешно занесен в список проданных товаров!
13.07.2014 12:26:      кнопка "Добавить сессию" была нажата.
13.07.2014 12:26:      В форме "Добавить сессию" были загружены дефолтовые значения.
13.07.2014 12:26:      В форме "Добавить сессию" были загружены дефолтовые значения.
13.07.2014 12:26:      В форме "Добавить сессию" было загружено клиент с карточкой.
13.07.2014 12:26:      В форме "Добавить сессию" были загружены дефолтовые значения.
13.07.2014 12:26:      Данные 80 в форме "Добавить сессию" были введены данные в поле "Оплачено".
13.07.2014 12:26:      В форме "Добавить сессию" были введены данные в поле Оплачено = 80 сом. Оплаченное время = 01:00:00, на приставку 3, с Карточкой 0
