New file created: 24.09.2014 10:47:43
Author: Kim Viacheslav

кнопка "Добавить сессию" была нажата.
24.09.2014 10:47:      В форме "Добавить сессию" были загружены дефолтовые значения.
24.09.2014 10:47:      В форме "Добавить сессию" были загружены дефолтовые значения.
24.09.2014 10:47:      В форме "Добавить сессию" было загружено клиент с карточкой.
24.09.2014 10:47:      В форме "Добавить сессию" было нажато поле "Скидка" 
24.09.2014 10:47:      В форме "Добавить сессию" было загружено клиент с карточкой.
24.09.2014 10:47:      В форме "Добавить сессию" было загружено обычный клиент.
24.09.2014 10:47:      В форме "Добавить сессию" было загружено обычный клиент.
24.09.2014 10:47:      В форме "Добавить сессию" было загружено обычный клиент.
24.09.2014 10:47:      В форме "Добавить сессию" было загружено обычный клиент.
24.09.2014 10:47:      В форме "Добавить сессию" было загружено обычный клиент.
24.09.2014 10:47:      В форме "Добавить сессию" было загружено обычный клиент.
24.09.2014 10:47:      В форме "Добавить сессию" было загружено обычный клиент.
24.09.2014 10:47:      В форме "Добавить сессию" было загружено обычный клиент.
24.09.2014 10:47:      В форме "Добавить сессию" было загружено обычный клиент.
24.09.2014 10:47:      В форме "Добавить сессию" было заполнено поле "Скидка" 0006084594, и выбита скидка в размере 0%
24.09.2014 10:47:      В форме "Добавить сессию" было загружено обычный клиент.
24.09.2014 10:47:      Данные 70 в форме "Добавить сессию" были введены данные в поле "Оплачено".
24.09.2014 10:47:      В форме "Добавить сессию" были введены данные в поле Оплачено = 70 сом. Оплаченное время = 01:12:00, на приставку 1, с Карточкой Слава
24.09.2014 10:47:      кнопка "Затраты" была нажата.
24.09.2014 10:48:      кнопка "Закрыть сессию" была нажата.
24.09.2014 10:48:      В форме "Закрыть" была нажата кнопка "Клиент ушел раньше времени" 
24.09.2014 10:49:      кнопка "Добавить сессию" была нажата.
24.09.2014 10:49:      В форме "Добавить сессию" были загружены дефолтовые значения.
24.09.2014 10:49:      В форме "Добавить сессию" были загружены дефолтовые значения.
24.09.2014 10:49:      В форме "Добавить сессию" было загружено клиент с карточкой.
24.09.2014 10:49:      Данные 70 в форме "Добавить сессию" были введены данные в поле "Оплачено".
24.09.2014 10:49:      В форме "Добавить сессию" было нажато поле "Скидка" 
24.09.2014 10:49:      В форме "Добавить сессию" было загружено клиент с карточкой.
24.09.2014 10:49:      В форме "Добавить сессию" было загружено обычный клиент.
24.09.2014 10:49:      В форме "Добавить сессию" было загружено обычный клиент.
24.09.2014 10:49:      В форме "Добавить сессию" было загружено обычный клиент.
24.09.2014 10:49:      В форме "Добавить сессию" было загружено обычный клиент.
24.09.2014 10:49:      В форме "Добавить сессию" было загружено обычный клиент.
24.09.2014 10:49:      В форме "Добавить сессию" было загружено обычный клиент.
24.09.2014 10:49:      В форме "Добавить сессию" было загружено обычный клиент.
24.09.2014 10:49:      В форме "Добавить сессию" было загружено обычный клиент.
24.09.2014 10:49:      В форме "Добавить сессию" было загружено обычный клиент.
24.09.2014 10:49:      В форме "Добавить сессию" было заполнено поле "Скидка" 0006084594, и выбита скидка в размере 0%
24.09.2014 10:49:      В форме "Добавить сессию" было загружено обычный клиент.
24.09.2014 10:50:      Данные 70 в форме "Добавить сессию" были введены данные в поле "Оплачено".
24.09.2014 10:50:      В форме "Добавить сессию" были введены данные в поле Оплачено = 70 сом. Оплаченное время = 01:12:00, на приставку 1, с Карточкой Слава
24.09.2014 10:50:      кнопка "Закрыть сессию" была нажата.
24.09.2014 10:51:      кнопка "Добавить сессию" была нажата.
24.09.2014 10:51:      В форме "Добавить сессию" были загружены дефолтовые значения.
24.09.2014 10:51:      В форме "Добавить сессию" были загружены дефолтовые значения.
24.09.2014 10:51:      В форме "Добавить сессию" было загружено клиент с карточкой.
24.09.2014 10:51:      В форме "Добавить сессию" было нажато поле "Скидка" 
24.09.2014 10:51:      В форме "Добавить сессию" было загружено клиент с карточкой.
24.09.2014 10:51:      В форме "Добавить сессию" было загружено обычный клиент.
24.09.2014 10:51:      В форме "Добавить сессию" было загружено обычный клиент.
24.09.2014 10:51:      В форме "Добавить сессию" было загружено обычный клиент.
24.09.2014 10:51:      В форме "Добавить сессию" было загружено обычный клиент.
24.09.2014 10:51:      В форме "Добавить сессию" было загружено обычный клиент.
24.09.2014 10:51:      В форме "Добавить сессию" было загружено обычный клиент.
24.09.2014 10:51:      В форме "Добавить сессию" было загружено обычный клиент.
24.09.2014 10:51:      В форме "Добавить сессию" было загружено обычный клиент.
24.09.2014 10:51:      В форме "Добавить сессию" было загружено обычный клиент.
24.09.2014 10:51:      В форме "Добавить сессию" было заполнено поле "Скидка" 0006084594, и выбита скидка в размере 0%
24.09.2014 10:51:      В форме "Добавить сессию" было загружено обычный клиент.
24.09.2014 10:51:      Кнопка "Закрыть" в форме "Добавить сессию" была нажата.
24.09.2014 10:53:      кнопка "Добавить сессию" была нажата.
24.09.2014 10:53:      В форме "Добавить сессию" были загружены дефолтовые значения.
24.09.2014 10:53:      В форме "Добавить сессию" были загружены дефолтовые значения.
24.09.2014 10:53:      В форме "Добавить сессию" было загружено клиент с карточкой.
24.09.2014 10:53:      В форме "Добавить сессию" было нажато поле "Скидка" 
24.09.2014 10:53:      В форме "Добавить сессию" было загружено клиент с карточкой.
24.09.2014 10:53:      В форме "Добавить сессию" было загружено обычный клиент.
24.09.2014 10:53:      В форме "Добавить сессию" было загружено обычный клиент.
24.09.2014 10:53:      В форме "Добавить сессию" было загружено обычный клиент.
24.09.2014 10:53:      В форме "Добавить сессию" было загружено обычный клиент.
24.09.2014 10:53:      В форме "Добавить сессию" было загружено обычный клиент.
24.09.2014 10:53:      В форме "Добавить сессию" было загружено обычный клиент.
24.09.2014 10:53:      В форме "Добавить сессию" было загружено обычный клиент.
24.09.2014 10:53:      В форме "Добавить сессию" было загружено обычный клиент.
24.09.2014 10:53:      В форме "Добавить сессию" было загружено обычный клиент.
24.09.2014 10:53:      В форме "Добавить сессию" было заполнено поле "Скидка" 0006084594, и выбита скидка в размере 0%
24.09.2014 10:53:      В форме "Добавить сессию" было загружено обычный клиент.
24.09.2014 10:53:      Данные 70 в форме "Добавить сессию" были введены данные в поле "Оплачено".
24.09.2014 10:53:      В форме "Добавить сессию" были введены данные в поле Оплачено = 70 сом. Оплаченное время = 01:12:00, на приставку 1, с Карточкой Слава
24.09.2014 10:54:      кнопка "Закрыть сессию" была нажата.
24.09.2014 10:55:      кнопка "Закрыть сессию" была нажата.
24.09.2014 10:56:      кнопка "Закрыть сессию" была нажата.
24.09.2014 10:57:      кнопка "Закрыть сессию" была нажата.
24.09.2014 10:57:      кнопка "Закрыть сессию" была нажата.
24.09.2014 10:57:      кнопка "Закрыть сессию" была нажата.
24.09.2014 10:58:      кнопка "Закрыть сессию" была нажата.
24.09.2014 10:58:      кнопка "Закрыть сессию" была нажата.
24.09.2014 10:59:      кнопка "Скрытая кнопка" была нажата.
24.09.2014 11:00:      кнопка "Добавить сессию" была нажата.
24.09.2014 11:00:      В форме "Добавить сессию" были загружены дефолтовые значения.
24.09.2014 11:00:      В форме "Добавить сессию" были загружены дефолтовые значения.
24.09.2014 11:00:      В форме "Добавить сессию" было загружено клиент с карточкой.
24.09.2014 11:00:      В форме "Добавить сессию" было нажато поле "Скидка" 
24.09.2014 11:04:      Кнопка "Закрыть" в форме "Добавить сессию" была нажата.
24.09.2014 11:04:      кнопка "Добавить сессию" была нажата.
24.09.2014 11:04:      В форме "Добавить сессию" были загружены дефолтовые значения.
24.09.2014 11:04:      В форме "Добавить сессию" были загружены дефолтовые значения.
24.09.2014 11:04:      В форме "Добавить сессию" было загружено клиент с карточкой.
24.09.2014 11:04:      В форме "Добавить сессию" было нажато поле "Скидка" 
24.09.2014 11:04:      В форме "Добавить сессию" было загружено клиент с карточкой.
24.09.2014 11:04:      В форме "Добавить сессию" было загружено обычный клиент.
24.09.2014 11:04:      В форме "Добавить сессию" было загружено обычный клиент.
24.09.2014 11:04:      В форме "Добавить сессию" было загружено обычный клиент.
24.09.2014 11:04:      В форме "Добавить сессию" было загружено обычный клиент.
24.09.2014 11:04:      В форме "Добавить сессию" было загружено обычный клиент.
24.09.2014 11:04:      В форме "Добавить сессию" было загружено обычный клиент.
24.09.2014 11:04:      В форме "Добавить сессию" было загружено обычный клиент.
24.09.2014 11:04:      В форме "Добавить сессию" было загружено обычный клиент.
24.09.2014 11:04:      В форме "Добавить сессию" было загружено обычный клиент.
24.09.2014 11:04:      В форме "Добавить сессию" было заполнено поле "Скидка" 0004988551, и выбита скидка в размере 0%
24.09.2014 11:04:      В форме "Добавить сессию" было загружено обычный клиент.
24.09.2014 11:04:      Кнопка "Закрыть" в форме "Добавить сессию" была нажата.
24.09.2014 11:11:      кнопка "Скрытая кнопка" была нажата.
24.09.2014 11:13:      кнопка "Добавить сессию" была нажата.
24.09.2014 11:13:      В форме "Добавить сессию" были загружены дефолтовые значения.
24.09.2014 11:13:      В форме "Добавить сессию" были загружены дефолтовые значения.
24.09.2014 11:13:      В форме "Добавить сессию" было загружено клиент с карточкой.
24.09.2014 11:13:      В форме "Добавить сессию" было нажато поле "Скидка" 
24.09.2014 11:13:      В форме "Добавить сессию" было загружено клиент с карточкой.
24.09.2014 11:13:      В форме "Добавить сессию" было загружено обычный клиент.
24.09.2014 11:13:      В форме "Добавить сессию" было загружено обычный клиент.
24.09.2014 11:13:      В форме "Добавить сессию" было загружено обычный клиент.
24.09.2014 11:13:      В форме "Добавить сессию" было загружено обычный клиент.
24.09.2014 11:13:      В форме "Добавить сессию" было загружено обычный клиент.
24.09.2014 11:13:      В форме "Добавить сессию" было загружено обычный клиент.
24.09.2014 11:13:      В форме "Добавить сессию" было загружено обычный клиент.
24.09.2014 11:13:      В форме "Добавить сессию" было загружено обычный клиент.
24.09.2014 11:13:      В форме "Добавить сессию" было загружено обычный клиент.
24.09.2014 11:13:      В форме "Добавить сессию" было заполнено поле "Скидка" 0004806782, и выбита скидка в размере 0%
24.09.2014 11:13:      В форме "Добавить сессию" было загружено обычный клиент.
24.09.2014 11:13:      В форме "Добавить сессию" было загружено клиент с карточкой.
24.09.2014 11:13:      В форме "Добавить сессию" были загружены дефолтовые значения.
24.09.2014 11:13:      В форме "Добавить сессию" в поле "Остаток часов" было введено 
24.09.2014 11:13:      Данные 30 в форме "Добавить сессию"  в поле "Остаток минут" были введены.
24.09.2014 11:13:      Данные 40 в форме "Добавить сессию"  в поле "Оплачено" были введены.
24.09.2014 11:13:      Данные 40 в форме "Добавить сессию"  в поле "Оплачено" были введены.
24.09.2014 11:13:      В форме "Добавить сессию" было нажато поле "Скидка" 
24.09.2014 11:13:      В форме "Добавить сессию" было загружено клиент с карточкой.
24.09.2014 11:13:      В форме "Добавить сессию" было загружено обычный клиент.
24.09.2014 11:13:      В форме "Добавить сессию" было загружено обычный клиент.
24.09.2014 11:13:      В форме "Добавить сессию" было загружено обычный клиент.
24.09.2014 11:13:      В форме "Добавить сессию" было загружено обычный клиент.
24.09.2014 11:13:      В форме "Добавить сессию" было загружено обычный клиент.
24.09.2014 11:13:      В форме "Добавить сессию" было загружено обычный клиент.
24.09.2014 11:13:      В форме "Добавить сессию" было загружено обычный клиент.
24.09.2014 11:13:      В форме "Добавить сессию" было загружено обычный клиент.
24.09.2014 11:13:      В форме "Добавить сессию" было загружено обычный клиент.
24.09.2014 11:13:      В форме "Добавить сессию" было заполнено поле "Скидка" 0004806782, и выбита скидка в размере 0%
24.09.2014 11:13:      В форме "Добавить сессию" было загружено обычный клиент.
24.09.2014 11:13:      Данные 40 в форме "Добавить сессию" были введены данные в поле "Оплачено".
24.09.2014 11:13:      В форме "Добавить сессию" были введены данные в поле Оплачено = 40 сом. Оплаченное время = 00:32:00, на приставку mVIP8, с Карточкой Dastan 2
24.09.2014 11:18:      Кнопка последние 10 сессий была нажата!
24.09.2014 11:24:      кнопка "Затраты" была нажата.
