New file created: 20.07.2014 10:38:01
Author: Kim Viacheslav

кнопка "Добавить сессию" была нажата.
20.07.2014 10:38:      В форме "Добавить сессию" были загружены дефолтовые значения.
20.07.2014 10:38:      В форме "Добавить сессию" были загружены дефолтовые значения.
20.07.2014 10:38:      В форме "Добавить сессию" было загружено клиент с карточкой.
20.07.2014 10:38:      В форме "Добавить сессию" были загружены дефолтовые значения.
20.07.2014 10:38:      Данные 50 в форме "Добавить сессию" были введены данные в поле "Оплачено".
20.07.2014 10:38:      В форме "Добавить сессию" были введены данные в поле Оплачено = 50 сом. Оплаченное время = 01:00:00, на приставку 2, с Карточкой 0
20.07.2014 10:38:      Кнопка последние 10 сессий была нажата!
20.07.2014 10:40:      кнопка "Добавить сессию" была нажата.
20.07.2014 10:40:      В форме "Добавить сессию" были загружены дефолтовые значения.
20.07.2014 10:40:      В форме "Добавить сессию" были загружены дефолтовые значения.
20.07.2014 10:40:      В форме "Добавить сессию" было загружено клиент с карточкой.
20.07.2014 10:40:      В форме "Добавить сессию" были загружены дефолтовые значения.
20.07.2014 10:40:      Данные 70 в форме "Добавить сессию" были введены данные в поле "Оплачено".
20.07.2014 10:40:      В форме "Добавить сессию" были введены данные в поле Оплачено = 70 сом. Оплаченное время = 01:00:00, на приставку mVIP8, с Карточкой 0
20.07.2014 10:44:      кнопка "Затраты" была нажата.
20.07.2014 10:44:      кнопка "Закрыть сессию" была нажата.
20.07.2014 10:46:      кнопка "Закрыть сессию" была нажата.
20.07.2014 10:46:      кнопка "Добавить сессию" была нажата.
20.07.2014 10:46:      В форме "Добавить сессию" были загружены дефолтовые значения.
20.07.2014 10:46:      В форме "Добавить сессию" были загружены дефолтовые значения.
20.07.2014 10:46:      В форме "Добавить сессию" было загружено клиент с карточкой.
20.07.2014 10:46:      В форме "Добавить сессию" были загружены дефолтовые значения.
20.07.2014 10:46:      Данные 90 в форме "Добавить сессию" были введены данные в поле "Оплачено".
20.07.2014 10:46:      В форме "Добавить сессию" были введены данные в поле Оплачено = 90 сом. Оплаченное время = 01:00:00, на приставку PS4, с Карточкой 0
20.07.2014 10:50:      кнопка "Закрыть сессию" была нажата.
20.07.2014 10:54:      кнопка "Добавить сессию" была нажата.
20.07.2014 10:54:      В форме "Добавить сессию" были загружены дефолтовые значения.
20.07.2014 10:54:      В форме "Добавить сессию" были загружены дефолтовые значения.
20.07.2014 10:54:      В форме "Добавить сессию" было загружено клиент с карточкой.
20.07.2014 10:54:      Кнопка "Закрыть" в форме "Добавить сессию" была нажата.
20.07.2014 11:04:      кнопка "Добавить сессию" была нажата.
20.07.2014 11:04:      В форме "Добавить сессию" были загружены дефолтовые значения.
20.07.2014 11:04:      В форме "Добавить сессию" были загружены дефолтовые значения.
20.07.2014 11:04:      В форме "Добавить сессию" было загружено клиент с карточкой.
20.07.2014 11:04:      В форме "Добавить сессию" были загружены дефолтовые значения.
20.07.2014 11:04:      Данные 92 в форме "Добавить сессию" были введены данные в поле "Оплачено".
20.07.2014 11:04:      Данные 92 в форме "Добавить сессию" были введены данные в поле "Оплачено".
20.07.2014 11:04:      В форме "Добавить сессию" были введены данные в поле Оплачено = 92 сом. Оплаченное время = 01:01:00, на приставку PS4, с Карточкой 0
20.07.2014 11:55:      кнопка "Добавить сессию" была нажата.
20.07.2014 11:55:      В форме "Добавить сессию" были загружены дефолтовые значения.
20.07.2014 11:55:      В форме "Добавить сессию" были загружены дефолтовые значения.
20.07.2014 11:55:      В форме "Добавить сессию" было загружено клиент с карточкой.
20.07.2014 11:55:      В форме "Добавить сессию" были загружены дефолтовые значения.
20.07.2014 11:56:      В форме "Добавить сессию" были загружены дефолтовые значения.
20.07.2014 11:56:      Данные 100 в форме "Добавить сессию" были введены данные в поле "Оплачено".
20.07.2014 11:56:      Данные 100 в форме "Добавить сессию" были введены данные в поле "Оплачено".
20.07.2014 11:56:      В форме "Добавить сессию" были введены данные в поле Оплачено = 100 сом. Оплаченное время = 01:08:00, на приставку mVIP7, с Карточкой 0
20.07.2014 11:56:      кнопка "Добавить сессию" была нажата.
20.07.2014 11:56:      В форме "Добавить сессию" были загружены дефолтовые значения.
20.07.2014 11:56:      В форме "Добавить сессию" были загружены дефолтовые значения.
20.07.2014 11:56:      В форме "Добавить сессию" было загружено клиент с карточкой.
20.07.2014 11:56:      В форме "Добавить сессию" были загружены дефолтовые значения.
20.07.2014 11:56:      Данные 100 в форме "Добавить сессию" были введены данные в поле "Оплачено".
20.07.2014 11:56:      Данные 100 в форме "Добавить сессию" были введены данные в поле "Оплачено".
20.07.2014 11:56:      В форме "Добавить сессию" были введены данные в поле Оплачено = 100 сом. Оплаченное время = 01:08:00, на приставку mVIP8, с Карточкой 0
20.07.2014 11:57:      кнопка "Смена приставки" была нажата.
20.07.2014 11:57:      кнопка "Смена приставки" была нажата.
20.07.2014 11:58:      кнопка "Смена приставки" была нажата.
20.07.2014 12:03:      кнопка "Добавить сессию" была нажата.
20.07.2014 12:03:      В форме "Добавить сессию" были загружены дефолтовые значения.
20.07.2014 12:03:      В форме "Добавить сессию" были загружены дефолтовые значения.
20.07.2014 12:03:      В форме "Добавить сессию" было загружено клиент с карточкой.
20.07.2014 12:03:      Кнопка "Закрыть" в форме "Добавить сессию" была нажата.
20.07.2014 12:03:      кнопка "Добавить сессию" была нажата.
20.07.2014 12:03:      В форме "Добавить сессию" были загружены дефолтовые значения.
20.07.2014 12:03:      В форме "Добавить сессию" были загружены дефолтовые значения.
20.07.2014 12:03:      В форме "Добавить сессию" было загружено клиент с карточкой.
20.07.2014 12:03:      Данные 80 в форме "Добавить сессию" были введены данные в поле "Оплачено".
20.07.2014 12:03:      В форме "Добавить сессию" были введены данные в поле Оплачено = 80 сом. Оплаченное время = 01:00:00, на приставку 1, с Карточкой 0
20.07.2014 12:06:      кнопка "Добавить сессию" была нажата.
20.07.2014 12:06:      В форме "Добавить сессию" были загружены дефолтовые значения.
20.07.2014 12:06:      В форме "Добавить сессию" были загружены дефолтовые значения.
20.07.2014 12:06:      В форме "Добавить сессию" было загружено клиент с карточкой.
20.07.2014 12:06:      В форме "Добавить сессию" были загружены дефолтовые значения.
20.07.2014 12:06:      Данные 120 в форме "Добавить сессию" были введены данные в поле "Оплачено".
20.07.2014 12:06:      В форме "Добавить сессию" были введены данные в поле Оплачено = 120 сом. Оплаченное время = 01:00:00, на приставку PS4, с Карточкой 0
20.07.2014 12:08:      кнопка "Добавить сессию" была нажата.
20.07.2014 12:08:      В форме "Добавить сессию" были загружены дефолтовые значения.
20.07.2014 12:08:      В форме "Добавить сессию" были загружены дефолтовые значения.
20.07.2014 12:08:      В форме "Добавить сессию" было загружено клиент с карточкой.
20.07.2014 12:08:      В форме "Добавить сессию" были загружены дефолтовые значения.
20.07.2014 12:08:      Данные 90 в форме "Добавить сессию" были введены данные в поле "Оплачено".
20.07.2014 12:08:      В форме "Добавить сессию" были введены данные в поле Оплачено = 90 сом. Оплаченное время = 01:00:00, на приставку mVIP8, с Карточкой 0
20.07.2014 12:45:      кнопка "Добавить сессию" была нажата.
20.07.2014 12:45:      В форме "Добавить сессию" были загружены дефолтовые значения.
20.07.2014 12:45:      В форме "Добавить сессию" были загружены дефолтовые значения.
20.07.2014 12:45:      В форме "Добавить сессию" было загружено клиент с карточкой.
20.07.2014 12:45:      Данные 80 в форме "Добавить сессию" были введены данные в поле "Оплачено".
20.07.2014 12:45:      В форме "Добавить сессию" были введены данные в поле Оплачено = 80 сом. Оплаченное время = 01:00:00, на приставку 2, с Карточкой 0
20.07.2014 12:45:      кнопка "Продать товар" была нажата.
20.07.2014 12:45:      В форме "Продать товар" была нажата кнопка Продать с введеными данными: Товар Джойстики доп в количестве 1шт. был успешно занесен в список проданных товаров!
20.07.2014 12:46:      кнопка "Продать товар" была нажата.
20.07.2014 12:46:      В форме "Продать товар" была нажата кнопка Продать с введеными данными: Товар Спрайт 1 лт в количестве 1шт. был успешно занесен в список проданных товаров!
20.07.2014 13:02:      Кнопка "Продлить сессию" была нажата.
20.07.2014 13:02:      В форме "Продлить сессию" были введены данные в поле Оплачено = 40 сом. Оплаченное время = 0:30, на приставку 1, с Карточкой Usual Client
20.07.2014 13:31:      кнопка "Закрыть сессию" была нажата.
20.07.2014 13:35:      Кнопка "Продлить сессию" была нажата.
20.07.2014 13:35:      В форме "Продлить сессию" были введены данные в поле Оплачено = 40 сом. Оплаченное время = 0:30, на приставку 2, с Карточкой Usual Client
20.07.2014 13:35:      В форме "Продлить сессию" были введены данные в поле время на продление = 1:0
20.07.2014 13:35:      В форме "Продлить сессию" были введены данные в поле Сумма на продление = 80
20.07.2014 13:38:      кнопка "Добавить сессию" была нажата.
20.07.2014 13:38:      В форме "Добавить сессию" были загружены дефолтовые значения.
20.07.2014 13:38:      В форме "Добавить сессию" были загружены дефолтовые значения.
20.07.2014 13:38:      В форме "Добавить сессию" было загружено клиент с карточкой.
20.07.2014 13:38:      В форме "Добавить сессию" были загружены дефолтовые значения.
20.07.2014 13:38:      Данные 80 в форме "Добавить сессию" были введены данные в поле "Оплачено".
20.07.2014 13:38:      В форме "Добавить сессию" были введены данные в поле Оплачено = 80 сом. Оплаченное время = 01:00:00, на приставку 5, с Карточкой 0
20.07.2014 13:38:      кнопка "Бар" была нажата.
20.07.2014 13:38:      кнопка "Продать товар" была нажата.
20.07.2014 13:38:      В форме "Продать товар" была нажата кнопка Продать с введеными данными: Товар Вода 1 л в количестве 1шт. был успешно занесен в список проданных товаров!
20.07.2014 13:59:      кнопка "Продать товар" была нажата.
20.07.2014 14:58:      кнопка "Добавить сессию" была нажата.
20.07.2014 14:58:      В форме "Добавить сессию" были загружены дефолтовые значения.
20.07.2014 14:58:      В форме "Добавить сессию" были загружены дефолтовые значения.
20.07.2014 14:58:      В форме "Добавить сессию" было загружено клиент с карточкой.
20.07.2014 14:58:      В форме "Добавить сессию" были загружены дефолтовые значения.
20.07.2014 14:59:      Данные 120 в форме "Добавить сессию" были введены данные в поле "Оплачено".
20.07.2014 14:59:      В форме "Добавить сессию" были введены данные в поле Оплачено = 120 сом. Оплаченное время = 01:00:00, на приставку PS4, с Карточкой 0
20.07.2014 15:19:      кнопка "Добавить сессию" была нажата.
20.07.2014 15:19:      В форме "Добавить сессию" были загружены дефолтовые значения.
20.07.2014 15:19:      В форме "Добавить сессию" были загружены дефолтовые значения.
20.07.2014 15:19:      В форме "Добавить сессию" было загружено клиент с карточкой.
20.07.2014 15:19:      В форме "Добавить сессию" были загружены дефолтовые значения.
20.07.2014 15:19:      Данные 100 в форме "Добавить сессию" были введены данные в поле "Оплачено".
20.07.2014 15:19:      Данные 100 в форме "Добавить сессию" были введены данные в поле "Оплачено".
20.07.2014 15:19:      В форме "Добавить сессию" были введены данные в поле Оплачено = 100 сом. Оплаченное время = 01:07:00, на приставку mVIP8, с Карточкой 0
20.07.2014 15:23:      кнопка "Продать товар" была нажата.
20.07.2014 15:23:      В форме "Продать товар" была нажата кнопка Продать с введеными данными: Товар Вода 0,5л в количестве 1шт. был успешно занесен в список проданных товаров!
20.07.2014 15:23:      В форме "Продать товар" была нажата кнопка Продать с введеными данными: Товар Вода 0,5л в количестве 1шт. был успешно занесен в список проданных товаров!
20.07.2014 15:23:      кнопка "Добавить сессию" была нажата.
20.07.2014 15:23:      В форме "Добавить сессию" были загружены дефолтовые значения.
20.07.2014 15:23:      В форме "Добавить сессию" были загружены дефолтовые значения.
20.07.2014 15:23:      В форме "Добавить сессию" было загружено клиент с карточкой.
20.07.2014 15:24:      В форме "Добавить сессию" были загружены дефолтовые значения.
20.07.2014 15:24:      Данные 90 в форме "Добавить сессию" были введены данные в поле "Оплачено".
20.07.2014 15:24:      Данные 90 в форме "Добавить сессию" были введены данные в поле "Оплачено".
20.07.2014 15:24:      В форме "Добавить сессию" были введены данные в поле Оплачено = 90 сом. Оплаченное время = 01:08:00, на приставку 5, с Карточкой 0
20.07.2014 15:27:      Кнопка "Продлить сессию" была нажата.
20.07.2014 15:27:      В форме "Продлить сессию" были введены данные в поле Оплачено = 40 сом. Оплаченное время = 0:30, на приставку 5, с Карточкой Usual Client
20.07.2014 15:27:      В форме "Продлить сессию" были введены данные в поле время на продление = 1:0
20.07.2014 15:27:      В форме "Продлить сессию" были введены данные в поле Сумма на продление = 80
20.07.2014 15:38:      кнопка "Добавить сессию" была нажата.
20.07.2014 15:38:      В форме "Добавить сессию" были загружены дефолтовые значения.
20.07.2014 15:38:      В форме "Добавить сессию" были загружены дефолтовые значения.
20.07.2014 15:38:      В форме "Добавить сессию" было загружено клиент с карточкой.
20.07.2014 15:38:      В форме "Добавить сессию" были загружены дефолтовые значения.
20.07.2014 15:38:      Данные 50 в форме "Добавить сессию" были введены данные в поле "Оплачено".
20.07.2014 15:38:      Данные 50 в форме "Добавить сессию" были введены данные в поле "Оплачено".
20.07.2014 15:38:      В форме "Добавить сессию" были введены данные в поле Оплачено = 50 сом. Оплаченное время = 00:37:00, на приставку 6, с Карточкой 0
20.07.2014 16:00:      кнопка "Добавить сессию" была нажата.
20.07.2014 16:00:      В форме "Добавить сессию" были загружены дефолтовые значения.
20.07.2014 16:00:      В форме "Добавить сессию" были загружены дефолтовые значения.
20.07.2014 16:00:      В форме "Добавить сессию" было загружено клиент с карточкой.
20.07.2014 16:00:      В форме "Добавить сессию" были загружены дефолтовые значения.
20.07.2014 16:00:      В форме "Добавить сессию" в поле "Остаток часов" было введено 
20.07.2014 16:00:      Данные 160 в форме "Добавить сессию"  в поле "Оплачено" были введены.
20.07.2014 16:00:      Данные 160 в форме "Добавить сессию" были введены данные в поле "Оплачено".
20.07.2014 16:00:      В форме "Добавить сессию" были введены данные в поле Оплачено = 160 сом. Оплаченное время = 02:00:00, на приставку 3, с Карточкой 0
20.07.2014 16:27:      кнопка "Добавить сессию" была нажата.
20.07.2014 16:27:      В форме "Добавить сессию" были загружены дефолтовые значения.
20.07.2014 16:27:      В форме "Добавить сессию" были загружены дефолтовые значения.
20.07.2014 16:27:      В форме "Добавить сессию" было загружено клиент с карточкой.
20.07.2014 16:27:      В форме "Добавить сессию" были загружены дефолтовые значения.
20.07.2014 16:27:      Данные 100 в форме "Добавить сессию" были введены данные в поле "Оплачено".
20.07.2014 16:27:      Данные 100 в форме "Добавить сессию" были введены данные в поле "Оплачено".
20.07.2014 16:27:      В форме "Добавить сессию" были введены данные в поле Оплачено = 100 сом. Оплаченное время = 01:07:00, на приставку mVIP8, с Карточкой 0
20.07.2014 16:55:      кнопка "Добавить сессию" была нажата.
20.07.2014 16:55:      В форме "Добавить сессию" были загружены дефолтовые значения.
20.07.2014 16:55:      В форме "Добавить сессию" были загружены дефолтовые значения.
20.07.2014 16:55:      В форме "Добавить сессию" было загружено клиент с карточкой.
20.07.2014 16:55:      В форме "Добавить сессию" были загружены дефолтовые значения.
20.07.2014 16:55:      Данные 45 в форме "Добавить сессию" были введены данные в поле "Оплачено".
20.07.2014 16:55:      Данные 45 в форме "Добавить сессию" были введены данные в поле "Оплачено".
20.07.2014 16:55:      В форме "Добавить сессию" были введены данные в поле Оплачено = 45 сом. Оплаченное время = 00:33:00, на приставку 6, с Карточкой 0
20.07.2014 17:02:      кнопка "Добавить сессию" была нажата.
20.07.2014 17:02:      В форме "Добавить сессию" были загружены дефолтовые значения.
20.07.2014 17:02:      В форме "Добавить сессию" были загружены дефолтовые значения.
20.07.2014 17:02:      В форме "Добавить сессию" было загружено клиент с карточкой.
20.07.2014 17:02:      В форме "Добавить сессию" были загружены дефолтовые значения.
20.07.2014 17:02:      В форме "Добавить сессию" в поле "Остаток часов" было введено 
20.07.2014 17:02:      Данные 181 в форме "Добавить сессию"  в поле "Оплачено" были введены.
20.07.2014 17:03:      Данные 181 в форме "Добавить сессию" были введены данные в поле "Оплачено".
20.07.2014 17:03:      Данные 181 в форме "Добавить сессию" были введены данные в поле "Оплачено".
20.07.2014 17:03:      В форме "Добавить сессию" были введены данные в поле Оплачено = 181 сом. Оплаченное время = 02:01:00, на приставку mVIP6, с Карточкой 0
20.07.2014 17:03:      кнопка "Продать товар" была нажата.
20.07.2014 17:03:      В форме "Продать товар" была нажата кнопка Продать с введеными данными: Товар Пико 0,5 л в количестве 1шт. был успешно занесен в список проданных товаров!
20.07.2014 17:03:      В форме "Продать товар" была нажата кнопка Продать с введеными данными: Товар Сникерс мал в количестве 1шт. был успешно занесен в список проданных товаров!
20.07.2014 17:15:      кнопка "Продать товар" была нажата.
20.07.2014 17:15:      В форме "Продать товар" была нажата кнопка Продать с введеными данными: Товар Живое 1 л в количестве 1шт. был успешно занесен в список проданных товаров!
20.07.2014 17:28:      кнопка "Добавить сессию" была нажата.
20.07.2014 17:28:      В форме "Добавить сессию" были загружены дефолтовые значения.
20.07.2014 17:28:      В форме "Добавить сессию" были загружены дефолтовые значения.
20.07.2014 17:28:      В форме "Добавить сессию" было загружено клиент с карточкой.
20.07.2014 17:28:      В форме "Добавить сессию" были загружены дефолтовые значения.
20.07.2014 17:28:      Кнопка "Закрыть" в форме "Добавить сессию" была нажата.
20.07.2014 17:28:      кнопка "Добавить сессию" была нажата.
20.07.2014 17:28:      В форме "Добавить сессию" были загружены дефолтовые значения.
20.07.2014 17:28:      В форме "Добавить сессию" были загружены дефолтовые значения.
20.07.2014 17:28:      В форме "Добавить сессию" было загружено клиент с карточкой.
20.07.2014 17:28:      Данные 70 в форме "Добавить сессию" были введены данные в поле "Оплачено".
20.07.2014 17:28:      Данные 70 в форме "Добавить сессию" были введены данные в поле "Оплачено".
20.07.2014 17:28:      В форме "Добавить сессию" были введены данные в поле Оплачено = 70 сом. Оплаченное время = 00:52:00, на приставку 1, с Карточкой 0
20.07.2014 17:33:      кнопка "Добавить сессию" была нажата.
20.07.2014 17:33:      В форме "Добавить сессию" были загружены дефолтовые значения.
20.07.2014 17:33:      В форме "Добавить сессию" были загружены дефолтовые значения.
20.07.2014 17:33:      В форме "Добавить сессию" было загружено клиент с карточкой.
20.07.2014 17:33:      В форме "Добавить сессию" были загружены дефолтовые значения.
20.07.2014 17:33:      В форме "Добавить сессию" в поле "Остаток часов" было введено 
20.07.2014 17:33:      Данные 166 в форме "Добавить сессию"  в поле "Оплачено" были введены.
20.07.2014 17:33:      Данные 160 в форме "Добавить сессию" были введены данные в поле "Оплачено".
20.07.2014 17:33:      Данные 160 в форме "Добавить сессию" были введены данные в поле "Оплачено".
20.07.2014 17:33:      В форме "Добавить сессию" были введены данные в поле Оплачено = 160 сом. Оплаченное время = 01:56:00, на приставку 6, с Карточкой 0
20.07.2014 17:34:      кнопка "Продать товар" была нажата.
20.07.2014 17:34:      В форме "Продать товар" была нажата кнопка Продать с введеными данными: Товар Сникерс бол в количестве 2шт. был успешно занесен в список проданных товаров!
20.07.2014 17:36:      кнопка "Продать товар" была нажата.
20.07.2014 17:37:      В форме "Продать товар" была нажата кнопка Продать с введеными данными: Товар Кола 0,5 в количестве 1шт. был успешно занесен в список проданных товаров!
20.07.2014 17:37:      кнопка "Бар" была нажата.
20.07.2014 17:41:      кнопка "Продать товар" была нажата.
20.07.2014 17:41:      В форме "Продать товар" была нажата кнопка Продать с введеными данными: Товар Вода 1 л в количестве 1шт. был успешно занесен в список проданных товаров!
20.07.2014 17:45:      кнопка "Бар" была нажата.
20.07.2014 17:47:      кнопка "Добавить сессию" была нажата.
20.07.2014 17:47:      В форме "Добавить сессию" были загружены дефолтовые значения.
20.07.2014 17:47:      В форме "Добавить сессию" были загружены дефолтовые значения.
20.07.2014 17:47:      В форме "Добавить сессию" было загружено клиент с карточкой.
20.07.2014 17:47:      В форме "Добавить сессию" были загружены дефолтовые значения.
20.07.2014 17:47:      Данные 45 в форме "Добавить сессию" были введены данные в поле "Оплачено".
20.07.2014 17:47:      Данные 45 в форме "Добавить сессию" были введены данные в поле "Оплачено".
20.07.2014 17:47:      В форме "Добавить сессию" были введены данные в поле Оплачено = 45 сом. Оплаченное время = 00:30:00, на приставку mVIP1, с Карточкой 0
20.07.2014 17:51:      кнопка "Добавить сессию" была нажата.
20.07.2014 17:51:      В форме "Добавить сессию" были загружены дефолтовые значения.
20.07.2014 17:51:      В форме "Добавить сессию" были загружены дефолтовые значения.
20.07.2014 17:51:      В форме "Добавить сессию" было загружено клиент с карточкой.
20.07.2014 17:51:      В форме "Добавить сессию" были загружены дефолтовые значения.
20.07.2014 17:51:      Данные 50 в форме "Добавить сессию" были введены данные в поле "Оплачено".
20.07.2014 17:51:      Данные 50 в форме "Добавить сессию" были введены данные в поле "Оплачено".
20.07.2014 17:51:      В форме "Добавить сессию" были введены данные в поле Оплачено = 50 сом. Оплаченное время = 00:37:00, на приставку 5, с Карточкой 0
20.07.2014 17:58:      кнопка "Добавить сессию" была нажата.
20.07.2014 17:58:      В форме "Добавить сессию" были загружены дефолтовые значения.
20.07.2014 17:58:      В форме "Добавить сессию" были загружены дефолтовые значения.
20.07.2014 17:58:      В форме "Добавить сессию" было загружено клиент с карточкой.
20.07.2014 17:58:      В форме "Добавить сессию" были загружены дефолтовые значения.
20.07.2014 17:58:      Данные 80 в форме "Добавить сессию" были введены данные в поле "Оплачено".
20.07.2014 17:58:      В форме "Добавить сессию" были введены данные в поле Оплачено = 80 сом. Оплаченное время = 01:00:00, на приставку 4, с Карточкой 0
20.07.2014 18:23:      Кнопка "Продлить сессию" была нажата.
20.07.2014 18:23:      В форме "Продлить сессию" были введены данные в поле Оплачено = 40 сом. Оплаченное время = 0:30, на приставку 5, с Карточкой Usual Client
20.07.2014 18:25:      В форме "Продлить сессию" была нажата кнопка ОТМЕНА 
20.07.2014 18:27:      кнопка "Закрыть сессию" была нажата.
20.07.2014 18:36:      кнопка "Добавить сессию" была нажата.
20.07.2014 18:36:      В форме "Добавить сессию" были загружены дефолтовые значения.
20.07.2014 18:36:      В форме "Добавить сессию" были загружены дефолтовые значения.
20.07.2014 18:36:      В форме "Добавить сессию" было загружено клиент с карточкой.
20.07.2014 18:36:      В форме "Добавить сессию" были загружены дефолтовые значения.
20.07.2014 18:37:      В форме "Добавить сессию" были загружены дефолтовые значения.
20.07.2014 18:37:      Данные 100 в форме "Добавить сессию" были введены данные в поле "Оплачено".
20.07.2014 18:37:      Данные 100 в форме "Добавить сессию" были введены данные в поле "Оплачено".
20.07.2014 18:37:      В форме "Добавить сессию" были введены данные в поле Оплачено = 100 сом. Оплаченное время = 01:02:00, на приставку mVIP8, с Карточкой 0
20.07.2014 18:37:      кнопка "Смена приставки" была нажата.
20.07.2014 18:52:      кнопка "Добавить сессию" была нажата.
20.07.2014 18:52:      В форме "Добавить сессию" были загружены дефолтовые значения.
20.07.2014 18:52:      В форме "Добавить сессию" были загружены дефолтовые значения.
20.07.2014 18:52:      В форме "Добавить сессию" было загружено клиент с карточкой.
20.07.2014 18:52:      Данные 89 в форме "Добавить сессию" были введены данные в поле "Оплачено".
20.07.2014 18:52:      В форме "Добавить сессию" были введены данные в поле Оплачено = 89 сом. Оплаченное время = 01:00:00, на приставку 1, с Карточкой 0
20.07.2014 18:59:      кнопка "Добавить сессию" была нажата.
20.07.2014 18:59:      В форме "Добавить сессию" были загружены дефолтовые значения.
20.07.2014 18:59:      В форме "Добавить сессию" были загружены дефолтовые значения.
20.07.2014 18:59:      В форме "Добавить сессию" было загружено клиент с карточкой.
20.07.2014 18:59:      В форме "Добавить сессию" были загружены дефолтовые значения.
20.07.2014 18:59:      Данные 90 в форме "Добавить сессию" были введены данные в поле "Оплачено".
20.07.2014 18:59:      В форме "Добавить сессию" были введены данные в поле Оплачено = 90 сом. Оплаченное время = 01:00:00, на приставку 4, с Карточкой 0
20.07.2014 19:01:      Кнопка "Продлить сессию" была нажата.
20.07.2014 19:01:      В форме "Продлить сессию" были введены данные в поле Оплачено = 50 сом. Оплаченное время = 0:30, на приставку mVIP6, с Карточкой Usual Client
20.07.2014 19:26:      кнопка "Закрыть сессию" была нажата.
20.07.2014 19:26:      Кнопка "Продлить сессию" была нажата.
20.07.2014 19:26:      В форме "Продлить сессию" были введены данные в поле Оплачено = 45 сом. Оплаченное время = 0:30, на приставку 6, с Карточкой Usual Client
20.07.2014 19:40:      кнопка "Добавить сессию" была нажата.
20.07.2014 19:40:      В форме "Добавить сессию" были загружены дефолтовые значения.
20.07.2014 19:40:      В форме "Добавить сессию" были загружены дефолтовые значения.
20.07.2014 19:40:      В форме "Добавить сессию" было загружено клиент с карточкой.
20.07.2014 19:40:      В форме "Добавить сессию" были загружены дефолтовые значения.
20.07.2014 19:40:      Данные 100 в форме "Добавить сессию" были введены данные в поле "Оплачено".
20.07.2014 19:40:      В форме "Добавить сессию" были введены данные в поле Оплачено = 100 сом. Оплаченное время = 01:00:00, на приставку mVIP3, с Карточкой 0
20.07.2014 19:42:      кнопка "Затраты" была нажата.
20.07.2014 19:46:      кнопка "Добавить сессию" была нажата.
20.07.2014 19:46:      В форме "Добавить сессию" были загружены дефолтовые значения.
20.07.2014 19:46:      В форме "Добавить сессию" были загружены дефолтовые значения.
20.07.2014 19:46:      В форме "Добавить сессию" было загружено клиент с карточкой.
20.07.2014 19:46:      В форме "Добавить сессию" были загружены дефолтовые значения.
20.07.2014 19:47:      Данные 90 в форме "Добавить сессию" были введены данные в поле "Оплачено".
20.07.2014 19:47:      В форме "Добавить сессию" были введены данные в поле Оплачено = 90 сом. Оплаченное время = 01:00:00, на приставку 5, с Карточкой 0
20.07.2014 19:55:      кнопка "Добавить сессию" была нажата.
20.07.2014 19:55:      В форме "Добавить сессию" были загружены дефолтовые значения.
20.07.2014 19:55:      В форме "Добавить сессию" были загружены дефолтовые значения.
20.07.2014 19:55:      В форме "Добавить сессию" было загружено клиент с карточкой.
20.07.2014 19:55:      Кнопка "Закрыть" в форме "Добавить сессию" была нажата.
20.07.2014 19:55:      кнопка "Смена приставки" была нажата.
20.07.2014 19:59:      кнопка "Добавить сессию" была нажата.
20.07.2014 19:59:      В форме "Добавить сессию" были загружены дефолтовые значения.
20.07.2014 19:59:      В форме "Добавить сессию" были загружены дефолтовые значения.
20.07.2014 19:59:      В форме "Добавить сессию" было загружено клиент с карточкой.
20.07.2014 19:59:      В форме "Добавить сессию" были загружены дефолтовые значения.
20.07.2014 19:59:      Данные 45 в форме "Добавить сессию" были введены данные в поле "Оплачено".
20.07.2014 19:59:      Данные 45 в форме "Добавить сессию" были введены данные в поле "Оплачено".
20.07.2014 19:59:      В форме "Добавить сессию" были введены данные в поле Оплачено = 45 сом. Оплаченное время = 00:30:00, на приставку 6, с Карточкой 0
20.07.2014 20:00:      кнопка "Добавить сессию" была нажата.
20.07.2014 20:00:      В форме "Добавить сессию" были загружены дефолтовые значения.
20.07.2014 20:00:      В форме "Добавить сессию" были загружены дефолтовые значения.
20.07.2014 20:00:      В форме "Добавить сессию" было загружено клиент с карточкой.
20.07.2014 20:00:      В форме "Добавить сессию" были загружены дефолтовые значения.
20.07.2014 20:00:      Данные 110 в форме "Добавить сессию" были введены данные в поле "Оплачено".
20.07.2014 20:00:      Данные 110 в форме "Добавить сессию" были введены данные в поле "Оплачено".
20.07.2014 20:00:      В форме "Добавить сессию" были введены данные в поле Оплачено = 110 сом. Оплаченное время = 01:13:00, на приставку 4, с Карточкой 0
20.07.2014 20:23:      кнопка "Добавить сессию" была нажата.
20.07.2014 20:23:      В форме "Добавить сессию" были загружены дефолтовые значения.
20.07.2014 20:23:      В форме "Добавить сессию" были загружены дефолтовые значения.
20.07.2014 20:23:      В форме "Добавить сессию" было загружено клиент с карточкой.
20.07.2014 20:23:      В форме "Добавить сессию" были загружены дефолтовые значения.
20.07.2014 20:24:      Данные 100 в форме "Добавить сессию" были введены данные в поле "Оплачено".
20.07.2014 20:24:      В форме "Добавить сессию" были введены данные в поле Оплачено = 100 сом. Оплаченное время = 01:00:00, на приставку mVIP8, с Карточкой 0
20.07.2014 20:26:      кнопка "Продать товар" была нажата.
20.07.2014 20:26:      В форме "Продать товар" была нажата кнопка Продать с введеными данными: Товар Живое 2л в количестве 1шт. был успешно занесен в список проданных товаров!
20.07.2014 20:26:      В форме "Продать товар" была нажата кнопка Продать с введеными данными: Товар Стаканчики в количестве 2шт. был успешно занесен в список проданных товаров!
20.07.2014 20:37:      кнопка "Закрыть сессию" была нажата.
20.07.2014 20:40:      кнопка "Добавить сессию" была нажата.
20.07.2014 20:40:      В форме "Добавить сессию" были загружены дефолтовые значения.
20.07.2014 20:40:      В форме "Добавить сессию" были загружены дефолтовые значения.
20.07.2014 20:40:      В форме "Добавить сессию" было загружено клиент с карточкой.
20.07.2014 20:40:      В форме "Добавить сессию" были загружены дефолтовые значения.
20.07.2014 20:40:      Данные 50 в форме "Добавить сессию" были введены данные в поле "Оплачено".
20.07.2014 20:40:      Данные 50 в форме "Добавить сессию" были введены данные в поле "Оплачено".
20.07.2014 20:40:      В форме "Добавить сессию" были введены данные в поле Оплачено = 50 сом. Оплаченное время = 00:30:00, на приставку mVIP3, с Карточкой 0
20.07.2014 20:43:      Кнопка "Продлить сессию" была нажата.
20.07.2014 20:43:      В форме "Продлить сессию" были введены данные в поле Оплачено = 45 сом. Оплаченное время = 0:30, на приставку 1, с Карточкой Usual Client
20.07.2014 20:43:      В форме "Продлить сессию" были введены данные в поле время на продление = 1:0
20.07.2014 20:43:      В форме "Продлить сессию" были введены данные в поле Сумма на продление = 90
20.07.2014 21:11:      кнопка "Добавить сессию" была нажата.
20.07.2014 21:11:      В форме "Добавить сессию" были загружены дефолтовые значения.
20.07.2014 21:11:      В форме "Добавить сессию" были загружены дефолтовые значения.
20.07.2014 21:11:      В форме "Добавить сессию" было загружено клиент с карточкой.
20.07.2014 21:11:      В форме "Добавить сессию" были загружены дефолтовые значения.
20.07.2014 21:11:      Данные 50 в форме "Добавить сессию" были введены данные в поле "Оплачено".
20.07.2014 21:11:      Данные 50 в форме "Добавить сессию" были введены данные в поле "Оплачено".
20.07.2014 21:11:      В форме "Добавить сессию" были введены данные в поле Оплачено = 50 сом. Оплаченное время = 00:30:00, на приставку mVIP3, с Карточкой 0
20.07.2014 21:18:      Кнопка "Продлить сессию" была нажата.
20.07.2014 21:18:      В форме "Продлить сессию" были введены данные в поле Оплачено = 50 сом. Оплаченное время = 0:30, на приставку mVIP8, с Карточкой Usual Client
20.07.2014 21:18:      кнопка "Продать товар" была нажата.
20.07.2014 21:18:      кнопка "Затраты" была нажата.
20.07.2014 21:19:      кнопка "Продать товар" была нажата.
20.07.2014 21:19:      В форме "Продать товар" была нажата кнопка Продать с введеными данными: Товар Живое 1 л в количестве 1шт. был успешно занесен в список проданных товаров!
20.07.2014 21:19:      кнопка "Закрыть сессию" была нажата.
20.07.2014 21:20:      кнопка "Смена приставки" была нажата.
20.07.2014 21:27:      кнопка "Добавить сессию" была нажата.
20.07.2014 21:27:      В форме "Добавить сессию" были загружены дефолтовые значения.
20.07.2014 21:27:      В форме "Добавить сессию" были загружены дефолтовые значения.
20.07.2014 21:27:      В форме "Добавить сессию" было загружено клиент с карточкой.
20.07.2014 21:28:      В форме "Добавить сессию" были загружены дефолтовые значения.
20.07.2014 21:28:      Данные 150 в форме "Добавить сессию" были введены данные в поле "Оплачено".
20.07.2014 21:28:      Данные 150 в форме "Добавить сессию" были введены данные в поле "Оплачено".
20.07.2014 21:28:      В форме "Добавить сессию" были введены данные в поле Оплачено = 150 сом. Оплаченное время = 01:40:00, на приставку 5, с Карточкой 0
20.07.2014 21:30:      кнопка "Добавить сессию" была нажата.
20.07.2014 21:30:      В форме "Добавить сессию" были загружены дефолтовые значения.
20.07.2014 21:30:      В форме "Добавить сессию" были загружены дефолтовые значения.
20.07.2014 21:30:      В форме "Добавить сессию" было загружено клиент с карточкой.
20.07.2014 21:30:      Кнопка "Закрыть" в форме "Добавить сессию" была нажата.
20.07.2014 21:36:      кнопка "Закрыть сессию" была нажата.
20.07.2014 21:48:      кнопка "Добавить сессию" была нажата.
20.07.2014 21:48:      В форме "Добавить сессию" были загружены дефолтовые значения.
20.07.2014 21:48:      В форме "Добавить сессию" были загружены дефолтовые значения.
20.07.2014 21:48:      В форме "Добавить сессию" было загружено клиент с карточкой.
20.07.2014 21:48:      В форме "Добавить сессию" были загружены дефолтовые значения.
20.07.2014 21:49:      Данные 100 в форме "Добавить сессию" были введены данные в поле "Оплачено".
20.07.2014 21:49:      В форме "Добавить сессию" были введены данные в поле Оплачено = 100 сом. Оплаченное время = 01:00:00, на приставку mVIP3, с Карточкой 0
20.07.2014 21:49:      кнопка "Смена приставки" была нажата.
20.07.2014 21:50:      Кнопка "Продлить сессию" была нажата.
20.07.2014 21:50:      В форме "Продлить сессию" были введены данные в поле Оплачено = 50 сом. Оплаченное время = 0:30, на приставку mVIP6, с Карточкой Usual Client
20.07.2014 21:51:      В форме "Продлить сессию" были введены данные в поле время на продление = 1:0
20.07.2014 21:51:      В форме "Продлить сессию" были введены данные в поле Сумма на продление = 100
20.07.2014 21:51:      кнопка "Закрыть сессию" была нажата.
20.07.2014 21:51:      кнопка "Добавить сессию" была нажата.
20.07.2014 21:51:      В форме "Добавить сессию" были загружены дефолтовые значения.
20.07.2014 21:51:      В форме "Добавить сессию" были загружены дефолтовые значения.
20.07.2014 21:51:      В форме "Добавить сессию" было загружено клиент с карточкой.
20.07.2014 21:51:      Кнопка "Закрыть" в форме "Добавить сессию" была нажата.
20.07.2014 21:52:      кнопка "Добавить сессию" была нажата.
20.07.2014 21:52:      В форме "Добавить сессию" были загружены дефолтовые значения.
20.07.2014 21:52:      В форме "Добавить сессию" были загружены дефолтовые значения.
20.07.2014 21:52:      В форме "Добавить сессию" было загружено клиент с карточкой.
20.07.2014 21:52:      В форме "Добавить сессию" были загружены дефолтовые значения.
20.07.2014 21:52:      Данные 90 в форме "Добавить сессию" были введены данные в поле "Оплачено".
20.07.2014 21:52:      В форме "Добавить сессию" были введены данные в поле Оплачено = 90 сом. Оплаченное время = 01:00:00, на приставку 6, с Карточкой 0
20.07.2014 21:56:      кнопка "Добавить сессию" была нажата.
20.07.2014 21:56:      В форме "Добавить сессию" были загружены дефолтовые значения.
20.07.2014 21:56:      В форме "Добавить сессию" были загружены дефолтовые значения.
20.07.2014 21:56:      В форме "Добавить сессию" было загружено клиент с карточкой.
20.07.2014 21:56:      В форме "Добавить сессию" были загружены дефолтовые значения.
20.07.2014 21:56:      Данные 180 в форме "Добавить сессию" были введены данные в поле "Оплачено".
20.07.2014 21:56:      В форме "Добавить сессию" были введены данные в поле Оплачено = 180 сом. Оплаченное время = 01:00:00, на приставку 9, с Карточкой 0
20.07.2014 21:56:      кнопка "Добавить сессию" была нажата.
20.07.2014 21:56:      В форме "Добавить сессию" были загружены дефолтовые значения.
20.07.2014 21:56:      В форме "Добавить сессию" были загружены дефолтовые значения.
20.07.2014 21:56:      В форме "Добавить сессию" было загружено клиент с карточкой.
20.07.2014 21:56:      В форме "Добавить сессию" были загружены дефолтовые значения.
20.07.2014 21:56:      Данные 100 в форме "Добавить сессию" были введены данные в поле "Оплачено".
20.07.2014 21:56:      В форме "Добавить сессию" были введены данные в поле Оплачено = 100 сом. Оплаченное время = 01:00:00, на приставку mVIP8, с Карточкой 0
20.07.2014 22:15:      кнопка "Скрытая кнопка" была нажата.
20.07.2014 22:17:      кнопка "Добавить сессию" была нажата.
20.07.2014 22:17:      В форме "Добавить сессию" были загружены дефолтовые значения.
20.07.2014 22:17:      В форме "Добавить сессию" были загружены дефолтовые значения.
20.07.2014 22:17:      В форме "Добавить сессию" было загружено клиент с карточкой.
20.07.2014 22:17:      В форме "Добавить сессию" были загружены дефолтовые значения.
20.07.2014 22:18:      Данные 100 в форме "Добавить сессию" были введены данные в поле "Оплачено".
20.07.2014 22:18:      В форме "Добавить сессию" были введены данные в поле Оплачено = 100 сом. Оплаченное время = 01:00:00, на приставку mVIP3, с Карточкой 0
20.07.2014 22:18:      кнопка "Затраты" была нажата.
20.07.2014 22:18:      кнопка "Смена приставки" была нажата.
20.07.2014 22:21:      Кнопка последние 10 сессий была нажата!
20.07.2014 22:25:      кнопка "Смена приставки" была нажата.
20.07.2014 22:26:      кнопка "Смена приставки" была нажата.
20.07.2014 22:26:      Кнопка "Продлить сессию" была нажата.
20.07.2014 22:26:      В форме "Продлить сессию" были введены данные в поле Оплачено = 50 сом. Оплаченное время = 0:30, на приставку mVIP4, с Карточкой Usual Client
20.07.2014 22:26:      кнопка "Смена приставки" была нажата.
20.07.2014 22:27:      Кнопка "Продлить сессию" была нажата.
20.07.2014 22:27:      В форме "Продлить сессию" были введены данные в поле Оплачено = 50 сом. Оплаченное время = 0:30, на приставку mVIP5, с Карточкой Usual Client
20.07.2014 22:27:      В форме "Продлить сессию" была нажата кнопка ОТМЕНА 
20.07.2014 22:30:      Кнопка последние 10 сессий была нажата!
20.07.2014 22:30:      кнопка "Скрытая кнопка" была нажата.
20.07.2014 22:30:      кнопка "Скрытая кнопка" была нажата.
20.07.2014 22:31:      кнопка "Затраты" была нажата.
20.07.2014 22:31:      кнопка "Скрытая кнопка" была нажата.
20.07.2014 22:42:      кнопка "Добавить сессию" была нажата.
20.07.2014 22:42:      В форме "Добавить сессию" были загружены дефолтовые значения.
20.07.2014 22:42:      В форме "Добавить сессию" были загружены дефолтовые значения.
20.07.2014 22:42:      В форме "Добавить сессию" было загружено клиент с карточкой.
20.07.2014 22:42:      В форме "Добавить сессию" были загружены дефолтовые значения.
20.07.2014 22:43:      В форме "Добавить сессию" были загружены дефолтовые значения.
20.07.2014 22:43:      Данные 90 в форме "Добавить сессию" были введены данные в поле "Оплачено".
20.07.2014 22:43:      В форме "Добавить сессию" были введены данные в поле Оплачено = 90 сом. Оплаченное время = 01:00:00, на приставку 2, с Карточкой 0
20.07.2014 22:45:      кнопка "Закрыть сессию" была нажата.
20.07.2014 22:53:      кнопка "Добавить сессию" была нажата.
20.07.2014 22:53:      В форме "Добавить сессию" были загружены дефолтовые значения.
20.07.2014 22:53:      В форме "Добавить сессию" были загружены дефолтовые значения.
20.07.2014 22:53:      В форме "Добавить сессию" было загружено клиент с карточкой.
20.07.2014 22:53:      В форме "Добавить сессию" были загружены дефолтовые значения.
20.07.2014 22:54:      Данные 45 в форме "Добавить сессию" были введены данные в поле "Оплачено".
20.07.2014 22:54:      Данные 45 в форме "Добавить сессию" были введены данные в поле "Оплачено".
20.07.2014 22:54:      В форме "Добавить сессию" были введены данные в поле Оплачено = 45 сом. Оплаченное время = 00:30:00, на приставку 6, с Карточкой 0
20.07.2014 22:57:      Кнопка "Продлить сессию" была нажата.
20.07.2014 22:57:      В форме "Продлить сессию" были введены данные в поле Оплачено = 45 сом. Оплаченное время = 0:30, на приставку 5, с Карточкой Usual Client
20.07.2014 22:57:      В форме "Продлить сессию" была нажата кнопка ОТМЕНА 
20.07.2014 22:57:      Кнопка "Продлить сессию" была нажата.
20.07.2014 22:57:      В форме "Продлить сессию" были введены данные в поле Оплачено = 45 сом. Оплаченное время = 0:30, на приставку 5, с Карточкой Usual Client
20.07.2014 22:57:      В форме "Продлить сессию" была нажата кнопка ОТМЕНА 
20.07.2014 22:59:      кнопка "Добавить сессию" была нажата.
20.07.2014 22:59:      В форме "Добавить сессию" были загружены дефолтовые значения.
20.07.2014 22:59:      В форме "Добавить сессию" были загружены дефолтовые значения.
20.07.2014 22:59:      В форме "Добавить сессию" было загружено клиент с карточкой.
20.07.2014 22:59:      В форме "Добавить сессию" были загружены дефолтовые значения.
20.07.2014 22:59:      Данные 200 в форме "Добавить сессию" были введены данные в поле "Оплачено".
20.07.2014 22:59:      Данные 200 в форме "Добавить сессию" были введены данные в поле "Оплачено".
20.07.2014 22:59:      В форме "Добавить сессию" были введены данные в поле Оплачено = 200 сом. Оплаченное время = 02:00:00, на приставку mVIP8, с Карточкой 0
20.07.2014 23:00:      кнопка "Продать товар" была нажата.
20.07.2014 23:01:      В форме "Продать товар" была нажата кнопка Продать с введеными данными: Товар Сандвичи в количестве 2шт. был успешно занесен в список проданных товаров!
20.07.2014 23:01:      В форме "Продать товар" была нажата кнопка Продать с введеными данными: Товар Фьюс 0,5л в количестве 2шт. был успешно занесен в список проданных товаров!
20.07.2014 23:01:      В форме "Продать товар" была нажата кнопка Продать с введеными данными: Товар Сникерс мал в количестве 2шт. был успешно занесен в список проданных товаров!
20.07.2014 23:03:      кнопка "Смена приставки" была нажата.
