New file created: 17.07.2014 19:35:39
Author: Kim Viacheslav

кнопка "Скрытая кнопка" была нажата.
17.07.2014 19:53:      Кнопка "Продлить сессию" была нажата.
17.07.2014 19:53:      В форме "Продлить сессию" были введены данные в поле время на продление = 0:30
17.07.2014 19:53:      В форме "Продлить сессию" были введены данные в поле Сумма на продление = 50
17.07.2014 19:53:      В форме "Продлить сессию" были введены данные в поле Оплачено = 50 сом. Оплаченное время = 0:30, на приставку mVIP8, с Карточкой Usual Client
17.07.2014 19:53:      В форме "Продлить сессию" были введены данные в поле время на продление = 1:30
17.07.2014 19:53:      В форме "Продлить сессию" были введены данные в поле Сумма на продление = 150
17.07.2014 19:53:      В форме "Продлить сессию" были введены данные в поле время на продление = 1:0
17.07.2014 19:53:      В форме "Продлить сессию" были введены данные в поле Сумма на продление = 100
17.07.2014 20:21:      Кнопка "Продлить сессию" была нажата.
17.07.2014 20:21:      В форме "Продлить сессию" были введены данные в поле время на продление = 0:30
17.07.2014 20:21:      В форме "Продлить сессию" были введены данные в поле Сумма на продление = 45
17.07.2014 20:21:      В форме "Продлить сессию" были введены данные в поле Оплачено = 45 сом. Оплаченное время = 0:30, на приставку 7, с Карточкой Usual Client
17.07.2014 20:21:      В форме "Продлить сессию" были введены данные в поле время на продление = 0:33
17.07.2014 20:21:      В форме "Продлить сессию" были введены данные в поле Сумма на продление = 50
17.07.2014 20:38:      кнопка "Закрыть сессию" была нажата.
17.07.2014 20:39:      Кнопка "Продлить сессию" была нажата.
17.07.2014 20:39:      В форме "Продлить сессию" были введены данные в поле время на продление = 0:30
17.07.2014 20:39:      В форме "Продлить сессию" были введены данные в поле Сумма на продление = 45
17.07.2014 20:39:      В форме "Продлить сессию" были введены данные в поле Оплачено = 45 сом. Оплаченное время = 0:30, на приставку 5, с Карточкой Usual Client
17.07.2014 20:39:      В форме "Продлить сессию" были введены данные в поле время на продление = 1:7
17.07.2014 20:39:      В форме "Продлить сессию" были введены данные в поле Сумма на продление = 101
17.07.2014 20:39:      В форме "Продлить сессию" были введены данные в поле время на продление = 1:7
17.07.2014 20:39:      В форме "Продлить сессию" были введены данные в поле Сумма на продление = 101
17.07.2014 20:39:      В форме "Продлить сессию" были введены данные в поле время на продление = 1:8
17.07.2014 20:39:      В форме "Продлить сессию" были введены данные в поле Сумма на продление = 102
17.07.2014 20:40:      Кнопка "Продлить сессию" была нажата.
17.07.2014 20:40:      В форме "Продлить сессию" были введены данные в поле время на продление = 0:30
17.07.2014 20:40:      В форме "Продлить сессию" были введены данные в поле Сумма на продление = 45
17.07.2014 20:40:      В форме "Продлить сессию" были введены данные в поле Оплачено = 45 сом. Оплаченное время = 0:30, на приставку 5, с Карточкой Usual Client
17.07.2014 20:40:      В форме "Продлить сессию" были введены данные в поле время на продление = 1:7
17.07.2014 20:40:      В форме "Продлить сессию" были введены данные в поле Сумма на продление = 101
17.07.2014 20:40:      В форме "Продлить сессию" были введены данные в поле время на продление = 1:7
17.07.2014 20:40:      В форме "Продлить сессию" были введены данные в поле Сумма на продление = 101
17.07.2014 20:47:      В форме "Продлить сессию" была нажата кнопка ОТМЕНА 
17.07.2014 20:47:      кнопка "Ревизия" была нажата.
17.07.2014 20:49:      кнопка "Ревизия" была нажата.
17.07.2014 21:14:      кнопка "Добавить сессию" была нажата.
17.07.2014 21:14:      В форме "Добавить сессию" были загружены дефолтовые значения.
17.07.2014 21:14:      В форме "Добавить сессию" были загружены дефолтовые значения.
17.07.2014 21:14:      В форме "Добавить сессию" было загружено клиент с карточкой.
17.07.2014 21:14:      В форме "Добавить сессию" были загружены дефолтовые значения.
17.07.2014 21:14:      Данные 180 в форме "Добавить сессию" были введены данные в поле "Оплачено".
17.07.2014 21:14:      В форме "Добавить сессию" были введены данные в поле Оплачено = 180 сом. Оплаченное время = 01:00:00, на приставку 9, с Карточкой 0
17.07.2014 21:46:      кнопка "Скрытая кнопка" была нажата.
17.07.2014 21:49:      кнопка "Скрытая кнопка" была нажата.
17.07.2014 21:50:      кнопка "Добавить сессию" была нажата.
17.07.2014 21:50:      В форме "Добавить сессию" были загружены дефолтовые значения.
17.07.2014 21:50:      В форме "Добавить сессию" были загружены дефолтовые значения.
17.07.2014 21:50:      В форме "Добавить сессию" было загружено клиент с карточкой.
17.07.2014 21:50:      В форме "Добавить сессию" были загружены дефолтовые значения.
17.07.2014 21:50:      Данные 100 в форме "Добавить сессию" были введены данные в поле "Оплачено".
17.07.2014 21:50:      Данные 100 в форме "Добавить сессию" были введены данные в поле "Оплачено".
17.07.2014 21:50:      В форме "Добавить сессию" были введены данные в поле Оплачено = 100 сом. Оплаченное время = 01:07:00, на приставку 5, с Карточкой 0
17.07.2014 22:01:      Кнопка "Продлить сессию" была нажата.
17.07.2014 22:01:      В форме "Продлить сессию" были введены данные в поле Оплачено = 90 сом. Оплаченное время = 0:30, на приставку 9, с Карточкой Usual Client
17.07.2014 22:01:      В форме "Продлить сессию" были введены данные в поле время на продление = 0:33
17.07.2014 22:01:      В форме "Продлить сессию" были введены данные в поле Сумма на продление = 100
17.07.2014 22:01:      В форме "Продлить сессию" была нажата кнопка ОТМЕНА 
17.07.2014 22:01:      кнопка "Добавить сессию" была нажата.
17.07.2014 22:01:      В форме "Добавить сессию" были загружены дефолтовые значения.
17.07.2014 22:01:      В форме "Добавить сессию" были загружены дефолтовые значения.
17.07.2014 22:01:      В форме "Добавить сессию" было загружено клиент с карточкой.
17.07.2014 22:01:      Кнопка "Закрыть" в форме "Добавить сессию" была нажата.
17.07.2014 22:01:      Кнопка "Продлить сессию" была нажата.
17.07.2014 22:01:      В форме "Продлить сессию" были введены данные в поле Оплачено = 90 сом. Оплаченное время = 0:30, на приставку 9, с Карточкой Usual Client
17.07.2014 22:01:      В форме "Продлить сессию" были введены данные в поле время на продление = 2:47
17.07.2014 22:01:      В форме "Продлить сессию" были введены данные в поле Сумма на продление = 501
17.07.2014 22:01:      В форме "Продлить сессию" были введены данные в поле время на продление = 2:47
17.07.2014 22:01:      В форме "Продлить сессию" были введены данные в поле Сумма на продление = 501
17.07.2014 22:01:      В форме "Продлить сессию" была нажата кнопка ОТМЕНА 
17.07.2014 22:02:      кнопка "Добавить сессию" была нажата.
17.07.2014 22:02:      В форме "Добавить сессию" были загружены дефолтовые значения.
17.07.2014 22:02:      В форме "Добавить сессию" были загружены дефолтовые значения.
17.07.2014 22:02:      В форме "Добавить сессию" было загружено клиент с карточкой.
17.07.2014 22:02:      В форме "Добавить сессию" были загружены дефолтовые значения.
17.07.2014 22:02:      Данные 100 в форме "Добавить сессию" были введены данные в поле "Оплачено".
17.07.2014 22:02:      Данные 100 в форме "Добавить сессию" были введены данные в поле "Оплачено".
17.07.2014 22:02:      В форме "Добавить сессию" были введены данные в поле Оплачено = 100 сом. Оплаченное время = 01:07:00, на приставку 6, с Карточкой 0
17.07.2014 22:02:      кнопка "Добавить сессию" была нажата.
17.07.2014 22:02:      В форме "Добавить сессию" были загружены дефолтовые значения.
17.07.2014 22:02:      В форме "Добавить сессию" были загружены дефолтовые значения.
17.07.2014 22:02:      В форме "Добавить сессию" было загружено клиент с карточкой.
17.07.2014 22:02:      В форме "Добавить сессию" были загружены дефолтовые значения.
17.07.2014 22:02:      Данные 55 в форме "Добавить сессию" были введены данные в поле "Оплачено".
17.07.2014 22:02:      Данные 55 в форме "Добавить сессию" были введены данные в поле "Оплачено".
17.07.2014 22:02:      В форме "Добавить сессию" были введены данные в поле Оплачено = 55 сом. Оплаченное время = 00:36:00, на приставку 7, с Карточкой 0
17.07.2014 22:02:      Кнопка "Продлить сессию" была нажата.
17.07.2014 22:03:      В форме "Продлить сессию" были введены данные в поле Оплачено = 45 сом. Оплаченное время = 0:30, на приставку 7, с Карточкой Usual Client
17.07.2014 22:05:      кнопка "Добавить сессию" была нажата.
17.07.2014 22:05:      В форме "Добавить сессию" были загружены дефолтовые значения.
17.07.2014 22:05:      В форме "Добавить сессию" были загружены дефолтовые значения.
17.07.2014 22:05:      В форме "Добавить сессию" было загружено клиент с карточкой.
17.07.2014 22:05:      В форме "Добавить сессию" были загружены дефолтовые значения.
17.07.2014 22:06:      Данные 240 в форме "Добавить сессию" были введены данные в поле "Оплачено".
17.07.2014 22:06:      Данные 240 в форме "Добавить сессию" были введены данные в поле "Оплачено".
17.07.2014 22:06:      В форме "Добавить сессию" были введены данные в поле Оплачено = 240 сом. Оплаченное время = 01:20:00, на приставку 11, с Карточкой 0
17.07.2014 22:06:      Кнопка "Продлить сессию" была нажата.
17.07.2014 22:06:      В форме "Продлить сессию" были введены данные в поле Оплачено = 90 сом. Оплаченное время = 0:30, на приставку 9, с Карточкой Usual Client
17.07.2014 22:06:      В форме "Продлить сессию" были введены данные в поле время на продление = 2:47
17.07.2014 22:06:      В форме "Продлить сессию" были введены данные в поле Сумма на продление = 500
17.07.2014 22:06:      В форме "Продлить сессию" были введены данные в поле время на продление = 0:46
17.07.2014 22:06:      В форме "Продлить сессию" были введены данные в поле Сумма на продление = 140
17.07.2014 22:06:      В форме "Продлить сессию" были введены данные в поле время на продление = 0:30
17.07.2014 22:06:      В форме "Продлить сессию" были введены данные в поле Сумма на продление = 90
17.07.2014 22:06:      В форме "Продлить сессию" была нажата кнопка ОТМЕНА 
17.07.2014 22:06:      кнопка "Добавить сессию" была нажата.
17.07.2014 22:06:      В форме "Добавить сессию" были загружены дефолтовые значения.
17.07.2014 22:06:      В форме "Добавить сессию" были загружены дефолтовые значения.
17.07.2014 22:06:      В форме "Добавить сессию" было загружено клиент с карточкой.
17.07.2014 22:06:      Кнопка "Закрыть" в форме "Добавить сессию" была нажата.
17.07.2014 22:07:      кнопка "Бар" была нажата.
17.07.2014 22:07:      кнопка "Продать товар" была нажата.
17.07.2014 22:07:      В форме "Продать товар" была нажата кнопка Продать с введеными данными: Товар Сникерс бол в количестве 1шт. был успешно занесен в список проданных товаров!
17.07.2014 22:07:      В форме "Продать товар" была нажата кнопка Продать с введеными данными: Товар Кола 0,5 в количестве 1шт. был успешно занесен в список проданных товаров!
17.07.2014 22:08:      В форме "Продать товар" была нажата кнопка Продать с введеными данными: Товар Кола 0,5 в количестве 2шт. был успешно занесен в список проданных товаров!
17.07.2014 22:08:      кнопка "Бар" была нажата.
17.07.2014 22:08:      кнопка "Затраты" была нажата.
