New file created: 21.07.2014 23:32:29
Author: Kim Viacheslav

кнопка "Добавить сессию" была нажата.
21.07.2014 23:32:      В форме "Добавить сессию" были загружены дефолтовые значения.
21.07.2014 23:32:      В форме "Добавить сессию" были загружены дефолтовые значения.
21.07.2014 23:32:      В форме "Добавить сессию" было загружено клиент с карточкой.
21.07.2014 23:34:      кнопка "Добавить сессию" была нажата.
21.07.2014 23:34:      В форме "Добавить сессию" были загружены дефолтовые значения.
21.07.2014 23:34:      В форме "Добавить сессию" были загружены дефолтовые значения.
21.07.2014 23:34:      В форме "Добавить сессию" было загружено клиент с карточкой.
21.07.2014 23:34:      Данные 90 в форме "Добавить сессию" были введены данные в поле "Оплачено".
21.07.2014 23:34:      В форме "Добавить сессию" были введены данные в поле Оплачено = 90 сом. Оплаченное время = 01:00:00, на приставку 1, с Карточкой 0
21.07.2014 23:35:      кнопка "Добавить сессию" была нажата.
21.07.2014 23:35:      В форме "Добавить сессию" были загружены дефолтовые значения.
21.07.2014 23:35:      В форме "Добавить сессию" были загружены дефолтовые значения.
21.07.2014 23:35:      В форме "Добавить сессию" было загружено клиент с карточкой.
21.07.2014 23:35:      Данные 90 в форме "Добавить сессию" были введены данные в поле "Оплачено".
21.07.2014 23:35:      Данные 91 в форме "Добавить сессию" были введены данные в поле "Оплачено".
21.07.2014 23:35:      Данные 92 в форме "Добавить сессию" были введены данные в поле "Оплачено".
21.07.2014 23:35:      Данные 93 в форме "Добавить сессию" были введены данные в поле "Оплачено".
21.07.2014 23:35:      Данные 94 в форме "Добавить сессию" были введены данные в поле "Оплачено".
21.07.2014 23:35:      Данные 95 в форме "Добавить сессию" были введены данные в поле "Оплачено".
21.07.2014 23:35:      Данные 96 в форме "Добавить сессию" были введены данные в поле "Оплачено".
21.07.2014 23:35:      Данные 97 в форме "Добавить сессию" были введены данные в поле "Оплачено".
21.07.2014 23:35:      Данные 98 в форме "Добавить сессию" были введены данные в поле "Оплачено".
21.07.2014 23:35:      Данные 99 в форме "Добавить сессию" были введены данные в поле "Оплачено".
21.07.2014 23:35:      Данные 100 в форме "Добавить сессию" были введены данные в поле "Оплачено".
21.07.2014 23:35:      Данные 101 в форме "Добавить сессию" были введены данные в поле "Оплачено".
21.07.2014 23:35:      Данные 102 в форме "Добавить сессию" были введены данные в поле "Оплачено".
21.07.2014 23:35:      Данные 103 в форме "Добавить сессию" были введены данные в поле "Оплачено".
21.07.2014 23:35:      Данные 104 в форме "Добавить сессию" были введены данные в поле "Оплачено".
21.07.2014 23:35:      Данные 105 в форме "Добавить сессию" были введены данные в поле "Оплачено".
21.07.2014 23:35:      Данные 106 в форме "Добавить сессию" были введены данные в поле "Оплачено".
21.07.2014 23:35:      Данные 107 в форме "Добавить сессию" были введены данные в поле "Оплачено".
21.07.2014 23:35:      Данные 108 в форме "Добавить сессию" были введены данные в поле "Оплачено".
21.07.2014 23:35:      Данные 109 в форме "Добавить сессию" были введены данные в поле "Оплачено".
21.07.2014 23:35:      Данные 110 в форме "Добавить сессию" были введены данные в поле "Оплачено".
21.07.2014 23:35:      Данные 111 в форме "Добавить сессию" были введены данные в поле "Оплачено".
21.07.2014 23:35:      Данные 112 в форме "Добавить сессию" были введены данные в поле "Оплачено".
21.07.2014 23:35:      Данные 113 в форме "Добавить сессию" были введены данные в поле "Оплачено".
21.07.2014 23:35:      Данные 114 в форме "Добавить сессию" были введены данные в поле "Оплачено".
21.07.2014 23:35:      Данные 115 в форме "Добавить сессию" были введены данные в поле "Оплачено".
21.07.2014 23:35:      Данные 116 в форме "Добавить сессию" были введены данные в поле "Оплачено".
21.07.2014 23:35:      Данные 117 в форме "Добавить сессию" были введены данные в поле "Оплачено".
21.07.2014 23:35:      Данные 118 в форме "Добавить сессию" были введены данные в поле "Оплачено".
21.07.2014 23:35:      Данные 119 в форме "Добавить сессию" были введены данные в поле "Оплачено".
21.07.2014 23:35:      Данные 120 в форме "Добавить сессию" были введены данные в поле "Оплачено".
21.07.2014 23:35:      Данные 121 в форме "Добавить сессию" были введены данные в поле "Оплачено".
21.07.2014 23:35:      Данные 122 в форме "Добавить сессию" были введены данные в поле "Оплачено".
21.07.2014 23:35:      Данные 123 в форме "Добавить сессию" были введены данные в поле "Оплачено".
21.07.2014 23:35:      Данные 124 в форме "Добавить сессию" были введены данные в поле "Оплачено".
21.07.2014 23:35:      Данные 125 в форме "Добавить сессию" были введены данные в поле "Оплачено".
21.07.2014 23:35:      Данные 126 в форме "Добавить сессию" были введены данные в поле "Оплачено".
21.07.2014 23:35:      Данные 126 в форме "Добавить сессию" были введены данные в поле "Оплачено".
21.07.2014 23:35:      Данные 500 в форме "Добавить сессию" были введены данные в поле "Оплачено".
21.07.2014 23:35:      Данные 500 в форме "Добавить сессию" были введены данные в поле "Оплачено".
21.07.2014 23:36:      кнопка "Добавить сессию" была нажата.
21.07.2014 23:36:      В форме "Добавить сессию" были загружены дефолтовые значения.
21.07.2014 23:36:      В форме "Добавить сессию" были загружены дефолтовые значения.
21.07.2014 23:36:      В форме "Добавить сессию" было загружено клиент с карточкой.
21.07.2014 23:38:      кнопка "Добавить сессию" была нажата.
21.07.2014 23:38:      В форме "Добавить сессию" были загружены дефолтовые значения.
21.07.2014 23:38:      В форме "Добавить сессию" были загружены дефолтовые значения.
21.07.2014 23:38:      В форме "Добавить сессию" было загружено клиент с карточкой.
21.07.2014 23:38:      Данные 200 в форме "Добавить сессию" были введены данные в поле "Оплачено".
21.07.2014 23:38:      Кнопка "Закрыть" в форме "Добавить сессию" была нажата.
21.07.2014 23:39:      кнопка "Закрыть сессию" была нажата.
21.07.2014 23:45:      кнопка "Добавить сессию" была нажата.
21.07.2014 23:45:      В форме "Добавить сессию" были загружены дефолтовые значения.
21.07.2014 23:45:      В форме "Добавить сессию" были загружены дефолтовые значения.
21.07.2014 23:45:      В форме "Добавить сессию" было загружено клиент с карточкой.
21.07.2014 23:45:      Данные 90 в форме "Добавить сессию" были введены данные в поле "Оплачено".
21.07.2014 23:45:      В форме "Добавить сессию" были введены данные в поле Оплачено = 90 сом. Оплаченное время = 01:00:00, на приставку 1, с Карточкой 0
21.07.2014 23:45:      кнопка "Закрыть сессию" была нажата.
21.07.2014 23:45:      кнопка "Закрыть сессию" была нажата.
21.07.2014 23:46:      кнопка "Закрыть сессию" была нажата.
