New file created: 22.07.2014 0:34:37
Author: Kim Viacheslav

кнопка "Закрыть сессию" была нажата.
22.07.2014 0:34:      Кнопка последние 10 сессий была нажата!
22.07.2014 0:34:      кнопка "Скрытая кнопка" была нажата.
22.07.2014 11:36:      кнопка "Добавить сессию" была нажата.
22.07.2014 11:36:      В форме "Добавить сессию" были загружены дефолтовые значения.
22.07.2014 11:36:      В форме "Добавить сессию" были загружены дефолтовые значения.
22.07.2014 11:36:      В форме "Добавить сессию" было загружено клиент с карточкой.
22.07.2014 11:36:      Данные 68 в форме "Добавить сессию" были введены данные в поле "Оплачено".
22.07.2014 11:36:      Кнопка "Закрыть" в форме "Добавить сессию" была нажата.
22.07.2014 11:36:      кнопка "Добавить сессию" была нажата.
22.07.2014 11:36:      В форме "Добавить сессию" были загружены дефолтовые значения.
22.07.2014 11:36:      В форме "Добавить сессию" были загружены дефолтовые значения.
22.07.2014 11:36:      В форме "Добавить сессию" было загружено клиент с карточкой.
22.07.2014 11:40:      кнопка "Добавить сессию" была нажата.
22.07.2014 11:40:      В форме "Добавить сессию" были загружены дефолтовые значения.
22.07.2014 11:40:      В форме "Добавить сессию" были загружены дефолтовые значения.
22.07.2014 11:40:      В форме "Добавить сессию" было загружено клиент с карточкой.
22.07.2014 11:40:      Данные 70 в форме "Добавить сессию" были введены данные в поле "Оплачено".
22.07.2014 11:40:      Кнопка "Закрыть" в форме "Добавить сессию" была нажата.
22.07.2014 11:40:      кнопка "Добавить сессию" была нажата.
22.07.2014 11:40:      В форме "Добавить сессию" были загружены дефолтовые значения.
22.07.2014 11:40:      В форме "Добавить сессию" были загружены дефолтовые значения.
22.07.2014 11:40:      В форме "Добавить сессию" было загружено клиент с карточкой.
22.07.2014 11:40:      Данные 70 в форме "Добавить сессию" были введены данные в поле "Оплачено".
22.07.2014 11:40:      Кнопка "Закрыть" в форме "Добавить сессию" была нажата.
22.07.2014 11:40:      кнопка "Добавить сессию" была нажата.
22.07.2014 11:40:      В форме "Добавить сессию" были загружены дефолтовые значения.
22.07.2014 11:40:      В форме "Добавить сессию" были загружены дефолтовые значения.
22.07.2014 11:40:      В форме "Добавить сессию" было загружено клиент с карточкой.
22.07.2014 11:40:      Данные 70 в форме "Добавить сессию" были введены данные в поле "Оплачено".
22.07.2014 11:40:      Кнопка "Закрыть" в форме "Добавить сессию" была нажата.
22.07.2014 11:43:      кнопка "Добавить сессию" была нажата.
22.07.2014 11:43:      В форме "Добавить сессию" были загружены дефолтовые значения.
22.07.2014 11:43:      В форме "Добавить сессию" были загружены дефолтовые значения.
22.07.2014 11:43:      В форме "Добавить сессию" было загружено клиент с карточкой.
22.07.2014 11:43:      В форме "Добавить сессию" были загружены дефолтовые значения.
22.07.2014 11:43:      Данные 40 в форме "Добавить сессию" были введены данные в поле "Оплачено".
22.07.2014 11:43:      Данные 50 в форме "Добавить сессию" были введены данные в поле "Оплачено".
22.07.2014 11:44:      Кнопка "Закрыть" в форме "Добавить сессию" была нажата.
22.07.2014 11:44:      кнопка "Добавить сессию" была нажата.
22.07.2014 11:44:      В форме "Добавить сессию" были загружены дефолтовые значения.
22.07.2014 11:44:      В форме "Добавить сессию" были загружены дефолтовые значения.
22.07.2014 11:44:      В форме "Добавить сессию" было загружено клиент с карточкой.
22.07.2014 11:44:      В форме "Добавить сессию" были загружены дефолтовые значения.
22.07.2014 11:44:      Данные 72 в форме "Добавить сессию" были введены данные в поле "Оплачено".
22.07.2014 11:44:      В форме "Добавить сессию" были введены данные в поле Оплачено = 72 сом. Оплаченное время = 01:00:00, на приставку 3, с Карточкой 0
22.07.2014 11:44:      кнопка "Добавить сессию" была нажата.
22.07.2014 11:44:      В форме "Добавить сессию" были загружены дефолтовые значения.
22.07.2014 11:44:      В форме "Добавить сессию" были загружены дефолтовые значения.
22.07.2014 11:44:      В форме "Добавить сессию" было загружено клиент с карточкой.
22.07.2014 11:44:      Данные 1 в форме "Добавить сессию"  в поле "Остаток минут" были введены.
22.07.2014 11:44:      Данные 73 в форме "Добавить сессию"  в поле "Оплачено" были введены.
22.07.2014 11:44:      Данные 0 в форме "Добавить сессию"  в поле "Остаток минут" были введены.
22.07.2014 11:44:      Данные 72 в форме "Добавить сессию"  в поле "Оплачено" были введены.
22.07.2014 11:44:      В форме "Добавить сессию" в поле "Остаток часов" было введено 
22.07.2014 11:44:      Данные 30 в форме "Добавить сессию"  в поле "Остаток минут" были введены.
22.07.2014 11:44:      Данные 32 в форме "Добавить сессию"  в поле "Оплачено" были введены.
22.07.2014 11:44:      Данные 32 в форме "Добавить сессию"  в поле "Оплачено" были введены.
22.07.2014 11:44:      В форме "Добавить сессию" в поле "Остаток часов" было введено 
22.07.2014 11:44:      Данные 112 в форме "Добавить сессию"  в поле "Оплачено" были введены.
22.07.2014 11:44:      В форме "Добавить сессию" в поле "Остаток часов" было введено 
22.07.2014 11:44:      Данные 192 в форме "Добавить сессию"  в поле "Оплачено" были введены.
22.07.2014 11:44:      В форме "Добавить сессию" в поле "Остаток часов" было введено 
22.07.2014 11:44:      Данные 112 в форме "Добавить сессию"  в поле "Оплачено" были введены.
22.07.2014 11:44:      Данные 0 в форме "Добавить сессию"  в поле "Остаток минут" были введены.
22.07.2014 11:44:      Данные 72 в форме "Добавить сессию"  в поле "Оплачено" были введены.
22.07.2014 11:44:      В форме "Добавить сессию" были загружены дефолтовые значения.
22.07.2014 11:44:      В форме "Добавить сессию" были загружены дефолтовые значения.
22.07.2014 11:44:      В форме "Добавить сессию" были загружены дефолтовые значения.
22.07.2014 11:44:      Данные 40 в форме "Добавить сессию" были введены данные в поле "Оплачено".
22.07.2014 11:44:      Данные 50 в форме "Добавить сессию" были введены данные в поле "Оплачено".
22.07.2014 11:45:      Данные 51 в форме "Добавить сессию" были введены данные в поле "Оплачено".
22.07.2014 11:45:      Данные 50 в форме "Добавить сессию" были введены данные в поле "Оплачено".
22.07.2014 11:45:      Данные 49 в форме "Добавить сессию" были введены данные в поле "Оплачено".
22.07.2014 11:45:      Данные 48 в форме "Добавить сессию" были введены данные в поле "Оплачено".
22.07.2014 11:45:      Данные 47 в форме "Добавить сессию" были введены данные в поле "Оплачено".
22.07.2014 11:45:      Данные 46 в форме "Добавить сессию" были введены данные в поле "Оплачено".
22.07.2014 11:45:      Кнопка "Закрыть" в форме "Добавить сессию" была нажата.
22.07.2014 11:45:      кнопка "Добавить сессию" была нажата.
22.07.2014 11:45:      В форме "Добавить сессию" были загружены дефолтовые значения.
22.07.2014 11:45:      В форме "Добавить сессию" были загружены дефолтовые значения.
22.07.2014 11:45:      В форме "Добавить сессию" было загружено клиент с карточкой.
22.07.2014 11:46:      кнопка "Добавить сессию" была нажата.
22.07.2014 11:46:      В форме "Добавить сессию" были загружены дефолтовые значения.
22.07.2014 11:46:      В форме "Добавить сессию" были загружены дефолтовые значения.
22.07.2014 11:46:      В форме "Добавить сессию" было загружено клиент с карточкой.
22.07.2014 11:47:      Данные 50 в форме "Добавить сессию" были введены данные в поле "Оплачено".
22.07.2014 11:48:      кнопка "Добавить сессию" была нажата.
22.07.2014 11:48:      В форме "Добавить сессию" были загружены дефолтовые значения.
22.07.2014 11:48:      В форме "Добавить сессию" были загружены дефолтовые значения.
22.07.2014 11:48:      В форме "Добавить сессию" было загружено клиент с карточкой.
22.07.2014 11:48:      кнопка "Добавить сессию" была нажата.
22.07.2014 11:48:      В форме "Добавить сессию" были загружены дефолтовые значения.
22.07.2014 11:48:      В форме "Добавить сессию" были загружены дефолтовые значения.
22.07.2014 11:48:      В форме "Добавить сессию" было загружено клиент с карточкой.
22.07.2014 11:48:      кнопка "Добавить сессию" была нажата.
22.07.2014 11:48:      В форме "Добавить сессию" были загружены дефолтовые значения.
22.07.2014 11:48:      В форме "Добавить сессию" были загружены дефолтовые значения.
22.07.2014 11:48:      В форме "Добавить сессию" было загружено клиент с карточкой.
22.07.2014 11:49:      Данные 50 в форме "Добавить сессию" были введены данные в поле "Оплачено".
22.07.2014 11:49:      Кнопка "Закрыть" в форме "Добавить сессию" была нажата.
22.07.2014 11:49:      кнопка "Добавить сессию" была нажата.
22.07.2014 11:49:      В форме "Добавить сессию" были загружены дефолтовые значения.
22.07.2014 11:49:      В форме "Добавить сессию" были загружены дефолтовые значения.
22.07.2014 11:49:      В форме "Добавить сессию" было загружено клиент с карточкой.
22.07.2014 11:52:      кнопка "Добавить сессию" была нажата.
22.07.2014 11:52:      В форме "Добавить сессию" были загружены дефолтовые значения.
22.07.2014 11:52:      В форме "Добавить сессию" были загружены дефолтовые значения.
22.07.2014 11:52:      В форме "Добавить сессию" было загружено клиент с карточкой.
22.07.2014 12:01:      кнопка "Добавить сессию" была нажата.
22.07.2014 12:01:      В форме "Добавить сессию" были загружены дефолтовые значения.
22.07.2014 12:01:      В форме "Добавить сессию" были загружены дефолтовые значения.
22.07.2014 12:01:      В форме "Добавить сессию" было загружено клиент с карточкой.
22.07.2014 12:10:      кнопка "Затраты" была нажата.
