New file created: 15.08.2014 10:24:57
Author: Kim Viacheslav

кнопка "Добавить сессию" была нажата.
15.08.2014 10:24:      В форме "Добавить сессию" были загружены дефолтовые значения.
15.08.2014 10:24:      В форме "Добавить сессию" были загружены дефолтовые значения.
15.08.2014 10:24:      В форме "Добавить сессию" было загружено клиент с карточкой.
15.08.2014 10:25:      В форме "Добавить сессию" были загружены дефолтовые значения.
15.08.2014 10:25:      Данные 120 в форме "Добавить сессию" были введены данные в поле "Оплачено".
15.08.2014 10:25:      Данные 120 в форме "Добавить сессию" были введены данные в поле "Оплачено".
15.08.2014 10:25:      В форме "Добавить сессию" были введены данные в поле Оплачено = 120 сом. Оплаченное время = 01:20:00, на приставку PS4, с Карточкой 0
15.08.2014 10:25:      кнопка "Добавить сессию" была нажата.
15.08.2014 10:25:      В форме "Добавить сессию" были загружены дефолтовые значения.
15.08.2014 10:25:      В форме "Добавить сессию" были загружены дефолтовые значения.
15.08.2014 10:25:      В форме "Добавить сессию" было загружено клиент с карточкой.
15.08.2014 10:25:      В форме "Добавить сессию" были загружены дефолтовые значения.
15.08.2014 10:25:      Данные 120 в форме "Добавить сессию" были введены данные в поле "Оплачено".
15.08.2014 10:25:      Данные 120 в форме "Добавить сессию" были введены данные в поле "Оплачено".
15.08.2014 10:25:      В форме "Добавить сессию" были введены данные в поле Оплачено = 120 сом. Оплаченное время = 01:41:00, на приставку mVIP1, с Карточкой 0
15.08.2014 10:41:      кнопка "Выключить свет" была нажата.
15.08.2014 10:41:      кнопка "Затраты" была нажата.
15.08.2014 10:46:      кнопка "Продать товар" была нажата.
15.08.2014 10:46:      В форме "Продать товар" была нажата кнопка Продать с введеными данными: Товар Простой Кальян в количестве 1шт. был успешно занесен в список проданных товаров!
15.08.2014 11:02:      кнопка "Затраты" была нажата.
