New file created: 31.07.2014 17:04:22
Author: Kim Viacheslav

кнопка "Скрытая кнопка" была нажата.
31.07.2014 17:06:      кнопка "Добавить сессию" была нажата.
31.07.2014 17:06:      В форме "Добавить сессию" были загружены дефолтовые значения.
31.07.2014 17:06:      В форме "Добавить сессию" были загружены дефолтовые значения.
31.07.2014 17:06:      В форме "Добавить сессию" было загружено клиент с карточкой.
31.07.2014 17:06:      В форме "Добавить сессию" были загружены дефолтовые значения.
31.07.2014 17:06:      Данные 50 в форме "Добавить сессию" были введены данные в поле "Оплачено".
31.07.2014 17:06:      Данные 50 в форме "Добавить сессию" были введены данные в поле "Оплачено".
31.07.2014 17:07:      В форме "Добавить сессию" были введены данные в поле Оплачено = 50 сом. Оплаченное время = 00:37:00, на приставку 4, с Карточкой 0
31.07.2014 17:07:      кнопка "Смена приставки" была нажата.
31.07.2014 17:07:      В форме смена приставки, была выбрана приставка 1
31.07.2014 17:07:      В форме смена приставки, была выбрана приставка PS4
31.07.2014 17:07:      В форме смена приставки, была нажата кнопка добавить PS4
31.07.2014 17:09:      кнопка "Добавить сессию" была нажата.
31.07.2014 17:09:      В форме "Добавить сессию" были загружены дефолтовые значения.
31.07.2014 17:09:      В форме "Добавить сессию" были загружены дефолтовые значения.
31.07.2014 17:09:      В форме "Добавить сессию" было загружено клиент с карточкой.
31.07.2014 17:09:      В форме "Добавить сессию" были загружены дефолтовые значения.
31.07.2014 17:09:      В форме "Добавить сессию" были загружены дефолтовые значения.
31.07.2014 17:09:      В форме "Добавить сессию" были загружены дефолтовые значения.
31.07.2014 17:09:      В форме "Добавить сессию" были загружены дефолтовые значения.
31.07.2014 17:09:      В форме "Добавить сессию" были загружены дефолтовые значения.
31.07.2014 17:09:      Данные 80 в форме "Добавить сессию" были введены данные в поле "Оплачено".
31.07.2014 17:09:      В форме "Добавить сессию" были введены данные в поле Оплачено = 80 сом. Оплаченное время = 01:00:00, на приставку 6, с Карточкой 0
31.07.2014 17:10:      кнопка "Добавить сессию" была нажата.
31.07.2014 17:10:      В форме "Добавить сессию" были загружены дефолтовые значения.
31.07.2014 17:10:      В форме "Добавить сессию" были загружены дефолтовые значения.
31.07.2014 17:10:      В форме "Добавить сессию" было загружено клиент с карточкой.
31.07.2014 17:10:      В форме "Добавить сессию" были загружены дефолтовые значения.
31.07.2014 17:10:      Данные 50 в форме "Добавить сессию" были введены данные в поле "Оплачено".
31.07.2014 17:10:      Данные 50 в форме "Добавить сессию" были введены данные в поле "Оплачено".
31.07.2014 17:10:      В форме "Добавить сессию" были введены данные в поле Оплачено = 50 сом. Оплаченное время = 00:33:00, на приставку mVIP8, с Карточкой 0
31.07.2014 17:11:      кнопка "Скрытая кнопка" была нажата.
