New file created: 04.10.2014 11:08:53
Author: Kim Viacheslav

кнопка "Добавить сессию" была нажата.
04.10.2014 11:08:      В форме "Добавить сессию" были загружены дефолтовые значения.
04.10.2014 11:08:      В форме "Добавить сессию" были загружены дефолтовые значения.
04.10.2014 11:08:      В форме "Добавить сессию" было загружено клиент с карточкой.
04.10.2014 11:08:      В форме "Добавить сессию" в поле "Остаток часов" было введено 
04.10.2014 11:08:      Данные 30 в форме "Добавить сессию"  в поле "Остаток минут" были введены.
04.10.2014 11:08:      Данные 35 в форме "Добавить сессию"  в поле "Оплачено" были введены.
04.10.2014 11:08:      Данные 35 в форме "Добавить сессию"  в поле "Оплачено" были введены.
04.10.2014 11:09:      Кнопка "Закрыть" в форме "Добавить сессию" была нажата.
04.10.2014 11:13:      кнопка "Добавить сессию" была нажата.
04.10.2014 11:13:      В форме "Добавить сессию" были загружены дефолтовые значения.
04.10.2014 11:13:      В форме "Добавить сессию" были загружены дефолтовые значения.
04.10.2014 11:13:      В форме "Добавить сессию" было загружено клиент с карточкой.
04.10.2014 11:13:      В форме "Добавить сессию" в поле "Остаток часов" было введено 
04.10.2014 11:13:      Данные 15 в форме "Добавить сессию"  в поле "Остаток минут" были введены.
04.10.2014 11:13:      Данные 18 в форме "Добавить сессию"  в поле "Оплачено" были введены.
04.10.2014 11:13:      Данные 18 в форме "Добавить сессию"  в поле "Оплачено" были введены.
04.10.2014 11:13:      Данные 16 в форме "Добавить сессию"  в поле "Остаток минут" были введены.
04.10.2014 11:13:      Данные 19 в форме "Добавить сессию"  в поле "Оплачено" были введены.
04.10.2014 11:13:      Данные 17 в форме "Добавить сессию"  в поле "Остаток минут" были введены.
04.10.2014 11:13:      Данные 20 в форме "Добавить сессию"  в поле "Оплачено" были введены.
04.10.2014 11:13:      Данные 16 в форме "Добавить сессию"  в поле "Остаток минут" были введены.
04.10.2014 11:13:      Данные 19 в форме "Добавить сессию"  в поле "Оплачено" были введены.
04.10.2014 11:13:      Данные 15 в форме "Добавить сессию"  в поле "Остаток минут" были введены.
04.10.2014 11:13:      Данные 18 в форме "Добавить сессию"  в поле "Оплачено" были введены.
04.10.2014 11:13:      Кнопка "Закрыть" в форме "Добавить сессию" была нажата.
04.10.2014 11:15:      кнопка "Добавить сессию" была нажата.
04.10.2014 11:15:      В форме "Добавить сессию" были загружены дефолтовые значения.
04.10.2014 11:15:      В форме "Добавить сессию" были загружены дефолтовые значения.
04.10.2014 11:15:      В форме "Добавить сессию" было загружено клиент с карточкой.
04.10.2014 11:15:      В форме "Добавить сессию" в поле "Остаток часов" было введено 
04.10.2014 11:15:      Данные 15 в форме "Добавить сессию"  в поле "Остаток минут" были введены.
04.10.2014 11:15:      Данные 18 в форме "Добавить сессию"  в поле "Оплачено" были введены.
04.10.2014 11:15:      Данные 18 в форме "Добавить сессию"  в поле "Оплачено" были введены.
04.10.2014 11:15:      Кнопка "Закрыть" в форме "Добавить сессию" была нажата.
04.10.2014 11:15:      кнопка "Добавить сессию" была нажата.
04.10.2014 11:15:      В форме "Добавить сессию" были загружены дефолтовые значения.
04.10.2014 11:15:      В форме "Добавить сессию" были загружены дефолтовые значения.
04.10.2014 11:15:      В форме "Добавить сессию" было загружено клиент с карточкой.
04.10.2014 11:15:      В форме "Добавить сессию" в поле "Остаток часов" было введено 
04.10.2014 11:15:      Данные 15 в форме "Добавить сессию"  в поле "Остаток минут" были введены.
04.10.2014 11:15:      Данные 35 в форме "Добавить сессию"  в поле "Оплачено" были введены.
04.10.2014 11:15:      Данные 35 в форме "Добавить сессию"  в поле "Оплачено" были введены.
04.10.2014 11:15:      Данные 29 в форме "Добавить сессию"  в поле "Остаток минут" были введены.
04.10.2014 11:15:      Данные 35 в форме "Добавить сессию"  в поле "Оплачено" были введены.
04.10.2014 11:15:      Данные 29 в форме "Добавить сессию"  в поле "Остаток минут" были введены.
04.10.2014 11:15:      Данные 35 в форме "Добавить сессию"  в поле "Оплачено" были введены.
04.10.2014 11:15:      Данные 29 в форме "Добавить сессию"  в поле "Остаток минут" были введены.
04.10.2014 11:15:      Данные 35 в форме "Добавить сессию"  в поле "Оплачено" были введены.
04.10.2014 11:15:      Данные 15 в форме "Добавить сессию"  в поле "Остаток минут" были введены.
04.10.2014 11:15:      Данные 35 в форме "Добавить сессию"  в поле "Оплачено" были введены.
04.10.2014 11:17:      кнопка "Добавить сессию" была нажата.
04.10.2014 11:17:      В форме "Добавить сессию" были загружены дефолтовые значения.
04.10.2014 11:17:      В форме "Добавить сессию" были загружены дефолтовые значения.
04.10.2014 11:17:      В форме "Добавить сессию" было загружено клиент с карточкой.
04.10.2014 11:17:      В форме "Добавить сессию" в поле "Остаток часов" было введено 
04.10.2014 11:17:      Данные 15 в форме "Добавить сессию"  в поле "Остаток минут" были введены.
04.10.2014 11:17:      Данные 18 в форме "Добавить сессию"  в поле "Оплачено" были введены.
04.10.2014 11:17:      Данные 18 в форме "Добавить сессию"  в поле "Оплачено" были введены.
04.10.2014 11:17:      Кнопка "Закрыть" в форме "Добавить сессию" была нажата.
04.10.2014 11:17:      Кнопка "Продлить сессию" была нажата.
04.10.2014 11:17:      В форме "Продлить сессию" были введены данные в поле Оплачено = 50 сом. Оплаченное время = 0:30, на приставку 8, с Карточкой Usual Client
04.10.2014 11:19:      кнопка "Добавить сессию" была нажата.
04.10.2014 11:19:      В форме "Добавить сессию" были загружены дефолтовые значения.
04.10.2014 11:19:      В форме "Добавить сессию" были загружены дефолтовые значения.
04.10.2014 11:19:      В форме "Добавить сессию" было загружено клиент с карточкой.
04.10.2014 11:19:      В форме "Добавить сессию" в поле "Остаток часов" было введено 
04.10.2014 11:19:      Данные 15 в форме "Добавить сессию"  в поле "Остаток минут" были введены.
04.10.2014 11:19:      Данные 18 в форме "Добавить сессию"  в поле "Оплачено" были введены.
04.10.2014 11:19:      Данные 18 в форме "Добавить сессию"  в поле "Оплачено" были введены.
04.10.2014 11:19:      Кнопка "Закрыть" в форме "Добавить сессию" была нажата.
04.10.2014 11:20:      Кнопка "Продлить сессию" была нажата.
04.10.2014 11:20:      В форме "Продлить сессию" были введены данные в поле время на продление = 0:30
04.10.2014 11:20:      В форме "Продлить сессию" были введены данные в поле Сумма на продление = 50
04.10.2014 11:20:      В форме "Продлить сессию" были введены данные в поле Оплачено = 50 сом. Оплаченное время = 0:30, на приставку 8, с Карточкой Usual Client
04.10.2014 11:21:      кнопка "Добавить сессию" была нажата.
04.10.2014 11:21:      В форме "Добавить сессию" были загружены дефолтовые значения.
04.10.2014 11:21:      В форме "Добавить сессию" были загружены дефолтовые значения.
04.10.2014 11:21:      В форме "Добавить сессию" было загружено клиент с карточкой.
04.10.2014 11:21:      Кнопка "Закрыть" в форме "Добавить сессию" была нажата.
04.10.2014 11:21:      Кнопка "Продлить сессию" была нажата.
04.10.2014 11:21:      В форме "Продлить сессию" были введены данные в поле время на продление = 0:30
04.10.2014 11:21:      В форме "Продлить сессию" были введены данные в поле Сумма на продление = 50
04.10.2014 11:21:      В форме "Продлить сессию" были введены данные в поле Оплачено = 50 сом. Оплаченное время = 0:30, на приставку 8, с Карточкой Usual Client
04.10.2014 11:21:      В форме "Продлить сессию" были введены данные в поле время на продление = 0:31
04.10.2014 11:21:      В форме "Продлить сессию" были введены данные в поле Сумма на продление = 52
04.10.2014 11:21:      В форме "Продлить сессию" были введены данные в поле время на продление = 0:30
04.10.2014 11:21:      В форме "Продлить сессию" были введены данные в поле Сумма на продление = 50
04.10.2014 11:21:      В форме "Продлить сессию" была нажата кнопка ОТМЕНА 
04.10.2014 11:21:      Кнопка "Продлить сессию" была нажата.
04.10.2014 11:22:      Кнопка "Продлить сессию" была нажата.
04.10.2014 11:22:      В форме "Продлить сессию" были введены данные в поле время на продление = 0:30
04.10.2014 11:22:      В форме "Продлить сессию" были введены данные в поле Сумма на продление = 50
04.10.2014 11:22:      В форме "Продлить сессию" были введены данные в поле Оплачено = 50 сом. Оплаченное время = 0:30, на приставку 8, с Карточкой Usual Client
04.10.2014 11:22:      В форме "Продлить сессию" были введены данные в поле время на продление = 0:29
04.10.2014 11:22:      В форме "Продлить сессию" были введены данные в поле Сумма на продление = 49
04.10.2014 11:22:      В форме "Продлить сессию" были введены данные в поле время на продление = 0:28
04.10.2014 11:22:      В форме "Продлить сессию" были введены данные в поле Сумма на продление = 47
04.10.2014 11:22:      В форме "Продлить сессию" были введены данные в поле время на продление = 0:15
04.10.2014 11:22:      В форме "Продлить сессию" были введены данные в поле Сумма на продление = 25
04.10.2014 11:22:      В форме "Продлить сессию" были введены данные в поле время на продление = 0:16
04.10.2014 11:22:      В форме "Продлить сессию" были введены данные в поле Сумма на продление = 27
04.10.2014 11:22:      В форме "Продлить сессию" были введены данные в поле время на продление = 0:15
04.10.2014 11:22:      В форме "Продлить сессию" были введены данные в поле Сумма на продление = 25
04.10.2014 11:22:      В форме "Продлить сессию" была нажата кнопка ОТМЕНА 
04.10.2014 11:22:      кнопка "Добавить сессию" была нажата.
04.10.2014 11:22:      В форме "Добавить сессию" были загружены дефолтовые значения.
04.10.2014 11:22:      В форме "Добавить сессию" были загружены дефолтовые значения.
04.10.2014 11:22:      В форме "Добавить сессию" было загружено клиент с карточкой.
04.10.2014 11:22:      В форме "Добавить сессию" в поле "Остаток часов" было введено 
04.10.2014 11:22:      Данные 15 в форме "Добавить сессию"  в поле "Остаток минут" были введены.
04.10.2014 11:22:      Данные 18 в форме "Добавить сессию"  в поле "Оплачено" были введены.
04.10.2014 11:22:      Данные 18 в форме "Добавить сессию"  в поле "Оплачено" были введены.
04.10.2014 11:22:      Кнопка "Закрыть" в форме "Добавить сессию" была нажата.
