New file created: 30.09.2014 13:42:13
Author: Kim Viacheslav

кнопка "Добавить сессию" была нажата.
30.09.2014 13:42:      В форме "Добавить сессию" были загружены дефолтовые значения.
30.09.2014 13:42:      В форме "Добавить сессию" были загружены дефолтовые значения.
30.09.2014 13:42:      В форме "Добавить сессию" было загружено клиент с карточкой.
30.09.2014 13:42:      Данные 1450 в форме "Добавить сессию" были введены данные в поле "Оплачено".
30.09.2014 13:42:      Данные 150 в форме "Добавить сессию" были введены данные в поле "Оплачено".
30.09.2014 13:42:      кнопка "Добавить сессию" была нажата.
30.09.2014 13:43:      В форме "Добавить сессию" были загружены дефолтовые значения.
30.09.2014 13:43:      В форме "Добавить сессию" были загружены дефолтовые значения.
30.09.2014 13:43:      В форме "Добавить сессию" было загружено клиент с карточкой.
30.09.2014 13:43:      Данные 150 в форме "Добавить сессию" были введены данные в поле "Оплачено".
30.09.2014 13:43:      Данные 350 в форме "Добавить сессию" были введены данные в поле "Оплачено".
30.09.2014 13:43:      Кнопка "Закрыть" в форме "Добавить сессию" была нажата.
30.09.2014 13:45:      кнопка "Добавить сессию" была нажата.
30.09.2014 13:45:      В форме "Добавить сессию" были загружены дефолтовые значения.
30.09.2014 13:45:      В форме "Добавить сессию" были загружены дефолтовые значения.
30.09.2014 13:45:      В форме "Добавить сессию" было загружено клиент с карточкой.
30.09.2014 13:45:      В форме "Добавить сессию" были загружены дефолтовые значения.
30.09.2014 13:45:      Данные 45 в форме "Добавить сессию" были введены данные в поле "Оплачено".
30.09.2014 13:45:      Данные 45 в форме "Добавить сессию" были введены данные в поле "Оплачено".
30.09.2014 13:45:      В форме "Добавить сессию" были введены данные в поле Оплачено = 45 сом. Оплаченное время = 00:30:00, на приставку 5, с Карточкой 0
30.09.2014 13:45:      кнопка "Добавить сессию" была нажата.
30.09.2014 13:45:      В форме "Добавить сессию" были загружены дефолтовые значения.
30.09.2014 13:45:      В форме "Добавить сессию" были загружены дефолтовые значения.
30.09.2014 13:45:      В форме "Добавить сессию" было загружено клиент с карточкой.
30.09.2014 13:45:      В форме "Добавить сессию" были загружены дефолтовые значения.
30.09.2014 13:45:      Данные 90 в форме "Добавить сессию" были введены данные в поле "Оплачено".
30.09.2014 13:45:      В форме "Добавить сессию" были введены данные в поле Оплачено = 90 сом. Оплаченное время = 01:00:00, на приставку 7, с Карточкой 0
30.09.2014 13:47:      кнопка "Добавить сессию" была нажата.
30.09.2014 13:47:      В форме "Добавить сессию" были загружены дефолтовые значения.
30.09.2014 13:47:      В форме "Добавить сессию" были загружены дефолтовые значения.
30.09.2014 13:47:      В форме "Добавить сессию" было загружено клиент с карточкой.
30.09.2014 13:48:      кнопка "Добавить сессию" была нажата.
30.09.2014 13:48:      В форме "Добавить сессию" были загружены дефолтовые значения.
30.09.2014 13:48:      В форме "Добавить сессию" были загружены дефолтовые значения.
30.09.2014 13:48:      В форме "Добавить сессию" было загружено клиент с карточкой.
30.09.2014 13:48:      Данные 150 в форме "Добавить сессию" были введены данные в поле "Оплачено".
30.09.2014 13:48:      Кнопка "Закрыть" в форме "Добавить сессию" была нажата.
