New file created: 23.07.2014 11:08:13
Author: Kim Viacheslav

кнопка "Добавить сессию" была нажата.
23.07.2014 11:08:      В форме "Добавить сессию" были загружены дефолтовые значения.
23.07.2014 11:08:      В форме "Добавить сессию" были загружены дефолтовые значения.
23.07.2014 11:08:      В форме "Добавить сессию" было загружено клиент с карточкой.
23.07.2014 11:08:      Данные 54 в форме "Добавить сессию" были введены данные в поле "Оплачено".
23.07.2014 11:08:      В форме "Добавить сессию" были введены данные в поле Оплачено = 54 сом. Оплаченное время = 01:00:00, на приставку 1, с Карточкой 0
23.07.2014 11:08:      кнопка "Затраты" была нажата.
23.07.2014 11:08:      Кнопка "Продлить сессию" была нажата.
23.07.2014 11:08:      В форме "Продлить сессию" были введены данные в поле Оплачено = 40 сом. Оплаченное время = 0:30, на приставку 1, с Карточкой Usual Client
23.07.2014 11:08:      В форме "Продлить сессию" были введены данные в поле время на продление = 0:48
23.07.2014 11:08:      В форме "Продлить сессию" были введены данные в поле Сумма на продление = 40
23.07.2014 11:08:      В форме "Продлить сессию" была нажата кнопка ОТМЕНА 
23.07.2014 11:13:      Кнопка "Продлить сессию" была нажата.
23.07.2014 11:13:      В форме "Продлить сессию" были введены данные в поле Оплачено = 40 сом. Оплаченное время = 0:30, на приставку 1, с Карточкой Usual Client
23.07.2014 11:13:      В форме "Продлить сессию" были введены данные в поле время на продление = 0:47
23.07.2014 11:13:      В форме "Продлить сессию" были введены данные в поле Сумма на продление = 40
23.07.2014 11:14:      В форме "Продлить сессию" была нажата кнопка ОТМЕНА 
23.07.2014 11:14:      Кнопка "Продлить сессию" была нажата.
23.07.2014 11:14:      В форме "Продлить сессию" были введены данные в поле Оплачено = 40 сом. Оплаченное время = 0:30, на приставку 1, с Карточкой Usual Client
23.07.2014 11:14:      В форме "Продлить сессию" были введены данные в поле время на продление = 0:48
23.07.2014 11:14:      В форме "Продлить сессию" были введены данные в поле Сумма на продление = 41
23.07.2014 11:15:      Кнопка "Продлить сессию" была нажата.
23.07.2014 11:15:      В форме "Продлить сессию" были введены данные в поле Оплачено = 40 сом. Оплаченное время = 0:30, на приставку 1, с Карточкой Usual Client
23.07.2014 12:29:      Кнопка "Продлить сессию" была нажата.
23.07.2014 12:29:      В форме "Продлить сессию" были введены данные в поле Оплачено = 40 сом. Оплаченное время = 0:30, на приставку 6, с Карточкой Usual Client
23.07.2014 12:29:      В форме "Продлить сессию" были введены данные в поле время на продление = 0:30
23.07.2014 12:29:      В форме "Продлить сессию" были введены данные в поле Сумма на продление = 41
23.07.2014 12:29:      В форме "Продлить сессию" были введены данные в поле время на продление = 0:30
23.07.2014 12:29:      В форме "Продлить сессию" были введены данные в поле Сумма на продление = 41
23.07.2014 12:29:      В форме "Продлить сессию" были введены данные в поле время на продление = 0:30
23.07.2014 12:29:      В форме "Продлить сессию" были введены данные в поле Сумма на продление = 41
23.07.2014 12:29:      В форме "Продлить сессию" были введены данные в поле время на продление = 0:31
23.07.2014 12:29:      В форме "Продлить сессию" были введены данные в поле Сумма на продление = 42
23.07.2014 12:29:      В форме "Продлить сессию" были введены данные в поле время на продление = 0:32
23.07.2014 12:29:      В форме "Продлить сессию" были введены данные в поле Сумма на продление = 43
23.07.2014 12:29:      В форме "Продлить сессию" были введены данные в поле время на продление = 0:33
23.07.2014 12:29:      В форме "Продлить сессию" были введены данные в поле Сумма на продление = 44
23.07.2014 12:29:      В форме "Продлить сессию" были введены данные в поле время на продление = 0:32
23.07.2014 12:29:      В форме "Продлить сессию" были введены данные в поле Сумма на продление = 43
23.07.2014 12:29:      В форме "Продлить сессию" были введены данные в поле время на продление = 0:31
23.07.2014 12:29:      В форме "Продлить сессию" были введены данные в поле Сумма на продление = 42
23.07.2014 12:29:      В форме "Продлить сессию" были введены данные в поле время на продление = 0:30
23.07.2014 12:29:      В форме "Продлить сессию" были введены данные в поле Сумма на продление = 41
23.07.2014 12:29:      В форме "Продлить сессию" были введены данные в поле время на продление = 0:30
23.07.2014 12:29:      В форме "Продлить сессию" были введены данные в поле Сумма на продление = 41
23.07.2014 12:29:      В форме "Продлить сессию" были введены данные в поле время на продление = 0:31
23.07.2014 12:29:      В форме "Продлить сессию" были введены данные в поле Сумма на продление = 42
23.07.2014 12:29:      В форме "Продлить сессию" были введены данные в поле время на продление = 0:32
23.07.2014 12:29:      В форме "Продлить сессию" были введены данные в поле Сумма на продление = 43
23.07.2014 12:29:      В форме "Продлить сессию" были введены данные в поле время на продление = 0:32
23.07.2014 12:29:      В форме "Продлить сессию" были введены данные в поле Сумма на продление = 44
23.07.2014 12:29:      В форме "Продлить сессию" были введены данные в поле время на продление = 0:33
23.07.2014 12:29:      В форме "Продлить сессию" были введены данные в поле Сумма на продление = 45
23.07.2014 12:29:      В форме "Продлить сессию" были введены данные в поле время на продление = 0:34
23.07.2014 12:29:      В форме "Продлить сессию" были введены данные в поле Сумма на продление = 46
23.07.2014 12:29:      В форме "Продлить сессию" были введены данные в поле время на продление = 0:35
23.07.2014 12:29:      В форме "Продлить сессию" были введены данные в поле Сумма на продление = 47
23.07.2014 12:29:      В форме "Продлить сессию" были введены данные в поле время на продление = 0:34
23.07.2014 12:29:      В форме "Продлить сессию" были введены данные в поле Сумма на продление = 46
23.07.2014 12:29:      В форме "Продлить сессию" были введены данные в поле время на продление = 0:33
23.07.2014 12:29:      В форме "Продлить сессию" были введены данные в поле Сумма на продление = 44
23.07.2014 12:29:      В форме "Продлить сессию" были введены данные в поле время на продление = 0:32
23.07.2014 12:29:      В форме "Продлить сессию" были введены данные в поле Сумма на продление = 43
23.07.2014 12:29:      В форме "Продлить сессию" были введены данные в поле время на продление = 0:31
23.07.2014 12:29:      В форме "Продлить сессию" были введены данные в поле Сумма на продление = 42
23.07.2014 12:29:      В форме "Продлить сессию" были введены данные в поле время на продление = 0:30
23.07.2014 12:29:      В форме "Продлить сессию" были введены данные в поле Сумма на продление = 40
23.07.2014 12:29:      В форме "Продлить сессию" была нажата кнопка ОТМЕНА 
23.07.2014 12:29:      кнопка "Скрытая кнопка" была нажата.
23.07.2014 12:30:      кнопка "Затраты" была нажата.
23.07.2014 12:34:      кнопка "Скрытая кнопка" была нажата.
23.07.2014 12:43:      кнопка "Продать товар" была нажата.
23.07.2014 12:43:      В форме "Продать товар" была нажата кнопка Продать с введеными данными: Товар Кола 0,5 в количестве 10шт. был успешно занесен в список проданных товаров!
23.07.2014 13:06:      кнопка "Скрытая кнопка" была нажата.
23.07.2014 13:06:      сообщение "Доступ запрещен" было показано.
23.07.2014 13:08:      кнопка "Добавить сессию" была нажата.
23.07.2014 13:08:      В форме "Добавить сессию" были загружены дефолтовые значения.
23.07.2014 13:08:      В форме "Добавить сессию" были загружены дефолтовые значения.
23.07.2014 13:08:      В форме "Добавить сессию" было загружено клиент с карточкой.
23.07.2014 13:08:      В форме "Добавить сессию" были загружены дефолтовые значения.
23.07.2014 13:08:      Данные 81 в форме "Добавить сессию" были введены данные в поле "Оплачено".
23.07.2014 13:08:      Данные 82 в форме "Добавить сессию" были введены данные в поле "Оплачено".
23.07.2014 13:08:      Данные 83 в форме "Добавить сессию" были введены данные в поле "Оплачено".
23.07.2014 13:09:      Данные 80 в форме "Добавить сессию" были введены данные в поле "Оплачено".
23.07.2014 13:09:      Данные 80 в форме "Добавить сессию" были введены данные в поле "Оплачено".
23.07.2014 13:09:      В форме "Добавить сессию" были введены данные в поле Оплачено = 80 сом. Оплаченное время = 01:00:00, на приставку 5, с Карточкой 0
23.07.2014 13:09:      кнопка "Добавить сессию" была нажата.
23.07.2014 13:10:      В форме "Добавить сессию" были загружены дефолтовые значения.
23.07.2014 13:10:      В форме "Добавить сессию" были загружены дефолтовые значения.
23.07.2014 13:10:      В форме "Добавить сессию" было загружено клиент с карточкой.
23.07.2014 13:10:      В форме "Добавить сессию" были загружены дефолтовые значения.
23.07.2014 13:10:      Данные 80 в форме "Добавить сессию" были введены данные в поле "Оплачено".
23.07.2014 13:10:      В форме "Добавить сессию" были введены данные в поле Оплачено = 80 сом. Оплаченное время = 01:00:00, на приставку 4, с Карточкой 0
23.07.2014 13:11:      Кнопка "Продлить сессию" была нажата.
23.07.2014 13:11:      В форме "Продлить сессию" были введены данные в поле Оплачено = 40 сом. Оплаченное время = 0:30, на приставку 5, с Карточкой Usual Client
23.07.2014 13:11:      В форме "Продлить сессию" были введены данные в поле время на продление = 0:52
23.07.2014 13:11:      В форме "Продлить сессию" были введены данные в поле Сумма на продление = 70
23.07.2014 13:12:      кнопка "Затраты" была нажата.
23.07.2014 13:13:      кнопка "Бар" была нажата.
23.07.2014 13:13:      кнопка "Продать товар" была нажата.
23.07.2014 13:19:      кнопка "Добавить сессию" была нажата.
23.07.2014 13:19:      В форме "Добавить сессию" были загружены дефолтовые значения.
23.07.2014 13:19:      В форме "Добавить сессию" были загружены дефолтовые значения.
23.07.2014 13:19:      В форме "Добавить сессию" было загружено клиент с карточкой.
23.07.2014 13:19:      В форме "Добавить сессию" были загружены дефолтовые значения.
23.07.2014 13:19:      Данные 80 в форме "Добавить сессию" были введены данные в поле "Оплачено".
23.07.2014 13:19:      В форме "Добавить сессию" были введены данные в поле Оплачено = 80 сом. Оплаченное время = 01:00:00, на приставку 2, с Карточкой 0
23.07.2014 13:20:      кнопка "Добавить сессию" была нажата.
23.07.2014 13:20:      В форме "Добавить сессию" были загружены дефолтовые значения.
23.07.2014 13:20:      В форме "Добавить сессию" были загружены дефолтовые значения.
23.07.2014 13:20:      В форме "Добавить сессию" было загружено клиент с карточкой.
23.07.2014 13:20:      В форме "Добавить сессию" в поле "Остаток часов" было введено 
23.07.2014 13:20:      Данные 30 в форме "Добавить сессию"  в поле "Остаток минут" были введены.
23.07.2014 13:20:      Данные 40 в форме "Добавить сессию"  в поле "Оплачено" были введены.
23.07.2014 13:20:      Данные 40 в форме "Добавить сессию"  в поле "Оплачено" были введены.
23.07.2014 13:20:      Данные 40 в форме "Добавить сессию"  в поле "Остаток минут" были введены.
23.07.2014 13:20:      Данные 54 в форме "Добавить сессию"  в поле "Оплачено" были введены.
23.07.2014 13:22:      Данные 54 в форме "Добавить сессию" были введены данные в поле "Оплачено".
23.07.2014 13:22:      В форме "Добавить сессию" были введены данные в поле Оплачено = 54 сом. Оплаченное время = 00:40:00, на приставку 1, с Карточкой 0
23.07.2014 13:23:      кнопка "Добавить сессию" была нажата.
23.07.2014 13:23:      В форме "Добавить сессию" были загружены дефолтовые значения.
23.07.2014 13:23:      В форме "Добавить сессию" были загружены дефолтовые значения.
23.07.2014 13:23:      В форме "Добавить сессию" было загружено клиент с карточкой.
23.07.2014 13:23:      В форме "Добавить сессию" были загружены дефолтовые значения.
23.07.2014 13:23:      В форме "Добавить сессию" в поле "Остаток часов" было введено 
23.07.2014 13:23:      Данные 30 в форме "Добавить сессию"  в поле "Остаток минут" были введены.
23.07.2014 13:23:      Данные 40 в форме "Добавить сессию"  в поле "Оплачено" были введены.
23.07.2014 13:23:      Данные 40 в форме "Добавить сессию"  в поле "Оплачено" были введены.
23.07.2014 13:23:      Данные 40 в форме "Добавить сессию"  в поле "Остаток минут" были введены.
23.07.2014 13:23:      Данные 54 в форме "Добавить сессию"  в поле "Оплачено" были введены.
23.07.2014 13:23:      Данные 54 в форме "Добавить сессию" были введены данные в поле "Оплачено".
23.07.2014 13:23:      В форме "Добавить сессию" были введены данные в поле Оплачено = 54 сом. Оплаченное время = 00:40:00, на приставку 7, с Карточкой 0
23.07.2014 13:27:      кнопка "Закрыть сессию" была нажата.
23.07.2014 13:27:      кнопка "Затраты" была нажата.
23.07.2014 13:29:      кнопка "Добавить сессию" была нажата.
23.07.2014 13:29:      В форме "Добавить сессию" были загружены дефолтовые значения.
23.07.2014 13:29:      В форме "Добавить сессию" были загружены дефолтовые значения.
23.07.2014 13:29:      В форме "Добавить сессию" было загружено клиент с карточкой.
23.07.2014 13:29:      В форме "Добавить сессию" в поле "Остаток часов" было введено 
23.07.2014 13:29:      Данные 30 в форме "Добавить сессию"  в поле "Остаток минут" были введены.
23.07.2014 13:29:      Данные 40 в форме "Добавить сессию"  в поле "Оплачено" были введены.
23.07.2014 13:29:      Данные 40 в форме "Добавить сессию"  в поле "Оплачено" были введены.
23.07.2014 13:29:      В форме "Добавить сессию" были загружены дефолтовые значения.
23.07.2014 13:29:      В форме "Добавить сессию" в поле "Остаток часов" было введено 
23.07.2014 13:29:      Данные 30 в форме "Добавить сессию"  в поле "Остаток минут" были введены.
23.07.2014 13:29:      Данные 40 в форме "Добавить сессию"  в поле "Оплачено" были введены.
23.07.2014 13:29:      Данные 40 в форме "Добавить сессию"  в поле "Оплачено" были введены.
23.07.2014 13:30:      Данные 40 в форме "Добавить сессию" были введены данные в поле "Оплачено".
23.07.2014 13:30:      В форме "Добавить сессию" были введены данные в поле Оплачено = 40 сом. Оплаченное время = 00:30:00, на приставку 3, с Карточкой 0
23.07.2014 13:31:      Кнопка "Продлить сессию" была нажата.
23.07.2014 13:31:      В форме "Продлить сессию" были введены данные в поле Оплачено = 40 сом. Оплаченное время = 0:30, на приставку 6, с Карточкой Usual Client
23.07.2014 13:31:      В форме "Продлить сессию" были введены данные в поле время на продление = 0:37
23.07.2014 13:31:      В форме "Продлить сессию" были введены данные в поле Сумма на продление = 50
23.07.2014 13:32:      кнопка "Скрытая кнопка" была нажата.
23.07.2014 13:37:      кнопка "Скрытая кнопка" была нажата.
23.07.2014 13:40:      кнопка "Добавить сессию" была нажата.
23.07.2014 13:40:      В форме "Добавить сессию" были загружены дефолтовые значения.
23.07.2014 13:40:      В форме "Добавить сессию" были загружены дефолтовые значения.
23.07.2014 13:40:      В форме "Добавить сессию" было загружено клиент с карточкой.
23.07.2014 13:40:      В форме "Добавить сессию" в поле "Остаток часов" было введено 
23.07.2014 13:40:      Данные 30 в форме "Добавить сессию"  в поле "Остаток минут" были введены.
23.07.2014 13:40:      Данные 40 в форме "Добавить сессию"  в поле "Оплачено" были введены.
23.07.2014 13:40:      Данные 40 в форме "Добавить сессию"  в поле "Оплачено" были введены.
23.07.2014 13:40:      кнопка "Добавить сессию" была нажата.
23.07.2014 13:40:      В форме "Добавить сессию" были загружены дефолтовые значения.
23.07.2014 13:40:      В форме "Добавить сессию" были загружены дефолтовые значения.
23.07.2014 13:40:      В форме "Добавить сессию" было загружено клиент с карточкой.
23.07.2014 13:40:      Данные 80 в форме "Добавить сессию" были введены данные в поле "Оплачено".
23.07.2014 13:40:      В форме "Добавить сессию" были введены данные в поле Оплачено = 80 сом. Оплаченное время = 01:00:00, на приставку 1, с Карточкой 0
23.07.2014 13:40:      кнопка "Затраты" была нажата.
23.07.2014 13:40:      кнопка "Добавить сессию" была нажата.
23.07.2014 13:40:      В форме "Добавить сессию" были загружены дефолтовые значения.
23.07.2014 13:40:      В форме "Добавить сессию" были загружены дефолтовые значения.
23.07.2014 13:40:      В форме "Добавить сессию" было загружено клиент с карточкой.
23.07.2014 13:40:      Данные 89 в форме "Добавить сессию" были введены данные в поле "Оплачено".
23.07.2014 13:40:      Данные 90 в форме "Добавить сессию" были введены данные в поле "Оплачено".
23.07.2014 13:40:      В форме "Добавить сессию" в поле "Остаток часов" было введено 
23.07.2014 13:40:      Данные 30 в форме "Добавить сессию"  в поле "Остаток минут" были введены.
23.07.2014 13:40:      Данные 45 в форме "Добавить сессию"  в поле "Оплачено" были введены.
23.07.2014 13:40:      Данные 45 в форме "Добавить сессию"  в поле "Оплачено" были введены.
23.07.2014 13:41:      кнопка "Добавить сессию" была нажата.
23.07.2014 13:42:      В форме "Добавить сессию" были загружены дефолтовые значения.
23.07.2014 13:42:      В форме "Добавить сессию" были загружены дефолтовые значения.
23.07.2014 13:42:      В форме "Добавить сессию" было загружено клиент с карточкой.
23.07.2014 13:42:      В форме "Добавить сессию" в поле "Остаток часов" было введено 
23.07.2014 13:42:      Данные 30 в форме "Добавить сессию"  в поле "Остаток минут" были введены.
23.07.2014 13:42:      Данные 45 в форме "Добавить сессию"  в поле "Оплачено" были введены.
23.07.2014 13:42:      Данные 45 в форме "Добавить сессию"  в поле "Оплачено" были введены.
23.07.2014 13:43:      Данные 45 в форме "Добавить сессию" были введены данные в поле "Оплачено".
23.07.2014 13:43:      Кнопка "Закрыть" в форме "Добавить сессию" была нажата.
23.07.2014 13:43:      кнопка "Добавить сессию" была нажата.
23.07.2014 13:43:      В форме "Добавить сессию" были загружены дефолтовые значения.
23.07.2014 13:43:      В форме "Добавить сессию" были загружены дефолтовые значения.
23.07.2014 13:43:      В форме "Добавить сессию" было загружено клиент с карточкой.
23.07.2014 13:43:      В форме "Добавить сессию" в поле "Остаток часов" было введено 
23.07.2014 13:43:      Данные 30 в форме "Добавить сессию"  в поле "Остаток минут" были введены.
23.07.2014 13:43:      Данные 45 в форме "Добавить сессию"  в поле "Оплачено" были введены.
23.07.2014 13:43:      Данные 45 в форме "Добавить сессию"  в поле "Оплачено" были введены.
23.07.2014 13:44:      кнопка "Добавить сессию" была нажата.
23.07.2014 13:44:      В форме "Добавить сессию" были загружены дефолтовые значения.
23.07.2014 13:44:      В форме "Добавить сессию" были загружены дефолтовые значения.
23.07.2014 13:44:      В форме "Добавить сессию" было загружено клиент с карточкой.
23.07.2014 13:44:      В форме "Добавить сессию" в поле "Остаток часов" было введено 
23.07.2014 13:44:      Данные 30 в форме "Добавить сессию"  в поле "Остаток минут" были введены.
23.07.2014 13:44:      Данные 45 в форме "Добавить сессию"  в поле "Оплачено" были введены.
23.07.2014 13:44:      Данные 45 в форме "Добавить сессию"  в поле "Оплачено" были введены.
23.07.2014 13:44:      Данные 45 в форме "Добавить сессию" были введены данные в поле "Оплачено".
23.07.2014 13:44:      Кнопка "Закрыть" в форме "Добавить сессию" была нажата.
23.07.2014 13:44:      кнопка "Добавить сессию" была нажата.
23.07.2014 13:44:      В форме "Добавить сессию" были загружены дефолтовые значения.
23.07.2014 13:44:      В форме "Добавить сессию" были загружены дефолтовые значения.
23.07.2014 13:44:      В форме "Добавить сессию" было загружено клиент с карточкой.
23.07.2014 13:44:      В форме "Добавить сессию" в поле "Остаток часов" было введено 
23.07.2014 13:44:      Данные 30 в форме "Добавить сессию"  в поле "Остаток минут" были введены.
23.07.2014 13:44:      Данные 45 в форме "Добавить сессию"  в поле "Оплачено" были введены.
23.07.2014 13:44:      Данные 45 в форме "Добавить сессию"  в поле "Оплачено" были введены.
23.07.2014 17:12:      кнопка "Добавить сессию" была нажата.
23.07.2014 17:12:      В форме "Добавить сессию" были загружены дефолтовые значения.
23.07.2014 17:12:      В форме "Добавить сессию" были загружены дефолтовые значения.
23.07.2014 17:12:      В форме "Добавить сессию" было загружено клиент с карточкой.
23.07.2014 17:12:      В форме "Добавить сессию" было нажато поле "Скидка" 
23.07.2014 17:12:      В форме "Добавить сессию" было загружено клиент с карточкой.
23.07.2014 17:12:      В форме "Добавить сессию" было загружено обычный клиент.
23.07.2014 17:12:      В форме "Добавить сессию" было загружено обычный клиент.
23.07.2014 17:12:      В форме "Добавить сессию" было загружено обычный клиент.
23.07.2014 17:12:      В форме "Добавить сессию" было загружено обычный клиент.
23.07.2014 17:12:      В форме "Добавить сессию" было загружено обычный клиент.
23.07.2014 17:12:      В форме "Добавить сессию" было загружено обычный клиент.
23.07.2014 17:12:      В форме "Добавить сессию" было загружено обычный клиент.
23.07.2014 17:12:      В форме "Добавить сессию" было загружено обычный клиент.
23.07.2014 17:12:      В форме "Добавить сессию" было загружено обычный клиент.
23.07.2014 17:12:      В форме "Добавить сессию" было заполнено поле "Скидка" 0007930043, и выбита скидка в размере 0%
23.07.2014 17:12:      В форме "Добавить сессию" было загружено обычный клиент.
23.07.2014 17:12:      Данные 100 в форме "Добавить сессию" были введены данные в поле "Оплачено".
23.07.2014 17:12:      Данные 100 в форме "Добавить сессию" были введены данные в поле "Оплачено".
23.07.2014 17:12:      Кнопка "Закрыть" в форме "Добавить сессию" была нажата.
23.07.2014 17:12:      кнопка "Добавить сессию" была нажата.
23.07.2014 17:12:      В форме "Добавить сессию" были загружены дефолтовые значения.
23.07.2014 17:12:      В форме "Добавить сессию" были загружены дефолтовые значения.
23.07.2014 17:12:      В форме "Добавить сессию" было загружено клиент с карточкой.
23.07.2014 17:12:      В форме "Добавить сессию" было нажато поле "Скидка" 
23.07.2014 17:12:      В форме "Добавить сессию" было загружено клиент с карточкой.
23.07.2014 17:12:      В форме "Добавить сессию" было загружено обычный клиент.
23.07.2014 17:12:      В форме "Добавить сессию" было загружено обычный клиент.
23.07.2014 17:12:      В форме "Добавить сессию" было загружено обычный клиент.
23.07.2014 17:12:      В форме "Добавить сессию" было загружено обычный клиент.
23.07.2014 17:12:      В форме "Добавить сессию" было загружено обычный клиент.
23.07.2014 17:12:      В форме "Добавить сессию" было загружено обычный клиент.
23.07.2014 17:12:      В форме "Добавить сессию" было загружено обычный клиент.
23.07.2014 17:12:      В форме "Добавить сессию" было загружено обычный клиент.
23.07.2014 17:12:      В форме "Добавить сессию" было загружено обычный клиент.
23.07.2014 17:12:      В форме "Добавить сессию" было заполнено поле "Скидка" 0007930043, и выбита скидка в размере 0%
23.07.2014 17:12:      В форме "Добавить сессию" было загружено обычный клиент.
23.07.2014 17:12:      Данные 100 в форме "Добавить сессию" были введены данные в поле "Оплачено".
23.07.2014 17:12:      Данные 100 в форме "Добавить сессию" были введены данные в поле "Оплачено".
23.07.2014 17:12:      Кнопка "Закрыть" в форме "Добавить сессию" была нажата.
23.07.2014 17:13:      кнопка "Добавить сессию" была нажата.
23.07.2014 17:13:      В форме "Добавить сессию" были загружены дефолтовые значения.
23.07.2014 17:13:      В форме "Добавить сессию" были загружены дефолтовые значения.
23.07.2014 17:13:      В форме "Добавить сессию" было загружено клиент с карточкой.
23.07.2014 17:13:      В форме "Добавить сессию" в поле "Остаток часов" было введено 
23.07.2014 17:13:      Данные 30 в форме "Добавить сессию"  в поле "Остаток минут" были введены.
23.07.2014 17:13:      Данные 40 в форме "Добавить сессию"  в поле "Оплачено" были введены.
23.07.2014 17:13:      Данные 40 в форме "Добавить сессию"  в поле "Оплачено" были введены.
23.07.2014 17:13:      Данные 40 в форме "Добавить сессию" были введены данные в поле "Оплачено".
23.07.2014 17:14:      Кнопка "Закрыть" в форме "Добавить сессию" была нажата.
23.07.2014 17:14:      кнопка "Добавить сессию" была нажата.
23.07.2014 17:14:      В форме "Добавить сессию" были загружены дефолтовые значения.
23.07.2014 17:14:      В форме "Добавить сессию" были загружены дефолтовые значения.
23.07.2014 17:14:      В форме "Добавить сессию" было загружено клиент с карточкой.
23.07.2014 17:14:      В форме "Добавить сессию" в поле "Остаток часов" было введено 
23.07.2014 17:14:      Данные 30 в форме "Добавить сессию"  в поле "Остаток минут" были введены.
23.07.2014 17:14:      Данные 40 в форме "Добавить сессию"  в поле "Оплачено" были введены.
23.07.2014 17:14:      Данные 40 в форме "Добавить сессию"  в поле "Оплачено" были введены.
23.07.2014 17:14:      Данные 40 в форме "Добавить сессию" были введены данные в поле "Оплачено".
23.07.2014 17:14:      Кнопка "Закрыть" в форме "Добавить сессию" была нажата.
23.07.2014 17:37:      кнопка "Затраты" была нажата.
23.07.2014 17:39:      Кнопка "Продлить сессию" была нажата.
23.07.2014 17:39:      В форме "Продлить сессию" были введены данные в поле Оплачено = 45 сом. Оплаченное время = 0:30, на приставку 8, с Карточкой Usual Client
23.07.2014 17:39:      В форме "Продлить сессию" были введены данные в поле время на продление = 0:33
23.07.2014 17:39:      В форме "Продлить сессию" были введены данные в поле Сумма на продление = 50
23.07.2014 18:03:      кнопка "Добавить сессию" была нажата.
23.07.2014 18:03:      В форме "Добавить сессию" были загружены дефолтовые значения.
23.07.2014 18:03:      В форме "Добавить сессию" были загружены дефолтовые значения.
23.07.2014 18:03:      В форме "Добавить сессию" было загружено клиент с карточкой.
23.07.2014 18:03:      В форме "Добавить сессию" в поле "Остаток часов" было введено 
23.07.2014 18:03:      Данные 30 в форме "Добавить сессию"  в поле "Остаток минут" были введены.
23.07.2014 18:03:      Данные 40 в форме "Добавить сессию"  в поле "Оплачено" были введены.
23.07.2014 18:03:      Данные 40 в форме "Добавить сессию"  в поле "Оплачено" были введены.
23.07.2014 18:03:      Данные 40 в форме "Добавить сессию" были введены данные в поле "Оплачено".
23.07.2014 18:03:      Кнопка "Закрыть" в форме "Добавить сессию" была нажата.
